>>>>>>>>>>[2020-12-17 10:17:28 mixed.start.log]
匹配不到routes对应的规则: /system/manage/jui/image/ico.ico
>>>>>>>>>>[2020-12-17 10:17:28 mixed.end.log]
--------------------------------------------------------------------------------------------------------------------------
>>>>>>>>>>[2020-12-17 10:39:35 mixed.start.log]
指定了非法的平台: favicon.ico
>>>>>>>>>>[2020-12-17 10:39:35 mixed.end.log]
--------------------------------------------------------------------------------------------------------------------------
>>>>>>>>>>[2020-12-17 10:47:13 mixed.start.log]
指定了非法的平台: favicon.ico
>>>>>>>>>>[2020-12-17 10:47:13 mixed.end.log]
--------------------------------------------------------------------------------------------------------------------------
>>>>>>>>>>[2020-12-17 10:56:25 mixed.start.log]
指定了非法的平台: favicon.ico
>>>>>>>>>>[2020-12-17 10:56:25 mixed.end.log]
--------------------------------------------------------------------------------------------------------------------------
>>>>>>>>>>[2020-12-17 11:46:42 mixed.start.log]
指定了非法的平台: favicon.ico
>>>>>>>>>>[2020-12-17 11:46:42 mixed.end.log]
--------------------------------------------------------------------------------------------------------------------------
>>>>>>>>>>[2020-12-17 12:02:37 mixed.start.log]
指定了非法的平台: favicon.ico
>>>>>>>>>>[2020-12-17 12:02:37 mixed.end.log]
--------------------------------------------------------------------------------------------------------------------------
>>>>>>>>>>[2020-12-17 13:08:10 mixed.start.log]
指定了非法的平台: favicon.ico
>>>>>>>>>>[2020-12-17 13:08:10 mixed.end.log]
--------------------------------------------------------------------------------------------------------------------------
>>>>>>>>>>[2020-12-17 13:10:30 mixed.start.log]
指定了非法的平台: favicon.ico
>>>>>>>>>>[2020-12-17 13:10:30 mixed.end.log]
--------------------------------------------------------------------------------------------------------------------------
>>>>>>>>>>[2020-12-17 13:14:16 mixed.start.log]
指定了非法的平台: favicon.ico
>>>>>>>>>>[2020-12-17 13:14:16 mixed.end.log]
--------------------------------------------------------------------------------------------------------------------------
>>>>>>>>>>[2020-12-17 13:14:27 mixed.start.log]
指定了非法的平台: favicon.ico
>>>>>>>>>>[2020-12-17 13:14:27 mixed.end.log]
--------------------------------------------------------------------------------------------------------------------------
>>>>>>>>>>[2020-12-17 13:14:57 mixed.start.log]
指定了非法的平台: favicon.ico
>>>>>>>>>>[2020-12-17 13:14:57 mixed.end.log]
--------------------------------------------------------------------------------------------------------------------------
>>>>>>>>>>[2020-12-17 13:19:33 mixed.start.log]
指定了非法的平台: favicon.ico
>>>>>>>>>>[2020-12-17 13:19:33 mixed.end.log]
--------------------------------------------------------------------------------------------------------------------------
>>>>>>>>>>[2020-12-17 13:19:43 mixed.start.log]
指定了非法的平台: favicon.ico
>>>>>>>>>>[2020-12-17 13:19:43 mixed.end.log]
--------------------------------------------------------------------------------------------------------------------------
>>>>>>>>>>[2020-12-17 13:19:53 mixed.start.log]
指定了非法的平台: favicon.ico
>>>>>>>>>>[2020-12-17 13:19:53 mixed.end.log]
--------------------------------------------------------------------------------------------------------------------------
>>>>>>>>>>[2020-12-17 13:22:32 mixed.start.log]
指定了非法的平台: favicon.ico
>>>>>>>>>>[2020-12-17 13:22:32 mixed.end.log]
--------------------------------------------------------------------------------------------------------------------------
>>>>>>>>>>[2020-12-17 13:23:50 mixed.start.log]
匹配不到routes对应的规则: /system/manage/jui/image/ico.ico
>>>>>>>>>>[2020-12-17 13:23:50 mixed.end.log]
--------------------------------------------------------------------------------------------------------------------------
>>>>>>>>>>[2020-12-17 13:31:52 mixed.start.log]
指定了非法的平台: favicon.ico
>>>>>>>>>>[2020-12-17 13:31:52 mixed.end.log]
--------------------------------------------------------------------------------------------------------------------------
>>>>>>>>>>[2020-12-17 13:31:59 mixed.start.log]
匹配不到routes对应的规则: /system/manage/jui/image/ico.ico
>>>>>>>>>>[2020-12-17 13:31:59 mixed.end.log]
--------------------------------------------------------------------------------------------------------------------------
>>>>>>>>>>[2020-12-17 13:32:03 mixed.start.log]
匹配不到routes对应的规则: /system/manage/jui/image/ico.ico
>>>>>>>>>>[2020-12-17 13:32:03 mixed.end.log]
--------------------------------------------------------------------------------------------------------------------------
>>>>>>>>>>[2020-12-17 13:32:42 mixed.start.log]
匹配不到routes对应的规则: /system/manage/jui/image/ico.ico
>>>>>>>>>>[2020-12-17 13:32:42 mixed.end.log]
--------------------------------------------------------------------------------------------------------------------------
>>>>>>>>>>[2020-12-17 13:58:29 mixed.start.log]
指定了非法的平台: favicon.ico
>>>>>>>>>>[2020-12-17 13:58:29 mixed.end.log]
--------------------------------------------------------------------------------------------------------------------------
>>>>>>>>>>[2020-12-17 13:58:50 mixed.start.log]
指定了非法的平台: favicon.ico
>>>>>>>>>>[2020-12-17 13:58:50 mixed.end.log]
--------------------------------------------------------------------------------------------------------------------------
>>>>>>>>>>[2020-12-17 13:58:58 mixed.start.log]
指定了非法的平台: favicon.ico
>>>>>>>>>>[2020-12-17 13:58:58 mixed.end.log]
--------------------------------------------------------------------------------------------------------------------------
>>>>>>>>>>[2020-12-17 13:58:58 mixed.start.log]
指定了非法的平台: favicon.ico
>>>>>>>>>>[2020-12-17 13:58:58 mixed.end.log]
--------------------------------------------------------------------------------------------------------------------------
>>>>>>>>>>[2020-12-17 13:59:07 mixed.start.log]
指定了非法的平台: favicon.ico
>>>>>>>>>>[2020-12-17 13:59:07 mixed.end.log]
--------------------------------------------------------------------------------------------------------------------------
>>>>>>>>>>[2020-12-17 13:59:24 mixed.start.log]
指定了非法的平台: favicon.ico
>>>>>>>>>>[2020-12-17 13:59:24 mixed.end.log]
--------------------------------------------------------------------------------------------------------------------------
>>>>>>>>>>[2020-12-17 13:59:53 mixed.start.log]
指定了非法的平台: favicon.ico
>>>>>>>>>>[2020-12-17 13:59:53 mixed.end.log]
--------------------------------------------------------------------------------------------------------------------------
>>>>>>>>>>[2020-12-17 14:00:04 mixed.start.log]
指定了非法的平台: favicon.ico
>>>>>>>>>>[2020-12-17 14:00:04 mixed.end.log]
--------------------------------------------------------------------------------------------------------------------------
>>>>>>>>>>[2020-12-17 14:00:49 mixed.start.log]
指定了非法的平台: favicon.ico
>>>>>>>>>>[2020-12-17 14:00:49 mixed.end.log]
--------------------------------------------------------------------------------------------------------------------------
>>>>>>>>>>[2020-12-17 14:01:57 mixed.start.log]
指定了非法的平台: favicon.ico
>>>>>>>>>>[2020-12-17 14:01:57 mixed.end.log]
--------------------------------------------------------------------------------------------------------------------------
>>>>>>>>>>[2020-12-17 14:02:02 mixed.start.log]
指定了非法的平台: favicon.ico
>>>>>>>>>>[2020-12-17 14:02:02 mixed.end.log]
--------------------------------------------------------------------------------------------------------------------------
>>>>>>>>>>[2020-12-17 14:02:21 mixed.start.log]
指定了非法的平台: favicon.ico
>>>>>>>>>>[2020-12-17 14:02:21 mixed.end.log]
--------------------------------------------------------------------------------------------------------------------------
>>>>>>>>>>[2020-12-17 14:06:20 mixed.start.log]
指定了非法的平台: favicon.ico
>>>>>>>>>>[2020-12-17 14:06:20 mixed.end.log]
--------------------------------------------------------------------------------------------------------------------------
>>>>>>>>>>[2020-12-17 14:06:24 mixed.start.log]
指定了非法的平台: favicon.ico
>>>>>>>>>>[2020-12-17 14:06:24 mixed.end.log]
--------------------------------------------------------------------------------------------------------------------------
>>>>>>>>>>[2020-12-17 14:06:40 mixed.start.log]
指定了非法的平台: _static
>>>>>>>>>>[2020-12-17 14:06:40 mixed.end.log]
--------------------------------------------------------------------------------------------------------------------------
>>>>>>>>>>[2020-12-17 14:06:40 mixed.start.log]
指定了非法的平台: _static
>>>>>>>>>>[2020-12-17 14:06:40 mixed.end.log]
--------------------------------------------------------------------------------------------------------------------------
>>>>>>>>>>[2020-12-17 14:06:42 mixed.start.log]
指定了非法的平台: favicon.ico
>>>>>>>>>>[2020-12-17 14:06:42 mixed.end.log]
--------------------------------------------------------------------------------------------------------------------------
>>>>>>>>>>[2020-12-17 14:07:04 mixed.start.log]
匹配不到routes对应的规则: /system/manage/jui/image/ico.ico
>>>>>>>>>>[2020-12-17 14:07:04 mixed.end.log]
--------------------------------------------------------------------------------------------------------------------------
>>>>>>>>>>[2020-12-17 14:07:06 mixed.start.log]
匹配不到routes对应的规则: /system/manage/jui/image/ico.ico
>>>>>>>>>>[2020-12-17 14:07:06 mixed.end.log]
--------------------------------------------------------------------------------------------------------------------------
>>>>>>>>>>[2020-12-17 14:07:06 mixed.start.log]
指定了非法的平台: _static
>>>>>>>>>>[2020-12-17 14:07:06 mixed.end.log]
--------------------------------------------------------------------------------------------------------------------------
>>>>>>>>>>[2020-12-17 14:07:06 mixed.start.log]
指定了非法的平台: _static
>>>>>>>>>>[2020-12-17 14:07:06 mixed.end.log]
--------------------------------------------------------------------------------------------------------------------------
>>>>>>>>>>[2020-12-17 14:07:39 mixed.start.log]
匹配不到routes对应的规则: /system/manage/jui/image/ico.ico
>>>>>>>>>>[2020-12-17 14:07:39 mixed.end.log]
--------------------------------------------------------------------------------------------------------------------------
>>>>>>>>>>[2020-12-17 14:07:47 mixed.start.log]
指定了非法的平台: _static
>>>>>>>>>>[2020-12-17 14:07:47 mixed.end.log]
--------------------------------------------------------------------------------------------------------------------------
>>>>>>>>>>[2020-12-17 14:07:47 mixed.start.log]
指定了非法的平台: _static
>>>>>>>>>>[2020-12-17 14:07:47 mixed.end.log]
--------------------------------------------------------------------------------------------------------------------------
>>>>>>>>>>[2020-12-17 14:11:25 mixed.start.log]
匹配不到routes对应的规则: /system/manage/jui/image/ico.ico
>>>>>>>>>>[2020-12-17 14:11:25 mixed.end.log]
--------------------------------------------------------------------------------------------------------------------------
>>>>>>>>>>[2020-12-17 14:12:05 mixed.start.log]
指定了非法的平台: _static
>>>>>>>>>>[2020-12-17 14:12:05 mixed.end.log]
--------------------------------------------------------------------------------------------------------------------------
>>>>>>>>>>[2020-12-17 14:12:05 mixed.start.log]
指定了非法的平台: _static
>>>>>>>>>>[2020-12-17 14:12:05 mixed.end.log]
--------------------------------------------------------------------------------------------------------------------------
>>>>>>>>>>[2020-12-17 14:12:50 mixed.start.log]
匹配不到routes对应的规则: /system/manage/jui/image/ico.ico
>>>>>>>>>>[2020-12-17 14:12:50 mixed.end.log]
--------------------------------------------------------------------------------------------------------------------------
>>>>>>>>>>[2020-12-17 14:42:52 mixed.start.log]
匹配不到routes对应的规则: /system/manage/jui/image/ico.ico
>>>>>>>>>>[2020-12-17 14:42:52 mixed.end.log]
--------------------------------------------------------------------------------------------------------------------------
>>>>>>>>>>[2020-12-17 14:42:54 mixed.start.log]
匹配不到routes对应的规则: /system/manage/jui/image/ico.ico
>>>>>>>>>>[2020-12-17 14:42:54 mixed.end.log]
--------------------------------------------------------------------------------------------------------------------------
>>>>>>>>>>[2020-12-17 16:41:33 mixed.start.log]
指定了非法的平台: favicon.ico
>>>>>>>>>>[2020-12-17 16:41:33 mixed.end.log]
--------------------------------------------------------------------------------------------------------------------------
>>>>>>>>>>[2020-12-17 16:41:42 mixed.start.log]
匹配不到routes对应的规则: /system/manage/jui/image/ico.ico
>>>>>>>>>>[2020-12-17 16:41:42 mixed.end.log]
--------------------------------------------------------------------------------------------------------------------------
>>>>>>>>>>[2020-12-17 16:41:45 mixed.start.log]
指定了非法的平台: _static
>>>>>>>>>>[2020-12-17 16:41:45 mixed.end.log]
--------------------------------------------------------------------------------------------------------------------------
>>>>>>>>>>[2020-12-17 16:41:45 mixed.start.log]
指定了非法的平台: _static
>>>>>>>>>>[2020-12-17 16:41:45 mixed.end.log]
--------------------------------------------------------------------------------------------------------------------------
>>>>>>>>>>[2020-12-17 16:41:53 mixed.start.log]
匹配不到routes对应的规则: /system/manage/jui/image/ico.ico
>>>>>>>>>>[2020-12-17 16:41:53 mixed.end.log]
--------------------------------------------------------------------------------------------------------------------------
>>>>>>>>>>[2020-12-17 16:56:17 mixed.start.log]
指定了非法的平台: _static
>>>>>>>>>>[2020-12-17 16:56:17 mixed.end.log]
--------------------------------------------------------------------------------------------------------------------------
>>>>>>>>>>[2020-12-17 16:56:17 mixed.start.log]
指定了非法的平台: _static
>>>>>>>>>>[2020-12-17 16:56:17 mixed.end.log]
--------------------------------------------------------------------------------------------------------------------------
>>>>>>>>>>[2020-12-17 16:56:18 mixed.start.log]
指定了非法的平台: favicon.ico
>>>>>>>>>>[2020-12-17 16:56:18 mixed.end.log]
--------------------------------------------------------------------------------------------------------------------------
