>>>>>>>>>>[2020-11-23 12:01:47 mixed.start.log]
指定了非法的平台: favicon.ico
>>>>>>>>>>[2020-11-23 12:01:47 mixed.end.log]
--------------------------------------------------------------------------------------------------------------------------
>>>>>>>>>>[2020-11-23 16:17:33 mixed.start.log]
匹配不到routes对应的规则: /system/manage/jui/image/ico.ico
>>>>>>>>>>[2020-11-23 16:17:33 mixed.end.log]
--------------------------------------------------------------------------------------------------------------------------
>>>>>>>>>>[2020-11-23 16:17:35 mixed.start.log]
匹配不到routes对应的规则: /system/manage/jui/image/ico.ico
>>>>>>>>>>[2020-11-23 16:17:35 mixed.end.log]
--------------------------------------------------------------------------------------------------------------------------
>>>>>>>>>>[2020-11-23 16:20:20 mixed.start.log]
匹配不到routes对应的规则: /system/manage/jui/image/ico.ico
>>>>>>>>>>[2020-11-23 16:20:20 mixed.end.log]
--------------------------------------------------------------------------------------------------------------------------
>>>>>>>>>>[2020-11-23 16:20:39 mixed.start.log]
匹配不到routes对应的规则: /system/manage/jui/image/ico.ico
>>>>>>>>>>[2020-11-23 16:20:39 mixed.end.log]
--------------------------------------------------------------------------------------------------------------------------
>>>>>>>>>>[2020-11-23 16:21:23 mixed.start.log]
匹配不到routes对应的规则: /system/manage/jui/image/ico.ico
>>>>>>>>>>[2020-11-23 16:21:23 mixed.end.log]
--------------------------------------------------------------------------------------------------------------------------
>>>>>>>>>>[2020-11-23 16:21:41 mixed.start.log]
匹配不到routes对应的规则: /system/manage/jui/image/ico.ico
>>>>>>>>>>[2020-11-23 16:21:41 mixed.end.log]
--------------------------------------------------------------------------------------------------------------------------
>>>>>>>>>>[2020-11-23 16:24:35 mixed.start.log]
匹配不到routes对应的规则: /system/manage/jui/image/ico.ico
>>>>>>>>>>[2020-11-23 16:24:35 mixed.end.log]
--------------------------------------------------------------------------------------------------------------------------
>>>>>>>>>>[2020-11-23 17:27:16 mixed.start.log]
匹配不到routes对应的规则: /system/manage/jui/image/ico.ico
>>>>>>>>>>[2020-11-23 17:27:16 mixed.end.log]
--------------------------------------------------------------------------------------------------------------------------
>>>>>>>>>>[2020-11-23 17:27:17 mixed.start.log]
匹配不到routes对应的规则: /system/manage/menu/child
>>>>>>>>>>[2020-11-23 17:27:17 mixed.end.log]
--------------------------------------------------------------------------------------------------------------------------
>>>>>>>>>>[2020-11-23 17:28:05 mixed.start.log]
匹配不到routes对应的规则: /system/manage/jui/image/ico.ico
>>>>>>>>>>[2020-11-23 17:28:05 mixed.end.log]
--------------------------------------------------------------------------------------------------------------------------
>>>>>>>>>>[2020-11-23 17:28:07 mixed.start.log]
匹配不到routes对应的规则: /system/img/arrow.png
>>>>>>>>>>[2020-11-23 17:28:07 mixed.end.log]
--------------------------------------------------------------------------------------------------------------------------
>>>>>>>>>>[2020-11-23 17:28:11 mixed.start.log]
匹配不到routes对应的规则: /system/img/arrow.png
>>>>>>>>>>[2020-11-23 17:28:11 mixed.end.log]
--------------------------------------------------------------------------------------------------------------------------
>>>>>>>>>>[2020-11-23 17:28:14 mixed.start.log]
匹配不到routes对应的规则: /system/img/arrow.png
>>>>>>>>>>[2020-11-23 17:28:14 mixed.end.log]
--------------------------------------------------------------------------------------------------------------------------
>>>>>>>>>>[2020-11-23 17:40:08 mixed.start.log]
匹配不到routes对应的规则: /system/manage/jui/image/ico.ico
>>>>>>>>>>[2020-11-23 17:40:08 mixed.end.log]
--------------------------------------------------------------------------------------------------------------------------
>>>>>>>>>>[2020-11-23 17:40:11 mixed.start.log]
匹配不到routes对应的规则: /system/img/arrow.png
>>>>>>>>>>[2020-11-23 17:40:11 mixed.end.log]
--------------------------------------------------------------------------------------------------------------------------
>>>>>>>>>>[2020-11-23 17:40:11 mixed.start.log]
匹配不到routes对应的规则: /system/img/arrow.png
>>>>>>>>>>[2020-11-23 17:40:11 mixed.end.log]
--------------------------------------------------------------------------------------------------------------------------
>>>>>>>>>>[2020-11-23 17:40:13 mixed.start.log]
匹配不到routes对应的规则: /system/img/arrow.png
>>>>>>>>>>[2020-11-23 17:40:13 mixed.end.log]
--------------------------------------------------------------------------------------------------------------------------
>>>>>>>>>>[2020-11-23 17:46:41 mixed.start.log]
匹配不到routes对应的规则: /system/manage/jui/image/ico.ico
>>>>>>>>>>[2020-11-23 17:46:41 mixed.end.log]
--------------------------------------------------------------------------------------------------------------------------
>>>>>>>>>>[2020-11-23 17:46:43 mixed.start.log]
匹配不到routes对应的规则: /system/img/arrow.png
>>>>>>>>>>[2020-11-23 17:46:43 mixed.end.log]
--------------------------------------------------------------------------------------------------------------------------
>>>>>>>>>>[2020-11-23 17:47:08 mixed.start.log]
匹配不到routes对应的规则: /system/manage/jui/image/ico.ico
>>>>>>>>>>[2020-11-23 17:47:08 mixed.end.log]
--------------------------------------------------------------------------------------------------------------------------
>>>>>>>>>>[2020-11-23 17:47:11 mixed.start.log]
匹配不到routes对应的规则: /system/img/arrow.png
>>>>>>>>>>[2020-11-23 17:47:11 mixed.end.log]
--------------------------------------------------------------------------------------------------------------------------
>>>>>>>>>>[2020-11-23 17:51:51 mixed.start.log]
匹配不到routes对应的规则: /system/manage/jui/image/ico.ico
>>>>>>>>>>[2020-11-23 17:51:51 mixed.end.log]
--------------------------------------------------------------------------------------------------------------------------
>>>>>>>>>>[2020-11-23 17:51:53 mixed.start.log]
匹配不到routes对应的规则: /system/img/arrow.png
>>>>>>>>>>[2020-11-23 17:51:53 mixed.end.log]
--------------------------------------------------------------------------------------------------------------------------
>>>>>>>>>>[2020-11-23 17:52:30 mixed.start.log]
匹配不到routes对应的规则: /system/manage/jui/image/ico.ico
>>>>>>>>>>[2020-11-23 17:52:30 mixed.end.log]
--------------------------------------------------------------------------------------------------------------------------
>>>>>>>>>>[2020-11-23 17:52:32 mixed.start.log]
匹配不到routes对应的规则: /system/img/arrow.png
>>>>>>>>>>[2020-11-23 17:52:32 mixed.end.log]
--------------------------------------------------------------------------------------------------------------------------
>>>>>>>>>>[2020-11-23 17:59:59 mixed.start.log]
匹配不到routes对应的规则: /system/manage/jui/image/ico.ico
>>>>>>>>>>[2020-11-23 17:59:59 mixed.end.log]
--------------------------------------------------------------------------------------------------------------------------
>>>>>>>>>>[2020-11-23 18:00:02 mixed.start.log]
匹配不到routes对应的规则: /system/img/arrow.png
>>>>>>>>>>[2020-11-23 18:00:02 mixed.end.log]
--------------------------------------------------------------------------------------------------------------------------
>>>>>>>>>>[2020-11-23 18:00:23 mixed.start.log]
匹配不到routes对应的规则: /system/manage/jui/image/ico.ico
>>>>>>>>>>[2020-11-23 18:00:23 mixed.end.log]
--------------------------------------------------------------------------------------------------------------------------
>>>>>>>>>>[2020-11-23 18:00:25 mixed.start.log]
匹配不到routes对应的规则: /system/img/arrow.png
>>>>>>>>>>[2020-11-23 18:00:25 mixed.end.log]
--------------------------------------------------------------------------------------------------------------------------
>>>>>>>>>>[2020-11-23 18:01:25 mixed.start.log]
匹配不到routes对应的规则: /system/manage/jui/image/ico.ico
>>>>>>>>>>[2020-11-23 18:01:25 mixed.end.log]
--------------------------------------------------------------------------------------------------------------------------
>>>>>>>>>>[2020-11-23 18:01:27 mixed.start.log]
匹配不到routes对应的规则: /system/img/arrow.png
>>>>>>>>>>[2020-11-23 18:01:27 mixed.end.log]
--------------------------------------------------------------------------------------------------------------------------
>>>>>>>>>>[2020-11-23 18:04:58 mixed.start.log]
匹配不到routes对应的规则: /system/img/arrow.png
>>>>>>>>>>[2020-11-23 18:04:58 mixed.end.log]
--------------------------------------------------------------------------------------------------------------------------
>>>>>>>>>>[2020-11-23 18:05:00 mixed.start.log]
匹配不到routes对应的规则: /system/img/arrow.png
>>>>>>>>>>[2020-11-23 18:05:00 mixed.end.log]
--------------------------------------------------------------------------------------------------------------------------
>>>>>>>>>>[2020-11-23 18:08:55 mixed.start.log]
匹配不到routes对应的规则: /system/manage/jui/image/ico.ico
>>>>>>>>>>[2020-11-23 18:08:55 mixed.end.log]
--------------------------------------------------------------------------------------------------------------------------
>>>>>>>>>>[2020-11-23 18:08:56 mixed.start.log]
匹配不到routes对应的规则: /system/img/arrow.png
>>>>>>>>>>[2020-11-23 18:08:56 mixed.end.log]
--------------------------------------------------------------------------------------------------------------------------
>>>>>>>>>>[2020-11-23 18:08:57 mixed.start.log]
匹配不到routes对应的规则: /system/img/arrow.png
>>>>>>>>>>[2020-11-23 18:08:57 mixed.end.log]
--------------------------------------------------------------------------------------------------------------------------
>>>>>>>>>>[2020-11-23 18:10:04 mixed.start.log]
匹配不到routes对应的规则: /system/manage/jui/image/ico.ico
>>>>>>>>>>[2020-11-23 18:10:04 mixed.end.log]
--------------------------------------------------------------------------------------------------------------------------
>>>>>>>>>>[2020-11-23 18:12:42 mixed.start.log]
匹配不到routes对应的规则: /system/manage/jui/image/ico.ico
>>>>>>>>>>[2020-11-23 18:12:42 mixed.end.log]
--------------------------------------------------------------------------------------------------------------------------
>>>>>>>>>>[2020-11-23 18:13:38 mixed.start.log]
匹配不到routes对应的规则: /system/manage/jui/image/ico.ico
>>>>>>>>>>[2020-11-23 18:13:38 mixed.end.log]
--------------------------------------------------------------------------------------------------------------------------
>>>>>>>>>>[2020-11-23 18:13:40 mixed.start.log]
匹配不到routes对应的规则: /system/img/arrow.png
>>>>>>>>>>[2020-11-23 18:13:40 mixed.end.log]
--------------------------------------------------------------------------------------------------------------------------
>>>>>>>>>>[2020-11-23 18:13:40 mixed.start.log]
匹配不到routes对应的规则: /system/img/arrow.png
>>>>>>>>>>[2020-11-23 18:13:40 mixed.end.log]
--------------------------------------------------------------------------------------------------------------------------
>>>>>>>>>>[2020-11-23 18:13:42 mixed.start.log]
匹配不到routes对应的规则: /system/img/arrow.png
>>>>>>>>>>[2020-11-23 18:13:42 mixed.end.log]
--------------------------------------------------------------------------------------------------------------------------
>>>>>>>>>>[2020-11-23 18:14:52 mixed.start.log]
匹配不到routes对应的规则: /system/manage/jui/image/ico.ico
>>>>>>>>>>[2020-11-23 18:14:52 mixed.end.log]
--------------------------------------------------------------------------------------------------------------------------
>>>>>>>>>>[2020-11-23 18:14:53 mixed.start.log]
匹配不到routes对应的规则: /system/img/arrow.png
>>>>>>>>>>[2020-11-23 18:14:53 mixed.end.log]
--------------------------------------------------------------------------------------------------------------------------
>>>>>>>>>>[2020-11-23 18:14:53 mixed.start.log]
匹配不到routes对应的规则: /system/img/arrow.png
>>>>>>>>>>[2020-11-23 18:14:53 mixed.end.log]
--------------------------------------------------------------------------------------------------------------------------
>>>>>>>>>>[2020-11-23 18:14:56 mixed.start.log]
匹配不到routes对应的规则: /system/img/arrow.png
>>>>>>>>>>[2020-11-23 18:14:56 mixed.end.log]
--------------------------------------------------------------------------------------------------------------------------
>>>>>>>>>>[2020-11-23 18:15:07 mixed.start.log]
匹配不到routes对应的规则: /system/manage/jui/image/ico.ico
>>>>>>>>>>[2020-11-23 18:15:07 mixed.end.log]
--------------------------------------------------------------------------------------------------------------------------
>>>>>>>>>>[2020-11-23 18:15:09 mixed.start.log]
匹配不到routes对应的规则: /system/img/arrow.png
>>>>>>>>>>[2020-11-23 18:15:09 mixed.end.log]
--------------------------------------------------------------------------------------------------------------------------
>>>>>>>>>>[2020-11-23 18:15:09 mixed.start.log]
匹配不到routes对应的规则: /system/img/arrow.png
>>>>>>>>>>[2020-11-23 18:15:09 mixed.end.log]
--------------------------------------------------------------------------------------------------------------------------
>>>>>>>>>>[2020-11-23 18:15:10 mixed.start.log]
匹配不到routes对应的规则: /system/img/arrow.png
>>>>>>>>>>[2020-11-23 18:15:10 mixed.end.log]
--------------------------------------------------------------------------------------------------------------------------
>>>>>>>>>>[2020-11-23 18:15:31 mixed.start.log]
匹配不到routes对应的规则: /system/manage/jui/image/ico.ico
>>>>>>>>>>[2020-11-23 18:15:31 mixed.end.log]
--------------------------------------------------------------------------------------------------------------------------
>>>>>>>>>>[2020-11-23 18:15:37 mixed.start.log]
匹配不到routes对应的规则: /system/manage/jui/image/ico.ico
>>>>>>>>>>[2020-11-23 18:15:37 mixed.end.log]
--------------------------------------------------------------------------------------------------------------------------
>>>>>>>>>>[2020-11-23 18:23:01 mixed.start.log]
匹配不到routes对应的规则: /system/manage/jui/image/ico.ico
>>>>>>>>>>[2020-11-23 18:23:01 mixed.end.log]
--------------------------------------------------------------------------------------------------------------------------
>>>>>>>>>>[2020-11-23 18:23:27 mixed.start.log]
匹配不到routes对应的规则: /system/manage/jui/image/ico.ico
>>>>>>>>>>[2020-11-23 18:23:27 mixed.end.log]
--------------------------------------------------------------------------------------------------------------------------
>>>>>>>>>>[2020-11-23 20:30:43 mixed.start.log]
匹配不到routes对应的规则: /system/manage/jui/image/ico.ico
>>>>>>>>>>[2020-11-23 20:30:43 mixed.end.log]
--------------------------------------------------------------------------------------------------------------------------
>>>>>>>>>>[2020-11-23 20:45:28 mixed.start.log]
匹配不到routes对应的规则: /system/manage/jui/image/ico.ico
>>>>>>>>>>[2020-11-23 20:45:28 mixed.end.log]
--------------------------------------------------------------------------------------------------------------------------
>>>>>>>>>>[2020-11-23 20:46:26 mixed.start.log]
匹配不到routes对应的规则: /system/manage/jui/image/ico.ico
>>>>>>>>>>[2020-11-23 20:46:26 mixed.end.log]
--------------------------------------------------------------------------------------------------------------------------
>>>>>>>>>>[2020-11-23 20:46:29 mixed.start.log]
匹配不到routes对应的规则: /system/img/arrow.png
>>>>>>>>>>[2020-11-23 20:46:29 mixed.end.log]
--------------------------------------------------------------------------------------------------------------------------
>>>>>>>>>>[2020-11-23 20:46:29 mixed.start.log]
匹配不到routes对应的规则: /system/img/arrow.png
>>>>>>>>>>[2020-11-23 20:46:29 mixed.end.log]
--------------------------------------------------------------------------------------------------------------------------
>>>>>>>>>>[2020-11-23 20:46:31 mixed.start.log]
匹配不到routes对应的规则: /system/img/arrow.png
>>>>>>>>>>[2020-11-23 20:46:31 mixed.end.log]
--------------------------------------------------------------------------------------------------------------------------
>>>>>>>>>>[2020-11-23 20:46:50 mixed.start.log]
匹配不到routes对应的规则: /system/manage/jui/image/ico.ico
>>>>>>>>>>[2020-11-23 20:46:50 mixed.end.log]
--------------------------------------------------------------------------------------------------------------------------
>>>>>>>>>>[2020-11-23 20:49:09 mixed.start.log]
匹配不到routes对应的规则: /system/manage/jui/image/ico.ico
>>>>>>>>>>[2020-11-23 20:49:09 mixed.end.log]
--------------------------------------------------------------------------------------------------------------------------
>>>>>>>>>>[2020-11-23 20:49:29 mixed.start.log]
匹配不到routes对应的规则: /system/manage/jui/image/ico.ico
>>>>>>>>>>[2020-11-23 20:49:29 mixed.end.log]
--------------------------------------------------------------------------------------------------------------------------
>>>>>>>>>>[2020-11-23 20:49:31 mixed.start.log]
匹配不到routes对应的规则: /system/img/arrow.png
>>>>>>>>>>[2020-11-23 20:49:31 mixed.end.log]
--------------------------------------------------------------------------------------------------------------------------
>>>>>>>>>>[2020-11-23 20:49:31 mixed.start.log]
匹配不到routes对应的规则: /system/img/arrow.png
>>>>>>>>>>[2020-11-23 20:49:31 mixed.end.log]
--------------------------------------------------------------------------------------------------------------------------
>>>>>>>>>>[2020-11-23 20:49:34 mixed.start.log]
匹配不到routes对应的规则: /system/img/arrow.png
>>>>>>>>>>[2020-11-23 20:49:34 mixed.end.log]
--------------------------------------------------------------------------------------------------------------------------
>>>>>>>>>>[2020-11-23 20:50:11 mixed.start.log]
匹配不到routes对应的规则: /system/manage/jui/image/ico.ico
>>>>>>>>>>[2020-11-23 20:50:11 mixed.end.log]
--------------------------------------------------------------------------------------------------------------------------
>>>>>>>>>>[2020-11-23 20:50:13 mixed.start.log]
匹配不到routes对应的规则: /system/img/arrow.png
>>>>>>>>>>[2020-11-23 20:50:13 mixed.end.log]
--------------------------------------------------------------------------------------------------------------------------
>>>>>>>>>>[2020-11-23 20:50:13 mixed.start.log]
匹配不到routes对应的规则: /system/img/arrow.png
>>>>>>>>>>[2020-11-23 20:50:13 mixed.end.log]
--------------------------------------------------------------------------------------------------------------------------
>>>>>>>>>>[2020-11-23 20:50:21 mixed.start.log]
匹配不到routes对应的规则: /system/img/arrow.png
>>>>>>>>>>[2020-11-23 20:50:21 mixed.end.log]
--------------------------------------------------------------------------------------------------------------------------
>>>>>>>>>>[2020-11-23 20:52:28 mixed.start.log]
匹配不到routes对应的规则: /system/manage/jui/image/ico.ico
>>>>>>>>>>[2020-11-23 20:52:28 mixed.end.log]
--------------------------------------------------------------------------------------------------------------------------
>>>>>>>>>>[2020-11-23 20:52:30 mixed.start.log]
匹配不到routes对应的规则: /system/manage/jui/image/ico.ico
>>>>>>>>>>[2020-11-23 20:52:30 mixed.end.log]
--------------------------------------------------------------------------------------------------------------------------
>>>>>>>>>>[2020-11-23 20:52:31 mixed.start.log]
匹配不到routes对应的规则: /system/manage/jui/image/ico.ico
>>>>>>>>>>[2020-11-23 20:52:31 mixed.end.log]
--------------------------------------------------------------------------------------------------------------------------
>>>>>>>>>>[2020-11-23 20:52:33 mixed.start.log]
匹配不到routes对应的规则: /system/img/arrow.png
>>>>>>>>>>[2020-11-23 20:52:33 mixed.end.log]
--------------------------------------------------------------------------------------------------------------------------
>>>>>>>>>>[2020-11-23 20:52:33 mixed.start.log]
匹配不到routes对应的规则: /system/img/arrow.png
>>>>>>>>>>[2020-11-23 20:52:33 mixed.end.log]
--------------------------------------------------------------------------------------------------------------------------
>>>>>>>>>>[2020-11-23 21:30:20 mixed.start.log]
匹配不到routes对应的规则: /system/manage/jui/image/ico.ico
>>>>>>>>>>[2020-11-23 21:30:20 mixed.end.log]
--------------------------------------------------------------------------------------------------------------------------
>>>>>>>>>>[2020-11-23 21:30:23 mixed.start.log]
匹配不到routes对应的规则: /system/img/arrow.png
>>>>>>>>>>[2020-11-23 21:30:23 mixed.end.log]
--------------------------------------------------------------------------------------------------------------------------
>>>>>>>>>>[2020-11-23 21:30:23 mixed.start.log]
匹配不到routes对应的规则: /system/img/arrow.png
>>>>>>>>>>[2020-11-23 21:30:23 mixed.end.log]
--------------------------------------------------------------------------------------------------------------------------
>>>>>>>>>>[2020-11-23 21:30:30 mixed.start.log]
匹配不到routes对应的规则: /system/manage/jui/image/ico.ico
>>>>>>>>>>[2020-11-23 21:30:30 mixed.end.log]
--------------------------------------------------------------------------------------------------------------------------
>>>>>>>>>>[2020-11-23 21:30:34 mixed.start.log]
匹配不到routes对应的规则: /system/img/arrow.png
>>>>>>>>>>[2020-11-23 21:30:34 mixed.end.log]
--------------------------------------------------------------------------------------------------------------------------
>>>>>>>>>>[2020-11-23 21:31:59 mixed.start.log]
匹配不到routes对应的规则: /system/manage/jui/image/ico.ico
>>>>>>>>>>[2020-11-23 21:31:59 mixed.end.log]
--------------------------------------------------------------------------------------------------------------------------
>>>>>>>>>>[2020-11-23 21:32:01 mixed.start.log]
匹配不到routes对应的规则: /system/img/arrow.png
>>>>>>>>>>[2020-11-23 21:32:01 mixed.end.log]
--------------------------------------------------------------------------------------------------------------------------
>>>>>>>>>>[2020-11-23 21:33:20 mixed.start.log]
匹配不到routes对应的规则: /system/manage/jui/image/ico.ico
>>>>>>>>>>[2020-11-23 21:33:20 mixed.end.log]
--------------------------------------------------------------------------------------------------------------------------
>>>>>>>>>>[2020-11-23 21:33:21 mixed.start.log]
匹配不到routes对应的规则: /system/img/arrow.png
>>>>>>>>>>[2020-11-23 21:33:21 mixed.end.log]
--------------------------------------------------------------------------------------------------------------------------
