>>>>>>>>>>[2020-11-20 15:21:39 mixed.start.log]
指定了非法的平台: favicon.ico
>>>>>>>>>>[2020-11-20 15:21:39 mixed.end.log]
--------------------------------------------------------------------------------------------------------------------------
>>>>>>>>>>[2020-11-20 21:30:37 mixed.start.log]
匹配不到routes对应的规则: /system/manage/user/group
>>>>>>>>>>[2020-11-20 21:30:37 mixed.end.log]
--------------------------------------------------------------------------------------------------------------------------
>>>>>>>>>>[2020-11-20 23:46:59 mixed.start.log]
匹配不到routes对应的规则: /system/manage/login/check
>>>>>>>>>>[2020-11-20 23:46:59 mixed.end.log]
--------------------------------------------------------------------------------------------------------------------------
>>>>>>>>>>[2020-11-20 23:47:00 mixed.start.log]
指定了非法的平台: favicon.ico
>>>>>>>>>>[2020-11-20 23:47:00 mixed.end.log]
--------------------------------------------------------------------------------------------------------------------------
>>>>>>>>>>[2020-11-20 23:48:44 mixed.start.log]
指定了非法的平台: favicon.ico
>>>>>>>>>>[2020-11-20 23:48:44 mixed.end.log]
--------------------------------------------------------------------------------------------------------------------------
>>>>>>>>>>[2020-11-20 23:48:53 mixed.start.log]
匹配不到routes对应的规则: /self/manage/login/index
>>>>>>>>>>[2020-11-20 23:48:53 mixed.end.log]
--------------------------------------------------------------------------------------------------------------------------
>>>>>>>>>>[2020-11-20 23:48:53 mixed.start.log]
指定了非法的平台: favicon.ico
>>>>>>>>>>[2020-11-20 23:48:53 mixed.end.log]
--------------------------------------------------------------------------------------------------------------------------
>>>>>>>>>>[2020-11-20 23:49:18 mixed.start.log]
匹配不到routes对应的规则: /system/manage/login/favicon.png
>>>>>>>>>>[2020-11-20 23:49:18 mixed.end.log]
--------------------------------------------------------------------------------------------------------------------------
>>>>>>>>>>[2020-11-20 23:49:29 mixed.start.log]
指定了非法的平台: favicon.ico
>>>>>>>>>>[2020-11-20 23:49:29 mixed.end.log]
--------------------------------------------------------------------------------------------------------------------------
>>>>>>>>>>[2020-11-20 23:49:32 mixed.start.log]
匹配不到routes对应的规则: /system/manage/login/favicon.png
>>>>>>>>>>[2020-11-20 23:49:32 mixed.end.log]
--------------------------------------------------------------------------------------------------------------------------
>>>>>>>>>>[2020-11-20 23:49:37 mixed.start.log]
指定了非法的平台: favicon.ico
>>>>>>>>>>[2020-11-20 23:49:37 mixed.end.log]
--------------------------------------------------------------------------------------------------------------------------
>>>>>>>>>>[2020-11-20 23:49:40 mixed.start.log]
匹配不到routes对应的规则: /system/manage/jui/image/ico.ico
>>>>>>>>>>[2020-11-20 23:49:40 mixed.end.log]
--------------------------------------------------------------------------------------------------------------------------
>>>>>>>>>>[2020-11-20 23:50:53 mixed.start.log]
匹配不到routes对应的规则: /system/manage/login/favicon.png
>>>>>>>>>>[2020-11-20 23:50:53 mixed.end.log]
--------------------------------------------------------------------------------------------------------------------------
>>>>>>>>>>[2020-11-20 23:51:07 mixed.start.log]
指定了非法的平台: favicon.ico
>>>>>>>>>>[2020-11-20 23:51:07 mixed.end.log]
--------------------------------------------------------------------------------------------------------------------------
>>>>>>>>>>[2020-11-20 23:51:08 mixed.start.log]
匹配不到routes对应的规则: /system/manage/jui/image/ico.ico
>>>>>>>>>>[2020-11-20 23:51:08 mixed.end.log]
--------------------------------------------------------------------------------------------------------------------------
>>>>>>>>>>[2020-11-20 23:51:19 mixed.start.log]
匹配不到routes对应的规则: /system/manage/jui/image/ico.ico
>>>>>>>>>>[2020-11-20 23:51:19 mixed.end.log]
--------------------------------------------------------------------------------------------------------------------------
>>>>>>>>>>[2020-11-20 23:56:26 mixed.start.log]
匹配不到routes对应的规则: /system/manage/login/favicon.png
>>>>>>>>>>[2020-11-20 23:56:26 mixed.end.log]
--------------------------------------------------------------------------------------------------------------------------
>>>>>>>>>>[2020-11-20 23:56:31 mixed.start.log]
匹配不到routes对应的规则: /system/manage/jui/image/ico.ico
>>>>>>>>>>[2020-11-20 23:56:31 mixed.end.log]
--------------------------------------------------------------------------------------------------------------------------
>>>>>>>>>>[2020-11-20 23:56:34 mixed.start.log]
匹配不到routes对应的规则: /system/manage/jui/image/ico.ico
>>>>>>>>>>[2020-11-20 23:56:34 mixed.end.log]
--------------------------------------------------------------------------------------------------------------------------
