>>>>>>>>>>[2020-11-17 13:16:45 mixed.start.log]
匹配不到routes对应的规则: /system/manage/login/favicon.png
>>>>>>>>>>[2020-11-17 13:16:45 mixed.end.log]
--------------------------------------------------------------------------------------------------------------------------
>>>>>>>>>>[2020-11-17 13:16:54 mixed.start.log]
指定了非法的平台: favicon.ico
>>>>>>>>>>[2020-11-17 13:16:54 mixed.end.log]
--------------------------------------------------------------------------------------------------------------------------
>>>>>>>>>>[2020-11-17 13:16:56 mixed.start.log]
匹配不到routes对应的规则: /system/manage/jui/image/ico.ico
>>>>>>>>>>[2020-11-17 13:16:56 mixed.end.log]
--------------------------------------------------------------------------------------------------------------------------
>>>>>>>>>>[2020-11-17 13:44:18 mixed.start.log]
匹配不到routes对应的规则: /system/manage/jui/image/ico.ico
>>>>>>>>>>[2020-11-17 13:44:18 mixed.end.log]
--------------------------------------------------------------------------------------------------------------------------
>>>>>>>>>>[2020-11-17 13:44:37 mixed.start.log]
匹配不到routes对应的规则: /system/manage/jui/image/ico.ico
>>>>>>>>>>[2020-11-17 13:44:37 mixed.end.log]
--------------------------------------------------------------------------------------------------------------------------
>>>>>>>>>>[2020-11-17 13:44:39 mixed.start.log]
匹配不到routes对应的规则: /system/manage/jui/image/ico.ico
>>>>>>>>>>[2020-11-17 13:44:39 mixed.end.log]
--------------------------------------------------------------------------------------------------------------------------
>>>>>>>>>>[2020-11-17 13:45:53 mixed.start.log]
匹配不到routes对应的规则: /system/manage/jui/image/ico.ico
>>>>>>>>>>[2020-11-17 13:45:53 mixed.end.log]
--------------------------------------------------------------------------------------------------------------------------
>>>>>>>>>>[2020-11-17 13:48:57 mixed.start.log]
匹配不到routes对应的规则: /system/manage/jui/image/ico.ico
>>>>>>>>>>[2020-11-17 13:48:57 mixed.end.log]
--------------------------------------------------------------------------------------------------------------------------
>>>>>>>>>>[2020-11-17 13:49:09 mixed.start.log]
指定了非法的平台: favicon.ico
>>>>>>>>>>[2020-11-17 13:49:09 mixed.end.log]
--------------------------------------------------------------------------------------------------------------------------
>>>>>>>>>>[2020-11-17 13:50:53 mixed.start.log]
指定了非法的平台: favicon.ico
>>>>>>>>>>[2020-11-17 13:50:53 mixed.end.log]
--------------------------------------------------------------------------------------------------------------------------
>>>>>>>>>>[2020-11-17 13:51:17 mixed.start.log]
指定了非法的平台: favicon.ico
>>>>>>>>>>[2020-11-17 13:51:17 mixed.end.log]
--------------------------------------------------------------------------------------------------------------------------
>>>>>>>>>>[2020-11-17 13:51:20 mixed.start.log]
指定了非法的平台: favicon.ico
>>>>>>>>>>[2020-11-17 13:51:20 mixed.end.log]
--------------------------------------------------------------------------------------------------------------------------
>>>>>>>>>>[2020-11-17 13:51:46 mixed.start.log]
匹配不到routes对应的规则: /system/manage/jui/image/ico.ico
>>>>>>>>>>[2020-11-17 13:51:46 mixed.end.log]
--------------------------------------------------------------------------------------------------------------------------
>>>>>>>>>>[2020-11-17 13:51:56 mixed.start.log]
匹配不到routes对应的规则: /system/manage/jui/image/ico.ico
>>>>>>>>>>[2020-11-17 13:51:56 mixed.end.log]
--------------------------------------------------------------------------------------------------------------------------
>>>>>>>>>>[2020-11-17 13:52:59 mixed.start.log]
匹配不到routes对应的规则: /system/manage/jui/image/ico.ico
>>>>>>>>>>[2020-11-17 13:52:59 mixed.end.log]
--------------------------------------------------------------------------------------------------------------------------
>>>>>>>>>>[2020-11-17 13:53:03 mixed.start.log]
匹配不到routes对应的规则: /system/manage/jui/image/ico.ico
>>>>>>>>>>[2020-11-17 13:53:03 mixed.end.log]
--------------------------------------------------------------------------------------------------------------------------
>>>>>>>>>>[2020-11-17 13:53:13 mixed.start.log]
匹配不到routes对应的规则: /system/manage/login/favicon.png
>>>>>>>>>>[2020-11-17 13:53:13 mixed.end.log]
--------------------------------------------------------------------------------------------------------------------------
>>>>>>>>>>[2020-11-17 13:53:20 mixed.start.log]
指定了非法的平台: favicon.ico
>>>>>>>>>>[2020-11-17 13:53:20 mixed.end.log]
--------------------------------------------------------------------------------------------------------------------------
>>>>>>>>>>[2020-11-17 13:53:22 mixed.start.log]
匹配不到routes对应的规则: /system/manage/jui/image/ico.ico
>>>>>>>>>>[2020-11-17 13:53:22 mixed.end.log]
--------------------------------------------------------------------------------------------------------------------------
