>>>>>>>>>>[2020-11-09 20:56:45 mixed.start.log]
匹配不到routes对应的规则: /system/manage/login/favicon.png
>>>>>>>>>>[2020-11-09 20:56:45 mixed.end.log]
--------------------------------------------------------------------------------------------------------------------------
>>>>>>>>>>[2020-11-09 20:56:53 mixed.start.log]
匹配不到routes对应的规则: /system/vendor/chartist/css/chartist.css
>>>>>>>>>>[2020-11-09 20:56:53 mixed.end.log]
--------------------------------------------------------------------------------------------------------------------------
>>>>>>>>>>[2020-11-09 20:56:53 mixed.start.log]
匹配不到routes对应的规则: /system/vendor/c3/c3.min.css
>>>>>>>>>>[2020-11-09 20:56:53 mixed.end.log]
--------------------------------------------------------------------------------------------------------------------------
>>>>>>>>>>[2020-11-09 20:56:53 mixed.start.log]
匹配不到routes对应的规则: /system/vendor/bootstrap/css/bootstrap.min.css
>>>>>>>>>>[2020-11-09 20:56:53 mixed.end.log]
--------------------------------------------------------------------------------------------------------------------------
>>>>>>>>>>[2020-11-09 20:56:53 mixed.start.log]
匹配不到routes对应的规则: /system/vendor/animate-css/vivify.min.css
>>>>>>>>>>[2020-11-09 20:56:53 mixed.end.log]
--------------------------------------------------------------------------------------------------------------------------
>>>>>>>>>>[2020-11-09 20:56:53 mixed.start.log]
匹配不到routes对应的规则: /system/vendor/chartist-plugin-tooltip/chartist-plugin-tooltip.css
>>>>>>>>>>[2020-11-09 20:56:53 mixed.end.log]
--------------------------------------------------------------------------------------------------------------------------
>>>>>>>>>>[2020-11-09 20:56:53 mixed.start.log]
匹配不到routes对应的规则: /system/vendor/toastr/toastr.min.css
>>>>>>>>>>[2020-11-09 20:56:53 mixed.end.log]
--------------------------------------------------------------------------------------------------------------------------
>>>>>>>>>>[2020-11-09 20:56:53 mixed.start.log]
匹配不到routes对应的规则: /system/css/site.css
>>>>>>>>>>[2020-11-09 20:56:53 mixed.end.log]
--------------------------------------------------------------------------------------------------------------------------
>>>>>>>>>>[2020-11-09 20:56:53 mixed.start.log]
匹配不到routes对应的规则: /system/vendor/jvectormap/jquery-jvectormap-2.0.3.css
>>>>>>>>>>[2020-11-09 20:56:53 mixed.end.log]
--------------------------------------------------------------------------------------------------------------------------
>>>>>>>>>>[2020-11-09 20:56:53 mixed.start.log]
匹配不到routes对应的规则: /system/bundles/libscripts.bundle.js
>>>>>>>>>>[2020-11-09 20:56:53 mixed.end.log]
--------------------------------------------------------------------------------------------------------------------------
>>>>>>>>>>[2020-11-09 20:56:53 mixed.start.log]
匹配不到routes对应的规则: /system/bundles/vendorscripts.bundle.js
>>>>>>>>>>[2020-11-09 20:56:53 mixed.end.log]
--------------------------------------------------------------------------------------------------------------------------
>>>>>>>>>>[2020-11-09 20:56:53 mixed.start.log]
匹配不到routes对应的规则: /system/vendor/toastr/toastr.js
>>>>>>>>>>[2020-11-09 20:56:53 mixed.end.log]
--------------------------------------------------------------------------------------------------------------------------
>>>>>>>>>>[2020-11-09 20:56:53 mixed.start.log]
匹配不到routes对应的规则: /system/bundles/mainscripts.bundle.js
>>>>>>>>>>[2020-11-09 20:56:53 mixed.end.log]
--------------------------------------------------------------------------------------------------------------------------
>>>>>>>>>>[2020-11-09 20:56:53 mixed.start.log]
匹配不到routes对应的规则: /system/js/index.js
>>>>>>>>>>[2020-11-09 20:56:53 mixed.end.log]
--------------------------------------------------------------------------------------------------------------------------
>>>>>>>>>>[2020-11-09 20:56:54 mixed.start.log]
匹配不到routes对应的规则: /system/manage/assets/images/icon.svg
>>>>>>>>>>[2020-11-09 20:56:54 mixed.end.log]
--------------------------------------------------------------------------------------------------------------------------
>>>>>>>>>>[2020-11-09 20:56:54 mixed.start.log]
匹配不到routes对应的规则: /system/manage/assets/images/1024x640.png
>>>>>>>>>>[2020-11-09 20:56:54 mixed.end.log]
--------------------------------------------------------------------------------------------------------------------------
>>>>>>>>>>[2020-11-09 20:56:55 mixed.start.log]
匹配不到routes对应的规则: /system/manage/favicon.png
>>>>>>>>>>[2020-11-09 20:56:55 mixed.end.log]
--------------------------------------------------------------------------------------------------------------------------
>>>>>>>>>>[2020-11-09 20:57:05 mixed.start.log]
匹配不到routes对应的规则: /system/vendor/chartist-plugin-tooltip/chartist-plugin-tooltip.css
>>>>>>>>>>[2020-11-09 20:57:05 mixed.end.log]
--------------------------------------------------------------------------------------------------------------------------
>>>>>>>>>>[2020-11-09 20:57:05 mixed.start.log]
匹配不到routes对应的规则: /system/vendor/bootstrap/css/bootstrap.min.css
>>>>>>>>>>[2020-11-09 20:57:05 mixed.end.log]
--------------------------------------------------------------------------------------------------------------------------
>>>>>>>>>>[2020-11-09 20:57:05 mixed.start.log]
匹配不到routes对应的规则: /system/vendor/chartist/css/chartist.css
>>>>>>>>>>[2020-11-09 20:57:05 mixed.end.log]
--------------------------------------------------------------------------------------------------------------------------
>>>>>>>>>>[2020-11-09 20:57:05 mixed.start.log]
匹配不到routes对应的规则: /system/vendor/toastr/toastr.min.css
>>>>>>>>>>[2020-11-09 20:57:05 mixed.end.log]
--------------------------------------------------------------------------------------------------------------------------
>>>>>>>>>>[2020-11-09 20:57:05 mixed.start.log]
匹配不到routes对应的规则: /system/vendor/c3/c3.min.css
>>>>>>>>>>[2020-11-09 20:57:05 mixed.end.log]
--------------------------------------------------------------------------------------------------------------------------
>>>>>>>>>>[2020-11-09 20:57:05 mixed.start.log]
匹配不到routes对应的规则: /system/vendor/animate-css/vivify.min.css
>>>>>>>>>>[2020-11-09 20:57:05 mixed.end.log]
--------------------------------------------------------------------------------------------------------------------------
>>>>>>>>>>[2020-11-09 20:57:05 mixed.start.log]
匹配不到routes对应的规则: /system/vendor/jvectormap/jquery-jvectormap-2.0.3.css
>>>>>>>>>>[2020-11-09 20:57:05 mixed.end.log]
--------------------------------------------------------------------------------------------------------------------------
>>>>>>>>>>[2020-11-09 20:57:05 mixed.start.log]
匹配不到routes对应的规则: /system/css/site.css
>>>>>>>>>>[2020-11-09 20:57:05 mixed.end.log]
--------------------------------------------------------------------------------------------------------------------------
>>>>>>>>>>[2020-11-09 20:57:15 mixed.start.log]
匹配不到routes对应的规则: /system/vendor/chartist/css/chartist.css
>>>>>>>>>>[2020-11-09 20:57:15 mixed.end.log]
--------------------------------------------------------------------------------------------------------------------------
>>>>>>>>>>[2020-11-09 20:57:15 mixed.start.log]
匹配不到routes对应的规则: /system/vendor/toastr/toastr.min.css
>>>>>>>>>>[2020-11-09 20:57:15 mixed.end.log]
--------------------------------------------------------------------------------------------------------------------------
>>>>>>>>>>[2020-11-09 20:57:15 mixed.start.log]
匹配不到routes对应的规则: /system/vendor/animate-css/vivify.min.css
>>>>>>>>>>[2020-11-09 20:57:15 mixed.end.log]
--------------------------------------------------------------------------------------------------------------------------
>>>>>>>>>>[2020-11-09 20:57:15 mixed.start.log]
匹配不到routes对应的规则: /system/vendor/chartist-plugin-tooltip/chartist-plugin-tooltip.css
>>>>>>>>>>[2020-11-09 20:57:15 mixed.end.log]
--------------------------------------------------------------------------------------------------------------------------
>>>>>>>>>>[2020-11-09 20:57:15 mixed.start.log]
匹配不到routes对应的规则: /system/vendor/bootstrap/css/bootstrap.min.css
>>>>>>>>>>[2020-11-09 20:57:15 mixed.end.log]
--------------------------------------------------------------------------------------------------------------------------
>>>>>>>>>>[2020-11-09 20:57:15 mixed.start.log]
匹配不到routes对应的规则: /system/vendor/c3/c3.min.css
>>>>>>>>>>[2020-11-09 20:57:15 mixed.end.log]
--------------------------------------------------------------------------------------------------------------------------
>>>>>>>>>>[2020-11-09 20:57:15 mixed.start.log]
匹配不到routes对应的规则: /system/vendor/jvectormap/jquery-jvectormap-2.0.3.css
>>>>>>>>>>[2020-11-09 20:57:15 mixed.end.log]
--------------------------------------------------------------------------------------------------------------------------
>>>>>>>>>>[2020-11-09 20:57:15 mixed.start.log]
匹配不到routes对应的规则: /system/css/site.css
>>>>>>>>>>[2020-11-09 20:57:15 mixed.end.log]
--------------------------------------------------------------------------------------------------------------------------
>>>>>>>>>>[2020-11-09 20:57:30 mixed.start.log]
匹配不到routes对应的规则: /system/js/index.js
>>>>>>>>>>[2020-11-09 20:57:30 mixed.end.log]
--------------------------------------------------------------------------------------------------------------------------
>>>>>>>>>>[2020-11-09 20:57:30 mixed.start.log]
匹配不到routes对应的规则: /system/vendor/toastr/toastr.js
>>>>>>>>>>[2020-11-09 20:57:30 mixed.end.log]
--------------------------------------------------------------------------------------------------------------------------
>>>>>>>>>>[2020-11-09 20:57:30 mixed.start.log]
匹配不到routes对应的规则: /system/bundles/mainscripts.bundle.js
>>>>>>>>>>[2020-11-09 20:57:30 mixed.end.log]
--------------------------------------------------------------------------------------------------------------------------
>>>>>>>>>>[2020-11-09 20:57:30 mixed.start.log]
匹配不到routes对应的规则: /system/bundles/vendorscripts.bundle.js
>>>>>>>>>>[2020-11-09 20:57:30 mixed.end.log]
--------------------------------------------------------------------------------------------------------------------------
>>>>>>>>>>[2020-11-09 20:57:30 mixed.start.log]
匹配不到routes对应的规则: /system/bundles/libscripts.bundle.js
>>>>>>>>>>[2020-11-09 20:57:30 mixed.end.log]
--------------------------------------------------------------------------------------------------------------------------
>>>>>>>>>>[2020-11-09 20:57:30 mixed.start.log]
匹配不到routes对应的规则: /system/manage/assets/images/1024x640.png
>>>>>>>>>>[2020-11-09 20:57:30 mixed.end.log]
--------------------------------------------------------------------------------------------------------------------------
>>>>>>>>>>[2020-11-09 20:57:30 mixed.start.log]
匹配不到routes对应的规则: /system/manage/assets/images/icon.svg
>>>>>>>>>>[2020-11-09 20:57:30 mixed.end.log]
--------------------------------------------------------------------------------------------------------------------------
>>>>>>>>>>[2020-11-09 20:57:36 mixed.start.log]
指定了非法的平台: favicon.ico
>>>>>>>>>>[2020-11-09 20:57:36 mixed.end.log]
--------------------------------------------------------------------------------------------------------------------------
>>>>>>>>>>[2020-11-09 20:57:54 mixed.start.log]
指定了非法的平台: favicon.ico
>>>>>>>>>>[2020-11-09 20:57:54 mixed.end.log]
--------------------------------------------------------------------------------------------------------------------------
>>>>>>>>>>[2020-11-09 20:58:05 mixed.start.log]
匹配不到routes对应的规则: /system/vendor/toastr/toastr.min.css
>>>>>>>>>>[2020-11-09 20:58:05 mixed.end.log]
--------------------------------------------------------------------------------------------------------------------------
>>>>>>>>>>[2020-11-09 20:58:05 mixed.start.log]
匹配不到routes对应的规则: /system/vendor/animate-css/vivify.min.css
>>>>>>>>>>[2020-11-09 20:58:05 mixed.end.log]
--------------------------------------------------------------------------------------------------------------------------
>>>>>>>>>>[2020-11-09 20:58:05 mixed.start.log]
匹配不到routes对应的规则: /system/vendor/chartist/css/chartist.css
>>>>>>>>>>[2020-11-09 20:58:05 mixed.end.log]
--------------------------------------------------------------------------------------------------------------------------
>>>>>>>>>>[2020-11-09 20:58:05 mixed.start.log]
匹配不到routes对应的规则: /system/vendor/chartist-plugin-tooltip/chartist-plugin-tooltip.css
>>>>>>>>>>[2020-11-09 20:58:05 mixed.end.log]
--------------------------------------------------------------------------------------------------------------------------
>>>>>>>>>>[2020-11-09 20:58:05 mixed.start.log]
匹配不到routes对应的规则: /system/vendor/c3/c3.min.css
>>>>>>>>>>[2020-11-09 20:58:05 mixed.end.log]
--------------------------------------------------------------------------------------------------------------------------
>>>>>>>>>>[2020-11-09 20:58:05 mixed.start.log]
匹配不到routes对应的规则: /system/vendor/bootstrap/css/bootstrap.min.css
>>>>>>>>>>[2020-11-09 20:58:05 mixed.end.log]
--------------------------------------------------------------------------------------------------------------------------
>>>>>>>>>>[2020-11-09 20:58:05 mixed.start.log]
匹配不到routes对应的规则: /system/css/site.css
>>>>>>>>>>[2020-11-09 20:58:05 mixed.end.log]
--------------------------------------------------------------------------------------------------------------------------
>>>>>>>>>>[2020-11-09 20:58:05 mixed.start.log]
匹配不到routes对应的规则: /system/vendor/jvectormap/jquery-jvectormap-2.0.3.css
>>>>>>>>>>[2020-11-09 20:58:05 mixed.end.log]
--------------------------------------------------------------------------------------------------------------------------
>>>>>>>>>>[2020-11-09 20:58:05 mixed.start.log]
匹配不到routes对应的规则: /system/bundles/libscripts.bundle.js
>>>>>>>>>>[2020-11-09 20:58:05 mixed.end.log]
--------------------------------------------------------------------------------------------------------------------------
>>>>>>>>>>[2020-11-09 20:58:06 mixed.start.log]
匹配不到routes对应的规则: /system/bundles/vendorscripts.bundle.js
>>>>>>>>>>[2020-11-09 20:58:06 mixed.end.log]
--------------------------------------------------------------------------------------------------------------------------
>>>>>>>>>>[2020-11-09 20:58:06 mixed.start.log]
匹配不到routes对应的规则: /system/vendor/toastr/toastr.js
>>>>>>>>>>[2020-11-09 20:58:06 mixed.end.log]
--------------------------------------------------------------------------------------------------------------------------
>>>>>>>>>>[2020-11-09 20:58:06 mixed.start.log]
匹配不到routes对应的规则: /system/bundles/mainscripts.bundle.js
>>>>>>>>>>[2020-11-09 20:58:06 mixed.end.log]
--------------------------------------------------------------------------------------------------------------------------
>>>>>>>>>>[2020-11-09 20:58:06 mixed.start.log]
匹配不到routes对应的规则: /system/js/index.js
>>>>>>>>>>[2020-11-09 20:58:06 mixed.end.log]
--------------------------------------------------------------------------------------------------------------------------
>>>>>>>>>>[2020-11-09 20:58:06 mixed.start.log]
匹配不到routes对应的规则: /system/manage/assets/images/icon.svg
>>>>>>>>>>[2020-11-09 20:58:06 mixed.end.log]
--------------------------------------------------------------------------------------------------------------------------
>>>>>>>>>>[2020-11-09 20:58:06 mixed.start.log]
匹配不到routes对应的规则: /system/manage/assets/images/1024x640.png
>>>>>>>>>>[2020-11-09 20:58:06 mixed.end.log]
--------------------------------------------------------------------------------------------------------------------------
>>>>>>>>>>[2020-11-09 20:58:06 mixed.start.log]
匹配不到routes对应的规则: /system/manage/assets/images/icon.svg
>>>>>>>>>>[2020-11-09 20:58:06 mixed.end.log]
--------------------------------------------------------------------------------------------------------------------------
>>>>>>>>>>[2020-11-09 20:58:06 mixed.start.log]
匹配不到routes对应的规则: /system/manage/assets/images/1024x640.png
>>>>>>>>>>[2020-11-09 20:58:06 mixed.end.log]
--------------------------------------------------------------------------------------------------------------------------
>>>>>>>>>>[2020-11-09 20:58:07 mixed.start.log]
匹配不到routes对应的规则: /system/manage/favicon.png
>>>>>>>>>>[2020-11-09 20:58:07 mixed.end.log]
--------------------------------------------------------------------------------------------------------------------------
>>>>>>>>>>[2020-11-09 21:00:16 mixed.start.log]
匹配不到routes对应的规则: /system/manage/assets/images/icon.svg
>>>>>>>>>>[2020-11-09 21:00:16 mixed.end.log]
--------------------------------------------------------------------------------------------------------------------------
>>>>>>>>>>[2020-11-09 21:00:16 mixed.start.log]
匹配不到routes对应的规则: /system/manage/assets/images/1024x640.png
>>>>>>>>>>[2020-11-09 21:00:16 mixed.end.log]
--------------------------------------------------------------------------------------------------------------------------
>>>>>>>>>>[2020-11-09 21:00:16 mixed.start.log]
匹配不到routes对应的规则: /system/share/vendor/bootstrap/css/bootstrap.min.css.map
>>>>>>>>>>[2020-11-09 21:00:16 mixed.end.log]
--------------------------------------------------------------------------------------------------------------------------
>>>>>>>>>>[2020-11-09 21:00:16 mixed.start.log]
匹配不到routes对应的规则: /system/share/vendor/chartist/css/chartist.css.map
>>>>>>>>>>[2020-11-09 21:00:16 mixed.end.log]
--------------------------------------------------------------------------------------------------------------------------
>>>>>>>>>>[2020-11-09 21:00:16 mixed.start.log]
匹配不到routes对应的规则: /system/share/vendor/chartist-plugin-tooltip/chartist-plugin-tooltip.css.map
>>>>>>>>>>[2020-11-09 21:00:16 mixed.end.log]
--------------------------------------------------------------------------------------------------------------------------
>>>>>>>>>>[2020-11-09 21:00:16 mixed.start.log]
匹配不到routes对应的规则: /system/share/fonts/simple-Line-Icons.woff
>>>>>>>>>>[2020-11-09 21:00:16 mixed.end.log]
--------------------------------------------------------------------------------------------------------------------------
>>>>>>>>>>[2020-11-09 21:00:17 mixed.start.log]
匹配不到routes对应的规则: /system/share/fonts/weathericons-regular-webfont.woff
>>>>>>>>>>[2020-11-09 21:00:17 mixed.end.log]
--------------------------------------------------------------------------------------------------------------------------
>>>>>>>>>>[2020-11-09 21:00:31 mixed.start.log]
匹配不到routes对应的规则: /system/share/vendor/chartist-plugin-tooltip/chartist-plugin-tooltip.css.map
>>>>>>>>>>[2020-11-09 21:00:31 mixed.end.log]
--------------------------------------------------------------------------------------------------------------------------
>>>>>>>>>>[2020-11-09 21:00:31 mixed.start.log]
匹配不到routes对应的规则: /system/share/vendor/bootstrap/css/bootstrap.min.css.map
>>>>>>>>>>[2020-11-09 21:00:31 mixed.end.log]
--------------------------------------------------------------------------------------------------------------------------
>>>>>>>>>>[2020-11-09 21:00:31 mixed.start.log]
匹配不到routes对应的规则: /system/share/vendor/chartist/css/chartist.css.map
>>>>>>>>>>[2020-11-09 21:00:31 mixed.end.log]
--------------------------------------------------------------------------------------------------------------------------
>>>>>>>>>>[2020-11-09 21:00:34 mixed.start.log]
匹配不到routes对应的规则: /system/manage/assets/images/icon.svg
>>>>>>>>>>[2020-11-09 21:00:34 mixed.end.log]
--------------------------------------------------------------------------------------------------------------------------
>>>>>>>>>>[2020-11-09 21:00:34 mixed.start.log]
匹配不到routes对应的规则: /system/share/vendor/chartist/css/chartist.css.map
>>>>>>>>>>[2020-11-09 21:00:34 mixed.end.log]
--------------------------------------------------------------------------------------------------------------------------
>>>>>>>>>>[2020-11-09 21:00:34 mixed.start.log]
匹配不到routes对应的规则: /system/manage/assets/images/1024x640.png
>>>>>>>>>>[2020-11-09 21:00:34 mixed.end.log]
--------------------------------------------------------------------------------------------------------------------------
>>>>>>>>>>[2020-11-09 21:00:34 mixed.start.log]
匹配不到routes对应的规则: /system/share/vendor/bootstrap/css/bootstrap.min.css.map
>>>>>>>>>>[2020-11-09 21:00:34 mixed.end.log]
--------------------------------------------------------------------------------------------------------------------------
>>>>>>>>>>[2020-11-09 21:00:34 mixed.start.log]
匹配不到routes对应的规则: /system/share/vendor/chartist-plugin-tooltip/chartist-plugin-tooltip.css.map
>>>>>>>>>>[2020-11-09 21:00:34 mixed.end.log]
--------------------------------------------------------------------------------------------------------------------------
>>>>>>>>>>[2020-11-09 21:00:34 mixed.start.log]
匹配不到routes对应的规则: /system/share/fonts/simple-Line-Icons.woff
>>>>>>>>>>[2020-11-09 21:00:34 mixed.end.log]
--------------------------------------------------------------------------------------------------------------------------
>>>>>>>>>>[2020-11-09 21:00:34 mixed.start.log]
匹配不到routes对应的规则: /system/share/fonts/weathericons-regular-webfont.woff
>>>>>>>>>>[2020-11-09 21:00:34 mixed.end.log]
--------------------------------------------------------------------------------------------------------------------------
>>>>>>>>>>[2020-11-09 21:00:35 mixed.start.log]
匹配不到routes对应的规则: /system/share/fonts/simple-Line-Icons.ttf
>>>>>>>>>>[2020-11-09 21:00:35 mixed.end.log]
--------------------------------------------------------------------------------------------------------------------------
>>>>>>>>>>[2020-11-09 21:00:35 mixed.start.log]
匹配不到routes对应的规则: /system/share/fonts/weathericons-regular-webfont.ttf
>>>>>>>>>>[2020-11-09 21:00:35 mixed.end.log]
--------------------------------------------------------------------------------------------------------------------------
>>>>>>>>>>[2020-11-09 21:00:35 mixed.start.log]
匹配不到routes对应的规则: /system/manage/favicon.png
>>>>>>>>>>[2020-11-09 21:00:35 mixed.end.log]
--------------------------------------------------------------------------------------------------------------------------
>>>>>>>>>>[2020-11-09 21:00:41 mixed.start.log]
匹配不到routes对应的规则: /system/manage/assets/images/icon.svg
>>>>>>>>>>[2020-11-09 21:00:41 mixed.end.log]
--------------------------------------------------------------------------------------------------------------------------
>>>>>>>>>>[2020-11-09 21:00:41 mixed.start.log]
匹配不到routes对应的规则: /system/manage/assets/images/1024x640.png
>>>>>>>>>>[2020-11-09 21:00:41 mixed.end.log]
--------------------------------------------------------------------------------------------------------------------------
>>>>>>>>>>[2020-11-09 21:01:03 mixed.start.log]
匹配不到routes对应的规则: /system/share/vendor/chartist-plugin-tooltip/chartist-plugin-tooltip.css.map
>>>>>>>>>>[2020-11-09 21:01:03 mixed.end.log]
--------------------------------------------------------------------------------------------------------------------------
>>>>>>>>>>[2020-11-09 21:01:03 mixed.start.log]
指定了非法的平台: favicon.ico
>>>>>>>>>>[2020-11-09 21:01:03 mixed.end.log]
--------------------------------------------------------------------------------------------------------------------------
>>>>>>>>>>[2020-11-09 21:04:14 mixed.start.log]
匹配不到routes对应的规则: /system/manage/assets/images/1024x640.png
>>>>>>>>>>[2020-11-09 21:04:14 mixed.end.log]
--------------------------------------------------------------------------------------------------------------------------
>>>>>>>>>>[2020-11-09 21:04:14 mixed.start.log]
匹配不到routes对应的规则: /system/manage/assets/images/icon.svg
>>>>>>>>>>[2020-11-09 21:04:14 mixed.end.log]
--------------------------------------------------------------------------------------------------------------------------
>>>>>>>>>>[2020-11-09 21:04:14 mixed.start.log]
匹配不到routes对应的规则: /system/share/vendor/chartist-plugin-tooltip/chartist-plugin-tooltip.css.map
>>>>>>>>>>[2020-11-09 21:04:14 mixed.end.log]
--------------------------------------------------------------------------------------------------------------------------
>>>>>>>>>>[2020-11-09 21:04:14 mixed.start.log]
匹配不到routes对应的规则: /system/share/vendor/chartist/css/chartist.css.map
>>>>>>>>>>[2020-11-09 21:04:14 mixed.end.log]
--------------------------------------------------------------------------------------------------------------------------
>>>>>>>>>>[2020-11-09 21:04:14 mixed.start.log]
匹配不到routes对应的规则: /system/share/fonts/simple-Line-Icons.woff
>>>>>>>>>>[2020-11-09 21:04:14 mixed.end.log]
--------------------------------------------------------------------------------------------------------------------------
>>>>>>>>>>[2020-11-09 21:04:14 mixed.start.log]
匹配不到routes对应的规则: /system/share/fonts/weathericons-regular-webfont.woff
>>>>>>>>>>[2020-11-09 21:04:14 mixed.end.log]
--------------------------------------------------------------------------------------------------------------------------
>>>>>>>>>>[2020-11-09 21:04:34 mixed.start.log]
匹配不到routes对应的规则: /system/share/fonts/simple-Line-Icons.ttf
>>>>>>>>>>[2020-11-09 21:04:34 mixed.end.log]
--------------------------------------------------------------------------------------------------------------------------
>>>>>>>>>>[2020-11-09 21:04:34 mixed.start.log]
匹配不到routes对应的规则: /system/share/fonts/weathericons-regular-webfont.ttf
>>>>>>>>>>[2020-11-09 21:04:34 mixed.end.log]
--------------------------------------------------------------------------------------------------------------------------
>>>>>>>>>>[2020-11-09 21:05:54 mixed.start.log]
匹配不到routes对应的规则: /system/manage/favicon.png
>>>>>>>>>>[2020-11-09 21:05:54 mixed.end.log]
--------------------------------------------------------------------------------------------------------------------------
>>>>>>>>>>[2020-11-09 21:23:10 mixed.start.log]
匹配不到routes对应的规则: /system/manage/assets/images/icon.svg
>>>>>>>>>>[2020-11-09 21:23:10 mixed.end.log]
--------------------------------------------------------------------------------------------------------------------------
>>>>>>>>>>[2020-11-09 21:23:10 mixed.start.log]
匹配不到routes对应的规则: /system/share/vendor/chartist/css/chartist.css.map
>>>>>>>>>>[2020-11-09 21:23:10 mixed.end.log]
--------------------------------------------------------------------------------------------------------------------------
>>>>>>>>>>[2020-11-09 21:23:10 mixed.start.log]
匹配不到routes对应的规则: /system/share/vendor/chartist-plugin-tooltip/chartist-plugin-tooltip.css.map
>>>>>>>>>>[2020-11-09 21:23:10 mixed.end.log]
--------------------------------------------------------------------------------------------------------------------------
>>>>>>>>>>[2020-11-09 21:23:11 mixed.start.log]
匹配不到routes对应的规则: /system/share/fonts/simple-Line-Icons.woff
>>>>>>>>>>[2020-11-09 21:23:11 mixed.end.log]
--------------------------------------------------------------------------------------------------------------------------
>>>>>>>>>>[2020-11-09 21:23:11 mixed.start.log]
匹配不到routes对应的规则: /system/share/fonts/weathericons-regular-webfont.woff
>>>>>>>>>>[2020-11-09 21:23:11 mixed.end.log]
--------------------------------------------------------------------------------------------------------------------------
>>>>>>>>>>[2020-11-09 21:23:31 mixed.start.log]
匹配不到routes对应的规则: /system/share/fonts/simple-Line-Icons.ttf
>>>>>>>>>>[2020-11-09 21:23:31 mixed.end.log]
--------------------------------------------------------------------------------------------------------------------------
>>>>>>>>>>[2020-11-09 21:23:31 mixed.start.log]
匹配不到routes对应的规则: /system/share/fonts/weathericons-regular-webfont.ttf
>>>>>>>>>>[2020-11-09 21:23:31 mixed.end.log]
--------------------------------------------------------------------------------------------------------------------------
>>>>>>>>>>[2020-11-09 21:23:42 mixed.start.log]
匹配不到routes对应的规则: /system/manage/assets/images/icon.svg
>>>>>>>>>>[2020-11-09 21:23:42 mixed.end.log]
--------------------------------------------------------------------------------------------------------------------------
>>>>>>>>>>[2020-11-09 21:23:42 mixed.start.log]
匹配不到routes对应的规则: /system/share/vendor/chartist/css/chartist.css.map
>>>>>>>>>>[2020-11-09 21:23:42 mixed.end.log]
--------------------------------------------------------------------------------------------------------------------------
>>>>>>>>>>[2020-11-09 21:23:42 mixed.start.log]
匹配不到routes对应的规则: /system/share/vendor/chartist-plugin-tooltip/chartist-plugin-tooltip.css.map
>>>>>>>>>>[2020-11-09 21:23:42 mixed.end.log]
--------------------------------------------------------------------------------------------------------------------------
>>>>>>>>>>[2020-11-09 21:23:43 mixed.start.log]
匹配不到routes对应的规则: /system/share/fonts/simple-Line-Icons.woff
>>>>>>>>>>[2020-11-09 21:23:43 mixed.end.log]
--------------------------------------------------------------------------------------------------------------------------
>>>>>>>>>>[2020-11-09 21:23:43 mixed.start.log]
匹配不到routes对应的规则: /system/share/fonts/weathericons-regular-webfont.woff
>>>>>>>>>>[2020-11-09 21:23:43 mixed.end.log]
--------------------------------------------------------------------------------------------------------------------------
>>>>>>>>>>[2020-11-09 21:23:45 mixed.start.log]
匹配不到routes对应的规则: /system/manage/assets/images/icon.svg
>>>>>>>>>>[2020-11-09 21:23:45 mixed.end.log]
--------------------------------------------------------------------------------------------------------------------------
>>>>>>>>>>[2020-11-09 21:23:45 mixed.start.log]
匹配不到routes对应的规则: /system/share/fonts/simple-Line-Icons.woff
>>>>>>>>>>[2020-11-09 21:23:45 mixed.end.log]
--------------------------------------------------------------------------------------------------------------------------
>>>>>>>>>>[2020-11-09 21:23:45 mixed.start.log]
匹配不到routes对应的规则: /system/share/vendor/chartist-plugin-tooltip/chartist-plugin-tooltip.css.map
>>>>>>>>>>[2020-11-09 21:23:45 mixed.end.log]
--------------------------------------------------------------------------------------------------------------------------
>>>>>>>>>>[2020-11-09 21:23:45 mixed.start.log]
匹配不到routes对应的规则: /system/share/vendor/chartist/css/chartist.css.map
>>>>>>>>>>[2020-11-09 21:23:45 mixed.end.log]
--------------------------------------------------------------------------------------------------------------------------
>>>>>>>>>>[2020-11-09 21:23:45 mixed.start.log]
匹配不到routes对应的规则: /system/share/fonts/weathericons-regular-webfont.woff
>>>>>>>>>>[2020-11-09 21:23:45 mixed.end.log]
--------------------------------------------------------------------------------------------------------------------------
>>>>>>>>>>[2020-11-09 21:23:46 mixed.start.log]
匹配不到routes对应的规则: /system/manage/assets/images/icon.svg
>>>>>>>>>>[2020-11-09 21:23:46 mixed.end.log]
--------------------------------------------------------------------------------------------------------------------------
>>>>>>>>>>[2020-11-09 21:23:46 mixed.start.log]
匹配不到routes对应的规则: /system/share/vendor/chartist-plugin-tooltip/chartist-plugin-tooltip.css.map
>>>>>>>>>>[2020-11-09 21:23:46 mixed.end.log]
--------------------------------------------------------------------------------------------------------------------------
>>>>>>>>>>[2020-11-09 21:23:46 mixed.start.log]
匹配不到routes对应的规则: /system/share/vendor/chartist/css/chartist.css.map
>>>>>>>>>>[2020-11-09 21:23:46 mixed.end.log]
--------------------------------------------------------------------------------------------------------------------------
>>>>>>>>>>[2020-11-09 21:23:47 mixed.start.log]
匹配不到routes对应的规则: /system/share/fonts/simple-Line-Icons.woff
>>>>>>>>>>[2020-11-09 21:23:47 mixed.end.log]
--------------------------------------------------------------------------------------------------------------------------
>>>>>>>>>>[2020-11-09 21:23:47 mixed.start.log]
匹配不到routes对应的规则: /system/share/fonts/weathericons-regular-webfont.woff
>>>>>>>>>>[2020-11-09 21:23:47 mixed.end.log]
--------------------------------------------------------------------------------------------------------------------------
>>>>>>>>>>[2020-11-09 21:23:48 mixed.start.log]
匹配不到routes对应的规则: /system/manage/assets/images/icon.svg
>>>>>>>>>>[2020-11-09 21:23:48 mixed.end.log]
--------------------------------------------------------------------------------------------------------------------------
>>>>>>>>>>[2020-11-09 21:23:48 mixed.start.log]
匹配不到routes对应的规则: /system/share/vendor/chartist-plugin-tooltip/chartist-plugin-tooltip.css.map
>>>>>>>>>>[2020-11-09 21:23:48 mixed.end.log]
--------------------------------------------------------------------------------------------------------------------------
>>>>>>>>>>[2020-11-09 21:23:48 mixed.start.log]
匹配不到routes对应的规则: /system/share/vendor/chartist/css/chartist.css.map
>>>>>>>>>>[2020-11-09 21:23:48 mixed.end.log]
--------------------------------------------------------------------------------------------------------------------------
>>>>>>>>>>[2020-11-09 21:23:48 mixed.start.log]
匹配不到routes对应的规则: /system/share/fonts/simple-Line-Icons.woff
>>>>>>>>>>[2020-11-09 21:23:48 mixed.end.log]
--------------------------------------------------------------------------------------------------------------------------
>>>>>>>>>>[2020-11-09 21:23:48 mixed.start.log]
匹配不到routes对应的规则: /system/share/fonts/weathericons-regular-webfont.woff
>>>>>>>>>>[2020-11-09 21:23:48 mixed.end.log]
--------------------------------------------------------------------------------------------------------------------------
>>>>>>>>>>[2020-11-09 21:23:49 mixed.start.log]
匹配不到routes对应的规则: /system/manage/assets/images/icon.svg
>>>>>>>>>>[2020-11-09 21:23:49 mixed.end.log]
--------------------------------------------------------------------------------------------------------------------------
>>>>>>>>>>[2020-11-09 21:23:49 mixed.start.log]
匹配不到routes对应的规则: /system/share/vendor/chartist-plugin-tooltip/chartist-plugin-tooltip.css.map
>>>>>>>>>>[2020-11-09 21:23:49 mixed.end.log]
--------------------------------------------------------------------------------------------------------------------------
>>>>>>>>>>[2020-11-09 21:23:49 mixed.start.log]
匹配不到routes对应的规则: /system/share/vendor/chartist/css/chartist.css.map
>>>>>>>>>>[2020-11-09 21:23:49 mixed.end.log]
--------------------------------------------------------------------------------------------------------------------------
>>>>>>>>>>[2020-11-09 21:23:49 mixed.start.log]
匹配不到routes对应的规则: /system/share/fonts/simple-Line-Icons.woff
>>>>>>>>>>[2020-11-09 21:23:49 mixed.end.log]
--------------------------------------------------------------------------------------------------------------------------
>>>>>>>>>>[2020-11-09 21:23:49 mixed.start.log]
匹配不到routes对应的规则: /system/share/fonts/weathericons-regular-webfont.woff
>>>>>>>>>>[2020-11-09 21:23:49 mixed.end.log]
--------------------------------------------------------------------------------------------------------------------------
>>>>>>>>>>[2020-11-09 21:23:50 mixed.start.log]
匹配不到routes对应的规则: /system/manage/assets/images/icon.svg
>>>>>>>>>>[2020-11-09 21:23:50 mixed.end.log]
--------------------------------------------------------------------------------------------------------------------------
>>>>>>>>>>[2020-11-09 21:23:50 mixed.start.log]
匹配不到routes对应的规则: /system/share/vendor/chartist/css/chartist.css.map
>>>>>>>>>>[2020-11-09 21:23:50 mixed.end.log]
--------------------------------------------------------------------------------------------------------------------------
>>>>>>>>>>[2020-11-09 21:23:50 mixed.start.log]
匹配不到routes对应的规则: /system/share/vendor/chartist-plugin-tooltip/chartist-plugin-tooltip.css.map
>>>>>>>>>>[2020-11-09 21:23:50 mixed.end.log]
--------------------------------------------------------------------------------------------------------------------------
>>>>>>>>>>[2020-11-09 21:23:51 mixed.start.log]
匹配不到routes对应的规则: /system/share/fonts/simple-Line-Icons.woff
>>>>>>>>>>[2020-11-09 21:23:51 mixed.end.log]
--------------------------------------------------------------------------------------------------------------------------
>>>>>>>>>>[2020-11-09 21:23:51 mixed.start.log]
匹配不到routes对应的规则: /system/share/fonts/weathericons-regular-webfont.woff
>>>>>>>>>>[2020-11-09 21:23:51 mixed.end.log]
--------------------------------------------------------------------------------------------------------------------------
>>>>>>>>>>[2020-11-09 21:24:03 mixed.start.log]
匹配不到routes对应的规则: /system/manage/assets/images/icon.svg
>>>>>>>>>>[2020-11-09 21:24:03 mixed.end.log]
--------------------------------------------------------------------------------------------------------------------------
>>>>>>>>>>[2020-11-09 21:24:03 mixed.start.log]
匹配不到routes对应的规则: /system/share/vendor/chartist-plugin-tooltip/chartist-plugin-tooltip.css.map
>>>>>>>>>>[2020-11-09 21:24:03 mixed.end.log]
--------------------------------------------------------------------------------------------------------------------------
>>>>>>>>>>[2020-11-09 21:24:03 mixed.start.log]
匹配不到routes对应的规则: /system/share/vendor/chartist/css/chartist.css.map
>>>>>>>>>>[2020-11-09 21:24:03 mixed.end.log]
--------------------------------------------------------------------------------------------------------------------------
>>>>>>>>>>[2020-11-09 21:24:04 mixed.start.log]
匹配不到routes对应的规则: /system/share/fonts/simple-Line-Icons.woff
>>>>>>>>>>[2020-11-09 21:24:04 mixed.end.log]
--------------------------------------------------------------------------------------------------------------------------
>>>>>>>>>>[2020-11-09 21:24:04 mixed.start.log]
匹配不到routes对应的规则: /system/share/fonts/weathericons-regular-webfont.woff
>>>>>>>>>>[2020-11-09 21:24:04 mixed.end.log]
--------------------------------------------------------------------------------------------------------------------------
>>>>>>>>>>[2020-11-09 21:24:12 mixed.start.log]
匹配不到routes对应的规则: /system/share/fonts/simple-Line-Icons.ttf
>>>>>>>>>>[2020-11-09 21:24:12 mixed.end.log]
--------------------------------------------------------------------------------------------------------------------------
>>>>>>>>>>[2020-11-09 21:24:12 mixed.start.log]
匹配不到routes对应的规则: /system/share/fonts/weathericons-regular-webfont.ttf
>>>>>>>>>>[2020-11-09 21:24:12 mixed.end.log]
--------------------------------------------------------------------------------------------------------------------------
>>>>>>>>>>[2020-11-09 21:24:12 mixed.start.log]
匹配不到routes对应的规则: /system/manage/favicon.png
>>>>>>>>>>[2020-11-09 21:24:12 mixed.end.log]
--------------------------------------------------------------------------------------------------------------------------
>>>>>>>>>>[2020-11-09 21:24:18 mixed.start.log]
匹配不到routes对应的规则: /system/manage/assets/images/icon.svg
>>>>>>>>>>[2020-11-09 21:24:18 mixed.end.log]
--------------------------------------------------------------------------------------------------------------------------
>>>>>>>>>>[2020-11-09 21:24:18 mixed.start.log]
匹配不到routes对应的规则: /system/share/vendor/chartist-plugin-tooltip/chartist-plugin-tooltip.css.map
>>>>>>>>>>[2020-11-09 21:24:18 mixed.end.log]
--------------------------------------------------------------------------------------------------------------------------
>>>>>>>>>>[2020-11-09 21:24:18 mixed.start.log]
匹配不到routes对应的规则: /system/share/vendor/chartist/css/chartist.css.map
>>>>>>>>>>[2020-11-09 21:24:18 mixed.end.log]
--------------------------------------------------------------------------------------------------------------------------
>>>>>>>>>>[2020-11-09 21:24:18 mixed.start.log]
匹配不到routes对应的规则: /system/share/fonts/simple-Line-Icons.woff
>>>>>>>>>>[2020-11-09 21:24:18 mixed.end.log]
--------------------------------------------------------------------------------------------------------------------------
>>>>>>>>>>[2020-11-09 21:24:18 mixed.start.log]
匹配不到routes对应的规则: /system/share/fonts/weathericons-regular-webfont.woff
>>>>>>>>>>[2020-11-09 21:24:18 mixed.end.log]
--------------------------------------------------------------------------------------------------------------------------
>>>>>>>>>>[2020-11-09 21:24:19 mixed.start.log]
匹配不到routes对应的规则: /system/share/fonts/simple-Line-Icons.ttf
>>>>>>>>>>[2020-11-09 21:24:19 mixed.end.log]
--------------------------------------------------------------------------------------------------------------------------
>>>>>>>>>>[2020-11-09 21:24:19 mixed.start.log]
匹配不到routes对应的规则: /system/share/fonts/weathericons-regular-webfont.ttf
>>>>>>>>>>[2020-11-09 21:24:19 mixed.end.log]
--------------------------------------------------------------------------------------------------------------------------
>>>>>>>>>>[2020-11-09 21:24:19 mixed.start.log]
匹配不到routes对应的规则: /system/manage/favicon.png
>>>>>>>>>>[2020-11-09 21:24:19 mixed.end.log]
--------------------------------------------------------------------------------------------------------------------------
>>>>>>>>>>[2020-11-09 21:24:24 mixed.start.log]
匹配不到routes对应的规则: /system/manage/assets/images/icon.svg
>>>>>>>>>>[2020-11-09 21:24:24 mixed.end.log]
--------------------------------------------------------------------------------------------------------------------------
>>>>>>>>>>[2020-11-09 21:24:24 mixed.start.log]
匹配不到routes对应的规则: /system/share/vendor/chartist-plugin-tooltip/chartist-plugin-tooltip.css.map
>>>>>>>>>>[2020-11-09 21:24:24 mixed.end.log]
--------------------------------------------------------------------------------------------------------------------------
>>>>>>>>>>[2020-11-09 21:24:25 mixed.start.log]
匹配不到routes对应的规则: /system/share/vendor/chartist/css/chartist.css.map
>>>>>>>>>>[2020-11-09 21:24:25 mixed.end.log]
--------------------------------------------------------------------------------------------------------------------------
>>>>>>>>>>[2020-11-09 21:24:25 mixed.start.log]
匹配不到routes对应的规则: /system/share/fonts/simple-Line-Icons.woff
>>>>>>>>>>[2020-11-09 21:24:25 mixed.end.log]
--------------------------------------------------------------------------------------------------------------------------
>>>>>>>>>>[2020-11-09 21:24:25 mixed.start.log]
匹配不到routes对应的规则: /system/share/fonts/weathericons-regular-webfont.woff
>>>>>>>>>>[2020-11-09 21:24:25 mixed.end.log]
--------------------------------------------------------------------------------------------------------------------------
>>>>>>>>>>[2020-11-09 21:24:25 mixed.start.log]
匹配不到routes对应的规则: /system/share/fonts/simple-Line-Icons.ttf
>>>>>>>>>>[2020-11-09 21:24:25 mixed.end.log]
--------------------------------------------------------------------------------------------------------------------------
>>>>>>>>>>[2020-11-09 21:24:25 mixed.start.log]
匹配不到routes对应的规则: /system/share/fonts/weathericons-regular-webfont.ttf
>>>>>>>>>>[2020-11-09 21:24:25 mixed.end.log]
--------------------------------------------------------------------------------------------------------------------------
>>>>>>>>>>[2020-11-09 21:24:26 mixed.start.log]
匹配不到routes对应的规则: /system/manage/favicon.png
>>>>>>>>>>[2020-11-09 21:24:26 mixed.end.log]
--------------------------------------------------------------------------------------------------------------------------
>>>>>>>>>>[2020-11-09 21:25:03 mixed.start.log]
匹配不到routes对应的规则: /system/manage/assets/images/icon.svg
>>>>>>>>>>[2020-11-09 21:25:03 mixed.end.log]
--------------------------------------------------------------------------------------------------------------------------
>>>>>>>>>>[2020-11-09 21:25:03 mixed.start.log]
匹配不到routes对应的规则: /system/share/vendor/chartist-plugin-tooltip/chartist-plugin-tooltip.css.map
>>>>>>>>>>[2020-11-09 21:25:03 mixed.end.log]
--------------------------------------------------------------------------------------------------------------------------
>>>>>>>>>>[2020-11-09 21:25:03 mixed.start.log]
匹配不到routes对应的规则: /system/share/vendor/chartist/css/chartist.css.map
>>>>>>>>>>[2020-11-09 21:25:03 mixed.end.log]
--------------------------------------------------------------------------------------------------------------------------
>>>>>>>>>>[2020-11-09 21:25:03 mixed.start.log]
匹配不到routes对应的规则: /system/share/fonts/simple-Line-Icons.woff
>>>>>>>>>>[2020-11-09 21:25:03 mixed.end.log]
--------------------------------------------------------------------------------------------------------------------------
>>>>>>>>>>[2020-11-09 21:25:03 mixed.start.log]
匹配不到routes对应的规则: /system/share/fonts/weathericons-regular-webfont.woff
>>>>>>>>>>[2020-11-09 21:25:03 mixed.end.log]
--------------------------------------------------------------------------------------------------------------------------
>>>>>>>>>>[2020-11-09 21:25:23 mixed.start.log]
匹配不到routes对应的规则: /system/share/fonts/simple-Line-Icons.ttf
>>>>>>>>>>[2020-11-09 21:25:23 mixed.end.log]
--------------------------------------------------------------------------------------------------------------------------
>>>>>>>>>>[2020-11-09 21:25:23 mixed.start.log]
匹配不到routes对应的规则: /system/share/fonts/weathericons-regular-webfont.ttf
>>>>>>>>>>[2020-11-09 21:25:23 mixed.end.log]
--------------------------------------------------------------------------------------------------------------------------
>>>>>>>>>>[2020-11-09 21:26:12 mixed.start.log]
匹配不到routes对应的规则: /system/manage/assets/images/icon.svg
>>>>>>>>>>[2020-11-09 21:26:12 mixed.end.log]
--------------------------------------------------------------------------------------------------------------------------
>>>>>>>>>>[2020-11-09 21:26:12 mixed.start.log]
匹配不到routes对应的规则: /system/share/vendor/chartist/css/chartist.css.map
>>>>>>>>>>[2020-11-09 21:26:12 mixed.end.log]
--------------------------------------------------------------------------------------------------------------------------
>>>>>>>>>>[2020-11-09 21:26:12 mixed.start.log]
匹配不到routes对应的规则: /system/share/vendor/chartist-plugin-tooltip/chartist-plugin-tooltip.css.map
>>>>>>>>>>[2020-11-09 21:26:12 mixed.end.log]
--------------------------------------------------------------------------------------------------------------------------
>>>>>>>>>>[2020-11-09 21:26:12 mixed.start.log]
匹配不到routes对应的规则: /system/share/fonts/weathericons-regular-webfont.woff
>>>>>>>>>>[2020-11-09 21:26:12 mixed.end.log]
--------------------------------------------------------------------------------------------------------------------------
>>>>>>>>>>[2020-11-09 21:26:12 mixed.start.log]
匹配不到routes对应的规则: /system/share/fonts/simple-Line-Icons.woff
>>>>>>>>>>[2020-11-09 21:26:12 mixed.end.log]
--------------------------------------------------------------------------------------------------------------------------
>>>>>>>>>>[2020-11-09 21:26:21 mixed.start.log]
匹配不到routes对应的规则: /system/manage/assets/images/icon.svg
>>>>>>>>>>[2020-11-09 21:26:21 mixed.end.log]
--------------------------------------------------------------------------------------------------------------------------
>>>>>>>>>>[2020-11-09 21:26:22 mixed.start.log]
匹配不到routes对应的规则: /system/manage/assets/images/icon.svg
>>>>>>>>>>[2020-11-09 21:26:22 mixed.end.log]
--------------------------------------------------------------------------------------------------------------------------
>>>>>>>>>>[2020-11-09 21:26:25 mixed.start.log]
匹配不到routes对应的规则: /system/manage/assets/images/icon.svg
>>>>>>>>>>[2020-11-09 21:26:25 mixed.end.log]
--------------------------------------------------------------------------------------------------------------------------
>>>>>>>>>>[2020-11-09 21:26:29 mixed.start.log]
匹配不到routes对应的规则: /system/manage/assets/images/icon.svg
>>>>>>>>>>[2020-11-09 21:26:29 mixed.end.log]
--------------------------------------------------------------------------------------------------------------------------
>>>>>>>>>>[2020-11-09 21:26:32 mixed.start.log]
匹配不到routes对应的规则: /system/share/fonts/weathericons-regular-webfont.ttf
>>>>>>>>>>[2020-11-09 21:26:32 mixed.end.log]
--------------------------------------------------------------------------------------------------------------------------
>>>>>>>>>>[2020-11-09 21:26:32 mixed.start.log]
匹配不到routes对应的规则: /system/share/fonts/simple-Line-Icons.ttf
>>>>>>>>>>[2020-11-09 21:26:32 mixed.end.log]
--------------------------------------------------------------------------------------------------------------------------
>>>>>>>>>>[2020-11-09 21:27:06 mixed.start.log]
匹配不到routes对应的规则: /system/manage/assets/images/icon.svg
>>>>>>>>>>[2020-11-09 21:27:06 mixed.end.log]
--------------------------------------------------------------------------------------------------------------------------
>>>>>>>>>>[2020-11-09 21:27:06 mixed.start.log]
匹配不到routes对应的规则: /system/share/vendor/chartist-plugin-tooltip/chartist-plugin-tooltip.css.map
>>>>>>>>>>[2020-11-09 21:27:06 mixed.end.log]
--------------------------------------------------------------------------------------------------------------------------
>>>>>>>>>>[2020-11-09 21:27:06 mixed.start.log]
匹配不到routes对应的规则: /system/share/vendor/chartist/css/chartist.css.map
>>>>>>>>>>[2020-11-09 21:27:06 mixed.end.log]
--------------------------------------------------------------------------------------------------------------------------
>>>>>>>>>>[2020-11-09 21:27:07 mixed.start.log]
匹配不到routes对应的规则: /system/share/fonts/simple-Line-Icons.woff
>>>>>>>>>>[2020-11-09 21:27:07 mixed.end.log]
--------------------------------------------------------------------------------------------------------------------------
>>>>>>>>>>[2020-11-09 21:27:07 mixed.start.log]
匹配不到routes对应的规则: /system/share/fonts/weathericons-regular-webfont.woff
>>>>>>>>>>[2020-11-09 21:27:07 mixed.end.log]
--------------------------------------------------------------------------------------------------------------------------
>>>>>>>>>>[2020-11-09 21:27:12 mixed.start.log]
匹配不到routes对应的规则: /system/share/fonts/simple-Line-Icons.ttf
>>>>>>>>>>[2020-11-09 21:27:12 mixed.end.log]
--------------------------------------------------------------------------------------------------------------------------
>>>>>>>>>>[2020-11-09 21:27:13 mixed.start.log]
匹配不到routes对应的规则: /system/share/fonts/weathericons-regular-webfont.ttf
>>>>>>>>>>[2020-11-09 21:27:13 mixed.end.log]
--------------------------------------------------------------------------------------------------------------------------
>>>>>>>>>>[2020-11-09 21:27:13 mixed.start.log]
匹配不到routes对应的规则: /system/manage/favicon.png
>>>>>>>>>>[2020-11-09 21:27:13 mixed.end.log]
--------------------------------------------------------------------------------------------------------------------------
>>>>>>>>>>[2020-11-09 21:27:14 mixed.start.log]
匹配不到routes对应的规则: /system/manage/assets/images/icon.svg
>>>>>>>>>>[2020-11-09 21:27:14 mixed.end.log]
--------------------------------------------------------------------------------------------------------------------------
>>>>>>>>>>[2020-11-09 21:28:44 mixed.start.log]
匹配不到routes对应的规则: /system/manage/assets/images/icon.svg
>>>>>>>>>>[2020-11-09 21:28:44 mixed.end.log]
--------------------------------------------------------------------------------------------------------------------------
>>>>>>>>>>[2020-11-09 21:28:44 mixed.start.log]
匹配不到routes对应的规则: /system/share/vendor/chartist/css/chartist.css.map
>>>>>>>>>>[2020-11-09 21:28:44 mixed.end.log]
--------------------------------------------------------------------------------------------------------------------------
>>>>>>>>>>[2020-11-09 21:28:44 mixed.start.log]
匹配不到routes对应的规则: /system/share/vendor/chartist-plugin-tooltip/chartist-plugin-tooltip.css.map
>>>>>>>>>>[2020-11-09 21:28:44 mixed.end.log]
--------------------------------------------------------------------------------------------------------------------------
>>>>>>>>>>[2020-11-09 21:28:45 mixed.start.log]
匹配不到routes对应的规则: /system/share/fonts/simple-Line-Icons.woff
>>>>>>>>>>[2020-11-09 21:28:45 mixed.end.log]
--------------------------------------------------------------------------------------------------------------------------
>>>>>>>>>>[2020-11-09 21:28:45 mixed.start.log]
匹配不到routes对应的规则: /system/share/fonts/weathericons-regular-webfont.woff
>>>>>>>>>>[2020-11-09 21:28:45 mixed.end.log]
--------------------------------------------------------------------------------------------------------------------------
>>>>>>>>>>[2020-11-09 21:28:54 mixed.start.log]
匹配不到routes对应的规则: /system/manage/assets/images/icon.svg
>>>>>>>>>>[2020-11-09 21:28:54 mixed.end.log]
--------------------------------------------------------------------------------------------------------------------------
>>>>>>>>>>[2020-11-09 21:28:54 mixed.start.log]
匹配不到routes对应的规则: /system/share/vendor/chartist/css/chartist.css.map
>>>>>>>>>>[2020-11-09 21:28:54 mixed.end.log]
--------------------------------------------------------------------------------------------------------------------------
>>>>>>>>>>[2020-11-09 21:28:54 mixed.start.log]
匹配不到routes对应的规则: /system/share/vendor/chartist-plugin-tooltip/chartist-plugin-tooltip.css.map
>>>>>>>>>>[2020-11-09 21:28:54 mixed.end.log]
--------------------------------------------------------------------------------------------------------------------------
>>>>>>>>>>[2020-11-09 21:28:54 mixed.start.log]
匹配不到routes对应的规则: /system/share/fonts/simple-Line-Icons.woff
>>>>>>>>>>[2020-11-09 21:28:54 mixed.end.log]
--------------------------------------------------------------------------------------------------------------------------
>>>>>>>>>>[2020-11-09 21:28:54 mixed.start.log]
匹配不到routes对应的规则: /system/share/fonts/weathericons-regular-webfont.woff
>>>>>>>>>>[2020-11-09 21:28:54 mixed.end.log]
--------------------------------------------------------------------------------------------------------------------------
>>>>>>>>>>[2020-11-09 21:30:14 mixed.start.log]
匹配不到routes对应的规则: /system/share/fonts/weathericons-regular-webfont.ttf
>>>>>>>>>>[2020-11-09 21:30:14 mixed.end.log]
--------------------------------------------------------------------------------------------------------------------------
>>>>>>>>>>[2020-11-09 21:30:14 mixed.start.log]
匹配不到routes对应的规则: /system/share/fonts/simple-Line-Icons.ttf
>>>>>>>>>>[2020-11-09 21:30:14 mixed.end.log]
--------------------------------------------------------------------------------------------------------------------------
>>>>>>>>>>[2020-11-09 21:30:14 mixed.start.log]
匹配不到routes对应的规则: /system/manage/assets/images/icon.svg
>>>>>>>>>>[2020-11-09 21:30:14 mixed.end.log]
--------------------------------------------------------------------------------------------------------------------------
>>>>>>>>>>[2020-11-09 21:30:14 mixed.start.log]
匹配不到routes对应的规则: /system/manage/assets/images/1024x640.png
>>>>>>>>>>[2020-11-09 21:30:14 mixed.end.log]
--------------------------------------------------------------------------------------------------------------------------
>>>>>>>>>>[2020-11-09 21:30:15 mixed.start.log]
匹配不到routes对应的规则: /system/share/vendor/chartist/css/chartist.css.map
>>>>>>>>>>[2020-11-09 21:30:15 mixed.end.log]
--------------------------------------------------------------------------------------------------------------------------
>>>>>>>>>>[2020-11-09 21:30:15 mixed.start.log]
匹配不到routes对应的规则: /system/share/vendor/chartist-plugin-tooltip/chartist-plugin-tooltip.css.map
>>>>>>>>>>[2020-11-09 21:30:15 mixed.end.log]
--------------------------------------------------------------------------------------------------------------------------
>>>>>>>>>>[2020-11-09 21:30:15 mixed.start.log]
匹配不到routes对应的规则: /system/share/fonts/simple-Line-Icons.woff
>>>>>>>>>>[2020-11-09 21:30:15 mixed.end.log]
--------------------------------------------------------------------------------------------------------------------------
>>>>>>>>>>[2020-11-09 21:30:18 mixed.start.log]
匹配不到routes对应的规则: /system/share/fonts/weathericons-regular-webfont.woff
>>>>>>>>>>[2020-11-09 21:30:18 mixed.end.log]
--------------------------------------------------------------------------------------------------------------------------
>>>>>>>>>>[2020-11-09 21:30:19 mixed.start.log]
匹配不到routes对应的规则: /system/manage/assets/images/1024x640.png
>>>>>>>>>>[2020-11-09 21:30:19 mixed.end.log]
--------------------------------------------------------------------------------------------------------------------------
>>>>>>>>>>[2020-11-09 21:30:19 mixed.start.log]
匹配不到routes对应的规则: /system/manage/assets/images/icon.svg
>>>>>>>>>>[2020-11-09 21:30:19 mixed.end.log]
--------------------------------------------------------------------------------------------------------------------------
>>>>>>>>>>[2020-11-09 21:30:19 mixed.start.log]
匹配不到routes对应的规则: /system/share/vendor/chartist-plugin-tooltip/chartist-plugin-tooltip.css.map
>>>>>>>>>>[2020-11-09 21:30:19 mixed.end.log]
--------------------------------------------------------------------------------------------------------------------------
>>>>>>>>>>[2020-11-09 21:30:19 mixed.start.log]
匹配不到routes对应的规则: /system/share/vendor/chartist/css/chartist.css.map
>>>>>>>>>>[2020-11-09 21:30:19 mixed.end.log]
--------------------------------------------------------------------------------------------------------------------------
>>>>>>>>>>[2020-11-09 21:30:19 mixed.start.log]
匹配不到routes对应的规则: /system/share/fonts/simple-Line-Icons.woff
>>>>>>>>>>[2020-11-09 21:30:19 mixed.end.log]
--------------------------------------------------------------------------------------------------------------------------
>>>>>>>>>>[2020-11-09 21:30:19 mixed.start.log]
匹配不到routes对应的规则: /system/share/fonts/weathericons-regular-webfont.woff
>>>>>>>>>>[2020-11-09 21:30:19 mixed.end.log]
--------------------------------------------------------------------------------------------------------------------------
>>>>>>>>>>[2020-11-09 21:30:20 mixed.start.log]
匹配不到routes对应的规则: /system/share/fonts/simple-Line-Icons.ttf
>>>>>>>>>>[2020-11-09 21:30:20 mixed.end.log]
--------------------------------------------------------------------------------------------------------------------------
>>>>>>>>>>[2020-11-09 21:30:20 mixed.start.log]
匹配不到routes对应的规则: /system/share/fonts/weathericons-regular-webfont.ttf
>>>>>>>>>>[2020-11-09 21:30:20 mixed.end.log]
--------------------------------------------------------------------------------------------------------------------------
>>>>>>>>>>[2020-11-09 21:30:20 mixed.start.log]
匹配不到routes对应的规则: /system/manage/favicon.png
>>>>>>>>>>[2020-11-09 21:30:20 mixed.end.log]
--------------------------------------------------------------------------------------------------------------------------
>>>>>>>>>>[2020-11-09 21:31:32 mixed.start.log]
匹配不到routes对应的规则: /system/manage/assets/images/1024x640.png
>>>>>>>>>>[2020-11-09 21:31:32 mixed.end.log]
--------------------------------------------------------------------------------------------------------------------------
>>>>>>>>>>[2020-11-09 21:31:32 mixed.start.log]
匹配不到routes对应的规则: /system/manage/assets/images/icon.svg
>>>>>>>>>>[2020-11-09 21:31:32 mixed.end.log]
--------------------------------------------------------------------------------------------------------------------------
>>>>>>>>>>[2020-11-09 21:31:33 mixed.start.log]
匹配不到routes对应的规则: /system/share/fonts/simple-Line-Icons.woff
>>>>>>>>>>[2020-11-09 21:31:33 mixed.end.log]
--------------------------------------------------------------------------------------------------------------------------
>>>>>>>>>>[2020-11-09 21:31:33 mixed.start.log]
匹配不到routes对应的规则: /system/share/fonts/weathericons-regular-webfont.woff
>>>>>>>>>>[2020-11-09 21:31:33 mixed.end.log]
--------------------------------------------------------------------------------------------------------------------------
>>>>>>>>>>[2020-11-09 21:31:44 mixed.start.log]
匹配不到routes对应的规则: /system/manage/assets/images/icon.svg
>>>>>>>>>>[2020-11-09 21:31:44 mixed.end.log]
--------------------------------------------------------------------------------------------------------------------------
>>>>>>>>>>[2020-11-09 21:31:44 mixed.start.log]
匹配不到routes对应的规则: /system/manage/assets/images/1024x640.png
>>>>>>>>>>[2020-11-09 21:31:44 mixed.end.log]
--------------------------------------------------------------------------------------------------------------------------
>>>>>>>>>>[2020-11-09 21:31:44 mixed.start.log]
匹配不到routes对应的规则: /system/share/fonts/simple-Line-Icons.woff
>>>>>>>>>>[2020-11-09 21:31:44 mixed.end.log]
--------------------------------------------------------------------------------------------------------------------------
>>>>>>>>>>[2020-11-09 21:31:44 mixed.start.log]
匹配不到routes对应的规则: /system/share/fonts/weathericons-regular-webfont.woff
>>>>>>>>>>[2020-11-09 21:31:44 mixed.end.log]
--------------------------------------------------------------------------------------------------------------------------
>>>>>>>>>>[2020-11-09 21:31:45 mixed.start.log]
匹配不到routes对应的规则: /system/share/fonts/simple-Line-Icons.ttf
>>>>>>>>>>[2020-11-09 21:31:45 mixed.end.log]
--------------------------------------------------------------------------------------------------------------------------
>>>>>>>>>>[2020-11-09 21:31:45 mixed.start.log]
匹配不到routes对应的规则: /system/share/fonts/weathericons-regular-webfont.ttf
>>>>>>>>>>[2020-11-09 21:31:45 mixed.end.log]
--------------------------------------------------------------------------------------------------------------------------
>>>>>>>>>>[2020-11-09 21:31:45 mixed.start.log]
匹配不到routes对应的规则: /system/manage/favicon.png
>>>>>>>>>>[2020-11-09 21:31:45 mixed.end.log]
--------------------------------------------------------------------------------------------------------------------------
>>>>>>>>>>[2020-11-09 21:32:31 mixed.start.log]
匹配不到routes对应的规则: /system/manage/assets/images/icon.svg
>>>>>>>>>>[2020-11-09 21:32:31 mixed.end.log]
--------------------------------------------------------------------------------------------------------------------------
>>>>>>>>>>[2020-11-09 21:32:31 mixed.start.log]
匹配不到routes对应的规则: /system/manage/assets/images/1024x640.png
>>>>>>>>>>[2020-11-09 21:32:31 mixed.end.log]
--------------------------------------------------------------------------------------------------------------------------
>>>>>>>>>>[2020-11-09 21:32:31 mixed.start.log]
匹配不到routes对应的规则: /system/share/fonts/simple-Line-Icons.woff
>>>>>>>>>>[2020-11-09 21:32:31 mixed.end.log]
--------------------------------------------------------------------------------------------------------------------------
>>>>>>>>>>[2020-11-09 21:32:31 mixed.start.log]
匹配不到routes对应的规则: /system/share/fonts/weathericons-regular-webfont.woff
>>>>>>>>>>[2020-11-09 21:32:31 mixed.end.log]
--------------------------------------------------------------------------------------------------------------------------
>>>>>>>>>>[2020-11-09 21:32:39 mixed.start.log]
匹配不到routes对应的规则: /system/manage/assets/images/1024x640.png
>>>>>>>>>>[2020-11-09 21:32:39 mixed.end.log]
--------------------------------------------------------------------------------------------------------------------------
>>>>>>>>>>[2020-11-09 21:32:39 mixed.start.log]
匹配不到routes对应的规则: /system/manage/assets/images/icon.svg
>>>>>>>>>>[2020-11-09 21:32:39 mixed.end.log]
--------------------------------------------------------------------------------------------------------------------------
>>>>>>>>>>[2020-11-09 21:32:39 mixed.start.log]
匹配不到routes对应的规则: /system/share/fonts/simple-Line-Icons.woff
>>>>>>>>>>[2020-11-09 21:32:39 mixed.end.log]
--------------------------------------------------------------------------------------------------------------------------
>>>>>>>>>>[2020-11-09 21:32:39 mixed.start.log]
匹配不到routes对应的规则: /system/share/fonts/weathericons-regular-webfont.woff
>>>>>>>>>>[2020-11-09 21:32:39 mixed.end.log]
--------------------------------------------------------------------------------------------------------------------------
>>>>>>>>>>[2020-11-09 21:32:40 mixed.start.log]
匹配不到routes对应的规则: /system/share/fonts/simple-Line-Icons.ttf
>>>>>>>>>>[2020-11-09 21:32:40 mixed.end.log]
--------------------------------------------------------------------------------------------------------------------------
>>>>>>>>>>[2020-11-09 21:32:40 mixed.start.log]
匹配不到routes对应的规则: /system/share/fonts/weathericons-regular-webfont.ttf
>>>>>>>>>>[2020-11-09 21:32:40 mixed.end.log]
--------------------------------------------------------------------------------------------------------------------------
>>>>>>>>>>[2020-11-09 21:32:40 mixed.start.log]
匹配不到routes对应的规则: /system/manage/favicon.png
>>>>>>>>>>[2020-11-09 21:32:40 mixed.end.log]
--------------------------------------------------------------------------------------------------------------------------
>>>>>>>>>>[2020-11-09 21:33:22 mixed.start.log]
匹配不到routes对应的规则: /system/manage/assets/images/icon.svg
>>>>>>>>>>[2020-11-09 21:33:22 mixed.end.log]
--------------------------------------------------------------------------------------------------------------------------
>>>>>>>>>>[2020-11-09 21:33:22 mixed.start.log]
匹配不到routes对应的规则: /system/manage/assets/images/1024x640.png
>>>>>>>>>>[2020-11-09 21:33:22 mixed.end.log]
--------------------------------------------------------------------------------------------------------------------------
>>>>>>>>>>[2020-11-09 21:33:22 mixed.start.log]
匹配不到routes对应的规则: /system/share/fonts/simple-Line-Icons.woff
>>>>>>>>>>[2020-11-09 21:33:22 mixed.end.log]
--------------------------------------------------------------------------------------------------------------------------
>>>>>>>>>>[2020-11-09 21:33:22 mixed.start.log]
匹配不到routes对应的规则: /system/share/fonts/weathericons-regular-webfont.woff
>>>>>>>>>>[2020-11-09 21:33:22 mixed.end.log]
--------------------------------------------------------------------------------------------------------------------------
>>>>>>>>>>[2020-11-09 21:33:42 mixed.start.log]
匹配不到routes对应的规则: /system/share/fonts/weathericons-regular-webfont.ttf
>>>>>>>>>>[2020-11-09 21:33:42 mixed.end.log]
--------------------------------------------------------------------------------------------------------------------------
>>>>>>>>>>[2020-11-09 21:33:42 mixed.start.log]
匹配不到routes对应的规则: /system/share/fonts/simple-Line-Icons.ttf
>>>>>>>>>>[2020-11-09 21:33:42 mixed.end.log]
--------------------------------------------------------------------------------------------------------------------------
>>>>>>>>>>[2020-11-09 21:33:46 mixed.start.log]
匹配不到routes对应的规则: /system/share/vendor/chartist/css/chartist.css.map
>>>>>>>>>>[2020-11-09 21:33:46 mixed.end.log]
--------------------------------------------------------------------------------------------------------------------------
>>>>>>>>>>[2020-11-09 21:33:46 mixed.start.log]
匹配不到routes对应的规则: /system/share/vendor/chartist-plugin-tooltip/chartist-plugin-tooltip.css.map
>>>>>>>>>>[2020-11-09 21:33:46 mixed.end.log]
--------------------------------------------------------------------------------------------------------------------------
>>>>>>>>>>[2020-11-09 21:34:55 mixed.start.log]
匹配不到routes对应的规则: /system/manage/assets/images/icon.svg
>>>>>>>>>>[2020-11-09 21:34:55 mixed.end.log]
--------------------------------------------------------------------------------------------------------------------------
>>>>>>>>>>[2020-11-09 21:34:55 mixed.start.log]
匹配不到routes对应的规则: /system/manage/assets/images/1024x640.png
>>>>>>>>>>[2020-11-09 21:34:55 mixed.end.log]
--------------------------------------------------------------------------------------------------------------------------
>>>>>>>>>>[2020-11-09 21:34:55 mixed.start.log]
匹配不到routes对应的规则: /system/share/fonts/simple-Line-Icons.woff
>>>>>>>>>>[2020-11-09 21:34:55 mixed.end.log]
--------------------------------------------------------------------------------------------------------------------------
>>>>>>>>>>[2020-11-09 21:34:55 mixed.start.log]
匹配不到routes对应的规则: /system/share/fonts/weathericons-regular-webfont.woff
>>>>>>>>>>[2020-11-09 21:34:55 mixed.end.log]
--------------------------------------------------------------------------------------------------------------------------
>>>>>>>>>>[2020-11-09 21:35:15 mixed.start.log]
匹配不到routes对应的规则: /system/manage/assets/images/icon.svg
>>>>>>>>>>[2020-11-09 21:35:15 mixed.end.log]
--------------------------------------------------------------------------------------------------------------------------
>>>>>>>>>>[2020-11-09 21:35:15 mixed.start.log]
匹配不到routes对应的规则: /system/manage/assets/images/1024x640.png
>>>>>>>>>>[2020-11-09 21:35:15 mixed.end.log]
--------------------------------------------------------------------------------------------------------------------------
>>>>>>>>>>[2020-11-09 21:35:15 mixed.start.log]
匹配不到routes对应的规则: /system/share/fonts/simple-Line-Icons.woff
>>>>>>>>>>[2020-11-09 21:35:15 mixed.end.log]
--------------------------------------------------------------------------------------------------------------------------
>>>>>>>>>>[2020-11-09 21:35:15 mixed.start.log]
匹配不到routes对应的规则: /system/share/fonts/weathericons-regular-webfont.woff
>>>>>>>>>>[2020-11-09 21:35:15 mixed.end.log]
--------------------------------------------------------------------------------------------------------------------------
>>>>>>>>>>[2020-11-09 21:35:15 mixed.start.log]
匹配不到routes对应的规则: /system/share/fonts/simple-Line-Icons.ttf
>>>>>>>>>>[2020-11-09 21:35:15 mixed.end.log]
--------------------------------------------------------------------------------------------------------------------------
>>>>>>>>>>[2020-11-09 21:35:16 mixed.start.log]
匹配不到routes对应的规则: /system/share/fonts/weathericons-regular-webfont.ttf
>>>>>>>>>>[2020-11-09 21:35:16 mixed.end.log]
--------------------------------------------------------------------------------------------------------------------------
>>>>>>>>>>[2020-11-09 21:35:16 mixed.start.log]
匹配不到routes对应的规则: /system/manage/favicon.png
>>>>>>>>>>[2020-11-09 21:35:16 mixed.end.log]
--------------------------------------------------------------------------------------------------------------------------
>>>>>>>>>>[2020-11-09 21:35:36 mixed.start.log]
匹配不到routes对应的规则: /system/manage/assets/images/1024x640.png
>>>>>>>>>>[2020-11-09 21:35:36 mixed.end.log]
--------------------------------------------------------------------------------------------------------------------------
>>>>>>>>>>[2020-11-09 21:35:36 mixed.start.log]
匹配不到routes对应的规则: /system/manage/assets/images/icon.svg
>>>>>>>>>>[2020-11-09 21:35:36 mixed.end.log]
--------------------------------------------------------------------------------------------------------------------------
>>>>>>>>>>[2020-11-09 21:35:36 mixed.start.log]
匹配不到routes对应的规则: /system/share/fonts/simple-Line-Icons.woff
>>>>>>>>>>[2020-11-09 21:35:36 mixed.end.log]
--------------------------------------------------------------------------------------------------------------------------
>>>>>>>>>>[2020-11-09 21:35:36 mixed.start.log]
匹配不到routes对应的规则: /system/share/fonts/weathericons-regular-webfont.woff
>>>>>>>>>>[2020-11-09 21:35:36 mixed.end.log]
--------------------------------------------------------------------------------------------------------------------------
>>>>>>>>>>[2020-11-09 21:35:53 mixed.start.log]
匹配不到routes对应的规则: /system/manage/index.html
>>>>>>>>>>[2020-11-09 21:35:53 mixed.end.log]
--------------------------------------------------------------------------------------------------------------------------
>>>>>>>>>>[2020-11-09 21:35:54 mixed.start.log]
匹配不到routes对应的规则: /system/manage/index.html
>>>>>>>>>>[2020-11-09 21:35:54 mixed.end.log]
--------------------------------------------------------------------------------------------------------------------------
>>>>>>>>>>[2020-11-09 21:35:56 mixed.start.log]
匹配不到routes对应的规则: /system/share/fonts/weathericons-regular-webfont.ttf
>>>>>>>>>>[2020-11-09 21:35:56 mixed.end.log]
--------------------------------------------------------------------------------------------------------------------------
>>>>>>>>>>[2020-11-09 21:35:56 mixed.start.log]
匹配不到routes对应的规则: /system/share/fonts/simple-Line-Icons.ttf
>>>>>>>>>>[2020-11-09 21:35:56 mixed.end.log]
--------------------------------------------------------------------------------------------------------------------------
>>>>>>>>>>[2020-11-09 21:36:44 mixed.start.log]
匹配不到routes对应的规则: /system/manage/assets/images/icon.svg
>>>>>>>>>>[2020-11-09 21:36:44 mixed.end.log]
--------------------------------------------------------------------------------------------------------------------------
>>>>>>>>>>[2020-11-09 21:36:44 mixed.start.log]
匹配不到routes对应的规则: /system/manage/assets/images/1024x640.png
>>>>>>>>>>[2020-11-09 21:36:44 mixed.end.log]
--------------------------------------------------------------------------------------------------------------------------
>>>>>>>>>>[2020-11-09 21:36:44 mixed.start.log]
匹配不到routes对应的规则: /system/share/fonts/simple-Line-Icons.woff
>>>>>>>>>>[2020-11-09 21:36:44 mixed.end.log]
--------------------------------------------------------------------------------------------------------------------------
>>>>>>>>>>[2020-11-09 21:36:44 mixed.start.log]
匹配不到routes对应的规则: /system/share/fonts/weathericons-regular-webfont.woff
>>>>>>>>>>[2020-11-09 21:36:44 mixed.end.log]
--------------------------------------------------------------------------------------------------------------------------
>>>>>>>>>>[2020-11-09 21:37:05 mixed.start.log]
匹配不到routes对应的规则: /system/share/fonts/simple-Line-Icons.ttf
>>>>>>>>>>[2020-11-09 21:37:05 mixed.end.log]
--------------------------------------------------------------------------------------------------------------------------
>>>>>>>>>>[2020-11-09 21:37:05 mixed.start.log]
匹配不到routes对应的规则: /system/share/fonts/weathericons-regular-webfont.ttf
>>>>>>>>>>[2020-11-09 21:37:05 mixed.end.log]
--------------------------------------------------------------------------------------------------------------------------
>>>>>>>>>>[2020-11-09 21:37:46 mixed.start.log]
匹配不到routes对应的规则: /system/manage/assets/images/icon.svg
>>>>>>>>>>[2020-11-09 21:37:46 mixed.end.log]
--------------------------------------------------------------------------------------------------------------------------
>>>>>>>>>>[2020-11-09 21:37:46 mixed.start.log]
匹配不到routes对应的规则: /system/manage/assets/images/1024x640.png
>>>>>>>>>>[2020-11-09 21:37:46 mixed.end.log]
--------------------------------------------------------------------------------------------------------------------------
>>>>>>>>>>[2020-11-09 21:37:46 mixed.start.log]
匹配不到routes对应的规则: /system/share/fonts/weathericons-regular-webfont.woff
>>>>>>>>>>[2020-11-09 21:37:46 mixed.end.log]
--------------------------------------------------------------------------------------------------------------------------
>>>>>>>>>>[2020-11-09 21:37:47 mixed.start.log]
匹配不到routes对应的规则: /system/share/fonts/simple-Line-Icons.woff
>>>>>>>>>>[2020-11-09 21:37:47 mixed.end.log]
--------------------------------------------------------------------------------------------------------------------------
>>>>>>>>>>[2020-11-09 21:37:47 mixed.start.log]
匹配不到routes对应的规则: /system/share/fonts/weathericons-regular-webfont.ttf
>>>>>>>>>>[2020-11-09 21:37:47 mixed.end.log]
--------------------------------------------------------------------------------------------------------------------------
>>>>>>>>>>[2020-11-09 21:37:47 mixed.start.log]
匹配不到routes对应的规则: /system/share/fonts/simple-Line-Icons.ttf
>>>>>>>>>>[2020-11-09 21:37:47 mixed.end.log]
--------------------------------------------------------------------------------------------------------------------------
>>>>>>>>>>[2020-11-09 21:37:47 mixed.start.log]
匹配不到routes对应的规则: /system/manage/favicon.png
>>>>>>>>>>[2020-11-09 21:37:47 mixed.end.log]
--------------------------------------------------------------------------------------------------------------------------
>>>>>>>>>>[2020-11-09 21:38:34 mixed.start.log]
匹配不到routes对应的规则: /system/manage/assets/images/1024x640.png
>>>>>>>>>>[2020-11-09 21:38:34 mixed.end.log]
--------------------------------------------------------------------------------------------------------------------------
>>>>>>>>>>[2020-11-09 21:38:34 mixed.start.log]
匹配不到routes对应的规则: /system/manage/assets/images/icon.svg
>>>>>>>>>>[2020-11-09 21:38:34 mixed.end.log]
--------------------------------------------------------------------------------------------------------------------------
>>>>>>>>>>[2020-11-09 21:38:34 mixed.start.log]
匹配不到routes对应的规则: /system/share/fonts/simple-Line-Icons.woff
>>>>>>>>>>[2020-11-09 21:38:34 mixed.end.log]
--------------------------------------------------------------------------------------------------------------------------
>>>>>>>>>>[2020-11-09 21:38:34 mixed.start.log]
匹配不到routes对应的规则: /system/share/fonts/weathericons-regular-webfont.woff
>>>>>>>>>>[2020-11-09 21:38:34 mixed.end.log]
--------------------------------------------------------------------------------------------------------------------------
>>>>>>>>>>[2020-11-09 21:38:55 mixed.start.log]
匹配不到routes对应的规则: /system/share/fonts/simple-Line-Icons.ttf
>>>>>>>>>>[2020-11-09 21:38:55 mixed.end.log]
--------------------------------------------------------------------------------------------------------------------------
>>>>>>>>>>[2020-11-09 21:38:55 mixed.start.log]
匹配不到routes对应的规则: /system/share/fonts/weathericons-regular-webfont.ttf
>>>>>>>>>>[2020-11-09 21:38:55 mixed.end.log]
--------------------------------------------------------------------------------------------------------------------------
>>>>>>>>>>[2020-11-09 21:39:39 mixed.start.log]
匹配不到routes对应的规则: /system/manage/assets/images/icon.svg
>>>>>>>>>>[2020-11-09 21:39:39 mixed.end.log]
--------------------------------------------------------------------------------------------------------------------------
>>>>>>>>>>[2020-11-09 21:39:39 mixed.start.log]
匹配不到routes对应的规则: /system/manage/assets/images/1024x640.png
>>>>>>>>>>[2020-11-09 21:39:39 mixed.end.log]
--------------------------------------------------------------------------------------------------------------------------
>>>>>>>>>>[2020-11-09 21:39:39 mixed.start.log]
匹配不到routes对应的规则: /system/share/fonts/simple-Line-Icons.woff
>>>>>>>>>>[2020-11-09 21:39:39 mixed.end.log]
--------------------------------------------------------------------------------------------------------------------------
>>>>>>>>>>[2020-11-09 21:39:43 mixed.start.log]
匹配不到routes对应的规则: /system/manage/assets/images/icon.svg
>>>>>>>>>>[2020-11-09 21:39:43 mixed.end.log]
--------------------------------------------------------------------------------------------------------------------------
>>>>>>>>>>[2020-11-09 21:39:43 mixed.start.log]
匹配不到routes对应的规则: /system/manage/assets/images/1024x640.png
>>>>>>>>>>[2020-11-09 21:39:43 mixed.end.log]
--------------------------------------------------------------------------------------------------------------------------
>>>>>>>>>>[2020-11-09 21:39:43 mixed.start.log]
匹配不到routes对应的规则: /system/share/fonts/simple-Line-Icons.woff
>>>>>>>>>>[2020-11-09 21:39:43 mixed.end.log]
--------------------------------------------------------------------------------------------------------------------------
>>>>>>>>>>[2020-11-09 21:39:43 mixed.start.log]
匹配不到routes对应的规则: /system/share/fonts/simple-Line-Icons.ttf
>>>>>>>>>>[2020-11-09 21:39:43 mixed.end.log]
--------------------------------------------------------------------------------------------------------------------------
>>>>>>>>>>[2020-11-09 21:39:44 mixed.start.log]
匹配不到routes对应的规则: /system/manage/favicon.png
>>>>>>>>>>[2020-11-09 21:39:44 mixed.end.log]
--------------------------------------------------------------------------------------------------------------------------
>>>>>>>>>>[2020-11-09 21:39:50 mixed.start.log]
匹配不到routes对应的规则: /system/share/vendor/chartist-plugin-tooltip/chartist-plugin-tooltip.css.map
>>>>>>>>>>[2020-11-09 21:39:50 mixed.end.log]
--------------------------------------------------------------------------------------------------------------------------
>>>>>>>>>>[2020-11-09 21:39:50 mixed.start.log]
匹配不到routes对应的规则: /system/share/vendor/chartist/css/chartist.css.map
>>>>>>>>>>[2020-11-09 21:39:50 mixed.end.log]
--------------------------------------------------------------------------------------------------------------------------
>>>>>>>>>>[2020-11-09 21:39:53 mixed.start.log]
匹配不到routes对应的规则: /system/manage/assets/images/1024x640.png
>>>>>>>>>>[2020-11-09 21:39:53 mixed.end.log]
--------------------------------------------------------------------------------------------------------------------------
>>>>>>>>>>[2020-11-09 21:39:53 mixed.start.log]
匹配不到routes对应的规则: /system/manage/assets/images/icon.svg
>>>>>>>>>>[2020-11-09 21:39:53 mixed.end.log]
--------------------------------------------------------------------------------------------------------------------------
>>>>>>>>>>[2020-11-09 21:39:53 mixed.start.log]
匹配不到routes对应的规则: /system/share/vendor/chartist/css/chartist.css.map
>>>>>>>>>>[2020-11-09 21:39:53 mixed.end.log]
--------------------------------------------------------------------------------------------------------------------------
>>>>>>>>>>[2020-11-09 21:39:53 mixed.start.log]
匹配不到routes对应的规则: /system/share/vendor/chartist-plugin-tooltip/chartist-plugin-tooltip.css.map
>>>>>>>>>>[2020-11-09 21:39:53 mixed.end.log]
--------------------------------------------------------------------------------------------------------------------------
>>>>>>>>>>[2020-11-09 21:39:53 mixed.start.log]
匹配不到routes对应的规则: /system/share/fonts/simple-Line-Icons.woff
>>>>>>>>>>[2020-11-09 21:39:53 mixed.end.log]
--------------------------------------------------------------------------------------------------------------------------
>>>>>>>>>>[2020-11-09 21:39:54 mixed.start.log]
匹配不到routes对应的规则: /system/share/fonts/simple-Line-Icons.ttf
>>>>>>>>>>[2020-11-09 21:39:54 mixed.end.log]
--------------------------------------------------------------------------------------------------------------------------
>>>>>>>>>>[2020-11-09 21:39:54 mixed.start.log]
匹配不到routes对应的规则: /system/manage/favicon.png
>>>>>>>>>>[2020-11-09 21:39:54 mixed.end.log]
--------------------------------------------------------------------------------------------------------------------------
