>>>>>>>>>>[2020-12-07 09:52:38 mixed.start.log]
匹配不到routes对应的规则: /system/manage/jui/image/ico.ico
>>>>>>>>>>[2020-12-07 09:52:38 mixed.end.log]
--------------------------------------------------------------------------------------------------------------------------
>>>>>>>>>>[2020-12-07 10:37:58 mixed.start.log]
指定了非法的平台: favicon.ico
>>>>>>>>>>[2020-12-07 10:37:58 mixed.end.log]
--------------------------------------------------------------------------------------------------------------------------
>>>>>>>>>>[2020-12-07 10:40:57 mixed.start.log]
指定了非法的平台: favicon.ico
>>>>>>>>>>[2020-12-07 10:40:57 mixed.end.log]
--------------------------------------------------------------------------------------------------------------------------
>>>>>>>>>>[2020-12-07 10:41:06 mixed.start.log]
指定了非法的平台: favicon.ico
>>>>>>>>>>[2020-12-07 10:41:06 mixed.end.log]
--------------------------------------------------------------------------------------------------------------------------
>>>>>>>>>>[2020-12-07 10:41:47 mixed.start.log]
指定了非法的平台: favicon.ico
>>>>>>>>>>[2020-12-07 10:41:47 mixed.end.log]
--------------------------------------------------------------------------------------------------------------------------
>>>>>>>>>>[2020-12-07 10:43:27 mixed.start.log]
指定了非法的平台: favicon.ico
>>>>>>>>>>[2020-12-07 10:43:27 mixed.end.log]
--------------------------------------------------------------------------------------------------------------------------
>>>>>>>>>>[2020-12-07 10:45:27 mixed.start.log]
指定了非法的平台: favicon.ico
>>>>>>>>>>[2020-12-07 10:45:27 mixed.end.log]
--------------------------------------------------------------------------------------------------------------------------
>>>>>>>>>>[2020-12-07 10:45:41 mixed.start.log]
指定了非法的平台: favicon.ico
>>>>>>>>>>[2020-12-07 10:45:41 mixed.end.log]
--------------------------------------------------------------------------------------------------------------------------
>>>>>>>>>>[2020-12-07 10:46:11 mixed.start.log]
指定了非法的平台: favicon.ico
>>>>>>>>>>[2020-12-07 10:46:11 mixed.end.log]
--------------------------------------------------------------------------------------------------------------------------
>>>>>>>>>>[2020-12-07 10:46:53 mixed.start.log]
指定了非法的平台: favicon.ico
>>>>>>>>>>[2020-12-07 10:46:53 mixed.end.log]
--------------------------------------------------------------------------------------------------------------------------
>>>>>>>>>>[2020-12-07 10:50:13 mixed.start.log]
指定了非法的平台: favicon.ico
>>>>>>>>>>[2020-12-07 10:50:13 mixed.end.log]
--------------------------------------------------------------------------------------------------------------------------
>>>>>>>>>>[2020-12-07 10:55:55 mixed.start.log]
指定了非法的平台: favicon.ico
>>>>>>>>>>[2020-12-07 10:55:55 mixed.end.log]
--------------------------------------------------------------------------------------------------------------------------
>>>>>>>>>>[2020-12-07 10:57:34 mixed.start.log]
指定了非法的平台: favicon.ico
>>>>>>>>>>[2020-12-07 10:57:34 mixed.end.log]
--------------------------------------------------------------------------------------------------------------------------
>>>>>>>>>>[2020-12-07 11:01:42 mixed.start.log]
指定了非法的平台: favicon.ico
>>>>>>>>>>[2020-12-07 11:01:42 mixed.end.log]
--------------------------------------------------------------------------------------------------------------------------
>>>>>>>>>>[2020-12-07 11:42:59 mixed.start.log]
指定了非法的平台: favicon.ico
>>>>>>>>>>[2020-12-07 11:42:59 mixed.end.log]
--------------------------------------------------------------------------------------------------------------------------
>>>>>>>>>>[2020-12-07 11:43:01 mixed.start.log]
指定了非法的平台: favicon.ico
>>>>>>>>>>[2020-12-07 11:43:01 mixed.end.log]
--------------------------------------------------------------------------------------------------------------------------
>>>>>>>>>>[2020-12-07 11:45:14 mixed.start.log]
指定了非法的平台: favicon.ico
>>>>>>>>>>[2020-12-07 11:45:14 mixed.end.log]
--------------------------------------------------------------------------------------------------------------------------
>>>>>>>>>>[2020-12-07 11:47:46 mixed.start.log]
指定了非法的平台: favicon.ico
>>>>>>>>>>[2020-12-07 11:47:46 mixed.end.log]
--------------------------------------------------------------------------------------------------------------------------
>>>>>>>>>>[2020-12-07 11:47:55 mixed.start.log]
指定了非法的平台: favicon.ico
>>>>>>>>>>[2020-12-07 11:47:55 mixed.end.log]
--------------------------------------------------------------------------------------------------------------------------
>>>>>>>>>>[2020-12-07 11:56:36 mixed.start.log]
匹配不到routes对应的规则: /system/manage/jui/image/ico.ico
>>>>>>>>>>[2020-12-07 11:56:36 mixed.end.log]
--------------------------------------------------------------------------------------------------------------------------
>>>>>>>>>>[2020-12-07 11:56:38 mixed.start.log]
匹配不到routes对应的规则: /system/img/arrow.png
>>>>>>>>>>[2020-12-07 11:56:38 mixed.end.log]
--------------------------------------------------------------------------------------------------------------------------
>>>>>>>>>>[2020-12-07 13:06:58 mixed.start.log]
错误码：0
出错行号：110
目标文件：/www/tb/core/frame/TB.class.php
错误信息：非法的操作: TB::order
追踪信息：
/www/tb/core/frame/Err.class.php [第32行]: Err->gothrowErr
/www/tb/core/frame/Err.class.php [第13行]: Err::magicCommon
/www/tb/core/frame/TB.class.php [第110行]: Err::__callStatic
/www/tb/core/frame/Err.class.php [第53行]: TB::{closure}
/www/tb/core/frame/Err.class.php [第36行]: Err->gotry
/www/tb/core/frame/Err.class.php [第13行]: Err::magicCommon
/www/tb/core/frame/TB.class.php [第112行]: Err::__callStatic
/www/tb/core/frame/TB.class.php [第73行]: TB::magicCommon
/www/tb/app/system/manage/service/DocService.class.php [第110行]: TB->__call
/www/tb/app/system/manage/controller/DocController.class.php [第182行]: system\manage\service\DocService->getmuluList
/www/tb/core/frame/App.class.php [第148行]: system\manage\controller\DocController->muluList
/www/tb/public/index.php [第11行]: App::run

>>>>>>>>>>[2020-12-07 13:06:58 mixed.end.log]
--------------------------------------------------------------------------------------------------------------------------
>>>>>>>>>>[2020-12-07 13:09:03 mixed.start.log]
错误码：0
出错行号：110
目标文件：/www/tb/core/frame/TB.class.php
错误信息：非法的操作: TB::order
追踪信息：
/www/tb/core/frame/Err.class.php [第32行]: Err->gothrowErr
/www/tb/core/frame/Err.class.php [第13行]: Err::magicCommon
/www/tb/core/frame/TB.class.php [第110行]: Err::__callStatic
/www/tb/core/frame/Err.class.php [第53行]: TB::{closure}
/www/tb/core/frame/Err.class.php [第36行]: Err->gotry
/www/tb/core/frame/Err.class.php [第13行]: Err::magicCommon
/www/tb/core/frame/TB.class.php [第112行]: Err::__callStatic
/www/tb/core/frame/TB.class.php [第73行]: TB::magicCommon
/www/tb/app/system/manage/service/DocService.class.php [第110行]: TB->__call
/www/tb/app/system/manage/controller/DocController.class.php [第182行]: system\manage\service\DocService->getmuluList
/www/tb/core/frame/App.class.php [第148行]: system\manage\controller\DocController->muluList
/www/tb/public/index.php [第11行]: App::run

>>>>>>>>>>[2020-12-07 13:09:03 mixed.end.log]
--------------------------------------------------------------------------------------------------------------------------
>>>>>>>>>>[2020-12-07 13:27:36 mixed.start.log]
匹配不到routes对应的规则: /system/manage/jui/image/ico.ico
>>>>>>>>>>[2020-12-07 13:27:36 mixed.end.log]
--------------------------------------------------------------------------------------------------------------------------
>>>>>>>>>>[2020-12-07 13:27:38 mixed.start.log]
匹配不到routes对应的规则: /system/manage/jui/image/ico.ico
>>>>>>>>>>[2020-12-07 13:27:38 mixed.end.log]
--------------------------------------------------------------------------------------------------------------------------
>>>>>>>>>>[2020-12-07 20:47:06 mixed.start.log]
指定了非法的平台: favicon.ico
>>>>>>>>>>[2020-12-07 20:47:06 mixed.end.log]
--------------------------------------------------------------------------------------------------------------------------
>>>>>>>>>>[2020-12-07 20:49:10 mixed.start.log]
指定了非法的平台: favicon.ico
>>>>>>>>>>[2020-12-07 20:49:10 mixed.end.log]
--------------------------------------------------------------------------------------------------------------------------
>>>>>>>>>>[2020-12-07 20:57:08 mixed.start.log]
指定了非法的平台: favicon.ico
>>>>>>>>>>[2020-12-07 20:57:08 mixed.end.log]
--------------------------------------------------------------------------------------------------------------------------
>>>>>>>>>>[2020-12-07 20:58:27 mixed.start.log]
指定了非法的平台: favicon.ico
>>>>>>>>>>[2020-12-07 20:58:27 mixed.end.log]
--------------------------------------------------------------------------------------------------------------------------
>>>>>>>>>>[2020-12-07 21:01:12 mixed.start.log]
指定了非法的平台: favicon.ico
>>>>>>>>>>[2020-12-07 21:01:12 mixed.end.log]
--------------------------------------------------------------------------------------------------------------------------
>>>>>>>>>>[2020-12-07 21:09:22 mixed.start.log]
指定了非法的平台: favicon.ico
>>>>>>>>>>[2020-12-07 21:09:22 mixed.end.log]
--------------------------------------------------------------------------------------------------------------------------
