>>>>>>>>>>[2020-12-11 09:13:33 mixed.start.log]
匹配不到routes对应的规则: /system/manage/jui/image/ico.ico
>>>>>>>>>>[2020-12-11 09:13:33 mixed.end.log]
--------------------------------------------------------------------------------------------------------------------------
>>>>>>>>>>[2020-12-11 11:58:29 mixed.start.log]
指定了非法的平台: favicon.ico
>>>>>>>>>>[2020-12-11 11:58:29 mixed.end.log]
--------------------------------------------------------------------------------------------------------------------------
>>>>>>>>>>[2020-12-11 11:58:46 mixed.start.log]
指定了非法的平台: favicon.ico
>>>>>>>>>>[2020-12-11 11:58:46 mixed.end.log]
--------------------------------------------------------------------------------------------------------------------------
>>>>>>>>>>[2020-12-11 11:59:00 mixed.start.log]
匹配不到routes对应的规则: /system/manage/jui/image/ico.ico
>>>>>>>>>>[2020-12-11 11:59:00 mixed.end.log]
--------------------------------------------------------------------------------------------------------------------------
>>>>>>>>>>[2020-12-11 11:59:11 mixed.start.log]
匹配不到routes对应的规则: /system/manage/jui/image/ico.ico
>>>>>>>>>>[2020-12-11 11:59:11 mixed.end.log]
--------------------------------------------------------------------------------------------------------------------------
>>>>>>>>>>[2020-12-11 11:59:12 mixed.start.log]
匹配不到routes对应的规则: /system/manage/jui/image/ico.ico
>>>>>>>>>>[2020-12-11 11:59:12 mixed.end.log]
--------------------------------------------------------------------------------------------------------------------------
>>>>>>>>>>[2020-12-11 11:59:30 mixed.start.log]
指定了非法的平台: favicon.ico
>>>>>>>>>>[2020-12-11 11:59:30 mixed.end.log]
--------------------------------------------------------------------------------------------------------------------------
>>>>>>>>>>[2020-12-11 11:59:51 mixed.start.log]
匹配不到routes对应的规则: /system/manage/jui/image/ico.ico
>>>>>>>>>>[2020-12-11 11:59:51 mixed.end.log]
--------------------------------------------------------------------------------------------------------------------------
>>>>>>>>>>[2020-12-11 12:00:45 mixed.start.log]
指定了非法的平台: favicon.ico
>>>>>>>>>>[2020-12-11 12:00:45 mixed.end.log]
--------------------------------------------------------------------------------------------------------------------------
>>>>>>>>>>[2020-12-11 12:01:00 mixed.start.log]
匹配不到routes对应的规则: /system/manage/jui/image/ico.ico
>>>>>>>>>>[2020-12-11 12:01:00 mixed.end.log]
--------------------------------------------------------------------------------------------------------------------------
>>>>>>>>>>[2020-12-11 12:02:25 mixed.start.log]
匹配不到routes对应的规则: /system/manage/jui/image/ico.ico
>>>>>>>>>>[2020-12-11 12:02:25 mixed.end.log]
--------------------------------------------------------------------------------------------------------------------------
>>>>>>>>>>[2020-12-11 12:03:00 mixed.start.log]
匹配不到routes对应的规则: /system/manage/jui/image/ico.ico
>>>>>>>>>>[2020-12-11 12:03:00 mixed.end.log]
--------------------------------------------------------------------------------------------------------------------------
>>>>>>>>>>[2020-12-11 12:04:00 mixed.start.log]
匹配不到routes对应的规则: /system/manage/jui/image/ico.ico
>>>>>>>>>>[2020-12-11 12:04:00 mixed.end.log]
--------------------------------------------------------------------------------------------------------------------------
>>>>>>>>>>[2020-12-11 12:05:47 mixed.start.log]
匹配不到routes对应的规则: /system/manage/jui/image/ico.ico
>>>>>>>>>>[2020-12-11 12:05:47 mixed.end.log]
--------------------------------------------------------------------------------------------------------------------------
>>>>>>>>>>[2020-12-11 12:05:49 mixed.start.log]
匹配不到routes对应的规则: /system/manage/jui/image/ico.ico
>>>>>>>>>>[2020-12-11 12:05:49 mixed.end.log]
--------------------------------------------------------------------------------------------------------------------------
>>>>>>>>>>[2020-12-11 12:05:54 mixed.start.log]
匹配不到routes对应的规则: /system/manage/jui/image/ico.ico
>>>>>>>>>>[2020-12-11 12:05:54 mixed.end.log]
--------------------------------------------------------------------------------------------------------------------------
>>>>>>>>>>[2020-12-11 13:33:41 mixed.start.log]
指定了非法的平台: favicon.ico
>>>>>>>>>>[2020-12-11 13:33:41 mixed.end.log]
--------------------------------------------------------------------------------------------------------------------------
>>>>>>>>>>[2020-12-11 13:34:25 mixed.start.log]
匹配不到routes对应的规则: /system/manage/jui/image/ico.ico
>>>>>>>>>>[2020-12-11 13:34:25 mixed.end.log]
--------------------------------------------------------------------------------------------------------------------------
>>>>>>>>>>[2020-12-11 13:41:48 mixed.start.log]
匹配不到routes对应的规则: /system/manage/jui/image/ico.ico
>>>>>>>>>>[2020-12-11 13:41:48 mixed.end.log]
--------------------------------------------------------------------------------------------------------------------------
>>>>>>>>>>[2020-12-11 13:41:49 mixed.start.log]
匹配不到routes对应的规则: /system/manage/jui/image/ico.ico
>>>>>>>>>>[2020-12-11 13:41:49 mixed.end.log]
--------------------------------------------------------------------------------------------------------------------------
>>>>>>>>>>[2020-12-11 13:41:53 mixed.start.log]
匹配不到routes对应的规则: /system/manage/jui/image/ico.ico
>>>>>>>>>>[2020-12-11 13:41:53 mixed.end.log]
--------------------------------------------------------------------------------------------------------------------------
>>>>>>>>>>[2020-12-11 13:42:51 mixed.start.log]
匹配不到routes对应的规则: /system/manage/jui/image/ico.ico
>>>>>>>>>>[2020-12-11 13:42:51 mixed.end.log]
--------------------------------------------------------------------------------------------------------------------------
>>>>>>>>>>[2020-12-11 13:42:53 mixed.start.log]
匹配不到routes对应的规则: /system/manage/jui/image/ico.ico
>>>>>>>>>>[2020-12-11 13:42:53 mixed.end.log]
--------------------------------------------------------------------------------------------------------------------------
>>>>>>>>>>[2020-12-11 13:42:55 mixed.start.log]
匹配不到routes对应的规则: /system/manage/jui/image/ico.ico
>>>>>>>>>>[2020-12-11 13:42:55 mixed.end.log]
--------------------------------------------------------------------------------------------------------------------------
>>>>>>>>>>[2020-12-11 13:42:55 mixed.start.log]
匹配不到routes对应的规则: /system/manage/jui/image/ico.ico
>>>>>>>>>>[2020-12-11 13:42:55 mixed.end.log]
--------------------------------------------------------------------------------------------------------------------------
>>>>>>>>>>[2020-12-11 13:42:56 mixed.start.log]
匹配不到routes对应的规则: /system/manage/jui/image/ico.ico
>>>>>>>>>>[2020-12-11 13:42:56 mixed.end.log]
--------------------------------------------------------------------------------------------------------------------------
>>>>>>>>>>[2020-12-11 13:43:11 mixed.start.log]
匹配不到routes对应的规则: /system/manage/jui/image/ico.ico
>>>>>>>>>>[2020-12-11 13:43:11 mixed.end.log]
--------------------------------------------------------------------------------------------------------------------------
>>>>>>>>>>[2020-12-11 13:43:11 mixed.start.log]
匹配不到routes对应的规则: /system/manage/jui/image/ico.ico
>>>>>>>>>>[2020-12-11 13:43:11 mixed.end.log]
--------------------------------------------------------------------------------------------------------------------------
>>>>>>>>>>[2020-12-11 13:43:23 mixed.start.log]
匹配不到routes对应的规则: /system/manage/jui/image/ico.ico
>>>>>>>>>>[2020-12-11 13:43:23 mixed.end.log]
--------------------------------------------------------------------------------------------------------------------------
>>>>>>>>>>[2020-12-11 13:43:27 mixed.start.log]
匹配不到routes对应的规则: /system/manage/jui/image/ico.ico
>>>>>>>>>>[2020-12-11 13:43:27 mixed.end.log]
--------------------------------------------------------------------------------------------------------------------------
>>>>>>>>>>[2020-12-11 13:43:29 mixed.start.log]
匹配不到routes对应的规则: /system/manage/jui/image/ico.ico
>>>>>>>>>>[2020-12-11 13:43:29 mixed.end.log]
--------------------------------------------------------------------------------------------------------------------------
>>>>>>>>>>[2020-12-11 13:50:46 mixed.start.log]
匹配不到routes对应的规则: /system/manage/jui/image/ico.ico
>>>>>>>>>>[2020-12-11 13:50:46 mixed.end.log]
--------------------------------------------------------------------------------------------------------------------------
>>>>>>>>>>[2020-12-11 14:09:36 mixed.start.log]
匹配不到routes对应的规则: /system/manage/jui/image/ico.ico
>>>>>>>>>>[2020-12-11 14:09:36 mixed.end.log]
--------------------------------------------------------------------------------------------------------------------------
>>>>>>>>>>[2020-12-11 14:27:34 mixed.start.log]
匹配不到routes对应的规则: /system/manage/jui/image/ico.ico
>>>>>>>>>>[2020-12-11 14:27:34 mixed.end.log]
--------------------------------------------------------------------------------------------------------------------------
>>>>>>>>>>[2020-12-11 14:28:06 mixed.start.log]
匹配不到routes对应的规则: /system/manage/jui/image/ico.ico
>>>>>>>>>>[2020-12-11 14:28:06 mixed.end.log]
--------------------------------------------------------------------------------------------------------------------------
>>>>>>>>>>[2020-12-11 14:28:48 mixed.start.log]
匹配不到routes对应的规则: /system/manage/jui/image/ico.ico
>>>>>>>>>>[2020-12-11 14:28:48 mixed.end.log]
--------------------------------------------------------------------------------------------------------------------------
>>>>>>>>>>[2020-12-11 14:29:45 mixed.start.log]
指定了非法的平台: favicon.ico
>>>>>>>>>>[2020-12-11 14:29:45 mixed.end.log]
--------------------------------------------------------------------------------------------------------------------------
>>>>>>>>>>[2020-12-11 14:31:09 mixed.start.log]
指定了非法的平台: favicon.ico
>>>>>>>>>>[2020-12-11 14:31:09 mixed.end.log]
--------------------------------------------------------------------------------------------------------------------------
>>>>>>>>>>[2020-12-11 14:31:24 mixed.start.log]
指定了非法的平台: favicon.ico
>>>>>>>>>>[2020-12-11 14:31:24 mixed.end.log]
--------------------------------------------------------------------------------------------------------------------------
>>>>>>>>>>[2020-12-11 14:31:53 mixed.start.log]
指定了非法的平台: favicon.ico
>>>>>>>>>>[2020-12-11 14:31:53 mixed.end.log]
--------------------------------------------------------------------------------------------------------------------------
>>>>>>>>>>[2020-12-11 14:31:59 mixed.start.log]
匹配不到routes对应的规则: /system/manage/jui/image/ico.ico
>>>>>>>>>>[2020-12-11 14:31:59 mixed.end.log]
--------------------------------------------------------------------------------------------------------------------------
>>>>>>>>>>[2020-12-11 14:33:49 mixed.start.log]
匹配不到routes对应的规则: /system/manage/jui/image/ico.ico
>>>>>>>>>>[2020-12-11 14:33:49 mixed.end.log]
--------------------------------------------------------------------------------------------------------------------------
>>>>>>>>>>[2020-12-11 14:34:06 mixed.start.log]
匹配不到routes对应的规则: /system/manage/jui/image/ico.ico
>>>>>>>>>>[2020-12-11 14:34:06 mixed.end.log]
--------------------------------------------------------------------------------------------------------------------------
>>>>>>>>>>[2020-12-11 15:02:19 mixed.start.log]
匹配不到routes对应的规则: /system/manage/jui/image/ico.ico
>>>>>>>>>>[2020-12-11 15:02:19 mixed.end.log]
--------------------------------------------------------------------------------------------------------------------------
>>>>>>>>>>[2020-12-11 15:02:49 mixed.start.log]
匹配不到routes对应的规则: /system/manage/jui/image/ico.ico
>>>>>>>>>>[2020-12-11 15:02:49 mixed.end.log]
--------------------------------------------------------------------------------------------------------------------------
>>>>>>>>>>[2020-12-11 15:03:02 mixed.start.log]
匹配不到routes对应的规则: /system/manage/jui/image/ico.ico
>>>>>>>>>>[2020-12-11 15:03:02 mixed.end.log]
--------------------------------------------------------------------------------------------------------------------------
>>>>>>>>>>[2020-12-11 15:03:17 mixed.start.log]
匹配不到routes对应的规则: /system/manage/jui/image/ico.ico
>>>>>>>>>>[2020-12-11 15:03:17 mixed.end.log]
--------------------------------------------------------------------------------------------------------------------------
>>>>>>>>>>[2020-12-11 15:03:29 mixed.start.log]
匹配不到routes对应的规则: /system/manage/jui/image/ico.ico
>>>>>>>>>>[2020-12-11 15:03:29 mixed.end.log]
--------------------------------------------------------------------------------------------------------------------------
>>>>>>>>>>[2020-12-11 15:03:42 mixed.start.log]
匹配不到routes对应的规则: /system/manage/jui/image/ico.ico
>>>>>>>>>>[2020-12-11 15:03:42 mixed.end.log]
--------------------------------------------------------------------------------------------------------------------------
>>>>>>>>>>[2020-12-11 15:08:21 mixed.start.log]
匹配不到routes对应的规则: /system/manage/jui/image/ico.ico
>>>>>>>>>>[2020-12-11 15:08:21 mixed.end.log]
--------------------------------------------------------------------------------------------------------------------------
>>>>>>>>>>[2020-12-11 15:08:23 mixed.start.log]
匹配不到routes对应的规则: /system/manage/jui/image/ico.ico
>>>>>>>>>>[2020-12-11 15:08:23 mixed.end.log]
--------------------------------------------------------------------------------------------------------------------------
>>>>>>>>>>[2020-12-11 15:11:09 mixed.start.log]
匹配不到routes对应的规则: /system/manage/jui/image/ico.ico
>>>>>>>>>>[2020-12-11 15:11:09 mixed.end.log]
--------------------------------------------------------------------------------------------------------------------------
>>>>>>>>>>[2020-12-11 15:21:33 mixed.start.log]
匹配不到routes对应的规则: /system/manage/jui/image/ico.ico
>>>>>>>>>>[2020-12-11 15:21:33 mixed.end.log]
--------------------------------------------------------------------------------------------------------------------------
>>>>>>>>>>[2020-12-11 15:47:45 mixed.start.log]
匹配不到routes对应的规则: /system/manage/jui/image/ico.ico
>>>>>>>>>>[2020-12-11 15:47:45 mixed.end.log]
--------------------------------------------------------------------------------------------------------------------------
>>>>>>>>>>[2020-12-11 16:14:30 mixed.start.log]
指定了非法的平台: favicon.ico
>>>>>>>>>>[2020-12-11 16:14:30 mixed.end.log]
--------------------------------------------------------------------------------------------------------------------------
>>>>>>>>>>[2020-12-11 16:14:42 mixed.start.log]
匹配不到routes对应的规则: /system/manage/jui/image/ico.ico
>>>>>>>>>>[2020-12-11 16:14:42 mixed.end.log]
--------------------------------------------------------------------------------------------------------------------------
>>>>>>>>>>[2020-12-11 16:14:43 mixed.start.log]
匹配不到routes对应的规则: /system/manage/jui/image/ico.ico
>>>>>>>>>>[2020-12-11 16:14:43 mixed.end.log]
--------------------------------------------------------------------------------------------------------------------------
>>>>>>>>>>[2020-12-11 16:15:17 mixed.start.log]
指定了非法的平台: favicon.ico
>>>>>>>>>>[2020-12-11 16:15:17 mixed.end.log]
--------------------------------------------------------------------------------------------------------------------------
>>>>>>>>>>[2020-12-11 16:15:21 mixed.start.log]
匹配不到routes对应的规则: /system/manage/jui/image/ico.ico
>>>>>>>>>>[2020-12-11 16:15:21 mixed.end.log]
--------------------------------------------------------------------------------------------------------------------------
>>>>>>>>>>[2020-12-11 16:15:46 mixed.start.log]
指定了非法的平台: favicon.ico
>>>>>>>>>>[2020-12-11 16:15:46 mixed.end.log]
--------------------------------------------------------------------------------------------------------------------------
>>>>>>>>>>[2020-12-11 16:16:17 mixed.start.log]
指定了非法的平台: favicon.ico
>>>>>>>>>>[2020-12-11 16:16:17 mixed.end.log]
--------------------------------------------------------------------------------------------------------------------------
>>>>>>>>>>[2020-12-11 16:17:25 mixed.start.log]
指定了非法的平台: favicon.ico
>>>>>>>>>>[2020-12-11 16:17:25 mixed.end.log]
--------------------------------------------------------------------------------------------------------------------------
>>>>>>>>>>[2020-12-11 16:18:22 mixed.start.log]
指定了非法的平台: favicon.ico
>>>>>>>>>>[2020-12-11 16:18:22 mixed.end.log]
--------------------------------------------------------------------------------------------------------------------------
>>>>>>>>>>[2020-12-11 16:20:49 mixed.start.log]
指定了非法的平台: favicon.ico
>>>>>>>>>>[2020-12-11 16:20:49 mixed.end.log]
--------------------------------------------------------------------------------------------------------------------------
>>>>>>>>>>[2020-12-11 16:24:52 mixed.start.log]
匹配不到routes对应的规则: /system/manage/jui/image/ico.ico
>>>>>>>>>>[2020-12-11 16:24:52 mixed.end.log]
--------------------------------------------------------------------------------------------------------------------------
>>>>>>>>>>[2020-12-11 16:31:40 mixed.start.log]
匹配不到routes对应的规则: /system/manage/jui/image/ico.ico
>>>>>>>>>>[2020-12-11 16:31:40 mixed.end.log]
--------------------------------------------------------------------------------------------------------------------------
>>>>>>>>>>[2020-12-11 16:31:50 mixed.start.log]
匹配不到routes对应的规则: /system/manage/jui/image/ico.ico
>>>>>>>>>>[2020-12-11 16:31:50 mixed.end.log]
--------------------------------------------------------------------------------------------------------------------------
>>>>>>>>>>[2020-12-11 16:35:32 mixed.start.log]
匹配不到routes对应的规则: /system/manage/jui/image/ico.ico
>>>>>>>>>>[2020-12-11 16:35:32 mixed.end.log]
--------------------------------------------------------------------------------------------------------------------------
>>>>>>>>>>[2020-12-11 16:36:47 mixed.start.log]
指定了非法的平台: favicon.ico
>>>>>>>>>>[2020-12-11 16:36:47 mixed.end.log]
--------------------------------------------------------------------------------------------------------------------------
>>>>>>>>>>[2020-12-11 16:38:42 mixed.start.log]
匹配不到routes对应的规则: /system/manage/jui/image/ico.ico
>>>>>>>>>>[2020-12-11 16:38:42 mixed.end.log]
--------------------------------------------------------------------------------------------------------------------------
>>>>>>>>>>[2020-12-11 16:40:01 mixed.start.log]
匹配不到routes对应的规则: /system/manage/jui/image/ico.ico
>>>>>>>>>>[2020-12-11 16:40:01 mixed.end.log]
--------------------------------------------------------------------------------------------------------------------------
>>>>>>>>>>[2020-12-11 16:41:07 mixed.start.log]
匹配不到routes对应的规则: /system/manage/jui/image/ico.ico
>>>>>>>>>>[2020-12-11 16:41:07 mixed.end.log]
--------------------------------------------------------------------------------------------------------------------------
>>>>>>>>>>[2020-12-11 16:41:14 mixed.start.log]
匹配不到routes对应的规则: /system/manage/jui/image/ico.ico
>>>>>>>>>>[2020-12-11 16:41:14 mixed.end.log]
--------------------------------------------------------------------------------------------------------------------------
>>>>>>>>>>[2020-12-11 16:42:23 mixed.start.log]
匹配不到routes对应的规则: /system/manage/jui/image/ico.ico
>>>>>>>>>>[2020-12-11 16:42:23 mixed.end.log]
--------------------------------------------------------------------------------------------------------------------------
>>>>>>>>>>[2020-12-11 16:42:34 mixed.start.log]
匹配不到routes对应的规则: /system/manage/jui/image/ico.ico
>>>>>>>>>>[2020-12-11 16:42:34 mixed.end.log]
--------------------------------------------------------------------------------------------------------------------------
>>>>>>>>>>[2020-12-11 16:43:02 mixed.start.log]
匹配不到routes对应的规则: /system/manage/jui/image/ico.ico
>>>>>>>>>>[2020-12-11 16:43:02 mixed.end.log]
--------------------------------------------------------------------------------------------------------------------------
>>>>>>>>>>[2020-12-11 16:45:07 mixed.start.log]
匹配不到routes对应的规则: /system/manage/jui/image/ico.ico
>>>>>>>>>>[2020-12-11 16:45:07 mixed.end.log]
--------------------------------------------------------------------------------------------------------------------------
>>>>>>>>>>[2020-12-11 16:45:33 mixed.start.log]
匹配不到routes对应的规则: /system/manage/jui/image/ico.ico
>>>>>>>>>>[2020-12-11 16:45:33 mixed.end.log]
--------------------------------------------------------------------------------------------------------------------------
>>>>>>>>>>[2020-12-11 16:49:22 mixed.start.log]
匹配不到routes对应的规则: /system/manage/jui/image/ico.ico
>>>>>>>>>>[2020-12-11 16:49:22 mixed.end.log]
--------------------------------------------------------------------------------------------------------------------------
>>>>>>>>>>[2020-12-11 16:49:42 mixed.start.log]
匹配不到routes对应的规则: /system/manage/jui/image/ico.ico
>>>>>>>>>>[2020-12-11 16:49:42 mixed.end.log]
--------------------------------------------------------------------------------------------------------------------------
>>>>>>>>>>[2020-12-11 16:52:56 mixed.start.log]
匹配不到routes对应的规则: /system/manage/jui/image/ico.ico
>>>>>>>>>>[2020-12-11 16:52:56 mixed.end.log]
--------------------------------------------------------------------------------------------------------------------------
>>>>>>>>>>[2020-12-11 16:54:39 mixed.start.log]
文件不存在：; className: Smarty_Internal_Compile_Literalclose
>>>>>>>>>>[2020-12-11 16:54:39 mixed.end.log]
--------------------------------------------------------------------------------------------------------------------------
>>>>>>>>>>[2020-12-11 16:54:39 mixed.start.log]
指定了非法的平台: favicon.ico
>>>>>>>>>>[2020-12-11 16:54:39 mixed.end.log]
--------------------------------------------------------------------------------------------------------------------------
>>>>>>>>>>[2020-12-11 16:54:42 mixed.start.log]
匹配不到routes对应的规则: /system/manage/jui/image/ico.ico
>>>>>>>>>>[2020-12-11 16:54:42 mixed.end.log]
--------------------------------------------------------------------------------------------------------------------------
>>>>>>>>>>[2020-12-11 16:54:49 mixed.start.log]
匹配不到routes对应的规则: /system/manage/jui/image/ico.ico
>>>>>>>>>>[2020-12-11 16:54:49 mixed.end.log]
--------------------------------------------------------------------------------------------------------------------------
>>>>>>>>>>[2020-12-11 16:54:50 mixed.start.log]
匹配不到routes对应的规则: /system/manage/jui/image/ico.ico
>>>>>>>>>>[2020-12-11 16:54:50 mixed.end.log]
--------------------------------------------------------------------------------------------------------------------------
>>>>>>>>>>[2020-12-11 16:55:39 mixed.start.log]
匹配不到routes对应的规则: /system/manage/jui/image/ico.ico
>>>>>>>>>>[2020-12-11 16:55:39 mixed.end.log]
--------------------------------------------------------------------------------------------------------------------------
>>>>>>>>>>[2020-12-11 16:55:41 mixed.start.log]
匹配不到routes对应的规则: /system/manage/jui/image/ico.ico
>>>>>>>>>>[2020-12-11 16:55:41 mixed.end.log]
--------------------------------------------------------------------------------------------------------------------------
>>>>>>>>>>[2020-12-11 16:55:47 mixed.start.log]
匹配不到routes对应的规则: /system/manage/jui/image/ico.ico
>>>>>>>>>>[2020-12-11 16:55:47 mixed.end.log]
--------------------------------------------------------------------------------------------------------------------------
>>>>>>>>>>[2020-12-11 16:55:48 mixed.start.log]
匹配不到routes对应的规则: /system/manage/jui/image/ico.ico
>>>>>>>>>>[2020-12-11 16:55:48 mixed.end.log]
--------------------------------------------------------------------------------------------------------------------------
>>>>>>>>>>[2020-12-11 16:55:49 mixed.start.log]
匹配不到routes对应的规则: /system/manage/jui/image/ico.ico
>>>>>>>>>>[2020-12-11 16:55:49 mixed.end.log]
--------------------------------------------------------------------------------------------------------------------------
>>>>>>>>>>[2020-12-11 16:55:49 mixed.start.log]
匹配不到routes对应的规则: /system/manage/jui/image/ico.ico
>>>>>>>>>>[2020-12-11 16:55:49 mixed.end.log]
--------------------------------------------------------------------------------------------------------------------------
>>>>>>>>>>[2020-12-11 16:56:02 mixed.start.log]
匹配不到routes对应的规则: /system/manage/jui/image/ico.ico
>>>>>>>>>>[2020-12-11 16:56:02 mixed.end.log]
--------------------------------------------------------------------------------------------------------------------------
>>>>>>>>>>[2020-12-11 16:56:09 mixed.start.log]
匹配不到routes对应的规则: /system/manage/jui/image/ico.ico
>>>>>>>>>>[2020-12-11 16:56:09 mixed.end.log]
--------------------------------------------------------------------------------------------------------------------------
>>>>>>>>>>[2020-12-11 16:56:22 mixed.start.log]
匹配不到routes对应的规则: /system/manage/jui/image/ico.ico
>>>>>>>>>>[2020-12-11 16:56:22 mixed.end.log]
--------------------------------------------------------------------------------------------------------------------------
>>>>>>>>>>[2020-12-11 16:56:49 mixed.start.log]
匹配不到routes对应的规则: /system/manage/jui/image/ico.ico
>>>>>>>>>>[2020-12-11 16:56:49 mixed.end.log]
--------------------------------------------------------------------------------------------------------------------------
>>>>>>>>>>[2020-12-11 17:00:29 mixed.start.log]
匹配不到routes对应的规则: /system/manage/jui/image/ico.ico
>>>>>>>>>>[2020-12-11 17:00:29 mixed.end.log]
--------------------------------------------------------------------------------------------------------------------------
>>>>>>>>>>[2020-12-11 17:02:19 mixed.start.log]
指定了非法的平台: favicon.ico
>>>>>>>>>>[2020-12-11 17:02:19 mixed.end.log]
--------------------------------------------------------------------------------------------------------------------------
>>>>>>>>>>[2020-12-11 17:02:37 mixed.start.log]
匹配不到routes对应的规则: /system/manage/jui/image/ico.ico
>>>>>>>>>>[2020-12-11 17:02:37 mixed.end.log]
--------------------------------------------------------------------------------------------------------------------------
>>>>>>>>>>[2020-12-11 17:03:02 mixed.start.log]
匹配不到routes对应的规则: /system/manage/jui/image/ico.ico
>>>>>>>>>>[2020-12-11 17:03:02 mixed.end.log]
--------------------------------------------------------------------------------------------------------------------------
>>>>>>>>>>[2020-12-11 17:03:03 mixed.start.log]
匹配不到routes对应的规则: /system/manage/jui/image/ico.ico
>>>>>>>>>>[2020-12-11 17:03:03 mixed.end.log]
--------------------------------------------------------------------------------------------------------------------------
>>>>>>>>>>[2020-12-11 17:03:29 mixed.start.log]
匹配不到routes对应的规则: /system/manage/jui/image/ico.ico
>>>>>>>>>>[2020-12-11 17:03:29 mixed.end.log]
--------------------------------------------------------------------------------------------------------------------------
>>>>>>>>>>[2020-12-11 17:04:10 mixed.start.log]
匹配不到routes对应的规则: /system/manage/jui/image/ico.ico
>>>>>>>>>>[2020-12-11 17:04:10 mixed.end.log]
--------------------------------------------------------------------------------------------------------------------------
>>>>>>>>>>[2020-12-11 17:04:33 mixed.start.log]
匹配不到routes对应的规则: /system/manage/jui/image/ico.ico
>>>>>>>>>>[2020-12-11 17:04:33 mixed.end.log]
--------------------------------------------------------------------------------------------------------------------------
>>>>>>>>>>[2020-12-11 17:04:36 mixed.start.log]
匹配不到routes对应的规则: /system/manage/jui/image/ico.ico
>>>>>>>>>>[2020-12-11 17:04:36 mixed.end.log]
--------------------------------------------------------------------------------------------------------------------------
>>>>>>>>>>[2020-12-11 17:05:14 mixed.start.log]
匹配不到routes对应的规则: /system/manage/jui/image/ico.ico
>>>>>>>>>>[2020-12-11 17:05:14 mixed.end.log]
--------------------------------------------------------------------------------------------------------------------------
>>>>>>>>>>[2020-12-11 17:05:16 mixed.start.log]
匹配不到routes对应的规则: /system/manage/jui/image/ico.ico
>>>>>>>>>>[2020-12-11 17:05:16 mixed.end.log]
--------------------------------------------------------------------------------------------------------------------------
>>>>>>>>>>[2020-12-11 17:05:41 mixed.start.log]
匹配不到routes对应的规则: /system/manage/jui/image/ico.ico
>>>>>>>>>>[2020-12-11 17:05:41 mixed.end.log]
--------------------------------------------------------------------------------------------------------------------------
>>>>>>>>>>[2020-12-11 17:06:55 mixed.start.log]
匹配不到routes对应的规则: /system/manage/jui/image/ico.ico
>>>>>>>>>>[2020-12-11 17:06:55 mixed.end.log]
--------------------------------------------------------------------------------------------------------------------------
>>>>>>>>>>[2020-12-11 17:07:05 mixed.start.log]
匹配不到routes对应的规则: /system/manage/jui/image/ico.ico
>>>>>>>>>>[2020-12-11 17:07:05 mixed.end.log]
--------------------------------------------------------------------------------------------------------------------------
>>>>>>>>>>[2020-12-11 17:07:37 mixed.start.log]
匹配不到routes对应的规则: /system/manage/jui/image/ico.ico
>>>>>>>>>>[2020-12-11 17:07:37 mixed.end.log]
--------------------------------------------------------------------------------------------------------------------------
>>>>>>>>>>[2020-12-11 17:08:32 mixed.start.log]
匹配不到routes对应的规则: /system/manage/jui/image/ico.ico
>>>>>>>>>>[2020-12-11 17:08:32 mixed.end.log]
--------------------------------------------------------------------------------------------------------------------------
>>>>>>>>>>[2020-12-11 17:09:08 mixed.start.log]
匹配不到routes对应的规则: /system/manage/jui/image/ico.ico
>>>>>>>>>>[2020-12-11 17:09:08 mixed.end.log]
--------------------------------------------------------------------------------------------------------------------------
>>>>>>>>>>[2020-12-11 17:10:28 mixed.start.log]
匹配不到routes对应的规则: /system/manage/jui/image/ico.ico
>>>>>>>>>>[2020-12-11 17:10:28 mixed.end.log]
--------------------------------------------------------------------------------------------------------------------------
>>>>>>>>>>[2020-12-11 17:10:30 mixed.start.log]
匹配不到routes对应的规则: /system/manage/jui/image/ico.ico
>>>>>>>>>>[2020-12-11 17:10:30 mixed.end.log]
--------------------------------------------------------------------------------------------------------------------------
>>>>>>>>>>[2020-12-11 17:10:47 mixed.start.log]
匹配不到routes对应的规则: /system/manage/jui/image/ico.ico
>>>>>>>>>>[2020-12-11 17:10:47 mixed.end.log]
--------------------------------------------------------------------------------------------------------------------------
>>>>>>>>>>[2020-12-11 17:12:01 mixed.start.log]
匹配不到routes对应的规则: /system/manage/jui/image/ico.ico
>>>>>>>>>>[2020-12-11 17:12:01 mixed.end.log]
--------------------------------------------------------------------------------------------------------------------------
>>>>>>>>>>[2020-12-11 17:12:35 mixed.start.log]
匹配不到routes对应的规则: /system/manage/jui/image/ico.ico
>>>>>>>>>>[2020-12-11 17:12:35 mixed.end.log]
--------------------------------------------------------------------------------------------------------------------------
>>>>>>>>>>[2020-12-11 17:17:21 mixed.start.log]
匹配不到routes对应的规则: /system/manage/jui/image/ico.ico
>>>>>>>>>>[2020-12-11 17:17:21 mixed.end.log]
--------------------------------------------------------------------------------------------------------------------------
>>>>>>>>>>[2020-12-11 17:17:34 mixed.start.log]
匹配不到routes对应的规则: /system/manage/jui/image/ico.ico
>>>>>>>>>>[2020-12-11 17:17:34 mixed.end.log]
--------------------------------------------------------------------------------------------------------------------------
>>>>>>>>>>[2020-12-11 17:17:36 mixed.start.log]
匹配不到routes对应的规则: /system/manage/jui/image/ico.ico
>>>>>>>>>>[2020-12-11 17:17:36 mixed.end.log]
--------------------------------------------------------------------------------------------------------------------------
>>>>>>>>>>[2020-12-11 17:24:29 mixed.start.log]
匹配不到routes对应的规则: /system/manage/jui/image/ico.ico
>>>>>>>>>>[2020-12-11 17:24:29 mixed.end.log]
--------------------------------------------------------------------------------------------------------------------------
>>>>>>>>>>[2020-12-11 17:25:05 mixed.start.log]
匹配不到routes对应的规则: /system/manage/jui/image/ico.ico
>>>>>>>>>>[2020-12-11 17:25:05 mixed.end.log]
--------------------------------------------------------------------------------------------------------------------------
>>>>>>>>>>[2020-12-11 17:25:31 mixed.start.log]
匹配不到routes对应的规则: /system/manage/jui/image/ico.ico
>>>>>>>>>>[2020-12-11 17:25:31 mixed.end.log]
--------------------------------------------------------------------------------------------------------------------------
>>>>>>>>>>[2020-12-11 17:25:55 mixed.start.log]
匹配不到routes对应的规则: /system/manage/jui/image/ico.ico
>>>>>>>>>>[2020-12-11 17:25:55 mixed.end.log]
--------------------------------------------------------------------------------------------------------------------------
>>>>>>>>>>[2020-12-11 17:27:23 mixed.start.log]
匹配不到routes对应的规则: /system/manage/jui/image/ico.ico
>>>>>>>>>>[2020-12-11 17:27:23 mixed.end.log]
--------------------------------------------------------------------------------------------------------------------------
>>>>>>>>>>[2020-12-11 17:27:57 mixed.start.log]
匹配不到routes对应的规则: /system/manage/jui/image/ico.ico
>>>>>>>>>>[2020-12-11 17:27:57 mixed.end.log]
--------------------------------------------------------------------------------------------------------------------------
>>>>>>>>>>[2020-12-11 17:28:37 mixed.start.log]
匹配不到routes对应的规则: /system/manage/jui/image/ico.ico
>>>>>>>>>>[2020-12-11 17:28:37 mixed.end.log]
--------------------------------------------------------------------------------------------------------------------------
>>>>>>>>>>[2020-12-11 17:32:07 mixed.start.log]
匹配不到routes对应的规则: /system/manage/jui/image/ico.ico
>>>>>>>>>>[2020-12-11 17:32:07 mixed.end.log]
--------------------------------------------------------------------------------------------------------------------------
>>>>>>>>>>[2020-12-11 17:32:56 mixed.start.log]
匹配不到routes对应的规则: /system/manage/jui/image/ico.ico
>>>>>>>>>>[2020-12-11 17:32:56 mixed.end.log]
--------------------------------------------------------------------------------------------------------------------------
>>>>>>>>>>[2020-12-11 17:33:15 mixed.start.log]
匹配不到routes对应的规则: /system/manage/jui/image/ico.ico
>>>>>>>>>>[2020-12-11 17:33:15 mixed.end.log]
--------------------------------------------------------------------------------------------------------------------------
>>>>>>>>>>[2020-12-11 18:04:20 mixed.start.log]
匹配不到routes对应的规则: /system/manage/jui/image/ico.ico
>>>>>>>>>>[2020-12-11 18:04:20 mixed.end.log]
--------------------------------------------------------------------------------------------------------------------------
>>>>>>>>>>[2020-12-11 18:13:09 mixed.start.log]
匹配不到routes对应的规则: /system/manage/jui/image/ico.ico
>>>>>>>>>>[2020-12-11 18:13:09 mixed.end.log]
--------------------------------------------------------------------------------------------------------------------------
>>>>>>>>>>[2020-12-11 18:14:02 mixed.start.log]
匹配不到routes对应的规则: /system/manage/jui/image/ico.ico
>>>>>>>>>>[2020-12-11 18:14:02 mixed.end.log]
--------------------------------------------------------------------------------------------------------------------------
>>>>>>>>>>[2020-12-11 18:14:44 mixed.start.log]
匹配不到routes对应的规则: /system/manage/jui/image/ico.ico
>>>>>>>>>>[2020-12-11 18:14:44 mixed.end.log]
--------------------------------------------------------------------------------------------------------------------------
>>>>>>>>>>[2020-12-11 18:15:06 mixed.start.log]
匹配不到routes对应的规则: /system/manage/jui/image/ico.ico
>>>>>>>>>>[2020-12-11 18:15:06 mixed.end.log]
--------------------------------------------------------------------------------------------------------------------------
>>>>>>>>>>[2020-12-11 18:15:20 mixed.start.log]
匹配不到routes对应的规则: /system/manage/jui/image/ico.ico
>>>>>>>>>>[2020-12-11 18:15:20 mixed.end.log]
--------------------------------------------------------------------------------------------------------------------------
>>>>>>>>>>[2020-12-11 20:04:25 mixed.start.log]
匹配不到routes对应的规则: /system/manage/jui/image/ico.ico
>>>>>>>>>>[2020-12-11 20:04:25 mixed.end.log]
--------------------------------------------------------------------------------------------------------------------------
>>>>>>>>>>[2020-12-11 20:04:27 mixed.start.log]
匹配不到routes对应的规则: /system/manage/jui/image/ico.ico
>>>>>>>>>>[2020-12-11 20:04:27 mixed.end.log]
--------------------------------------------------------------------------------------------------------------------------
>>>>>>>>>>[2020-12-11 20:04:50 mixed.start.log]
匹配不到routes对应的规则: /system/manage/jui/image/ico.ico
>>>>>>>>>>[2020-12-11 20:04:50 mixed.end.log]
--------------------------------------------------------------------------------------------------------------------------
