>>>>>>>>>>[2020-09-23 17:04:44 mixed.start.log]
文件不存在：/www/tb/core/midware/AuthorMiddle.class.php
>>>>>>>>>>[2020-09-23 17:04:44 mixed.end.log]
--------------------------------------------------------------------------------------------------------------------------
>>>>>>>>>>[2020-09-23 17:04:44 mixed.start.log]
指定了非法的平台: favicon.ico
>>>>>>>>>>[2020-09-23 17:04:44 mixed.end.log]
--------------------------------------------------------------------------------------------------------------------------
>>>>>>>>>>[2020-09-23 17:04:44 mixed.start.log]
文件不存在：/www/tb/core/midware/AuthorMiddle.class.php
>>>>>>>>>>[2020-09-23 17:04:44 mixed.end.log]
--------------------------------------------------------------------------------------------------------------------------
>>>>>>>>>>[2020-09-23 17:05:46 mixed.start.log]
指定了非法的平台: favicon.ico
>>>>>>>>>>[2020-09-23 17:05:46 mixed.end.log]
--------------------------------------------------------------------------------------------------------------------------
>>>>>>>>>>[2020-09-23 18:02:29 mixed.start.log]
指定了非法的平台: favicon.ico
>>>>>>>>>>[2020-09-23 18:02:29 mixed.end.log]
--------------------------------------------------------------------------------------------------------------------------
>>>>>>>>>>[2020-09-23 18:02:55 mixed.start.log]
指定了非法的平台: favicon.ico
>>>>>>>>>>[2020-09-23 18:02:55 mixed.end.log]
--------------------------------------------------------------------------------------------------------------------------
>>>>>>>>>>[2020-09-23 18:03:13 mixed.start.log]
指定了非法的平台: favicon.ico
>>>>>>>>>>[2020-09-23 18:03:13 mixed.end.log]
--------------------------------------------------------------------------------------------------------------------------
>>>>>>>>>>[2020-09-23 18:03:40 mixed.start.log]
指定了非法的平台: favicon.ico
>>>>>>>>>>[2020-09-23 18:03:40 mixed.end.log]
--------------------------------------------------------------------------------------------------------------------------
>>>>>>>>>>[2020-09-23 18:11:14 mixed.start.log]
指定了非法的平台: favicon.ico
>>>>>>>>>>[2020-09-23 18:11:14 mixed.end.log]
--------------------------------------------------------------------------------------------------------------------------
