>>>>>>>>>>[2020-12-24 10:02:17 mixed.start.log]
指定了非法的平台: _static
>>>>>>>>>>[2020-12-24 10:02:17 mixed.end.log]
--------------------------------------------------------------------------------------------------------------------------
>>>>>>>>>>[2020-12-24 10:02:17 mixed.start.log]
指定了非法的平台: _static
>>>>>>>>>>[2020-12-24 10:02:17 mixed.end.log]
--------------------------------------------------------------------------------------------------------------------------
>>>>>>>>>>[2020-12-24 10:06:18 mixed.start.log]
指定了非法的平台: favicon.ico
>>>>>>>>>>[2020-12-24 10:06:18 mixed.end.log]
--------------------------------------------------------------------------------------------------------------------------
>>>>>>>>>>[2020-12-24 10:08:52 mixed.start.log]
指定了非法的平台: _static
>>>>>>>>>>[2020-12-24 10:08:52 mixed.end.log]
--------------------------------------------------------------------------------------------------------------------------
>>>>>>>>>>[2020-12-24 10:08:52 mixed.start.log]
指定了非法的平台: _static
>>>>>>>>>>[2020-12-24 10:08:52 mixed.end.log]
--------------------------------------------------------------------------------------------------------------------------
>>>>>>>>>>[2020-12-24 10:16:35 mixed.start.log]
指定了非法的平台: favicon.ico
>>>>>>>>>>[2020-12-24 10:16:35 mixed.end.log]
--------------------------------------------------------------------------------------------------------------------------
>>>>>>>>>>[2020-12-24 10:22:16 mixed.start.log]
指定了非法的平台: favicon.ico
>>>>>>>>>>[2020-12-24 10:22:16 mixed.end.log]
--------------------------------------------------------------------------------------------------------------------------
>>>>>>>>>>[2020-12-24 11:59:43 mixed.start.log]
指定了非法的平台: favicon.ico
>>>>>>>>>>[2020-12-24 11:59:43 mixed.end.log]
--------------------------------------------------------------------------------------------------------------------------
>>>>>>>>>>[2020-12-24 13:19:19 mixed.start.log]
指定了非法的平台: favicon.ico
>>>>>>>>>>[2020-12-24 13:19:19 mixed.end.log]
--------------------------------------------------------------------------------------------------------------------------
>>>>>>>>>>[2020-12-24 13:20:33 mixed.start.log]
指定了非法的平台: favicon.ico
>>>>>>>>>>[2020-12-24 13:20:33 mixed.end.log]
--------------------------------------------------------------------------------------------------------------------------
>>>>>>>>>>[2020-12-24 13:24:49 mixed.start.log]
指定了非法的平台: favicon.ico
>>>>>>>>>>[2020-12-24 13:24:49 mixed.end.log]
--------------------------------------------------------------------------------------------------------------------------
>>>>>>>>>>[2020-12-24 15:31:26 mixed.start.log]
指定了非法的平台: favicon.ico
>>>>>>>>>>[2020-12-24 15:31:26 mixed.end.log]
--------------------------------------------------------------------------------------------------------------------------
>>>>>>>>>>[2020-12-24 15:31:53 mixed.start.log]
指定了非法的平台: favicon.ico
>>>>>>>>>>[2020-12-24 15:31:53 mixed.end.log]
--------------------------------------------------------------------------------------------------------------------------
>>>>>>>>>>[2020-12-24 15:32:13 mixed.start.log]
指定了非法的平台: favicon.ico
>>>>>>>>>>[2020-12-24 15:32:13 mixed.end.log]
--------------------------------------------------------------------------------------------------------------------------
>>>>>>>>>>[2020-12-24 15:32:34 mixed.start.log]
指定了非法的平台: favicon.ico
>>>>>>>>>>[2020-12-24 15:32:34 mixed.end.log]
--------------------------------------------------------------------------------------------------------------------------
>>>>>>>>>>[2020-12-24 15:32:54 mixed.start.log]
指定了非法的平台: favicon.ico
>>>>>>>>>>[2020-12-24 15:32:54 mixed.end.log]
--------------------------------------------------------------------------------------------------------------------------
>>>>>>>>>>[2020-12-24 15:34:43 mixed.start.log]
指定了非法的平台: favicon.ico
>>>>>>>>>>[2020-12-24 15:34:43 mixed.end.log]
--------------------------------------------------------------------------------------------------------------------------
>>>>>>>>>>[2020-12-24 15:36:38 mixed.start.log]
指定了非法的平台: favicon.ico
>>>>>>>>>>[2020-12-24 15:36:38 mixed.end.log]
--------------------------------------------------------------------------------------------------------------------------
>>>>>>>>>>[2020-12-24 15:47:59 mixed.start.log]
指定了非法的平台: favicon.ico
>>>>>>>>>>[2020-12-24 15:47:59 mixed.end.log]
--------------------------------------------------------------------------------------------------------------------------
>>>>>>>>>>[2020-12-24 15:49:52 mixed.start.log]
指定了非法的平台: favicon.ico
>>>>>>>>>>[2020-12-24 15:49:52 mixed.end.log]
--------------------------------------------------------------------------------------------------------------------------
>>>>>>>>>>[2020-12-24 15:50:35 mixed.start.log]
指定了非法的平台: favicon.ico
>>>>>>>>>>[2020-12-24 15:50:35 mixed.end.log]
--------------------------------------------------------------------------------------------------------------------------
>>>>>>>>>>[2020-12-24 15:52:03 mixed.start.log]
指定了非法的平台: favicon.ico
>>>>>>>>>>[2020-12-24 15:52:03 mixed.end.log]
--------------------------------------------------------------------------------------------------------------------------
>>>>>>>>>>[2020-12-24 15:52:55 mixed.start.log]
指定了非法的平台: favicon.ico
>>>>>>>>>>[2020-12-24 15:52:55 mixed.end.log]
--------------------------------------------------------------------------------------------------------------------------
>>>>>>>>>>[2020-12-24 16:24:35 mixed.start.log]
指定了非法的平台: favicon.ico
>>>>>>>>>>[2020-12-24 16:24:35 mixed.end.log]
--------------------------------------------------------------------------------------------------------------------------
>>>>>>>>>>[2020-12-24 16:27:41 mixed.start.log]
指定了非法的平台: favicon.ico
>>>>>>>>>>[2020-12-24 16:27:41 mixed.end.log]
--------------------------------------------------------------------------------------------------------------------------
>>>>>>>>>>[2020-12-24 16:31:11 mixed.start.log]
指定了非法的平台: favicon.ico
>>>>>>>>>>[2020-12-24 16:31:11 mixed.end.log]
--------------------------------------------------------------------------------------------------------------------------
>>>>>>>>>>[2020-12-24 16:32:25 mixed.start.log]
指定了非法的平台: favicon.ico
>>>>>>>>>>[2020-12-24 16:32:25 mixed.end.log]
--------------------------------------------------------------------------------------------------------------------------
>>>>>>>>>>[2020-12-24 16:41:17 mixed.start.log]
指定了非法的平台: favicon.ico
>>>>>>>>>>[2020-12-24 16:41:17 mixed.end.log]
--------------------------------------------------------------------------------------------------------------------------
>>>>>>>>>>[2020-12-24 16:42:23 mixed.start.log]
指定了非法的平台: templates
>>>>>>>>>>[2020-12-24 16:42:23 mixed.end.log]
--------------------------------------------------------------------------------------------------------------------------
>>>>>>>>>>[2020-12-24 16:42:34 mixed.start.log]
指定了非法的平台: templates
>>>>>>>>>>[2020-12-24 16:42:34 mixed.end.log]
--------------------------------------------------------------------------------------------------------------------------
>>>>>>>>>>[2020-12-24 16:42:42 mixed.start.log]
指定了非法的平台: templates
>>>>>>>>>>[2020-12-24 16:42:42 mixed.end.log]
--------------------------------------------------------------------------------------------------------------------------
>>>>>>>>>>[2020-12-24 16:42:44 mixed.start.log]
指定了非法的平台: templates
>>>>>>>>>>[2020-12-24 16:42:44 mixed.end.log]
--------------------------------------------------------------------------------------------------------------------------
>>>>>>>>>>[2020-12-24 16:42:44 mixed.start.log]
指定了非法的平台: templates
>>>>>>>>>>[2020-12-24 16:42:44 mixed.end.log]
--------------------------------------------------------------------------------------------------------------------------
>>>>>>>>>>[2020-12-24 16:42:45 mixed.start.log]
指定了非法的平台: templates
>>>>>>>>>>[2020-12-24 16:42:45 mixed.end.log]
--------------------------------------------------------------------------------------------------------------------------
>>>>>>>>>>[2020-12-24 16:42:46 mixed.start.log]
指定了非法的平台: templates
>>>>>>>>>>[2020-12-24 16:42:46 mixed.end.log]
--------------------------------------------------------------------------------------------------------------------------
>>>>>>>>>>[2020-12-24 16:42:48 mixed.start.log]
指定了非法的平台: templates
>>>>>>>>>>[2020-12-24 16:42:48 mixed.end.log]
--------------------------------------------------------------------------------------------------------------------------
>>>>>>>>>>[2020-12-24 16:42:48 mixed.start.log]
指定了非法的平台: templates
>>>>>>>>>>[2020-12-24 16:42:48 mixed.end.log]
--------------------------------------------------------------------------------------------------------------------------
>>>>>>>>>>[2020-12-24 16:42:52 mixed.start.log]
指定了非法的平台: templates
>>>>>>>>>>[2020-12-24 16:42:52 mixed.end.log]
--------------------------------------------------------------------------------------------------------------------------
>>>>>>>>>>[2020-12-24 16:42:53 mixed.start.log]
指定了非法的平台: templates
>>>>>>>>>>[2020-12-24 16:42:53 mixed.end.log]
--------------------------------------------------------------------------------------------------------------------------
>>>>>>>>>>[2020-12-24 16:42:54 mixed.start.log]
指定了非法的平台: templates
>>>>>>>>>>[2020-12-24 16:42:54 mixed.end.log]
--------------------------------------------------------------------------------------------------------------------------
>>>>>>>>>>[2020-12-24 16:42:54 mixed.start.log]
指定了非法的平台: templates
>>>>>>>>>>[2020-12-24 16:42:54 mixed.end.log]
--------------------------------------------------------------------------------------------------------------------------
>>>>>>>>>>[2020-12-24 16:42:57 mixed.start.log]
指定了非法的平台: templates
>>>>>>>>>>[2020-12-24 16:42:57 mixed.end.log]
--------------------------------------------------------------------------------------------------------------------------
>>>>>>>>>>[2020-12-24 16:42:58 mixed.start.log]
指定了非法的平台: templates
>>>>>>>>>>[2020-12-24 16:42:58 mixed.end.log]
--------------------------------------------------------------------------------------------------------------------------
>>>>>>>>>>[2020-12-24 16:42:58 mixed.start.log]
指定了非法的平台: templates
>>>>>>>>>>[2020-12-24 16:42:58 mixed.end.log]
--------------------------------------------------------------------------------------------------------------------------
>>>>>>>>>>[2020-12-24 16:43:01 mixed.start.log]
指定了非法的平台: templates
>>>>>>>>>>[2020-12-24 16:43:01 mixed.end.log]
--------------------------------------------------------------------------------------------------------------------------
>>>>>>>>>>[2020-12-24 16:43:02 mixed.start.log]
指定了非法的平台: templates
>>>>>>>>>>[2020-12-24 16:43:02 mixed.end.log]
--------------------------------------------------------------------------------------------------------------------------
>>>>>>>>>>[2020-12-24 16:43:02 mixed.start.log]
指定了非法的平台: templates
>>>>>>>>>>[2020-12-24 16:43:02 mixed.end.log]
--------------------------------------------------------------------------------------------------------------------------
>>>>>>>>>>[2020-12-24 16:43:03 mixed.start.log]
指定了非法的平台: templates
>>>>>>>>>>[2020-12-24 16:43:03 mixed.end.log]
--------------------------------------------------------------------------------------------------------------------------
>>>>>>>>>>[2020-12-24 16:43:03 mixed.start.log]
指定了非法的平台: templates
>>>>>>>>>>[2020-12-24 16:43:03 mixed.end.log]
--------------------------------------------------------------------------------------------------------------------------
>>>>>>>>>>[2020-12-24 16:43:09 mixed.start.log]
指定了非法的平台: templates
>>>>>>>>>>[2020-12-24 16:43:09 mixed.end.log]
--------------------------------------------------------------------------------------------------------------------------
>>>>>>>>>>[2020-12-24 16:43:10 mixed.start.log]
指定了非法的平台: templates
>>>>>>>>>>[2020-12-24 16:43:10 mixed.end.log]
--------------------------------------------------------------------------------------------------------------------------
>>>>>>>>>>[2020-12-24 16:43:17 mixed.start.log]
指定了非法的平台: templates
>>>>>>>>>>[2020-12-24 16:43:17 mixed.end.log]
--------------------------------------------------------------------------------------------------------------------------
>>>>>>>>>>[2020-12-24 16:43:20 mixed.start.log]
指定了非法的平台: templates
>>>>>>>>>>[2020-12-24 16:43:20 mixed.end.log]
--------------------------------------------------------------------------------------------------------------------------
>>>>>>>>>>[2020-12-24 16:43:22 mixed.start.log]
指定了非法的平台: templates
>>>>>>>>>>[2020-12-24 16:43:22 mixed.end.log]
--------------------------------------------------------------------------------------------------------------------------
>>>>>>>>>>[2020-12-24 16:43:22 mixed.start.log]
指定了非法的平台: templates
>>>>>>>>>>[2020-12-24 16:43:22 mixed.end.log]
--------------------------------------------------------------------------------------------------------------------------
>>>>>>>>>>[2020-12-24 16:43:25 mixed.start.log]
指定了非法的平台: templates
>>>>>>>>>>[2020-12-24 16:43:25 mixed.end.log]
--------------------------------------------------------------------------------------------------------------------------
>>>>>>>>>>[2020-12-24 16:43:26 mixed.start.log]
指定了非法的平台: templates
>>>>>>>>>>[2020-12-24 16:43:26 mixed.end.log]
--------------------------------------------------------------------------------------------------------------------------
>>>>>>>>>>[2020-12-24 16:43:29 mixed.start.log]
指定了非法的平台: templates
>>>>>>>>>>[2020-12-24 16:43:29 mixed.end.log]
--------------------------------------------------------------------------------------------------------------------------
>>>>>>>>>>[2020-12-24 16:43:30 mixed.start.log]
指定了非法的平台: templates
>>>>>>>>>>[2020-12-24 16:43:30 mixed.end.log]
--------------------------------------------------------------------------------------------------------------------------
>>>>>>>>>>[2020-12-24 16:43:31 mixed.start.log]
指定了非法的平台: templates
>>>>>>>>>>[2020-12-24 16:43:31 mixed.end.log]
--------------------------------------------------------------------------------------------------------------------------
>>>>>>>>>>[2020-12-24 16:43:31 mixed.start.log]
指定了非法的平台: templates
>>>>>>>>>>[2020-12-24 16:43:31 mixed.end.log]
--------------------------------------------------------------------------------------------------------------------------
>>>>>>>>>>[2020-12-24 16:43:35 mixed.start.log]
指定了非法的平台: templates
>>>>>>>>>>[2020-12-24 16:43:35 mixed.end.log]
--------------------------------------------------------------------------------------------------------------------------
>>>>>>>>>>[2020-12-24 16:43:36 mixed.start.log]
指定了非法的平台: templates
>>>>>>>>>>[2020-12-24 16:43:36 mixed.end.log]
--------------------------------------------------------------------------------------------------------------------------
>>>>>>>>>>[2020-12-24 16:43:48 mixed.start.log]
指定了非法的平台: templates
>>>>>>>>>>[2020-12-24 16:43:48 mixed.end.log]
--------------------------------------------------------------------------------------------------------------------------
>>>>>>>>>>[2020-12-24 16:43:50 mixed.start.log]
指定了非法的平台: templates
>>>>>>>>>>[2020-12-24 16:43:50 mixed.end.log]
--------------------------------------------------------------------------------------------------------------------------
>>>>>>>>>>[2020-12-24 16:43:50 mixed.start.log]
指定了非法的平台: templates
>>>>>>>>>>[2020-12-24 16:43:50 mixed.end.log]
--------------------------------------------------------------------------------------------------------------------------
>>>>>>>>>>[2020-12-24 16:43:54 mixed.start.log]
指定了非法的平台: templates
>>>>>>>>>>[2020-12-24 16:43:54 mixed.end.log]
--------------------------------------------------------------------------------------------------------------------------
>>>>>>>>>>[2020-12-24 16:44:26 mixed.start.log]
指定了非法的平台: templates
>>>>>>>>>>[2020-12-24 16:44:26 mixed.end.log]
--------------------------------------------------------------------------------------------------------------------------
>>>>>>>>>>[2020-12-24 16:44:29 mixed.start.log]
指定了非法的平台: templates
>>>>>>>>>>[2020-12-24 16:44:29 mixed.end.log]
--------------------------------------------------------------------------------------------------------------------------
>>>>>>>>>>[2020-12-24 16:44:57 mixed.start.log]
指定了非法的平台: templates
>>>>>>>>>>[2020-12-24 16:44:57 mixed.end.log]
--------------------------------------------------------------------------------------------------------------------------
>>>>>>>>>>[2020-12-24 16:44:59 mixed.start.log]
指定了非法的平台: templates
>>>>>>>>>>[2020-12-24 16:44:59 mixed.end.log]
--------------------------------------------------------------------------------------------------------------------------
>>>>>>>>>>[2020-12-24 16:45:07 mixed.start.log]
指定了非法的平台: templates
>>>>>>>>>>[2020-12-24 16:45:07 mixed.end.log]
--------------------------------------------------------------------------------------------------------------------------
>>>>>>>>>>[2020-12-24 16:45:11 mixed.start.log]
指定了非法的平台: templates
>>>>>>>>>>[2020-12-24 16:45:11 mixed.end.log]
--------------------------------------------------------------------------------------------------------------------------
>>>>>>>>>>[2020-12-24 16:45:11 mixed.start.log]
指定了非法的平台: templates
>>>>>>>>>>[2020-12-24 16:45:11 mixed.end.log]
--------------------------------------------------------------------------------------------------------------------------
>>>>>>>>>>[2020-12-24 16:45:13 mixed.start.log]
指定了非法的平台: templates
>>>>>>>>>>[2020-12-24 16:45:13 mixed.end.log]
--------------------------------------------------------------------------------------------------------------------------
>>>>>>>>>>[2020-12-24 16:45:15 mixed.start.log]
指定了非法的平台: templates
>>>>>>>>>>[2020-12-24 16:45:15 mixed.end.log]
--------------------------------------------------------------------------------------------------------------------------
>>>>>>>>>>[2020-12-24 16:45:15 mixed.start.log]
指定了非法的平台: templates
>>>>>>>>>>[2020-12-24 16:45:15 mixed.end.log]
--------------------------------------------------------------------------------------------------------------------------
>>>>>>>>>>[2020-12-24 16:45:17 mixed.start.log]
指定了非法的平台: templates
>>>>>>>>>>[2020-12-24 16:45:17 mixed.end.log]
--------------------------------------------------------------------------------------------------------------------------
>>>>>>>>>>[2020-12-24 16:45:19 mixed.start.log]
指定了非法的平台: templates
>>>>>>>>>>[2020-12-24 16:45:19 mixed.end.log]
--------------------------------------------------------------------------------------------------------------------------
>>>>>>>>>>[2020-12-24 16:45:29 mixed.start.log]
指定了非法的平台: templates
>>>>>>>>>>[2020-12-24 16:45:29 mixed.end.log]
--------------------------------------------------------------------------------------------------------------------------
>>>>>>>>>>[2020-12-24 16:45:29 mixed.start.log]
指定了非法的平台: templates
>>>>>>>>>>[2020-12-24 16:45:29 mixed.end.log]
--------------------------------------------------------------------------------------------------------------------------
>>>>>>>>>>[2020-12-24 16:45:29 mixed.start.log]
指定了非法的平台: templates
>>>>>>>>>>[2020-12-24 16:45:29 mixed.end.log]
--------------------------------------------------------------------------------------------------------------------------
>>>>>>>>>>[2020-12-24 16:45:36 mixed.start.log]
指定了非法的平台: templates
>>>>>>>>>>[2020-12-24 16:45:36 mixed.end.log]
--------------------------------------------------------------------------------------------------------------------------
>>>>>>>>>>[2020-12-24 16:45:47 mixed.start.log]
指定了非法的平台: templates
>>>>>>>>>>[2020-12-24 16:45:47 mixed.end.log]
--------------------------------------------------------------------------------------------------------------------------
>>>>>>>>>>[2020-12-24 16:45:47 mixed.start.log]
指定了非法的平台: templates
>>>>>>>>>>[2020-12-24 16:45:47 mixed.end.log]
--------------------------------------------------------------------------------------------------------------------------
>>>>>>>>>>[2020-12-24 16:45:48 mixed.start.log]
指定了非法的平台: templates
>>>>>>>>>>[2020-12-24 16:45:48 mixed.end.log]
--------------------------------------------------------------------------------------------------------------------------
>>>>>>>>>>[2020-12-24 16:45:48 mixed.start.log]
指定了非法的平台: templates
>>>>>>>>>>[2020-12-24 16:45:48 mixed.end.log]
--------------------------------------------------------------------------------------------------------------------------
>>>>>>>>>>[2020-12-24 16:45:49 mixed.start.log]
指定了非法的平台: templates
>>>>>>>>>>[2020-12-24 16:45:49 mixed.end.log]
--------------------------------------------------------------------------------------------------------------------------
>>>>>>>>>>[2020-12-24 16:45:49 mixed.start.log]
指定了非法的平台: templates
>>>>>>>>>>[2020-12-24 16:45:49 mixed.end.log]
--------------------------------------------------------------------------------------------------------------------------
>>>>>>>>>>[2020-12-24 16:45:51 mixed.start.log]
指定了非法的平台: templates
>>>>>>>>>>[2020-12-24 16:45:51 mixed.end.log]
--------------------------------------------------------------------------------------------------------------------------
>>>>>>>>>>[2020-12-24 16:45:53 mixed.start.log]
指定了非法的平台: templates
>>>>>>>>>>[2020-12-24 16:45:53 mixed.end.log]
--------------------------------------------------------------------------------------------------------------------------
>>>>>>>>>>[2020-12-24 16:45:55 mixed.start.log]
指定了非法的平台: templates
>>>>>>>>>>[2020-12-24 16:45:55 mixed.end.log]
--------------------------------------------------------------------------------------------------------------------------
>>>>>>>>>>[2020-12-24 16:45:56 mixed.start.log]
指定了非法的平台: templates
>>>>>>>>>>[2020-12-24 16:45:56 mixed.end.log]
--------------------------------------------------------------------------------------------------------------------------
>>>>>>>>>>[2020-12-24 16:45:58 mixed.start.log]
指定了非法的平台: templates
>>>>>>>>>>[2020-12-24 16:45:58 mixed.end.log]
--------------------------------------------------------------------------------------------------------------------------
>>>>>>>>>>[2020-12-24 16:45:58 mixed.start.log]
指定了非法的平台: templates
>>>>>>>>>>[2020-12-24 16:45:58 mixed.end.log]
--------------------------------------------------------------------------------------------------------------------------
>>>>>>>>>>[2020-12-24 16:45:58 mixed.start.log]
指定了非法的平台: templates
>>>>>>>>>>[2020-12-24 16:45:58 mixed.end.log]
--------------------------------------------------------------------------------------------------------------------------
>>>>>>>>>>[2020-12-24 16:46:00 mixed.start.log]
指定了非法的平台: templates
>>>>>>>>>>[2020-12-24 16:46:00 mixed.end.log]
--------------------------------------------------------------------------------------------------------------------------
>>>>>>>>>>[2020-12-24 16:46:14 mixed.start.log]
指定了非法的平台: templates
>>>>>>>>>>[2020-12-24 16:46:14 mixed.end.log]
--------------------------------------------------------------------------------------------------------------------------
>>>>>>>>>>[2020-12-24 16:46:16 mixed.start.log]
指定了非法的平台: templates
>>>>>>>>>>[2020-12-24 16:46:16 mixed.end.log]
--------------------------------------------------------------------------------------------------------------------------
>>>>>>>>>>[2020-12-24 16:46:17 mixed.start.log]
指定了非法的平台: templates
>>>>>>>>>>[2020-12-24 16:46:17 mixed.end.log]
--------------------------------------------------------------------------------------------------------------------------
>>>>>>>>>>[2020-12-24 16:46:18 mixed.start.log]
指定了非法的平台: templates
>>>>>>>>>>[2020-12-24 16:46:18 mixed.end.log]
--------------------------------------------------------------------------------------------------------------------------
>>>>>>>>>>[2020-12-24 16:46:18 mixed.start.log]
指定了非法的平台: templates
>>>>>>>>>>[2020-12-24 16:46:18 mixed.end.log]
--------------------------------------------------------------------------------------------------------------------------
>>>>>>>>>>[2020-12-24 16:46:20 mixed.start.log]
指定了非法的平台: templates
>>>>>>>>>>[2020-12-24 16:46:20 mixed.end.log]
--------------------------------------------------------------------------------------------------------------------------
>>>>>>>>>>[2020-12-24 16:46:23 mixed.start.log]
指定了非法的平台: templates
>>>>>>>>>>[2020-12-24 16:46:23 mixed.end.log]
--------------------------------------------------------------------------------------------------------------------------
>>>>>>>>>>[2020-12-24 16:46:24 mixed.start.log]
指定了非法的平台: templates
>>>>>>>>>>[2020-12-24 16:46:24 mixed.end.log]
--------------------------------------------------------------------------------------------------------------------------
>>>>>>>>>>[2020-12-24 16:46:24 mixed.start.log]
指定了非法的平台: templates
>>>>>>>>>>[2020-12-24 16:46:24 mixed.end.log]
--------------------------------------------------------------------------------------------------------------------------
>>>>>>>>>>[2020-12-24 16:46:26 mixed.start.log]
指定了非法的平台: templates
>>>>>>>>>>[2020-12-24 16:46:26 mixed.end.log]
--------------------------------------------------------------------------------------------------------------------------
>>>>>>>>>>[2020-12-24 16:46:26 mixed.start.log]
指定了非法的平台: templates
>>>>>>>>>>[2020-12-24 16:46:26 mixed.end.log]
--------------------------------------------------------------------------------------------------------------------------
>>>>>>>>>>[2020-12-24 16:46:29 mixed.start.log]
指定了非法的平台: templates
>>>>>>>>>>[2020-12-24 16:46:29 mixed.end.log]
--------------------------------------------------------------------------------------------------------------------------
>>>>>>>>>>[2020-12-24 16:46:34 mixed.start.log]
指定了非法的平台: templates
>>>>>>>>>>[2020-12-24 16:46:34 mixed.end.log]
--------------------------------------------------------------------------------------------------------------------------
>>>>>>>>>>[2020-12-24 16:46:35 mixed.start.log]
指定了非法的平台: templates
>>>>>>>>>>[2020-12-24 16:46:35 mixed.end.log]
--------------------------------------------------------------------------------------------------------------------------
>>>>>>>>>>[2020-12-24 16:46:37 mixed.start.log]
指定了非法的平台: templates
>>>>>>>>>>[2020-12-24 16:46:37 mixed.end.log]
--------------------------------------------------------------------------------------------------------------------------
>>>>>>>>>>[2020-12-24 16:46:38 mixed.start.log]
指定了非法的平台: templates
>>>>>>>>>>[2020-12-24 16:46:38 mixed.end.log]
--------------------------------------------------------------------------------------------------------------------------
>>>>>>>>>>[2020-12-24 16:46:39 mixed.start.log]
指定了非法的平台: templates
>>>>>>>>>>[2020-12-24 16:46:39 mixed.end.log]
--------------------------------------------------------------------------------------------------------------------------
>>>>>>>>>>[2020-12-24 16:46:41 mixed.start.log]
指定了非法的平台: templates
>>>>>>>>>>[2020-12-24 16:46:41 mixed.end.log]
--------------------------------------------------------------------------------------------------------------------------
>>>>>>>>>>[2020-12-24 16:46:42 mixed.start.log]
指定了非法的平台: templates
>>>>>>>>>>[2020-12-24 16:46:42 mixed.end.log]
--------------------------------------------------------------------------------------------------------------------------
>>>>>>>>>>[2020-12-24 16:46:48 mixed.start.log]
指定了非法的平台: templates
>>>>>>>>>>[2020-12-24 16:46:48 mixed.end.log]
--------------------------------------------------------------------------------------------------------------------------
>>>>>>>>>>[2020-12-24 16:46:52 mixed.start.log]
指定了非法的平台: templates
>>>>>>>>>>[2020-12-24 16:46:52 mixed.end.log]
--------------------------------------------------------------------------------------------------------------------------
>>>>>>>>>>[2020-12-24 16:46:52 mixed.start.log]
指定了非法的平台: templates
>>>>>>>>>>[2020-12-24 16:46:52 mixed.end.log]
--------------------------------------------------------------------------------------------------------------------------
>>>>>>>>>>[2020-12-24 16:46:54 mixed.start.log]
指定了非法的平台: templates
>>>>>>>>>>[2020-12-24 16:46:54 mixed.end.log]
--------------------------------------------------------------------------------------------------------------------------
>>>>>>>>>>[2020-12-24 16:46:57 mixed.start.log]
指定了非法的平台: templates
>>>>>>>>>>[2020-12-24 16:46:57 mixed.end.log]
--------------------------------------------------------------------------------------------------------------------------
>>>>>>>>>>[2020-12-24 16:46:57 mixed.start.log]
指定了非法的平台: templates
>>>>>>>>>>[2020-12-24 16:46:57 mixed.end.log]
--------------------------------------------------------------------------------------------------------------------------
>>>>>>>>>>[2020-12-24 16:46:59 mixed.start.log]
指定了非法的平台: templates
>>>>>>>>>>[2020-12-24 16:46:59 mixed.end.log]
--------------------------------------------------------------------------------------------------------------------------
>>>>>>>>>>[2020-12-24 16:47:00 mixed.start.log]
指定了非法的平台: templates
>>>>>>>>>>[2020-12-24 16:47:00 mixed.end.log]
--------------------------------------------------------------------------------------------------------------------------
>>>>>>>>>>[2020-12-24 16:47:00 mixed.start.log]
指定了非法的平台: templates
>>>>>>>>>>[2020-12-24 16:47:00 mixed.end.log]
--------------------------------------------------------------------------------------------------------------------------
>>>>>>>>>>[2020-12-24 16:47:03 mixed.start.log]
指定了非法的平台: templates
>>>>>>>>>>[2020-12-24 16:47:03 mixed.end.log]
--------------------------------------------------------------------------------------------------------------------------
>>>>>>>>>>[2020-12-24 16:47:05 mixed.start.log]
指定了非法的平台: templates
>>>>>>>>>>[2020-12-24 16:47:05 mixed.end.log]
--------------------------------------------------------------------------------------------------------------------------
>>>>>>>>>>[2020-12-24 16:47:08 mixed.start.log]
指定了非法的平台: templates
>>>>>>>>>>[2020-12-24 16:47:08 mixed.end.log]
--------------------------------------------------------------------------------------------------------------------------
>>>>>>>>>>[2020-12-24 16:47:09 mixed.start.log]
指定了非法的平台: templates
>>>>>>>>>>[2020-12-24 16:47:09 mixed.end.log]
--------------------------------------------------------------------------------------------------------------------------
>>>>>>>>>>[2020-12-24 16:47:09 mixed.start.log]
指定了非法的平台: templates
>>>>>>>>>>[2020-12-24 16:47:09 mixed.end.log]
--------------------------------------------------------------------------------------------------------------------------
>>>>>>>>>>[2020-12-24 16:47:11 mixed.start.log]
指定了非法的平台: templates
>>>>>>>>>>[2020-12-24 16:47:11 mixed.end.log]
--------------------------------------------------------------------------------------------------------------------------
>>>>>>>>>>[2020-12-24 16:47:13 mixed.start.log]
指定了非法的平台: templates
>>>>>>>>>>[2020-12-24 16:47:13 mixed.end.log]
--------------------------------------------------------------------------------------------------------------------------
>>>>>>>>>>[2020-12-24 16:47:14 mixed.start.log]
指定了非法的平台: templates
>>>>>>>>>>[2020-12-24 16:47:14 mixed.end.log]
--------------------------------------------------------------------------------------------------------------------------
>>>>>>>>>>[2020-12-24 16:47:16 mixed.start.log]
指定了非法的平台: templates
>>>>>>>>>>[2020-12-24 16:47:16 mixed.end.log]
--------------------------------------------------------------------------------------------------------------------------
>>>>>>>>>>[2020-12-24 16:47:18 mixed.start.log]
指定了非法的平台: templates
>>>>>>>>>>[2020-12-24 16:47:18 mixed.end.log]
--------------------------------------------------------------------------------------------------------------------------
>>>>>>>>>>[2020-12-24 16:47:18 mixed.start.log]
指定了非法的平台: templates
>>>>>>>>>>[2020-12-24 16:47:18 mixed.end.log]
--------------------------------------------------------------------------------------------------------------------------
>>>>>>>>>>[2020-12-24 16:47:21 mixed.start.log]
指定了非法的平台: templates
>>>>>>>>>>[2020-12-24 16:47:21 mixed.end.log]
--------------------------------------------------------------------------------------------------------------------------
>>>>>>>>>>[2020-12-24 16:47:21 mixed.start.log]
指定了非法的平台: templates
>>>>>>>>>>[2020-12-24 16:47:21 mixed.end.log]
--------------------------------------------------------------------------------------------------------------------------
>>>>>>>>>>[2020-12-24 16:47:23 mixed.start.log]
指定了非法的平台: templates
>>>>>>>>>>[2020-12-24 16:47:23 mixed.end.log]
--------------------------------------------------------------------------------------------------------------------------
>>>>>>>>>>[2020-12-24 16:47:25 mixed.start.log]
指定了非法的平台: templates
>>>>>>>>>>[2020-12-24 16:47:25 mixed.end.log]
--------------------------------------------------------------------------------------------------------------------------
>>>>>>>>>>[2020-12-24 16:47:27 mixed.start.log]
指定了非法的平台: templates
>>>>>>>>>>[2020-12-24 16:47:27 mixed.end.log]
--------------------------------------------------------------------------------------------------------------------------
>>>>>>>>>>[2020-12-24 16:47:27 mixed.start.log]
指定了非法的平台: templates
>>>>>>>>>>[2020-12-24 16:47:27 mixed.end.log]
--------------------------------------------------------------------------------------------------------------------------
>>>>>>>>>>[2020-12-24 16:47:29 mixed.start.log]
指定了非法的平台: templates
>>>>>>>>>>[2020-12-24 16:47:29 mixed.end.log]
--------------------------------------------------------------------------------------------------------------------------
>>>>>>>>>>[2020-12-24 16:47:30 mixed.start.log]
指定了非法的平台: templates
>>>>>>>>>>[2020-12-24 16:47:30 mixed.end.log]
--------------------------------------------------------------------------------------------------------------------------
>>>>>>>>>>[2020-12-24 16:47:33 mixed.start.log]
指定了非法的平台: templates
>>>>>>>>>>[2020-12-24 16:47:33 mixed.end.log]
--------------------------------------------------------------------------------------------------------------------------
>>>>>>>>>>[2020-12-24 16:47:35 mixed.start.log]
指定了非法的平台: templates
>>>>>>>>>>[2020-12-24 16:47:35 mixed.end.log]
--------------------------------------------------------------------------------------------------------------------------
>>>>>>>>>>[2020-12-24 16:47:36 mixed.start.log]
指定了非法的平台: templates
>>>>>>>>>>[2020-12-24 16:47:36 mixed.end.log]
--------------------------------------------------------------------------------------------------------------------------
>>>>>>>>>>[2020-12-24 16:47:36 mixed.start.log]
指定了非法的平台: templates
>>>>>>>>>>[2020-12-24 16:47:36 mixed.end.log]
--------------------------------------------------------------------------------------------------------------------------
>>>>>>>>>>[2020-12-24 16:47:38 mixed.start.log]
指定了非法的平台: templates
>>>>>>>>>>[2020-12-24 16:47:38 mixed.end.log]
--------------------------------------------------------------------------------------------------------------------------
>>>>>>>>>>[2020-12-24 16:48:45 mixed.start.log]
指定了非法的平台: favicon.ico
>>>>>>>>>>[2020-12-24 16:48:45 mixed.end.log]
--------------------------------------------------------------------------------------------------------------------------
>>>>>>>>>>[2020-12-24 16:52:23 mixed.start.log]
指定了非法的平台: favicon.ico
>>>>>>>>>>[2020-12-24 16:52:23 mixed.end.log]
--------------------------------------------------------------------------------------------------------------------------
>>>>>>>>>>[2020-12-24 16:55:42 mixed.start.log]
指定了非法的平台: favicon.ico
>>>>>>>>>>[2020-12-24 16:55:42 mixed.end.log]
--------------------------------------------------------------------------------------------------------------------------
>>>>>>>>>>[2020-12-24 16:56:24 mixed.start.log]
指定了非法的平台: favicon.ico
>>>>>>>>>>[2020-12-24 16:56:24 mixed.end.log]
--------------------------------------------------------------------------------------------------------------------------
>>>>>>>>>>[2020-12-24 16:56:54 mixed.start.log]
指定了非法的平台: favicon.ico
>>>>>>>>>>[2020-12-24 16:56:54 mixed.end.log]
--------------------------------------------------------------------------------------------------------------------------
>>>>>>>>>>[2020-12-24 20:16:07 mixed.start.log]
指定了非法的平台: favicon.ico
>>>>>>>>>>[2020-12-24 20:16:07 mixed.end.log]
--------------------------------------------------------------------------------------------------------------------------
>>>>>>>>>>[2020-12-24 20:24:44 mixed.start.log]
指定了非法的平台: favicon.ico
>>>>>>>>>>[2020-12-24 20:24:44 mixed.end.log]
--------------------------------------------------------------------------------------------------------------------------
>>>>>>>>>>[2020-12-24 20:32:53 mixed.start.log]
指定了非法的平台: favicon.ico
>>>>>>>>>>[2020-12-24 20:32:53 mixed.end.log]
--------------------------------------------------------------------------------------------------------------------------
>>>>>>>>>>[2020-12-24 20:36:03 mixed.start.log]
指定了非法的平台: favicon.ico
>>>>>>>>>>[2020-12-24 20:36:03 mixed.end.log]
--------------------------------------------------------------------------------------------------------------------------
>>>>>>>>>>[2020-12-24 20:39:10 mixed.start.log]
指定了非法的平台: favicon.ico
>>>>>>>>>>[2020-12-24 20:39:10 mixed.end.log]
--------------------------------------------------------------------------------------------------------------------------
>>>>>>>>>>[2020-12-24 20:39:41 mixed.start.log]
指定了非法的平台: favicon.ico
>>>>>>>>>>[2020-12-24 20:39:41 mixed.end.log]
--------------------------------------------------------------------------------------------------------------------------
>>>>>>>>>>[2020-12-24 20:45:00 mixed.start.log]
指定了非法的平台: favicon.ico
>>>>>>>>>>[2020-12-24 20:45:00 mixed.end.log]
--------------------------------------------------------------------------------------------------------------------------
>>>>>>>>>>[2020-12-24 20:46:27 mixed.start.log]
指定了非法的平台: favicon.ico
>>>>>>>>>>[2020-12-24 20:46:27 mixed.end.log]
--------------------------------------------------------------------------------------------------------------------------
>>>>>>>>>>[2020-12-24 20:49:41 mixed.start.log]
指定了非法的平台: favicon.ico
>>>>>>>>>>[2020-12-24 20:49:41 mixed.end.log]
--------------------------------------------------------------------------------------------------------------------------
>>>>>>>>>>[2020-12-24 20:51:34 mixed.start.log]
指定了非法的平台: favicon.ico
>>>>>>>>>>[2020-12-24 20:51:34 mixed.end.log]
--------------------------------------------------------------------------------------------------------------------------
>>>>>>>>>>[2020-12-24 20:52:01 mixed.start.log]
指定了非法的平台: templates
>>>>>>>>>>[2020-12-24 20:52:01 mixed.end.log]
--------------------------------------------------------------------------------------------------------------------------
>>>>>>>>>>[2020-12-24 20:52:24 mixed.start.log]
指定了非法的平台: favicon.ico
>>>>>>>>>>[2020-12-24 20:52:24 mixed.end.log]
--------------------------------------------------------------------------------------------------------------------------
>>>>>>>>>>[2020-12-24 20:53:32 mixed.start.log]
指定了非法的平台: favicon.ico
>>>>>>>>>>[2020-12-24 20:53:32 mixed.end.log]
--------------------------------------------------------------------------------------------------------------------------
>>>>>>>>>>[2020-12-24 20:54:24 mixed.start.log]
指定了非法的平台: favicon.ico
>>>>>>>>>>[2020-12-24 20:54:24 mixed.end.log]
--------------------------------------------------------------------------------------------------------------------------
>>>>>>>>>>[2020-12-24 20:58:42 mixed.start.log]
匹配不到routes对应的规则: /system/img/arrow.png
>>>>>>>>>>[2020-12-24 20:58:42 mixed.end.log]
--------------------------------------------------------------------------------------------------------------------------
