>>>>>>>>>>[2020-11-05 11:30:53 mixed.start.log]
指定了非法的平台: favicon.ico
>>>>>>>>>>[2020-11-05 11:30:53 mixed.end.log]
--------------------------------------------------------------------------------------------------------------------------
>>>>>>>>>>[2020-11-05 12:00:11 mixed.start.log]
指定了非法的平台: system
>>>>>>>>>>[2020-11-05 12:00:11 mixed.end.log]
--------------------------------------------------------------------------------------------------------------------------
>>>>>>>>>>[2020-11-05 12:00:11 mixed.start.log]
指定了非法的平台: favicon.ico
>>>>>>>>>>[2020-11-05 12:00:11 mixed.end.log]
--------------------------------------------------------------------------------------------------------------------------
>>>>>>>>>>[2020-11-05 12:00:57 mixed.start.log]
指定了非法的平台: system
>>>>>>>>>>[2020-11-05 12:00:57 mixed.end.log]
--------------------------------------------------------------------------------------------------------------------------
>>>>>>>>>>[2020-11-05 12:00:57 mixed.start.log]
指定了非法的平台: favicon.ico
>>>>>>>>>>[2020-11-05 12:00:57 mixed.end.log]
--------------------------------------------------------------------------------------------------------------------------
>>>>>>>>>>[2020-11-05 12:05:09 mixed.start.log]
指定了非法的平台: favicon.ico
>>>>>>>>>>[2020-11-05 12:05:09 mixed.end.log]
--------------------------------------------------------------------------------------------------------------------------
>>>>>>>>>>[2020-11-05 12:05:13 mixed.start.log]
指定了非法的平台: favicon.ico
>>>>>>>>>>[2020-11-05 12:05:13 mixed.end.log]
--------------------------------------------------------------------------------------------------------------------------
>>>>>>>>>>[2020-11-05 13:07:45 mixed.start.log]
指定了非法的平台: favicon.ico
>>>>>>>>>>[2020-11-05 13:07:45 mixed.end.log]
--------------------------------------------------------------------------------------------------------------------------
>>>>>>>>>>[2020-11-05 13:07:53 mixed.start.log]
匹配不到routes对应的规则: /system/share/font-awesome.4.7.0.css
>>>>>>>>>>[2020-11-05 13:07:53 mixed.end.log]
--------------------------------------------------------------------------------------------------------------------------
>>>>>>>>>>[2020-11-05 13:07:53 mixed.start.log]
匹配不到routes对应的规则: /system/manage/login/assets/bundles/vendorscripts.bundle.js
>>>>>>>>>>[2020-11-05 13:07:53 mixed.end.log]
--------------------------------------------------------------------------------------------------------------------------
>>>>>>>>>>[2020-11-05 13:07:53 mixed.start.log]
匹配不到routes对应的规则: /system/share/animate-css/vivify.min.css
>>>>>>>>>>[2020-11-05 13:07:53 mixed.end.log]
--------------------------------------------------------------------------------------------------------------------------
>>>>>>>>>>[2020-11-05 13:07:53 mixed.start.log]
匹配不到routes对应的规则: /system/manage/login/assets/bundles/libscripts.bundle.js
>>>>>>>>>>[2020-11-05 13:07:53 mixed.end.log]
--------------------------------------------------------------------------------------------------------------------------
>>>>>>>>>>[2020-11-05 13:07:53 mixed.start.log]
匹配不到routes对应的规则: /system/manage/login/assets/css/site.css
>>>>>>>>>>[2020-11-05 13:07:53 mixed.end.log]
--------------------------------------------------------------------------------------------------------------------------
>>>>>>>>>>[2020-11-05 13:07:53 mixed.start.log]
匹配不到routes对应的规则: /system/share/bootstrap/css/bootstrap.min.css
>>>>>>>>>>[2020-11-05 13:07:53 mixed.end.log]
--------------------------------------------------------------------------------------------------------------------------
>>>>>>>>>>[2020-11-05 13:07:53 mixed.start.log]
匹配不到routes对应的规则: /system/manage/login/assets/vendor/particlesjs/particles.min.js
>>>>>>>>>>[2020-11-05 13:07:53 mixed.end.log]
--------------------------------------------------------------------------------------------------------------------------
>>>>>>>>>>[2020-11-05 13:07:53 mixed.start.log]
匹配不到routes对应的规则: /system/manage/login/assets/bundles/mainscripts.bundle.js
>>>>>>>>>>[2020-11-05 13:07:53 mixed.end.log]
--------------------------------------------------------------------------------------------------------------------------
>>>>>>>>>>[2020-11-05 13:07:53 mixed.start.log]
匹配不到routes对应的规则: /system/manage/login/assets/js/pages/particlesjs.js
>>>>>>>>>>[2020-11-05 13:07:53 mixed.end.log]
--------------------------------------------------------------------------------------------------------------------------
>>>>>>>>>>[2020-11-05 13:07:53 mixed.start.log]
匹配不到routes对应的规则: /system/manage/login/assets/images/icon.svg
>>>>>>>>>>[2020-11-05 13:07:53 mixed.end.log]
--------------------------------------------------------------------------------------------------------------------------
>>>>>>>>>>[2020-11-05 13:07:54 mixed.start.log]
匹配不到routes对应的规则: /system/manage/login/favicon.png
>>>>>>>>>>[2020-11-05 13:07:54 mixed.end.log]
--------------------------------------------------------------------------------------------------------------------------
>>>>>>>>>>[2020-11-05 13:09:20 mixed.start.log]
匹配不到routes对应的规则: /system/share/font-awesome.4.7.0.css
>>>>>>>>>>[2020-11-05 13:09:20 mixed.end.log]
--------------------------------------------------------------------------------------------------------------------------
>>>>>>>>>>[2020-11-05 13:09:20 mixed.start.log]
匹配不到routes对应的规则: /system/manage/login/assets/bundles/libscripts.bundle.js
>>>>>>>>>>[2020-11-05 13:09:20 mixed.end.log]
--------------------------------------------------------------------------------------------------------------------------
>>>>>>>>>>[2020-11-05 13:09:20 mixed.start.log]
匹配不到routes对应的规则: /system/share/css/site.css
>>>>>>>>>>[2020-11-05 13:09:20 mixed.end.log]
--------------------------------------------------------------------------------------------------------------------------
>>>>>>>>>>[2020-11-05 13:09:21 mixed.start.log]
匹配不到routes对应的规则: /system/share/animate-css/vivify.min.css
>>>>>>>>>>[2020-11-05 13:09:21 mixed.end.log]
--------------------------------------------------------------------------------------------------------------------------
>>>>>>>>>>[2020-11-05 13:09:21 mixed.start.log]
匹配不到routes对应的规则: /system/manage/login/assets/bundles/vendorscripts.bundle.js
>>>>>>>>>>[2020-11-05 13:09:21 mixed.end.log]
--------------------------------------------------------------------------------------------------------------------------
>>>>>>>>>>[2020-11-05 13:09:21 mixed.start.log]
匹配不到routes对应的规则: /system/share/bootstrap/css/bootstrap.min.css
>>>>>>>>>>[2020-11-05 13:09:21 mixed.end.log]
--------------------------------------------------------------------------------------------------------------------------
>>>>>>>>>>[2020-11-05 13:09:21 mixed.start.log]
匹配不到routes对应的规则: /system/manage/login/assets/vendor/particlesjs/particles.min.js
>>>>>>>>>>[2020-11-05 13:09:21 mixed.end.log]
--------------------------------------------------------------------------------------------------------------------------
>>>>>>>>>>[2020-11-05 13:09:21 mixed.start.log]
匹配不到routes对应的规则: /system/manage/login/assets/bundles/mainscripts.bundle.js
>>>>>>>>>>[2020-11-05 13:09:21 mixed.end.log]
--------------------------------------------------------------------------------------------------------------------------
>>>>>>>>>>[2020-11-05 13:09:21 mixed.start.log]
匹配不到routes对应的规则: /system/manage/login/assets/js/pages/particlesjs.js
>>>>>>>>>>[2020-11-05 13:09:21 mixed.end.log]
--------------------------------------------------------------------------------------------------------------------------
>>>>>>>>>>[2020-11-05 13:09:21 mixed.start.log]
匹配不到routes对应的规则: /system/manage/login/assets/images/icon.svg
>>>>>>>>>>[2020-11-05 13:09:21 mixed.end.log]
--------------------------------------------------------------------------------------------------------------------------
>>>>>>>>>>[2020-11-05 13:09:22 mixed.start.log]
匹配不到routes对应的规则: /system/manage/login/favicon.png
>>>>>>>>>>[2020-11-05 13:09:22 mixed.end.log]
--------------------------------------------------------------------------------------------------------------------------
>>>>>>>>>>[2020-11-05 13:09:28 mixed.start.log]
指定了非法的平台: favicon.ico
>>>>>>>>>>[2020-11-05 13:09:28 mixed.end.log]
--------------------------------------------------------------------------------------------------------------------------
>>>>>>>>>>[2020-11-05 13:09:33 mixed.start.log]
匹配不到routes对应的规则: /system/share/font-awesome.4.7.0.css
>>>>>>>>>>[2020-11-05 13:09:33 mixed.end.log]
--------------------------------------------------------------------------------------------------------------------------
>>>>>>>>>>[2020-11-05 13:09:33 mixed.start.log]
匹配不到routes对应的规则: /system/share/css/site.css
>>>>>>>>>>[2020-11-05 13:09:33 mixed.end.log]
--------------------------------------------------------------------------------------------------------------------------
>>>>>>>>>>[2020-11-05 13:09:33 mixed.start.log]
匹配不到routes对应的规则: /system/share/animate-css/vivify.min.css
>>>>>>>>>>[2020-11-05 13:09:33 mixed.end.log]
--------------------------------------------------------------------------------------------------------------------------
>>>>>>>>>>[2020-11-05 13:09:33 mixed.start.log]
匹配不到routes对应的规则: /system/share/bootstrap/css/bootstrap.min.css
>>>>>>>>>>[2020-11-05 13:09:33 mixed.end.log]
--------------------------------------------------------------------------------------------------------------------------
>>>>>>>>>>[2020-11-05 13:15:20 mixed.start.log]
匹配不到routes对应的规则: /system/share/font-awesome.4.7.0.css
>>>>>>>>>>[2020-11-05 13:15:20 mixed.end.log]
--------------------------------------------------------------------------------------------------------------------------
>>>>>>>>>>[2020-11-05 13:15:20 mixed.start.log]
匹配不到routes对应的规则: /system/share/bundles/libscripts.bundle.js
>>>>>>>>>>[2020-11-05 13:15:20 mixed.end.log]
--------------------------------------------------------------------------------------------------------------------------
>>>>>>>>>>[2020-11-05 13:15:20 mixed.start.log]
匹配不到routes对应的规则: /system/share/site.css
>>>>>>>>>>[2020-11-05 13:15:20 mixed.end.log]
--------------------------------------------------------------------------------------------------------------------------
>>>>>>>>>>[2020-11-05 13:15:20 mixed.start.log]
匹配不到routes对应的规则: /system/share/bundles/vendorscripts.bundle.js
>>>>>>>>>>[2020-11-05 13:15:20 mixed.end.log]
--------------------------------------------------------------------------------------------------------------------------
>>>>>>>>>>[2020-11-05 13:15:20 mixed.start.log]
匹配不到routes对应的规则: /system/share/vendor/animate-css/vivify.min.css
>>>>>>>>>>[2020-11-05 13:15:20 mixed.end.log]
--------------------------------------------------------------------------------------------------------------------------
>>>>>>>>>>[2020-11-05 13:15:20 mixed.start.log]
匹配不到routes对应的规则: /system/share/vendor/bootstrap/css/bootstrap.min.css
>>>>>>>>>>[2020-11-05 13:15:20 mixed.end.log]
--------------------------------------------------------------------------------------------------------------------------
>>>>>>>>>>[2020-11-05 13:15:20 mixed.start.log]
匹配不到routes对应的规则: /system/share/vendor/particlesjs/particles.min.js
>>>>>>>>>>[2020-11-05 13:15:20 mixed.end.log]
--------------------------------------------------------------------------------------------------------------------------
>>>>>>>>>>[2020-11-05 13:15:21 mixed.start.log]
匹配不到routes对应的规则: /system/share/bundles/mainscripts.bundle.js
>>>>>>>>>>[2020-11-05 13:15:21 mixed.end.log]
--------------------------------------------------------------------------------------------------------------------------
>>>>>>>>>>[2020-11-05 13:15:21 mixed.start.log]
匹配不到routes对应的规则: /system/share/js/pages/particlesjs.js
>>>>>>>>>>[2020-11-05 13:15:21 mixed.end.log]
--------------------------------------------------------------------------------------------------------------------------
>>>>>>>>>>[2020-11-05 13:15:21 mixed.start.log]
匹配不到routes对应的规则: /system/manage/login/assets/images/icon.svg
>>>>>>>>>>[2020-11-05 13:15:21 mixed.end.log]
--------------------------------------------------------------------------------------------------------------------------
>>>>>>>>>>[2020-11-05 13:15:21 mixed.start.log]
匹配不到routes对应的规则: /system/manage/login/assets/images/icon.svg
>>>>>>>>>>[2020-11-05 13:15:21 mixed.end.log]
--------------------------------------------------------------------------------------------------------------------------
>>>>>>>>>>[2020-11-05 13:15:21 mixed.start.log]
匹配不到routes对应的规则: /system/manage/login/favicon.png
>>>>>>>>>>[2020-11-05 13:15:21 mixed.end.log]
--------------------------------------------------------------------------------------------------------------------------
>>>>>>>>>>[2020-11-05 13:17:12 mixed.start.log]
匹配不到routes对应的规则: /system/manage/login/assets/images/icon.svg
>>>>>>>>>>[2020-11-05 13:17:12 mixed.end.log]
--------------------------------------------------------------------------------------------------------------------------
>>>>>>>>>>[2020-11-05 13:17:29 mixed.start.log]
匹配不到routes对应的规则: /system/share/vendor/bootstrap/css/bootstrap.min.css
>>>>>>>>>>[2020-11-05 13:17:29 mixed.end.log]
--------------------------------------------------------------------------------------------------------------------------
>>>>>>>>>>[2020-11-05 13:17:29 mixed.start.log]
指定了非法的平台: favicon.ico
>>>>>>>>>>[2020-11-05 13:17:29 mixed.end.log]
--------------------------------------------------------------------------------------------------------------------------
>>>>>>>>>>[2020-11-05 13:18:09 mixed.start.log]
匹配不到routes对应的规则: /self/share/vendor/animate-css/vivify.min.css
>>>>>>>>>>[2020-11-05 13:18:09 mixed.end.log]
--------------------------------------------------------------------------------------------------------------------------
>>>>>>>>>>[2020-11-05 13:18:10 mixed.start.log]
指定了非法的平台: favicon.ico
>>>>>>>>>>[2020-11-05 13:18:10 mixed.end.log]
--------------------------------------------------------------------------------------------------------------------------
>>>>>>>>>>[2020-11-05 13:23:15 mixed.start.log]
指定了非法的平台: favicon.ico
>>>>>>>>>>[2020-11-05 13:23:15 mixed.end.log]
--------------------------------------------------------------------------------------------------------------------------
>>>>>>>>>>[2020-11-05 13:23:31 mixed.start.log]
指定了非法的平台: favicon.ico
>>>>>>>>>>[2020-11-05 13:23:31 mixed.end.log]
--------------------------------------------------------------------------------------------------------------------------
>>>>>>>>>>[2020-11-05 13:24:26 mixed.start.log]
匹配不到routes对应的规则: /system/share/vendor/bootstrap/css/bootstrap.min.css
>>>>>>>>>>[2020-11-05 13:24:26 mixed.end.log]
--------------------------------------------------------------------------------------------------------------------------
>>>>>>>>>>[2020-11-05 13:24:26 mixed.start.log]
指定了非法的平台: favicon.ico
>>>>>>>>>>[2020-11-05 13:24:26 mixed.end.log]
--------------------------------------------------------------------------------------------------------------------------
>>>>>>>>>>[2020-11-05 13:25:01 mixed.start.log]
指定了非法的平台: favicon.ico
>>>>>>>>>>[2020-11-05 13:25:01 mixed.end.log]
--------------------------------------------------------------------------------------------------------------------------
>>>>>>>>>>[2020-11-05 13:25:05 mixed.start.log]
匹配不到routes对应的规则: /system/share/site.css
>>>>>>>>>>[2020-11-05 13:25:05 mixed.end.log]
--------------------------------------------------------------------------------------------------------------------------
>>>>>>>>>>[2020-11-05 13:25:05 mixed.start.log]
匹配不到routes对应的规则: /system/manage/login/assets/images/icon.svg
>>>>>>>>>>[2020-11-05 13:25:05 mixed.end.log]
--------------------------------------------------------------------------------------------------------------------------
>>>>>>>>>>[2020-11-05 13:25:05 mixed.start.log]
匹配不到routes对应的规则: /system/manage/login/assets/images/icon.svg
>>>>>>>>>>[2020-11-05 13:25:05 mixed.end.log]
--------------------------------------------------------------------------------------------------------------------------
>>>>>>>>>>[2020-11-05 13:25:06 mixed.start.log]
匹配不到routes对应的规则: /system/share/vendor/bootstrap/css/bootstrap.min.css.map
>>>>>>>>>>[2020-11-05 13:25:06 mixed.end.log]
--------------------------------------------------------------------------------------------------------------------------
>>>>>>>>>>[2020-11-05 13:25:06 mixed.start.log]
匹配不到routes对应的规则: /system/fonts/fontawesome-webfont.woff2?v=4.7.0
>>>>>>>>>>[2020-11-05 13:25:06 mixed.end.log]
--------------------------------------------------------------------------------------------------------------------------
>>>>>>>>>>[2020-11-05 13:25:06 mixed.start.log]
匹配不到routes对应的规则: /system/fonts/fontawesome-webfont.woff?v=4.7.0
>>>>>>>>>>[2020-11-05 13:25:06 mixed.end.log]
--------------------------------------------------------------------------------------------------------------------------
>>>>>>>>>>[2020-11-05 13:25:06 mixed.start.log]
匹配不到routes对应的规则: /system/fonts/fontawesome-webfont.ttf?v=4.7.0
>>>>>>>>>>[2020-11-05 13:25:06 mixed.end.log]
--------------------------------------------------------------------------------------------------------------------------
>>>>>>>>>>[2020-11-05 13:25:06 mixed.start.log]
匹配不到routes对应的规则: /system/manage/login/favicon.png
>>>>>>>>>>[2020-11-05 13:25:06 mixed.end.log]
--------------------------------------------------------------------------------------------------------------------------
>>>>>>>>>>[2020-11-05 13:28:43 mixed.start.log]
匹配不到routes对应的规则: /system/share/site.css
>>>>>>>>>>[2020-11-05 13:28:43 mixed.end.log]
--------------------------------------------------------------------------------------------------------------------------
>>>>>>>>>>[2020-11-05 13:28:44 mixed.start.log]
匹配不到routes对应的规则: /system/fonts/fontawesome-webfont.woff2?v=4.7.0
>>>>>>>>>>[2020-11-05 13:28:44 mixed.end.log]
--------------------------------------------------------------------------------------------------------------------------
>>>>>>>>>>[2020-11-05 13:28:44 mixed.start.log]
匹配不到routes对应的规则: /system/fonts/fontawesome-webfont.woff?v=4.7.0
>>>>>>>>>>[2020-11-05 13:28:44 mixed.end.log]
--------------------------------------------------------------------------------------------------------------------------
>>>>>>>>>>[2020-11-05 13:28:44 mixed.start.log]
匹配不到routes对应的规则: /system/fonts/fontawesome-webfont.ttf?v=4.7.0
>>>>>>>>>>[2020-11-05 13:28:44 mixed.end.log]
--------------------------------------------------------------------------------------------------------------------------
>>>>>>>>>>[2020-11-05 13:28:44 mixed.start.log]
匹配不到routes对应的规则: /system/manage/login/favicon.png
>>>>>>>>>>[2020-11-05 13:28:44 mixed.end.log]
--------------------------------------------------------------------------------------------------------------------------
>>>>>>>>>>[2020-11-05 13:28:48 mixed.start.log]
匹配不到routes对应的规则: /system/share/site.css
>>>>>>>>>>[2020-11-05 13:28:48 mixed.end.log]
--------------------------------------------------------------------------------------------------------------------------
>>>>>>>>>>[2020-11-05 13:28:48 mixed.start.log]
匹配不到routes对应的规则: /system/share/vendor/bootstrap/css/bootstrap.min.css.map
>>>>>>>>>>[2020-11-05 13:28:48 mixed.end.log]
--------------------------------------------------------------------------------------------------------------------------
>>>>>>>>>>[2020-11-05 13:28:58 mixed.start.log]
匹配不到routes对应的规则: /system/share/site.css
>>>>>>>>>>[2020-11-05 13:28:58 mixed.end.log]
--------------------------------------------------------------------------------------------------------------------------
>>>>>>>>>>[2020-11-05 13:28:58 mixed.start.log]
匹配不到routes对应的规则: /system/share/vendor/bootstrap/css/bootstrap.min.css.map
>>>>>>>>>>[2020-11-05 13:28:58 mixed.end.log]
--------------------------------------------------------------------------------------------------------------------------
>>>>>>>>>>[2020-11-05 13:28:58 mixed.start.log]
匹配不到routes对应的规则: /system/manage/login/favicon.png
>>>>>>>>>>[2020-11-05 13:28:58 mixed.end.log]
--------------------------------------------------------------------------------------------------------------------------
>>>>>>>>>>[2020-11-05 13:30:33 mixed.start.log]
匹配不到routes对应的规则: /system/share/site.css
>>>>>>>>>>[2020-11-05 13:30:33 mixed.end.log]
--------------------------------------------------------------------------------------------------------------------------
>>>>>>>>>>[2020-11-05 13:30:33 mixed.start.log]
指定了非法的平台: favicon.ico
>>>>>>>>>>[2020-11-05 13:30:33 mixed.end.log]
--------------------------------------------------------------------------------------------------------------------------
>>>>>>>>>>[2020-11-05 13:31:25 mixed.start.log]
匹配不到routes对应的规则: /system/manage/login/favicon.png
>>>>>>>>>>[2020-11-05 13:31:25 mixed.end.log]
--------------------------------------------------------------------------------------------------------------------------
>>>>>>>>>>[2020-11-05 13:31:25 mixed.start.log]
匹配不到routes对应的规则: /system/share/vendor/bootstrap/css/bootstrap.min.css.map
>>>>>>>>>>[2020-11-05 13:31:25 mixed.end.log]
--------------------------------------------------------------------------------------------------------------------------
>>>>>>>>>>[2020-11-05 13:32:04 mixed.start.log]
匹配不到routes对应的规则: /system/share/vendor/bootstrap/css/bootstrap.min.css.map
>>>>>>>>>>[2020-11-05 13:32:04 mixed.end.log]
--------------------------------------------------------------------------------------------------------------------------
>>>>>>>>>>[2020-11-05 13:32:04 mixed.start.log]
匹配不到routes对应的规则: /system/manage/login/favicon.png
>>>>>>>>>>[2020-11-05 13:32:04 mixed.end.log]
--------------------------------------------------------------------------------------------------------------------------
>>>>>>>>>>[2020-11-05 13:39:10 mixed.start.log]
匹配不到routes对应的规则: /system/share/vendor/bootstrap/css/bootstrap.min.css.map
>>>>>>>>>>[2020-11-05 13:39:10 mixed.end.log]
--------------------------------------------------------------------------------------------------------------------------
>>>>>>>>>>[2020-11-05 13:39:10 mixed.start.log]
匹配不到routes对应的规则: /system/manage/login/favicon.png
>>>>>>>>>>[2020-11-05 13:39:10 mixed.end.log]
--------------------------------------------------------------------------------------------------------------------------
>>>>>>>>>>[2020-11-05 15:08:35 mixed.start.log]
匹配不到routes对应的规则: /system/share/vendor/bootstrap/css/bootstrap.min.css.map
>>>>>>>>>>[2020-11-05 15:08:35 mixed.end.log]
--------------------------------------------------------------------------------------------------------------------------
>>>>>>>>>>[2020-11-05 15:08:35 mixed.start.log]
匹配不到routes对应的规则: /system/manage/login/favicon.png
>>>>>>>>>>[2020-11-05 15:08:35 mixed.end.log]
--------------------------------------------------------------------------------------------------------------------------
>>>>>>>>>>[2020-11-05 15:09:10 mixed.start.log]
匹配不到routes对应的规则: /system/manage/login/favicon.png
>>>>>>>>>>[2020-11-05 15:09:10 mixed.end.log]
--------------------------------------------------------------------------------------------------------------------------
>>>>>>>>>>[2020-11-05 15:09:10 mixed.start.log]
匹配不到routes对应的规则: /system/share/vendor/bootstrap/css/bootstrap.min.css.map
>>>>>>>>>>[2020-11-05 15:09:10 mixed.end.log]
--------------------------------------------------------------------------------------------------------------------------
>>>>>>>>>>[2020-11-05 15:09:31 mixed.start.log]
匹配不到routes对应的规则: /system/manage/login/favicon.png
>>>>>>>>>>[2020-11-05 15:09:31 mixed.end.log]
--------------------------------------------------------------------------------------------------------------------------
>>>>>>>>>>[2020-11-05 15:09:31 mixed.start.log]
匹配不到routes对应的规则: /system/share/vendor/bootstrap/css/bootstrap.min.css.map
>>>>>>>>>>[2020-11-05 15:09:31 mixed.end.log]
--------------------------------------------------------------------------------------------------------------------------
>>>>>>>>>>[2020-11-05 15:09:39 mixed.start.log]
匹配不到routes对应的规则: /system/manage/login/favicon.png
>>>>>>>>>>[2020-11-05 15:09:39 mixed.end.log]
--------------------------------------------------------------------------------------------------------------------------
>>>>>>>>>>[2020-11-05 15:30:04 mixed.start.log]
匹配不到routes对应的规则: /system/manage/login/favicon.png
>>>>>>>>>>[2020-11-05 15:30:04 mixed.end.log]
--------------------------------------------------------------------------------------------------------------------------
>>>>>>>>>>[2020-11-05 15:30:36 mixed.start.log]
匹配不到routes对应的规则: /system/manage/login/favicon.png
>>>>>>>>>>[2020-11-05 15:30:36 mixed.end.log]
--------------------------------------------------------------------------------------------------------------------------
>>>>>>>>>>[2020-11-05 15:31:08 mixed.start.log]
匹配不到routes对应的规则: /system/manage/login/favicon.png
>>>>>>>>>>[2020-11-05 15:31:08 mixed.end.log]
--------------------------------------------------------------------------------------------------------------------------
>>>>>>>>>>[2020-11-05 15:31:36 mixed.start.log]
匹配不到routes对应的规则: /system/manage/login/favicon.png
>>>>>>>>>>[2020-11-05 15:31:36 mixed.end.log]
--------------------------------------------------------------------------------------------------------------------------
>>>>>>>>>>[2020-11-05 15:32:00 mixed.start.log]
匹配不到routes对应的规则: /system/manage/login/favicon.png
>>>>>>>>>>[2020-11-05 15:32:00 mixed.end.log]
--------------------------------------------------------------------------------------------------------------------------
>>>>>>>>>>[2020-11-05 15:32:31 mixed.start.log]
匹配不到routes对应的规则: /system/manage/login/favicon.png
>>>>>>>>>>[2020-11-05 15:32:31 mixed.end.log]
--------------------------------------------------------------------------------------------------------------------------
>>>>>>>>>>[2020-11-05 15:33:02 mixed.start.log]
匹配不到routes对应的规则: /system/manage/login/favicon.png
>>>>>>>>>>[2020-11-05 15:33:02 mixed.end.log]
--------------------------------------------------------------------------------------------------------------------------
>>>>>>>>>>[2020-11-05 15:33:17 mixed.start.log]
匹配不到routes对应的规则: /system/manage/login/favicon.png
>>>>>>>>>>[2020-11-05 15:33:17 mixed.end.log]
--------------------------------------------------------------------------------------------------------------------------
>>>>>>>>>>[2020-11-05 19:37:32 mixed.start.log]
匹配不到routes对应的规则: /system/manage/login/favicon.png
>>>>>>>>>>[2020-11-05 19:37:32 mixed.end.log]
--------------------------------------------------------------------------------------------------------------------------
>>>>>>>>>>[2020-11-05 19:43:39 mixed.start.log]
匹配不到routes对应的规则: /system/share/images/logo1.png
>>>>>>>>>>[2020-11-05 19:43:39 mixed.end.log]
--------------------------------------------------------------------------------------------------------------------------
>>>>>>>>>>[2020-11-05 19:43:39 mixed.start.log]
匹配不到routes对应的规则: /system/manage/login/favicon.png
>>>>>>>>>>[2020-11-05 19:43:39 mixed.end.log]
--------------------------------------------------------------------------------------------------------------------------
>>>>>>>>>>[2020-11-05 19:45:29 mixed.start.log]
匹配不到routes对应的规则: /system/manage/login/favicon.png
>>>>>>>>>>[2020-11-05 19:45:29 mixed.end.log]
--------------------------------------------------------------------------------------------------------------------------
>>>>>>>>>>[2020-11-05 19:46:17 mixed.start.log]
匹配不到routes对应的规则: /system/manage/login/favicon.png
>>>>>>>>>>[2020-11-05 19:46:17 mixed.end.log]
--------------------------------------------------------------------------------------------------------------------------
>>>>>>>>>>[2020-11-05 19:46:37 mixed.start.log]
匹配不到routes对应的规则: /system/manage/login/favicon.png
>>>>>>>>>>[2020-11-05 19:46:37 mixed.end.log]
--------------------------------------------------------------------------------------------------------------------------
>>>>>>>>>>[2020-11-05 19:47:01 mixed.start.log]
匹配不到routes对应的规则: /system/manage/login/favicon.png
>>>>>>>>>>[2020-11-05 19:47:01 mixed.end.log]
--------------------------------------------------------------------------------------------------------------------------
>>>>>>>>>>[2020-11-05 19:47:30 mixed.start.log]
匹配不到routes对应的规则: /system/manage/login/favicon.png
>>>>>>>>>>[2020-11-05 19:47:30 mixed.end.log]
--------------------------------------------------------------------------------------------------------------------------
>>>>>>>>>>[2020-11-05 19:48:02 mixed.start.log]
匹配不到routes对应的规则: /system/manage/login/favicon.png
>>>>>>>>>>[2020-11-05 19:48:02 mixed.end.log]
--------------------------------------------------------------------------------------------------------------------------
>>>>>>>>>>[2020-11-05 19:48:21 mixed.start.log]
匹配不到routes对应的规则: /system/manage/login/favicon.png
>>>>>>>>>>[2020-11-05 19:48:21 mixed.end.log]
--------------------------------------------------------------------------------------------------------------------------
>>>>>>>>>>[2020-11-05 19:48:38 mixed.start.log]
匹配不到routes对应的规则: /system/manage/login/favicon.png
>>>>>>>>>>[2020-11-05 19:48:38 mixed.end.log]
--------------------------------------------------------------------------------------------------------------------------
>>>>>>>>>>[2020-11-05 20:41:18 mixed.start.log]
指定了非法的平台: favicon.ico
>>>>>>>>>>[2020-11-05 20:41:18 mixed.end.log]
--------------------------------------------------------------------------------------------------------------------------
>>>>>>>>>>[2020-11-05 20:41:37 mixed.start.log]
指定了非法的平台: favicon.ico
>>>>>>>>>>[2020-11-05 20:41:37 mixed.end.log]
--------------------------------------------------------------------------------------------------------------------------
>>>>>>>>>>[2020-11-05 20:41:38 mixed.start.log]
指定了非法的平台: favicon.ico
>>>>>>>>>>[2020-11-05 20:41:38 mixed.end.log]
--------------------------------------------------------------------------------------------------------------------------
>>>>>>>>>>[2020-11-05 20:42:40 mixed.start.log]
指定了非法的平台: favicon.ico
>>>>>>>>>>[2020-11-05 20:42:40 mixed.end.log]
--------------------------------------------------------------------------------------------------------------------------
>>>>>>>>>>[2020-11-05 20:42:41 mixed.start.log]
指定了非法的平台: favicon.ico
>>>>>>>>>>[2020-11-05 20:42:41 mixed.end.log]
--------------------------------------------------------------------------------------------------------------------------
>>>>>>>>>>[2020-11-05 20:43:01 mixed.start.log]
指定了非法的平台: favicon.ico
>>>>>>>>>>[2020-11-05 20:43:01 mixed.end.log]
--------------------------------------------------------------------------------------------------------------------------
>>>>>>>>>>[2020-11-05 21:03:42 mixed.start.log]
匹配不到routes对应的规则: /system/manage/login/favicon.png
>>>>>>>>>>[2020-11-05 21:03:42 mixed.end.log]
--------------------------------------------------------------------------------------------------------------------------
