>>>>>>>>>>[2020-12-16 09:17:17 mixed.start.log]
匹配不到routes对应的规则: /system/manage/jui/image/ico.ico
>>>>>>>>>>[2020-12-16 09:17:17 mixed.end.log]
--------------------------------------------------------------------------------------------------------------------------
>>>>>>>>>>[2020-12-16 13:04:19 mixed.start.log]
指定了非法的平台: favicon.ico
>>>>>>>>>>[2020-12-16 13:04:19 mixed.end.log]
--------------------------------------------------------------------------------------------------------------------------
>>>>>>>>>>[2020-12-16 13:21:36 mixed.start.log]
指定了非法的平台: favicon.ico
>>>>>>>>>>[2020-12-16 13:21:36 mixed.end.log]
--------------------------------------------------------------------------------------------------------------------------
>>>>>>>>>>[2020-12-16 13:22:24 mixed.start.log]
匹配不到routes对应的规则: /system/manage/jui/image/ico.ico
>>>>>>>>>>[2020-12-16 13:22:24 mixed.end.log]
--------------------------------------------------------------------------------------------------------------------------
>>>>>>>>>>[2020-12-16 13:22:25 mixed.start.log]
匹配不到routes对应的规则: /system/manage/jui/image/ico.ico
>>>>>>>>>>[2020-12-16 13:22:25 mixed.end.log]
--------------------------------------------------------------------------------------------------------------------------
>>>>>>>>>>[2020-12-16 16:48:16 mixed.start.log]
指定了非法的平台: favicon.ico
>>>>>>>>>>[2020-12-16 16:48:16 mixed.end.log]
--------------------------------------------------------------------------------------------------------------------------
>>>>>>>>>>[2020-12-16 17:17:13 mixed.start.log]
指定了非法的平台: favicon.ico
>>>>>>>>>>[2020-12-16 17:17:13 mixed.end.log]
--------------------------------------------------------------------------------------------------------------------------
>>>>>>>>>>[2020-12-16 17:35:53 mixed.start.log]
匹配不到routes对应的规则: /system/manage/jui/image/ico.ico
>>>>>>>>>>[2020-12-16 17:35:53 mixed.end.log]
--------------------------------------------------------------------------------------------------------------------------
>>>>>>>>>>[2020-12-16 17:44:55 mixed.start.log]
指定了非法的平台: favicon.ico
>>>>>>>>>>[2020-12-16 17:44:55 mixed.end.log]
--------------------------------------------------------------------------------------------------------------------------
>>>>>>>>>>[2020-12-16 20:45:19 mixed.start.log]
指定了非法的平台: favicon.ico
>>>>>>>>>>[2020-12-16 20:45:19 mixed.end.log]
--------------------------------------------------------------------------------------------------------------------------
>>>>>>>>>>[2020-12-16 20:47:13 mixed.start.log]
指定了非法的平台: favicon.ico
>>>>>>>>>>[2020-12-16 20:47:13 mixed.end.log]
--------------------------------------------------------------------------------------------------------------------------
>>>>>>>>>>[2020-12-16 20:57:06 mixed.start.log]
指定了非法的平台: favicon.ico
>>>>>>>>>>[2020-12-16 20:57:06 mixed.end.log]
--------------------------------------------------------------------------------------------------------------------------
>>>>>>>>>>[2020-12-16 21:08:48 mixed.start.log]
指定了非法的平台: favicon.ico
>>>>>>>>>>[2020-12-16 21:08:48 mixed.end.log]
--------------------------------------------------------------------------------------------------------------------------
>>>>>>>>>>[2020-12-16 21:21:01 mixed.start.log]
匹配不到routes对应的规则: /system/manage/jui/image/ico.ico
>>>>>>>>>>[2020-12-16 21:21:01 mixed.end.log]
--------------------------------------------------------------------------------------------------------------------------
>>>>>>>>>>[2020-12-16 21:21:29 mixed.start.log]
指定了非法的平台: favicon.ico
>>>>>>>>>>[2020-12-16 21:21:29 mixed.end.log]
--------------------------------------------------------------------------------------------------------------------------
>>>>>>>>>>[2020-12-16 21:22:13 mixed.start.log]
指定了非法的平台: favicon.ico
>>>>>>>>>>[2020-12-16 21:22:13 mixed.end.log]
--------------------------------------------------------------------------------------------------------------------------
>>>>>>>>>>[2020-12-16 21:25:31 mixed.start.log]
指定了非法的平台: favicon.ico
>>>>>>>>>>[2020-12-16 21:25:31 mixed.end.log]
--------------------------------------------------------------------------------------------------------------------------
>>>>>>>>>>[2020-12-16 21:25:42 mixed.start.log]
指定了非法的平台: favicon.ico
>>>>>>>>>>[2020-12-16 21:25:42 mixed.end.log]
--------------------------------------------------------------------------------------------------------------------------
>>>>>>>>>>[2020-12-16 21:29:53 mixed.start.log]
指定了非法的平台: favicon.ico
>>>>>>>>>>[2020-12-16 21:29:53 mixed.end.log]
--------------------------------------------------------------------------------------------------------------------------
