>>>>>>>>>>[2020-11-25 19:22:35 mixed.start.log]
指定了非法的平台: favicon.ico
>>>>>>>>>>[2020-11-25 19:22:35 mixed.end.log]
--------------------------------------------------------------------------------------------------------------------------
>>>>>>>>>>[2020-11-25 19:22:40 mixed.start.log]
匹配不到routes对应的规则: /system/manage/jui/image/ico.ico
>>>>>>>>>>[2020-11-25 19:22:40 mixed.end.log]
--------------------------------------------------------------------------------------------------------------------------
>>>>>>>>>>[2020-11-25 19:22:44 mixed.start.log]
匹配不到routes对应的规则: /system/img/arrow.png
>>>>>>>>>>[2020-11-25 19:22:44 mixed.end.log]
--------------------------------------------------------------------------------------------------------------------------
>>>>>>>>>>[2020-11-25 19:24:15 mixed.start.log]
指定了非法的平台: favicon.ico
>>>>>>>>>>[2020-11-25 19:24:15 mixed.end.log]
--------------------------------------------------------------------------------------------------------------------------
>>>>>>>>>>[2020-11-25 19:24:49 mixed.start.log]
匹配不到routes对应的规则: /system/manage/jui/image/ico.ico
>>>>>>>>>>[2020-11-25 19:24:49 mixed.end.log]
--------------------------------------------------------------------------------------------------------------------------
>>>>>>>>>>[2020-11-25 19:25:37 mixed.start.log]
匹配不到routes对应的规则: /system/manage/jui/image/ico.ico
>>>>>>>>>>[2020-11-25 19:25:37 mixed.end.log]
--------------------------------------------------------------------------------------------------------------------------
>>>>>>>>>>[2020-11-25 19:25:43 mixed.start.log]
匹配不到routes对应的规则: /system/manage/jui/image/ico.ico
>>>>>>>>>>[2020-11-25 19:25:43 mixed.end.log]
--------------------------------------------------------------------------------------------------------------------------
>>>>>>>>>>[2020-11-25 21:18:52 mixed.start.log]
指定了非法的平台: favicon.ico
>>>>>>>>>>[2020-11-25 21:18:52 mixed.end.log]
--------------------------------------------------------------------------------------------------------------------------
