>>>>>>>>>>[2020-11-19 11:26:17 mixed.start.log]
匹配不到routes对应的规则: /system/manage/jui/image/ico.ico
>>>>>>>>>>[2020-11-19 11:26:17 mixed.end.log]
--------------------------------------------------------------------------------------------------------------------------
>>>>>>>>>>[2020-11-19 11:26:24 mixed.start.log]
匹配不到routes对应的规则: /system/manage/user/index?_=1605756376975
>>>>>>>>>>[2020-11-19 11:26:24 mixed.end.log]
--------------------------------------------------------------------------------------------------------------------------
>>>>>>>>>>[2020-11-19 11:26:24 mixed.start.log]
匹配不到routes对应的规则: /system/manage/jui/image/ico.ico
>>>>>>>>>>[2020-11-19 11:26:24 mixed.end.log]
--------------------------------------------------------------------------------------------------------------------------
>>>>>>>>>>[2020-11-19 11:27:42 mixed.start.log]
匹配不到routes对应的规则: /system/manage/user/index?_=1605756376976
>>>>>>>>>>[2020-11-19 11:27:42 mixed.end.log]
--------------------------------------------------------------------------------------------------------------------------
>>>>>>>>>>[2020-11-19 11:28:23 mixed.start.log]
匹配不到routes对应的规则: /system/manage/user/index?_=1605756376977
>>>>>>>>>>[2020-11-19 11:28:23 mixed.end.log]
--------------------------------------------------------------------------------------------------------------------------
>>>>>>>>>>[2020-11-19 11:28:27 mixed.start.log]
匹配不到routes对应的规则: /system/manage/jui/image/ico.ico
>>>>>>>>>>[2020-11-19 11:28:27 mixed.end.log]
--------------------------------------------------------------------------------------------------------------------------
>>>>>>>>>>[2020-11-19 11:28:29 mixed.start.log]
匹配不到routes对应的规则: /system/manage/user/list?_=1605756506984
>>>>>>>>>>[2020-11-19 11:28:29 mixed.end.log]
--------------------------------------------------------------------------------------------------------------------------
>>>>>>>>>>[2020-11-19 11:28:48 mixed.start.log]
匹配不到routes对应的规则: /system/manage/user/list?_=1605756506985
>>>>>>>>>>[2020-11-19 11:28:48 mixed.end.log]
--------------------------------------------------------------------------------------------------------------------------
>>>>>>>>>>[2020-11-19 11:28:54 mixed.start.log]
匹配不到routes对应的规则: /system/manage/user/list?_=1605756506986
>>>>>>>>>>[2020-11-19 11:28:54 mixed.end.log]
--------------------------------------------------------------------------------------------------------------------------
>>>>>>>>>>[2020-11-19 11:29:01 mixed.start.log]
匹配不到routes对应的规则: /system/manage/user/list?_=1605756506987
>>>>>>>>>>[2020-11-19 11:29:01 mixed.end.log]
--------------------------------------------------------------------------------------------------------------------------
>>>>>>>>>>[2020-11-19 11:29:20 mixed.start.log]
指定了非法的平台: favicon.ico
>>>>>>>>>>[2020-11-19 11:29:20 mixed.end.log]
--------------------------------------------------------------------------------------------------------------------------
>>>>>>>>>>[2020-11-19 11:29:40 mixed.start.log]
指定了非法的平台: favicon.ico
>>>>>>>>>>[2020-11-19 11:29:40 mixed.end.log]
--------------------------------------------------------------------------------------------------------------------------
>>>>>>>>>>[2020-11-19 11:29:56 mixed.start.log]
匹配不到routes对应的规则: /system/manage/jui/image/ico.ico
>>>>>>>>>>[2020-11-19 11:29:56 mixed.end.log]
--------------------------------------------------------------------------------------------------------------------------
>>>>>>>>>>[2020-11-19 11:29:59 mixed.start.log]
匹配不到routes对应的规则: /system/manage/user/list?_=1605756596590
>>>>>>>>>>[2020-11-19 11:29:59 mixed.end.log]
--------------------------------------------------------------------------------------------------------------------------
>>>>>>>>>>[2020-11-19 11:30:02 mixed.start.log]
指定了非法的平台: favicon.ico
>>>>>>>>>>[2020-11-19 11:30:02 mixed.end.log]
--------------------------------------------------------------------------------------------------------------------------
>>>>>>>>>>[2020-11-19 11:30:10 mixed.start.log]
指定了非法的平台: favicon.ico
>>>>>>>>>>[2020-11-19 11:30:10 mixed.end.log]
--------------------------------------------------------------------------------------------------------------------------
>>>>>>>>>>[2020-11-19 11:34:29 mixed.start.log]
匹配不到routes对应的规则: /system/manage/jui/image/ico.ico
>>>>>>>>>>[2020-11-19 11:34:29 mixed.end.log]
--------------------------------------------------------------------------------------------------------------------------
>>>>>>>>>>[2020-11-19 11:34:31 mixed.start.log]
指定了非法的平台: tools
>>>>>>>>>>[2020-11-19 11:34:31 mixed.end.log]
--------------------------------------------------------------------------------------------------------------------------
>>>>>>>>>>[2020-11-19 11:35:07 mixed.start.log]
匹配不到routes对应的规则: /system/manage/jui/image/ico.ico
>>>>>>>>>>[2020-11-19 11:35:07 mixed.end.log]
--------------------------------------------------------------------------------------------------------------------------
>>>>>>>>>>[2020-11-19 11:35:13 mixed.start.log]
匹配不到routes对应的规则: /system/manage/user/list?_=1605756907190
>>>>>>>>>>[2020-11-19 11:35:13 mixed.end.log]
--------------------------------------------------------------------------------------------------------------------------
>>>>>>>>>>[2020-11-19 11:35:54 mixed.start.log]
匹配不到routes对应的规则: /system/manage/jui/image/ico.ico
>>>>>>>>>>[2020-11-19 11:35:54 mixed.end.log]
--------------------------------------------------------------------------------------------------------------------------
>>>>>>>>>>[2020-11-19 11:35:56 mixed.start.log]
匹配不到routes对应的规则: /system/manage/user/list?_=1605756954413
>>>>>>>>>>[2020-11-19 11:35:56 mixed.end.log]
--------------------------------------------------------------------------------------------------------------------------
>>>>>>>>>>[2020-11-19 11:35:59 mixed.start.log]
指定了非法的平台: favicon.ico
>>>>>>>>>>[2020-11-19 11:35:59 mixed.end.log]
--------------------------------------------------------------------------------------------------------------------------
>>>>>>>>>>[2020-11-19 11:52:09 mixed.start.log]
匹配不到routes对应的规则: /system/manage/jui/image/ico.ico
>>>>>>>>>>[2020-11-19 11:52:09 mixed.end.log]
--------------------------------------------------------------------------------------------------------------------------
>>>>>>>>>>[2020-11-19 11:52:10 mixed.start.log]
匹配不到routes对应的规则: /system/manage/user/list?_=1605757929322
>>>>>>>>>>[2020-11-19 11:52:10 mixed.end.log]
--------------------------------------------------------------------------------------------------------------------------
>>>>>>>>>>[2020-11-19 11:52:10 mixed.start.log]
匹配不到routes对应的规则: /system/manage/jui/image/ico.ico
>>>>>>>>>>[2020-11-19 11:52:10 mixed.end.log]
--------------------------------------------------------------------------------------------------------------------------
>>>>>>>>>>[2020-11-19 11:52:38 mixed.start.log]
匹配不到routes对应的规则: /system/manage/jui/image/ico.ico
>>>>>>>>>>[2020-11-19 11:52:38 mixed.end.log]
--------------------------------------------------------------------------------------------------------------------------
>>>>>>>>>>[2020-11-19 11:52:39 mixed.start.log]
匹配不到routes对应的规则: /system/manage/user/list?_=1605757958769
>>>>>>>>>>[2020-11-19 11:52:39 mixed.end.log]
--------------------------------------------------------------------------------------------------------------------------
>>>>>>>>>>[2020-11-19 11:53:11 mixed.start.log]
匹配不到routes对应的规则: /system/manage/jui/image/ico.ico
>>>>>>>>>>[2020-11-19 11:53:11 mixed.end.log]
--------------------------------------------------------------------------------------------------------------------------
>>>>>>>>>>[2020-11-19 11:53:12 mixed.start.log]
匹配不到routes对应的规则: /system/manage/user/list?_=1605757991455
>>>>>>>>>>[2020-11-19 11:53:12 mixed.end.log]
--------------------------------------------------------------------------------------------------------------------------
>>>>>>>>>>[2020-11-19 11:53:17 mixed.start.log]
指定了非法的平台: favicon.ico
>>>>>>>>>>[2020-11-19 11:53:17 mixed.end.log]
--------------------------------------------------------------------------------------------------------------------------
>>>>>>>>>>[2020-11-19 11:56:07 mixed.start.log]
匹配不到routes对应的规则: /system/manage/jui/image/ico.ico
>>>>>>>>>>[2020-11-19 11:56:07 mixed.end.log]
--------------------------------------------------------------------------------------------------------------------------
>>>>>>>>>>[2020-11-19 11:56:08 mixed.start.log]
匹配不到routes对应的规则: /system/manage/user/list?_=1605758167229
>>>>>>>>>>[2020-11-19 11:56:08 mixed.end.log]
--------------------------------------------------------------------------------------------------------------------------
>>>>>>>>>>[2020-11-19 11:56:29 mixed.start.log]
指定了非法的平台: favicon.ico
>>>>>>>>>>[2020-11-19 11:56:29 mixed.end.log]
--------------------------------------------------------------------------------------------------------------------------
>>>>>>>>>>[2020-11-19 11:57:19 mixed.start.log]
指定了非法的平台: favicon.ico
>>>>>>>>>>[2020-11-19 11:57:19 mixed.end.log]
--------------------------------------------------------------------------------------------------------------------------
>>>>>>>>>>[2020-11-19 11:57:34 mixed.start.log]
指定了非法的平台: favicon.ico
>>>>>>>>>>[2020-11-19 11:57:34 mixed.end.log]
--------------------------------------------------------------------------------------------------------------------------
>>>>>>>>>>[2020-11-19 11:57:38 mixed.start.log]
匹配不到routes对应的规则: /system/manage/user/list?_=1605758167230
>>>>>>>>>>[2020-11-19 11:57:38 mixed.end.log]
--------------------------------------------------------------------------------------------------------------------------
>>>>>>>>>>[2020-11-19 11:57:40 mixed.start.log]
匹配不到routes对应的规则: /system/manage/jui/image/ico.ico
>>>>>>>>>>[2020-11-19 11:57:40 mixed.end.log]
--------------------------------------------------------------------------------------------------------------------------
>>>>>>>>>>[2020-11-19 11:57:41 mixed.start.log]
匹配不到routes对应的规则: /system/manage/user/list?_=1605758260674
>>>>>>>>>>[2020-11-19 11:57:41 mixed.end.log]
--------------------------------------------------------------------------------------------------------------------------
>>>>>>>>>>[2020-11-19 11:58:02 mixed.start.log]
匹配不到routes对应的规则: /system/manage/jui/image/ico.ico
>>>>>>>>>>[2020-11-19 11:58:02 mixed.end.log]
--------------------------------------------------------------------------------------------------------------------------
>>>>>>>>>>[2020-11-19 11:58:03 mixed.start.log]
匹配不到routes对应的规则: /system/manage/user/list?_=1605758282262
>>>>>>>>>>[2020-11-19 11:58:03 mixed.end.log]
--------------------------------------------------------------------------------------------------------------------------
>>>>>>>>>>[2020-11-19 13:19:30 mixed.start.log]
匹配不到routes对应的规则: /system/manage/jui/image/ico.ico
>>>>>>>>>>[2020-11-19 13:19:30 mixed.end.log]
--------------------------------------------------------------------------------------------------------------------------
>>>>>>>>>>[2020-11-19 13:20:14 mixed.start.log]
匹配不到routes对应的规则: /system/manage/jui/image/ico.ico
>>>>>>>>>>[2020-11-19 13:20:14 mixed.end.log]
--------------------------------------------------------------------------------------------------------------------------
>>>>>>>>>>[2020-11-19 13:20:15 mixed.start.log]
匹配不到routes对应的规则: /system/manage/user/list?_=1605763214167
>>>>>>>>>>[2020-11-19 13:20:15 mixed.end.log]
--------------------------------------------------------------------------------------------------------------------------
>>>>>>>>>>[2020-11-19 13:20:19 mixed.start.log]
匹配不到routes对应的规则: /system/manage/jui/image/ico.ico
>>>>>>>>>>[2020-11-19 13:20:19 mixed.end.log]
--------------------------------------------------------------------------------------------------------------------------
>>>>>>>>>>[2020-11-19 13:20:21 mixed.start.log]
匹配不到routes对应的规则: /system/manage/user/list?_=1605763219219
>>>>>>>>>>[2020-11-19 13:20:21 mixed.end.log]
--------------------------------------------------------------------------------------------------------------------------
>>>>>>>>>>[2020-11-19 13:20:40 mixed.start.log]
匹配不到routes对应的规则: /system/manage/jui/image/ico.ico
>>>>>>>>>>[2020-11-19 13:20:40 mixed.end.log]
--------------------------------------------------------------------------------------------------------------------------
>>>>>>>>>>[2020-11-19 13:20:41 mixed.start.log]
匹配不到routes对应的规则: /system/manage/user/list?_=1605763240664
>>>>>>>>>>[2020-11-19 13:20:41 mixed.end.log]
--------------------------------------------------------------------------------------------------------------------------
>>>>>>>>>>[2020-11-19 16:02:20 mixed.start.log]
匹配不到routes对应的规则: /system/manage/jui/image/ico.ico
>>>>>>>>>>[2020-11-19 16:02:20 mixed.end.log]
--------------------------------------------------------------------------------------------------------------------------
>>>>>>>>>>[2020-11-19 16:02:21 mixed.start.log]
匹配不到routes对应的规则: /system/manage/user/list?_=1605772940087
>>>>>>>>>>[2020-11-19 16:02:21 mixed.end.log]
--------------------------------------------------------------------------------------------------------------------------
>>>>>>>>>>[2020-11-19 16:03:46 mixed.start.log]
匹配不到routes对应的规则: /system/manage/user/list?_=1605772940088
>>>>>>>>>>[2020-11-19 16:03:46 mixed.end.log]
--------------------------------------------------------------------------------------------------------------------------
