>>>>>>>>>>[2020-10-26 10:44:12 mixed.start.log]
指定了非法的平台: favicon.ico
>>>>>>>>>>[2020-10-26 10:44:12 mixed.end.log]
--------------------------------------------------------------------------------------------------------------------------
>>>>>>>>>>[2020-10-26 09:59:00 mixed.start.log]
错误码：2002
出错行号：246
目标文件：/Users/teclong/web/www/tb/app/cmd/service/GupiaoService.class.php
错误信息：SQLSTATE[HY000] [2002] Connection refused
追踪信息：
/Users/teclong/web/www/tb/core/frame/TB.class.php [第38行]: PDO->__construct
/Users/teclong/web/www/tb/core/frame/TB.class.php [第58行]: TB->__construct
/Users/teclong/web/www/tb/app/cmd/service/GupiaoService.class.php [第246行]: TB::__callStatic
/Users/teclong/web/www/tb/app/cmd/GupiaoCmd.class.php [第80行]: cmd\service\GupiaoService->updateOriginal
/Users/teclong/web/www/tb/core/frame/Err.class.php [第53行]: cmd\GupiaoCmd->cmd\{closure}
/Users/teclong/web/www/tb/core/frame/Err.class.php [第38行]: Err->gotry
/Users/teclong/web/www/tb/core/frame/Err.class.php [第13行]: Err::magicCommon
/Users/teclong/web/www/tb/app/cmd/GupiaoCmd.class.php [第145行]: Err::__callStatic
/Users/teclong/web/www/tb/core/frame/App.class.php [第223行]: cmd\GupiaoCmd->go
/Users/teclong/web/www/tb/cmd.php [第11行]: App::runCmd

>>>>>>>>>>[2020-10-26 09:59:00 mixed.end.log]
--------------------------------------------------------------------------------------------------------------------------
