>>>>>>>>>>[2020-12-08 10:18:15 mixed.start.log]
匹配不到routes对应的规则: /system/manage/jui/image/ico.ico
>>>>>>>>>>[2020-12-08 10:18:15 mixed.end.log]
--------------------------------------------------------------------------------------------------------------------------
>>>>>>>>>>[2020-12-08 10:18:18 mixed.start.log]
指定了非法的平台: favicon.ico
>>>>>>>>>>[2020-12-08 10:18:18 mixed.end.log]
--------------------------------------------------------------------------------------------------------------------------
>>>>>>>>>>[2020-12-08 13:26:31 mixed.start.log]
匹配不到routes对应的规则: /system/manage/jui/image/ico.ico
>>>>>>>>>>[2020-12-08 13:26:31 mixed.end.log]
--------------------------------------------------------------------------------------------------------------------------
>>>>>>>>>>[2020-12-08 17:08:27 mixed.start.log]
匹配不到routes对应的规则: /system/manage/jui/image/ico.ico
>>>>>>>>>>[2020-12-08 17:08:27 mixed.end.log]
--------------------------------------------------------------------------------------------------------------------------
>>>>>>>>>>[2020-12-08 17:08:28 mixed.start.log]
匹配不到routes对应的规则: /system/manage/jui/image/ico.ico
>>>>>>>>>>[2020-12-08 17:08:28 mixed.end.log]
--------------------------------------------------------------------------------------------------------------------------
