>>>>>>>>>>[2020-11-16 17:20:18 mixed.start.log]
指定了非法的平台: favicon.ico
>>>>>>>>>>[2020-11-16 17:20:18 mixed.end.log]
--------------------------------------------------------------------------------------------------------------------------
>>>>>>>>>>[2020-11-16 17:23:17 mixed.start.log]
指定了非法的平台: favicon.ico
>>>>>>>>>>[2020-11-16 17:23:17 mixed.end.log]
--------------------------------------------------------------------------------------------------------------------------
>>>>>>>>>>[2020-11-16 17:23:27 mixed.start.log]
指定了非法的平台: favicon.ico
>>>>>>>>>>[2020-11-16 17:23:27 mixed.end.log]
--------------------------------------------------------------------------------------------------------------------------
>>>>>>>>>>[2020-11-16 17:25:28 mixed.start.log]
指定了非法的平台: favicon.ico
>>>>>>>>>>[2020-11-16 17:25:28 mixed.end.log]
--------------------------------------------------------------------------------------------------------------------------
>>>>>>>>>>[2020-11-16 17:26:09 mixed.start.log]
指定了非法的平台: favicon.ico
>>>>>>>>>>[2020-11-16 17:26:09 mixed.end.log]
--------------------------------------------------------------------------------------------------------------------------
>>>>>>>>>>[2020-11-16 17:26:10 mixed.start.log]
指定了非法的平台: favicon.ico
>>>>>>>>>>[2020-11-16 17:26:10 mixed.end.log]
--------------------------------------------------------------------------------------------------------------------------
>>>>>>>>>>[2020-11-16 17:26:11 mixed.start.log]
指定了非法的平台: favicon.ico
>>>>>>>>>>[2020-11-16 17:26:11 mixed.end.log]
--------------------------------------------------------------------------------------------------------------------------
>>>>>>>>>>[2020-11-16 17:26:29 mixed.start.log]
指定了非法的平台: favicon.ico
>>>>>>>>>>[2020-11-16 17:26:29 mixed.end.log]
--------------------------------------------------------------------------------------------------------------------------
>>>>>>>>>>[2020-11-16 17:27:04 mixed.start.log]
指定了非法的平台: favicon.ico
>>>>>>>>>>[2020-11-16 17:27:04 mixed.end.log]
--------------------------------------------------------------------------------------------------------------------------
>>>>>>>>>>[2020-11-16 17:27:04 mixed.start.log]
指定了非法的平台: favicon.ico
>>>>>>>>>>[2020-11-16 17:27:04 mixed.end.log]
--------------------------------------------------------------------------------------------------------------------------
>>>>>>>>>>[2020-11-16 17:27:04 mixed.start.log]
指定了非法的平台: favicon.ico
>>>>>>>>>>[2020-11-16 17:27:04 mixed.end.log]
--------------------------------------------------------------------------------------------------------------------------
>>>>>>>>>>[2020-11-16 17:27:04 mixed.start.log]
指定了非法的平台: favicon.ico
>>>>>>>>>>[2020-11-16 17:27:04 mixed.end.log]
--------------------------------------------------------------------------------------------------------------------------
>>>>>>>>>>[2020-11-16 17:29:57 mixed.start.log]
指定了非法的平台: favicon.ico
>>>>>>>>>>[2020-11-16 17:29:57 mixed.end.log]
--------------------------------------------------------------------------------------------------------------------------
>>>>>>>>>>[2020-11-16 17:30:34 mixed.start.log]
指定了非法的平台: favicon.ico
>>>>>>>>>>[2020-11-16 17:30:34 mixed.end.log]
--------------------------------------------------------------------------------------------------------------------------
>>>>>>>>>>[2020-11-16 17:31:01 mixed.start.log]
指定了非法的平台: favicon.ico
>>>>>>>>>>[2020-11-16 17:31:01 mixed.end.log]
--------------------------------------------------------------------------------------------------------------------------
>>>>>>>>>>[2020-11-16 17:31:02 mixed.start.log]
指定了非法的平台: favicon.ico
>>>>>>>>>>[2020-11-16 17:31:02 mixed.end.log]
--------------------------------------------------------------------------------------------------------------------------
>>>>>>>>>>[2020-11-16 17:34:28 mixed.start.log]
指定了非法的平台: favicon.ico
>>>>>>>>>>[2020-11-16 17:34:28 mixed.end.log]
--------------------------------------------------------------------------------------------------------------------------
>>>>>>>>>>[2020-11-16 17:34:30 mixed.start.log]
指定了非法的平台: favicon.ico
>>>>>>>>>>[2020-11-16 17:34:30 mixed.end.log]
--------------------------------------------------------------------------------------------------------------------------
>>>>>>>>>>[2020-11-16 17:34:31 mixed.start.log]
指定了非法的平台: favicon.ico
>>>>>>>>>>[2020-11-16 17:34:31 mixed.end.log]
--------------------------------------------------------------------------------------------------------------------------
>>>>>>>>>>[2020-11-16 17:34:31 mixed.start.log]
指定了非法的平台: favicon.ico
>>>>>>>>>>[2020-11-16 17:34:31 mixed.end.log]
--------------------------------------------------------------------------------------------------------------------------
>>>>>>>>>>[2020-11-16 17:34:31 mixed.start.log]
指定了非法的平台: favicon.ico
>>>>>>>>>>[2020-11-16 17:34:31 mixed.end.log]
--------------------------------------------------------------------------------------------------------------------------
>>>>>>>>>>[2020-11-16 17:34:57 mixed.start.log]
指定了非法的平台: favicon.ico
>>>>>>>>>>[2020-11-16 17:34:57 mixed.end.log]
--------------------------------------------------------------------------------------------------------------------------
>>>>>>>>>>[2020-11-16 17:34:57 mixed.start.log]
指定了非法的平台: favicon.ico
>>>>>>>>>>[2020-11-16 17:34:57 mixed.end.log]
--------------------------------------------------------------------------------------------------------------------------
>>>>>>>>>>[2020-11-16 17:35:17 mixed.start.log]
指定了非法的平台: favicon.ico
>>>>>>>>>>[2020-11-16 17:35:17 mixed.end.log]
--------------------------------------------------------------------------------------------------------------------------
>>>>>>>>>>[2020-11-16 18:03:02 mixed.start.log]
指定了非法的平台: favicon.ico
>>>>>>>>>>[2020-11-16 18:03:02 mixed.end.log]
--------------------------------------------------------------------------------------------------------------------------
>>>>>>>>>>[2020-11-16 18:03:26 mixed.start.log]
指定了非法的平台: favicon.ico
>>>>>>>>>>[2020-11-16 18:03:26 mixed.end.log]
--------------------------------------------------------------------------------------------------------------------------
>>>>>>>>>>[2020-11-16 18:03:50 mixed.start.log]
指定了非法的平台: favicon.ico
>>>>>>>>>>[2020-11-16 18:03:50 mixed.end.log]
--------------------------------------------------------------------------------------------------------------------------
>>>>>>>>>>[2020-11-16 18:05:06 mixed.start.log]
指定了非法的平台: favicon.ico
>>>>>>>>>>[2020-11-16 18:05:06 mixed.end.log]
--------------------------------------------------------------------------------------------------------------------------
>>>>>>>>>>[2020-11-16 18:05:23 mixed.start.log]
指定了非法的平台: favicon.ico
>>>>>>>>>>[2020-11-16 18:05:23 mixed.end.log]
--------------------------------------------------------------------------------------------------------------------------
>>>>>>>>>>[2020-11-16 18:05:47 mixed.start.log]
指定了非法的平台: favicon.ico
>>>>>>>>>>[2020-11-16 18:05:47 mixed.end.log]
--------------------------------------------------------------------------------------------------------------------------
>>>>>>>>>>[2020-11-16 18:06:03 mixed.start.log]
指定了非法的平台: favicon.ico
>>>>>>>>>>[2020-11-16 18:06:03 mixed.end.log]
--------------------------------------------------------------------------------------------------------------------------
>>>>>>>>>>[2020-11-16 18:06:46 mixed.start.log]
指定了非法的平台: favicon.ico
>>>>>>>>>>[2020-11-16 18:06:46 mixed.end.log]
--------------------------------------------------------------------------------------------------------------------------
>>>>>>>>>>[2020-11-16 18:07:30 mixed.start.log]
指定了非法的平台: favicon.ico
>>>>>>>>>>[2020-11-16 18:07:30 mixed.end.log]
--------------------------------------------------------------------------------------------------------------------------
>>>>>>>>>>[2020-11-16 18:07:37 mixed.start.log]
指定了非法的平台: favicon.ico
>>>>>>>>>>[2020-11-16 18:07:37 mixed.end.log]
--------------------------------------------------------------------------------------------------------------------------
>>>>>>>>>>[2020-11-16 18:08:02 mixed.start.log]
指定了非法的平台: favicon.ico
>>>>>>>>>>[2020-11-16 18:08:02 mixed.end.log]
--------------------------------------------------------------------------------------------------------------------------
>>>>>>>>>>[2020-11-16 18:16:04 mixed.start.log]
指定了非法的平台: favicon.ico
>>>>>>>>>>[2020-11-16 18:16:04 mixed.end.log]
--------------------------------------------------------------------------------------------------------------------------
>>>>>>>>>>[2020-11-16 18:16:26 mixed.start.log]
指定了非法的平台: favicon.ico
>>>>>>>>>>[2020-11-16 18:16:26 mixed.end.log]
--------------------------------------------------------------------------------------------------------------------------
>>>>>>>>>>[2020-11-16 18:16:41 mixed.start.log]
指定了非法的平台: favicon.ico
>>>>>>>>>>[2020-11-16 18:16:41 mixed.end.log]
--------------------------------------------------------------------------------------------------------------------------
>>>>>>>>>>[2020-11-16 18:17:45 mixed.start.log]
指定了非法的平台: favicon.ico
>>>>>>>>>>[2020-11-16 18:17:45 mixed.end.log]
--------------------------------------------------------------------------------------------------------------------------
>>>>>>>>>>[2020-11-16 18:18:08 mixed.start.log]
指定了非法的平台: favicon.ico
>>>>>>>>>>[2020-11-16 18:18:08 mixed.end.log]
--------------------------------------------------------------------------------------------------------------------------
>>>>>>>>>>[2020-11-16 18:18:34 mixed.start.log]
指定了非法的平台: favicon.ico
>>>>>>>>>>[2020-11-16 18:18:34 mixed.end.log]
--------------------------------------------------------------------------------------------------------------------------
>>>>>>>>>>[2020-11-16 18:18:35 mixed.start.log]
指定了非法的平台: favicon.ico
>>>>>>>>>>[2020-11-16 18:18:35 mixed.end.log]
--------------------------------------------------------------------------------------------------------------------------
>>>>>>>>>>[2020-11-16 18:18:35 mixed.start.log]
指定了非法的平台: favicon.ico
>>>>>>>>>>[2020-11-16 18:18:35 mixed.end.log]
--------------------------------------------------------------------------------------------------------------------------
>>>>>>>>>>[2020-11-16 18:18:51 mixed.start.log]
指定了非法的平台: favicon.ico
>>>>>>>>>>[2020-11-16 18:18:51 mixed.end.log]
--------------------------------------------------------------------------------------------------------------------------
>>>>>>>>>>[2020-11-16 18:18:51 mixed.start.log]
指定了非法的平台: favicon.ico
>>>>>>>>>>[2020-11-16 18:18:51 mixed.end.log]
--------------------------------------------------------------------------------------------------------------------------
>>>>>>>>>>[2020-11-16 18:23:45 mixed.start.log]
指定了非法的平台: favicon.ico
>>>>>>>>>>[2020-11-16 18:23:45 mixed.end.log]
--------------------------------------------------------------------------------------------------------------------------
>>>>>>>>>>[2020-11-16 18:24:22 mixed.start.log]
指定了非法的平台: favicon.ico
>>>>>>>>>>[2020-11-16 18:24:22 mixed.end.log]
--------------------------------------------------------------------------------------------------------------------------
>>>>>>>>>>[2020-11-16 18:24:31 mixed.start.log]
指定了非法的平台: favicon.ico
>>>>>>>>>>[2020-11-16 18:24:31 mixed.end.log]
--------------------------------------------------------------------------------------------------------------------------
>>>>>>>>>>[2020-11-16 18:24:47 mixed.start.log]
指定了非法的平台: favicon.ico
>>>>>>>>>>[2020-11-16 18:24:47 mixed.end.log]
--------------------------------------------------------------------------------------------------------------------------
>>>>>>>>>>[2020-11-16 19:25:06 mixed.start.log]
指定了非法的平台: favicon.ico
>>>>>>>>>>[2020-11-16 19:25:06 mixed.end.log]
--------------------------------------------------------------------------------------------------------------------------
>>>>>>>>>>[2020-11-16 19:26:24 mixed.start.log]
指定了非法的平台: favicon.ico
>>>>>>>>>>[2020-11-16 19:26:24 mixed.end.log]
--------------------------------------------------------------------------------------------------------------------------
>>>>>>>>>>[2020-11-16 19:28:56 mixed.start.log]
指定了非法的平台: favicon.ico
>>>>>>>>>>[2020-11-16 19:28:56 mixed.end.log]
--------------------------------------------------------------------------------------------------------------------------
>>>>>>>>>>[2020-11-16 19:30:30 mixed.start.log]
指定了非法的平台: favicon.ico
>>>>>>>>>>[2020-11-16 19:30:30 mixed.end.log]
--------------------------------------------------------------------------------------------------------------------------
>>>>>>>>>>[2020-11-16 19:31:14 mixed.start.log]
指定了非法的平台: favicon.ico
>>>>>>>>>>[2020-11-16 19:31:14 mixed.end.log]
--------------------------------------------------------------------------------------------------------------------------
>>>>>>>>>>[2020-11-16 19:33:11 mixed.start.log]
指定了非法的平台: favicon.ico
>>>>>>>>>>[2020-11-16 19:33:11 mixed.end.log]
--------------------------------------------------------------------------------------------------------------------------
>>>>>>>>>>[2020-11-16 19:33:29 mixed.start.log]
指定了非法的平台: favicon.ico
>>>>>>>>>>[2020-11-16 19:33:29 mixed.end.log]
--------------------------------------------------------------------------------------------------------------------------
>>>>>>>>>>[2020-11-16 19:34:17 mixed.start.log]
指定了非法的平台: favicon.ico
>>>>>>>>>>[2020-11-16 19:34:17 mixed.end.log]
--------------------------------------------------------------------------------------------------------------------------
>>>>>>>>>>[2020-11-16 19:34:48 mixed.start.log]
指定了非法的平台: favicon.ico
>>>>>>>>>>[2020-11-16 19:34:48 mixed.end.log]
--------------------------------------------------------------------------------------------------------------------------
>>>>>>>>>>[2020-11-16 19:35:28 mixed.start.log]
匹配不到routes对应的规则: /system/manage/jui/image/ico.ico
>>>>>>>>>>[2020-11-16 19:35:28 mixed.end.log]
--------------------------------------------------------------------------------------------------------------------------
>>>>>>>>>>[2020-11-16 19:36:01 mixed.start.log]
匹配不到routes对应的规则: /system/manage/jui/image/ico.ico
>>>>>>>>>>[2020-11-16 19:36:01 mixed.end.log]
--------------------------------------------------------------------------------------------------------------------------
>>>>>>>>>>[2020-11-16 19:36:11 mixed.start.log]
指定了非法的平台: favicon.ico
>>>>>>>>>>[2020-11-16 19:36:11 mixed.end.log]
--------------------------------------------------------------------------------------------------------------------------
>>>>>>>>>>[2020-11-16 19:37:23 mixed.start.log]
匹配不到routes对应的规则: /system/manage/jui/image/ico.ico
>>>>>>>>>>[2020-11-16 19:37:23 mixed.end.log]
--------------------------------------------------------------------------------------------------------------------------
>>>>>>>>>>[2020-11-16 19:37:37 mixed.start.log]
匹配不到routes对应的规则: /system/manage/jui/image/ico.ico
>>>>>>>>>>[2020-11-16 19:37:37 mixed.end.log]
--------------------------------------------------------------------------------------------------------------------------
>>>>>>>>>>[2020-11-16 19:37:42 mixed.start.log]
匹配不到routes对应的规则: /system/manage/jui/image/ico.ico
>>>>>>>>>>[2020-11-16 19:37:42 mixed.end.log]
--------------------------------------------------------------------------------------------------------------------------
>>>>>>>>>>[2020-11-16 19:45:43 mixed.start.log]
匹配不到routes对应的规则: /system/manage/jui/image/ico.ico
>>>>>>>>>>[2020-11-16 19:45:43 mixed.end.log]
--------------------------------------------------------------------------------------------------------------------------
>>>>>>>>>>[2020-11-16 19:46:19 mixed.start.log]
指定了非法的平台: favicon.ico
>>>>>>>>>>[2020-11-16 19:46:19 mixed.end.log]
--------------------------------------------------------------------------------------------------------------------------
>>>>>>>>>>[2020-11-16 19:46:47 mixed.start.log]
匹配不到routes对应的规则: /system/manage/jui/image/ico.ico
>>>>>>>>>>[2020-11-16 19:46:47 mixed.end.log]
--------------------------------------------------------------------------------------------------------------------------
>>>>>>>>>>[2020-11-16 19:46:48 mixed.start.log]
匹配不到routes对应的规则: /system/manage/jui/image/ico.ico
>>>>>>>>>>[2020-11-16 19:46:48 mixed.end.log]
--------------------------------------------------------------------------------------------------------------------------
>>>>>>>>>>[2020-11-16 19:47:46 mixed.start.log]
指定了非法的平台: favicon.ico
>>>>>>>>>>[2020-11-16 19:47:46 mixed.end.log]
--------------------------------------------------------------------------------------------------------------------------
>>>>>>>>>>[2020-11-16 19:48:17 mixed.start.log]
指定了非法的平台: favicon.ico
>>>>>>>>>>[2020-11-16 19:48:17 mixed.end.log]
--------------------------------------------------------------------------------------------------------------------------
>>>>>>>>>>[2020-11-16 19:49:03 mixed.start.log]
匹配不到routes对应的规则: /system/manage/login/favicon.png
>>>>>>>>>>[2020-11-16 19:49:03 mixed.end.log]
--------------------------------------------------------------------------------------------------------------------------
