>>>>>>>>>>[2020-08-21 15:20:00 mixed.start.log]
指定了非法的平台: favicon.ico
>>>>>>>>>>[2020-08-21 15:20:00 mixed.end.log]
--------------------------------------------------------------------------------------------------------------------------
>>>>>>>>>>[2020-08-21 15:20:19 mixed.start.log]
指定了非法的平台: favicon.ico
>>>>>>>>>>[2020-08-21 15:20:19 mixed.end.log]
--------------------------------------------------------------------------------------------------------------------------
>>>>>>>>>>[2020-08-21 15:22:28 mixed.start.log]
指定了非法的平台: favicon.ico
>>>>>>>>>>[2020-08-21 15:22:28 mixed.end.log]
--------------------------------------------------------------------------------------------------------------------------
>>>>>>>>>>[2020-08-21 15:24:52 mixed.start.log]
指定了非法的平台: favicon.ico
>>>>>>>>>>[2020-08-21 15:24:52 mixed.end.log]
--------------------------------------------------------------------------------------------------------------------------
>>>>>>>>>>[2020-08-21 16:52:53 mixed.start.log]
文件不存在：
>>>>>>>>>>[2020-08-21 16:52:53 mixed.end.log]
--------------------------------------------------------------------------------------------------------------------------
>>>>>>>>>>[2020-08-21 16:52:53 mixed.start.log]
指定了非法的平台: favicon.ico
>>>>>>>>>>[2020-08-21 16:52:53 mixed.end.log]
--------------------------------------------------------------------------------------------------------------------------
>>>>>>>>>>[2020-08-21 16:52:53 mixed.start.log]
文件不存在：
>>>>>>>>>>[2020-08-21 16:52:53 mixed.end.log]
--------------------------------------------------------------------------------------------------------------------------
>>>>>>>>>>[2020-08-21 16:53:17 mixed.start.log]
文件不存在：
>>>>>>>>>>[2020-08-21 16:53:17 mixed.end.log]
--------------------------------------------------------------------------------------------------------------------------
>>>>>>>>>>[2020-08-21 16:53:17 mixed.start.log]
指定了非法的平台: favicon.ico
>>>>>>>>>>[2020-08-21 16:53:17 mixed.end.log]
--------------------------------------------------------------------------------------------------------------------------
>>>>>>>>>>[2020-08-21 16:53:17 mixed.start.log]
文件不存在：
>>>>>>>>>>[2020-08-21 16:53:17 mixed.end.log]
--------------------------------------------------------------------------------------------------------------------------
>>>>>>>>>>[2020-08-21 16:53:32 mixed.start.log]
文件不存在：
>>>>>>>>>>[2020-08-21 16:53:32 mixed.end.log]
--------------------------------------------------------------------------------------------------------------------------
>>>>>>>>>>[2020-08-21 16:53:32 mixed.start.log]
指定了非法的平台: favicon.ico
>>>>>>>>>>[2020-08-21 16:53:32 mixed.end.log]
--------------------------------------------------------------------------------------------------------------------------
>>>>>>>>>>[2020-08-21 16:53:33 mixed.start.log]
文件不存在：
>>>>>>>>>>[2020-08-21 16:53:33 mixed.end.log]
--------------------------------------------------------------------------------------------------------------------------
>>>>>>>>>>[2020-08-21 16:54:38 mixed.start.log]
文件不存在：
>>>>>>>>>>[2020-08-21 16:54:38 mixed.end.log]
--------------------------------------------------------------------------------------------------------------------------
>>>>>>>>>>[2020-08-21 16:54:38 mixed.start.log]
指定了非法的平台: favicon.ico
>>>>>>>>>>[2020-08-21 16:54:38 mixed.end.log]
--------------------------------------------------------------------------------------------------------------------------
>>>>>>>>>>[2020-08-21 16:54:38 mixed.start.log]
文件不存在：
>>>>>>>>>>[2020-08-21 16:54:38 mixed.end.log]
--------------------------------------------------------------------------------------------------------------------------
>>>>>>>>>>[2020-08-21 16:55:58 mixed.start.log]
文件不存在：
>>>>>>>>>>[2020-08-21 16:55:58 mixed.end.log]
--------------------------------------------------------------------------------------------------------------------------
>>>>>>>>>>[2020-08-21 16:55:58 mixed.start.log]
指定了非法的平台: favicon.ico
>>>>>>>>>>[2020-08-21 16:55:58 mixed.end.log]
--------------------------------------------------------------------------------------------------------------------------
>>>>>>>>>>[2020-08-21 16:55:58 mixed.start.log]
文件不存在：
>>>>>>>>>>[2020-08-21 16:55:58 mixed.end.log]
--------------------------------------------------------------------------------------------------------------------------
>>>>>>>>>>[2020-08-21 16:55:58 mixed.start.log]
文件不存在：
>>>>>>>>>>[2020-08-21 16:55:58 mixed.end.log]
--------------------------------------------------------------------------------------------------------------------------
>>>>>>>>>>[2020-08-21 16:55:59 mixed.start.log]
指定了非法的平台: favicon.ico
>>>>>>>>>>[2020-08-21 16:55:59 mixed.end.log]
--------------------------------------------------------------------------------------------------------------------------
>>>>>>>>>>[2020-08-21 16:55:59 mixed.start.log]
文件不存在：
>>>>>>>>>>[2020-08-21 16:55:59 mixed.end.log]
--------------------------------------------------------------------------------------------------------------------------
>>>>>>>>>>[2020-08-21 16:55:59 mixed.start.log]
文件不存在：
>>>>>>>>>>[2020-08-21 16:55:59 mixed.end.log]
--------------------------------------------------------------------------------------------------------------------------
>>>>>>>>>>[2020-08-21 16:55:59 mixed.start.log]
指定了非法的平台: favicon.ico
>>>>>>>>>>[2020-08-21 16:55:59 mixed.end.log]
--------------------------------------------------------------------------------------------------------------------------
>>>>>>>>>>[2020-08-21 16:55:59 mixed.start.log]
文件不存在：
>>>>>>>>>>[2020-08-21 16:55:59 mixed.end.log]
--------------------------------------------------------------------------------------------------------------------------
>>>>>>>>>>[2020-08-21 16:57:29 mixed.start.log]
文件不存在：
>>>>>>>>>>[2020-08-21 16:57:29 mixed.end.log]
--------------------------------------------------------------------------------------------------------------------------
>>>>>>>>>>[2020-08-21 16:57:29 mixed.start.log]
指定了非法的平台: favicon.ico
>>>>>>>>>>[2020-08-21 16:57:29 mixed.end.log]
--------------------------------------------------------------------------------------------------------------------------
>>>>>>>>>>[2020-08-21 16:57:29 mixed.start.log]
文件不存在：
>>>>>>>>>>[2020-08-21 16:57:29 mixed.end.log]
--------------------------------------------------------------------------------------------------------------------------
>>>>>>>>>>[2020-08-21 16:57:30 mixed.start.log]
文件不存在：
>>>>>>>>>>[2020-08-21 16:57:30 mixed.end.log]
--------------------------------------------------------------------------------------------------------------------------
>>>>>>>>>>[2020-08-21 16:57:30 mixed.start.log]
指定了非法的平台: favicon.ico
>>>>>>>>>>[2020-08-21 16:57:30 mixed.end.log]
--------------------------------------------------------------------------------------------------------------------------
>>>>>>>>>>[2020-08-21 16:57:30 mixed.start.log]
文件不存在：
>>>>>>>>>>[2020-08-21 16:57:30 mixed.end.log]
--------------------------------------------------------------------------------------------------------------------------
>>>>>>>>>>[2020-08-21 16:57:30 mixed.start.log]
文件不存在：
>>>>>>>>>>[2020-08-21 16:57:30 mixed.end.log]
--------------------------------------------------------------------------------------------------------------------------
>>>>>>>>>>[2020-08-21 16:57:30 mixed.start.log]
指定了非法的平台: favicon.ico
>>>>>>>>>>[2020-08-21 16:57:30 mixed.end.log]
--------------------------------------------------------------------------------------------------------------------------
>>>>>>>>>>[2020-08-21 16:57:30 mixed.start.log]
文件不存在：
>>>>>>>>>>[2020-08-21 16:57:30 mixed.end.log]
--------------------------------------------------------------------------------------------------------------------------
>>>>>>>>>>[2020-08-21 16:57:30 mixed.start.log]
文件不存在：
>>>>>>>>>>[2020-08-21 16:57:30 mixed.end.log]
--------------------------------------------------------------------------------------------------------------------------
>>>>>>>>>>[2020-08-21 16:57:30 mixed.start.log]
指定了非法的平台: favicon.ico
>>>>>>>>>>[2020-08-21 16:57:30 mixed.end.log]
--------------------------------------------------------------------------------------------------------------------------
>>>>>>>>>>[2020-08-21 16:57:30 mixed.start.log]
文件不存在：
>>>>>>>>>>[2020-08-21 16:57:30 mixed.end.log]
--------------------------------------------------------------------------------------------------------------------------
>>>>>>>>>>[2020-08-21 16:57:30 mixed.start.log]
文件不存在：
>>>>>>>>>>[2020-08-21 16:57:30 mixed.end.log]
--------------------------------------------------------------------------------------------------------------------------
>>>>>>>>>>[2020-08-21 16:57:30 mixed.start.log]
指定了非法的平台: favicon.ico
>>>>>>>>>>[2020-08-21 16:57:30 mixed.end.log]
--------------------------------------------------------------------------------------------------------------------------
>>>>>>>>>>[2020-08-21 16:57:30 mixed.start.log]
文件不存在：
>>>>>>>>>>[2020-08-21 16:57:30 mixed.end.log]
--------------------------------------------------------------------------------------------------------------------------
>>>>>>>>>>[2020-08-21 16:57:30 mixed.start.log]
文件不存在：
>>>>>>>>>>[2020-08-21 16:57:30 mixed.end.log]
--------------------------------------------------------------------------------------------------------------------------
>>>>>>>>>>[2020-08-21 16:57:30 mixed.start.log]
指定了非法的平台: favicon.ico
>>>>>>>>>>[2020-08-21 16:57:30 mixed.end.log]
--------------------------------------------------------------------------------------------------------------------------
>>>>>>>>>>[2020-08-21 16:57:30 mixed.start.log]
文件不存在：
>>>>>>>>>>[2020-08-21 16:57:30 mixed.end.log]
--------------------------------------------------------------------------------------------------------------------------
>>>>>>>>>>[2020-08-21 16:58:13 mixed.start.log]
文件不存在：/www/tb/app/self/manage/controller/Controller.class.php
>>>>>>>>>>[2020-08-21 16:58:13 mixed.end.log]
--------------------------------------------------------------------------------------------------------------------------
>>>>>>>>>>[2020-08-21 16:58:13 mixed.start.log]
指定了非法的平台: favicon.ico
>>>>>>>>>>[2020-08-21 16:58:13 mixed.end.log]
--------------------------------------------------------------------------------------------------------------------------
>>>>>>>>>>[2020-08-21 16:58:13 mixed.start.log]
文件不存在：/www/tb/app/self/manage/controller/Controller.class.php
>>>>>>>>>>[2020-08-21 16:58:13 mixed.end.log]
--------------------------------------------------------------------------------------------------------------------------
>>>>>>>>>>[2020-08-21 16:59:06 mixed.start.log]
指定了非法的平台: favicon.ico
>>>>>>>>>>[2020-08-21 16:59:06 mixed.end.log]
--------------------------------------------------------------------------------------------------------------------------
>>>>>>>>>>[2020-08-21 16:59:20 mixed.start.log]
指定了非法的平台: favicon.ico
>>>>>>>>>>[2020-08-21 16:59:20 mixed.end.log]
--------------------------------------------------------------------------------------------------------------------------
>>>>>>>>>>[2020-08-21 16:59:56 mixed.start.log]
指定了非法的平台: favicon.ico
>>>>>>>>>>[2020-08-21 16:59:56 mixed.end.log]
--------------------------------------------------------------------------------------------------------------------------
>>>>>>>>>>[2020-08-21 17:06:50 mixed.start.log]
指定了非法的平台: favicon.ico
>>>>>>>>>>[2020-08-21 17:06:50 mixed.end.log]
--------------------------------------------------------------------------------------------------------------------------
>>>>>>>>>>[2020-08-21 17:35:46 mixed.start.log]
指定了非法的平台: assets
>>>>>>>>>>[2020-08-21 17:35:46 mixed.end.log]
--------------------------------------------------------------------------------------------------------------------------
>>>>>>>>>>[2020-08-21 17:35:46 mixed.start.log]
指定了非法的平台: assets
>>>>>>>>>>[2020-08-21 17:35:46 mixed.end.log]
--------------------------------------------------------------------------------------------------------------------------
>>>>>>>>>>[2020-08-21 17:35:46 mixed.start.log]
指定了非法的平台: assets
>>>>>>>>>>[2020-08-21 17:35:46 mixed.end.log]
--------------------------------------------------------------------------------------------------------------------------
>>>>>>>>>>[2020-08-21 17:35:47 mixed.start.log]
指定了非法的平台: assets
>>>>>>>>>>[2020-08-21 17:35:47 mixed.end.log]
--------------------------------------------------------------------------------------------------------------------------
>>>>>>>>>>[2020-08-21 17:35:47 mixed.start.log]
指定了非法的平台: assets
>>>>>>>>>>[2020-08-21 17:35:47 mixed.end.log]
--------------------------------------------------------------------------------------------------------------------------
>>>>>>>>>>[2020-08-21 17:35:47 mixed.start.log]
指定了非法的平台: assets
>>>>>>>>>>[2020-08-21 17:35:47 mixed.end.log]
--------------------------------------------------------------------------------------------------------------------------
>>>>>>>>>>[2020-08-21 17:35:47 mixed.start.log]
指定了非法的平台: assets
>>>>>>>>>>[2020-08-21 17:35:47 mixed.end.log]
--------------------------------------------------------------------------------------------------------------------------
>>>>>>>>>>[2020-08-21 17:35:47 mixed.start.log]
指定了非法的平台: assets
>>>>>>>>>>[2020-08-21 17:35:47 mixed.end.log]
--------------------------------------------------------------------------------------------------------------------------
>>>>>>>>>>[2020-08-21 17:35:47 mixed.start.log]
指定了非法的平台: assets
>>>>>>>>>>[2020-08-21 17:35:47 mixed.end.log]
--------------------------------------------------------------------------------------------------------------------------
>>>>>>>>>>[2020-08-21 17:35:47 mixed.start.log]
指定了非法的平台: assets
>>>>>>>>>>[2020-08-21 17:35:47 mixed.end.log]
--------------------------------------------------------------------------------------------------------------------------
>>>>>>>>>>[2020-08-21 17:35:47 mixed.start.log]
指定了非法的平台: assets
>>>>>>>>>>[2020-08-21 17:35:47 mixed.end.log]
--------------------------------------------------------------------------------------------------------------------------
>>>>>>>>>>[2020-08-21 17:35:47 mixed.start.log]
指定了非法的平台: assets
>>>>>>>>>>[2020-08-21 17:35:47 mixed.end.log]
--------------------------------------------------------------------------------------------------------------------------
>>>>>>>>>>[2020-08-21 17:35:47 mixed.start.log]
指定了非法的平台: assets
>>>>>>>>>>[2020-08-21 17:35:47 mixed.end.log]
--------------------------------------------------------------------------------------------------------------------------
>>>>>>>>>>[2020-08-21 17:35:48 mixed.start.log]
指定了非法的平台: assets
>>>>>>>>>>[2020-08-21 17:35:48 mixed.end.log]
--------------------------------------------------------------------------------------------------------------------------
>>>>>>>>>>[2020-08-21 17:35:48 mixed.start.log]
指定了非法的平台: assets
>>>>>>>>>>[2020-08-21 17:35:48 mixed.end.log]
--------------------------------------------------------------------------------------------------------------------------
>>>>>>>>>>[2020-08-21 17:35:49 mixed.start.log]
指定了非法的平台: favicon.png
>>>>>>>>>>[2020-08-21 17:35:49 mixed.end.log]
--------------------------------------------------------------------------------------------------------------------------
>>>>>>>>>>[2020-08-21 17:39:40 mixed.start.log]
指定了非法的平台: assets
>>>>>>>>>>[2020-08-21 17:39:40 mixed.end.log]
--------------------------------------------------------------------------------------------------------------------------
>>>>>>>>>>[2020-08-21 17:39:40 mixed.start.log]
指定了非法的平台: vendor
>>>>>>>>>>[2020-08-21 17:39:40 mixed.end.log]
--------------------------------------------------------------------------------------------------------------------------
>>>>>>>>>>[2020-08-21 17:39:40 mixed.start.log]
指定了非法的平台: assets
>>>>>>>>>>[2020-08-21 17:39:40 mixed.end.log]
--------------------------------------------------------------------------------------------------------------------------
>>>>>>>>>>[2020-08-21 17:39:40 mixed.start.log]
指定了非法的平台: assets
>>>>>>>>>>[2020-08-21 17:39:40 mixed.end.log]
--------------------------------------------------------------------------------------------------------------------------
>>>>>>>>>>[2020-08-21 17:39:40 mixed.start.log]
指定了非法的平台: assets
>>>>>>>>>>[2020-08-21 17:39:40 mixed.end.log]
--------------------------------------------------------------------------------------------------------------------------
>>>>>>>>>>[2020-08-21 17:39:40 mixed.start.log]
指定了非法的平台: assets
>>>>>>>>>>[2020-08-21 17:39:40 mixed.end.log]
--------------------------------------------------------------------------------------------------------------------------
>>>>>>>>>>[2020-08-21 17:39:40 mixed.start.log]
指定了非法的平台: assets
>>>>>>>>>>[2020-08-21 17:39:40 mixed.end.log]
--------------------------------------------------------------------------------------------------------------------------
>>>>>>>>>>[2020-08-21 17:39:40 mixed.start.log]
指定了非法的平台: assets
>>>>>>>>>>[2020-08-21 17:39:40 mixed.end.log]
--------------------------------------------------------------------------------------------------------------------------
>>>>>>>>>>[2020-08-21 17:39:40 mixed.start.log]
指定了非法的平台: assets
>>>>>>>>>>[2020-08-21 17:39:40 mixed.end.log]
--------------------------------------------------------------------------------------------------------------------------
>>>>>>>>>>[2020-08-21 17:39:40 mixed.start.log]
指定了非法的平台: assets
>>>>>>>>>>[2020-08-21 17:39:40 mixed.end.log]
--------------------------------------------------------------------------------------------------------------------------
>>>>>>>>>>[2020-08-21 17:39:41 mixed.start.log]
指定了非法的平台: assets
>>>>>>>>>>[2020-08-21 17:39:41 mixed.end.log]
--------------------------------------------------------------------------------------------------------------------------
>>>>>>>>>>[2020-08-21 17:39:41 mixed.start.log]
指定了非法的平台: assets
>>>>>>>>>>[2020-08-21 17:39:41 mixed.end.log]
--------------------------------------------------------------------------------------------------------------------------
>>>>>>>>>>[2020-08-21 17:39:41 mixed.start.log]
指定了非法的平台: assets
>>>>>>>>>>[2020-08-21 17:39:41 mixed.end.log]
--------------------------------------------------------------------------------------------------------------------------
>>>>>>>>>>[2020-08-21 17:39:41 mixed.start.log]
指定了非法的平台: assets
>>>>>>>>>>[2020-08-21 17:39:41 mixed.end.log]
--------------------------------------------------------------------------------------------------------------------------
>>>>>>>>>>[2020-08-21 17:39:41 mixed.start.log]
指定了非法的平台: assets
>>>>>>>>>>[2020-08-21 17:39:41 mixed.end.log]
--------------------------------------------------------------------------------------------------------------------------
>>>>>>>>>>[2020-08-21 17:39:42 mixed.start.log]
指定了非法的平台: favicon.png
>>>>>>>>>>[2020-08-21 17:39:42 mixed.end.log]
--------------------------------------------------------------------------------------------------------------------------
>>>>>>>>>>[2020-08-21 17:40:02 mixed.start.log]
指定了非法的平台: vendor
>>>>>>>>>>[2020-08-21 17:40:02 mixed.end.log]
--------------------------------------------------------------------------------------------------------------------------
>>>>>>>>>>[2020-08-21 17:40:02 mixed.start.log]
指定了非法的平台: vendor
>>>>>>>>>>[2020-08-21 17:40:02 mixed.end.log]
--------------------------------------------------------------------------------------------------------------------------
>>>>>>>>>>[2020-08-21 17:40:02 mixed.start.log]
指定了非法的平台: vendor
>>>>>>>>>>[2020-08-21 17:40:02 mixed.end.log]
--------------------------------------------------------------------------------------------------------------------------
>>>>>>>>>>[2020-08-21 17:40:02 mixed.start.log]
指定了非法的平台: vendor
>>>>>>>>>>[2020-08-21 17:40:02 mixed.end.log]
--------------------------------------------------------------------------------------------------------------------------
>>>>>>>>>>[2020-08-21 17:40:02 mixed.start.log]
指定了非法的平台: vendor
>>>>>>>>>>[2020-08-21 17:40:02 mixed.end.log]
--------------------------------------------------------------------------------------------------------------------------
>>>>>>>>>>[2020-08-21 17:40:02 mixed.start.log]
指定了非法的平台: vendor
>>>>>>>>>>[2020-08-21 17:40:02 mixed.end.log]
--------------------------------------------------------------------------------------------------------------------------
>>>>>>>>>>[2020-08-21 17:40:02 mixed.start.log]
指定了非法的平台: css
>>>>>>>>>>[2020-08-21 17:40:02 mixed.end.log]
--------------------------------------------------------------------------------------------------------------------------
>>>>>>>>>>[2020-08-21 17:40:02 mixed.start.log]
指定了非法的平台: vendor
>>>>>>>>>>[2020-08-21 17:40:02 mixed.end.log]
--------------------------------------------------------------------------------------------------------------------------
>>>>>>>>>>[2020-08-21 17:40:03 mixed.start.log]
指定了非法的平台: assets
>>>>>>>>>>[2020-08-21 17:40:03 mixed.end.log]
--------------------------------------------------------------------------------------------------------------------------
>>>>>>>>>>[2020-08-21 17:40:03 mixed.start.log]
指定了非法的平台: assets
>>>>>>>>>>[2020-08-21 17:40:03 mixed.end.log]
--------------------------------------------------------------------------------------------------------------------------
>>>>>>>>>>[2020-08-21 17:40:03 mixed.start.log]
指定了非法的平台: assets
>>>>>>>>>>[2020-08-21 17:40:03 mixed.end.log]
--------------------------------------------------------------------------------------------------------------------------
>>>>>>>>>>[2020-08-21 17:40:03 mixed.start.log]
指定了非法的平台: assets
>>>>>>>>>>[2020-08-21 17:40:03 mixed.end.log]
--------------------------------------------------------------------------------------------------------------------------
>>>>>>>>>>[2020-08-21 17:40:03 mixed.start.log]
指定了非法的平台: assets
>>>>>>>>>>[2020-08-21 17:40:03 mixed.end.log]
--------------------------------------------------------------------------------------------------------------------------
>>>>>>>>>>[2020-08-21 17:40:03 mixed.start.log]
指定了非法的平台: assets
>>>>>>>>>>[2020-08-21 17:40:03 mixed.end.log]
--------------------------------------------------------------------------------------------------------------------------
>>>>>>>>>>[2020-08-21 17:40:03 mixed.start.log]
指定了非法的平台: assets
>>>>>>>>>>[2020-08-21 17:40:03 mixed.end.log]
--------------------------------------------------------------------------------------------------------------------------
>>>>>>>>>>[2020-08-21 17:40:04 mixed.start.log]
指定了非法的平台: favicon.png
>>>>>>>>>>[2020-08-21 17:40:04 mixed.end.log]
--------------------------------------------------------------------------------------------------------------------------
>>>>>>>>>>[2020-08-21 17:40:07 mixed.start.log]
指定了非法的平台: vendor
>>>>>>>>>>[2020-08-21 17:40:07 mixed.end.log]
--------------------------------------------------------------------------------------------------------------------------
>>>>>>>>>>[2020-08-21 17:40:07 mixed.start.log]
指定了非法的平台: vendor
>>>>>>>>>>[2020-08-21 17:40:07 mixed.end.log]
--------------------------------------------------------------------------------------------------------------------------
>>>>>>>>>>[2020-08-21 17:40:07 mixed.start.log]
指定了非法的平台: vendor
>>>>>>>>>>[2020-08-21 17:40:07 mixed.end.log]
--------------------------------------------------------------------------------------------------------------------------
>>>>>>>>>>[2020-08-21 17:40:07 mixed.start.log]
指定了非法的平台: vendor
>>>>>>>>>>[2020-08-21 17:40:07 mixed.end.log]
--------------------------------------------------------------------------------------------------------------------------
>>>>>>>>>>[2020-08-21 17:40:07 mixed.start.log]
指定了非法的平台: vendor
>>>>>>>>>>[2020-08-21 17:40:07 mixed.end.log]
--------------------------------------------------------------------------------------------------------------------------
>>>>>>>>>>[2020-08-21 17:40:07 mixed.start.log]
指定了非法的平台: vendor
>>>>>>>>>>[2020-08-21 17:40:07 mixed.end.log]
--------------------------------------------------------------------------------------------------------------------------
>>>>>>>>>>[2020-08-21 17:40:07 mixed.start.log]
指定了非法的平台: css
>>>>>>>>>>[2020-08-21 17:40:07 mixed.end.log]
--------------------------------------------------------------------------------------------------------------------------
>>>>>>>>>>[2020-08-21 17:40:07 mixed.start.log]
指定了非法的平台: vendor
>>>>>>>>>>[2020-08-21 17:40:07 mixed.end.log]
--------------------------------------------------------------------------------------------------------------------------
>>>>>>>>>>[2020-08-21 17:40:17 mixed.start.log]
指定了非法的平台: vendor
>>>>>>>>>>[2020-08-21 17:40:17 mixed.end.log]
--------------------------------------------------------------------------------------------------------------------------
>>>>>>>>>>[2020-08-21 17:40:17 mixed.start.log]
指定了非法的平台: vendor
>>>>>>>>>>[2020-08-21 17:40:17 mixed.end.log]
--------------------------------------------------------------------------------------------------------------------------
>>>>>>>>>>[2020-08-21 17:40:17 mixed.start.log]
指定了非法的平台: vendor
>>>>>>>>>>[2020-08-21 17:40:17 mixed.end.log]
--------------------------------------------------------------------------------------------------------------------------
>>>>>>>>>>[2020-08-21 17:40:17 mixed.start.log]
指定了非法的平台: vendor
>>>>>>>>>>[2020-08-21 17:40:17 mixed.end.log]
--------------------------------------------------------------------------------------------------------------------------
>>>>>>>>>>[2020-08-21 17:40:17 mixed.start.log]
指定了非法的平台: vendor
>>>>>>>>>>[2020-08-21 17:40:17 mixed.end.log]
--------------------------------------------------------------------------------------------------------------------------
>>>>>>>>>>[2020-08-21 17:40:17 mixed.start.log]
指定了非法的平台: vendor
>>>>>>>>>>[2020-08-21 17:40:17 mixed.end.log]
--------------------------------------------------------------------------------------------------------------------------
>>>>>>>>>>[2020-08-21 17:40:17 mixed.start.log]
指定了非法的平台: vendor
>>>>>>>>>>[2020-08-21 17:40:17 mixed.end.log]
--------------------------------------------------------------------------------------------------------------------------
>>>>>>>>>>[2020-08-21 17:40:17 mixed.start.log]
指定了非法的平台: css
>>>>>>>>>>[2020-08-21 17:40:17 mixed.end.log]
--------------------------------------------------------------------------------------------------------------------------
>>>>>>>>>>[2020-08-21 17:40:18 mixed.start.log]
指定了非法的平台: assets
>>>>>>>>>>[2020-08-21 17:40:18 mixed.end.log]
--------------------------------------------------------------------------------------------------------------------------
>>>>>>>>>>[2020-08-21 17:40:18 mixed.start.log]
指定了非法的平台: assets
>>>>>>>>>>[2020-08-21 17:40:18 mixed.end.log]
--------------------------------------------------------------------------------------------------------------------------
>>>>>>>>>>[2020-08-21 17:40:18 mixed.start.log]
指定了非法的平台: assets
>>>>>>>>>>[2020-08-21 17:40:18 mixed.end.log]
--------------------------------------------------------------------------------------------------------------------------
>>>>>>>>>>[2020-08-21 17:40:18 mixed.start.log]
指定了非法的平台: assets
>>>>>>>>>>[2020-08-21 17:40:18 mixed.end.log]
--------------------------------------------------------------------------------------------------------------------------
>>>>>>>>>>[2020-08-21 17:40:18 mixed.start.log]
指定了非法的平台: assets
>>>>>>>>>>[2020-08-21 17:40:18 mixed.end.log]
--------------------------------------------------------------------------------------------------------------------------
>>>>>>>>>>[2020-08-21 17:40:18 mixed.start.log]
指定了非法的平台: assets
>>>>>>>>>>[2020-08-21 17:40:18 mixed.end.log]
--------------------------------------------------------------------------------------------------------------------------
>>>>>>>>>>[2020-08-21 17:40:18 mixed.start.log]
指定了非法的平台: assets
>>>>>>>>>>[2020-08-21 17:40:18 mixed.end.log]
--------------------------------------------------------------------------------------------------------------------------
>>>>>>>>>>[2020-08-21 17:40:19 mixed.start.log]
指定了非法的平台: assets
>>>>>>>>>>[2020-08-21 17:40:19 mixed.end.log]
--------------------------------------------------------------------------------------------------------------------------
>>>>>>>>>>[2020-08-21 17:40:19 mixed.start.log]
指定了非法的平台: assets
>>>>>>>>>>[2020-08-21 17:40:19 mixed.end.log]
--------------------------------------------------------------------------------------------------------------------------
>>>>>>>>>>[2020-08-21 17:40:20 mixed.start.log]
指定了非法的平台: favicon.png
>>>>>>>>>>[2020-08-21 17:40:20 mixed.end.log]
--------------------------------------------------------------------------------------------------------------------------
>>>>>>>>>>[2020-08-21 17:40:31 mixed.start.log]
指定了非法的平台: vendor
>>>>>>>>>>[2020-08-21 17:40:31 mixed.end.log]
--------------------------------------------------------------------------------------------------------------------------
>>>>>>>>>>[2020-08-21 17:40:32 mixed.start.log]
指定了非法的平台: vendor
>>>>>>>>>>[2020-08-21 17:40:32 mixed.end.log]
--------------------------------------------------------------------------------------------------------------------------
>>>>>>>>>>[2020-08-21 17:40:32 mixed.start.log]
指定了非法的平台: vendor
>>>>>>>>>>[2020-08-21 17:40:32 mixed.end.log]
--------------------------------------------------------------------------------------------------------------------------
>>>>>>>>>>[2020-08-21 17:40:32 mixed.start.log]
指定了非法的平台: vendor
>>>>>>>>>>[2020-08-21 17:40:32 mixed.end.log]
--------------------------------------------------------------------------------------------------------------------------
>>>>>>>>>>[2020-08-21 17:40:32 mixed.start.log]
指定了非法的平台: vendor
>>>>>>>>>>[2020-08-21 17:40:32 mixed.end.log]
--------------------------------------------------------------------------------------------------------------------------
>>>>>>>>>>[2020-08-21 17:40:32 mixed.start.log]
指定了非法的平台: vendor
>>>>>>>>>>[2020-08-21 17:40:32 mixed.end.log]
--------------------------------------------------------------------------------------------------------------------------
>>>>>>>>>>[2020-08-21 17:40:32 mixed.start.log]
指定了非法的平台: vendor
>>>>>>>>>>[2020-08-21 17:40:32 mixed.end.log]
--------------------------------------------------------------------------------------------------------------------------
>>>>>>>>>>[2020-08-21 17:40:32 mixed.start.log]
指定了非法的平台: vendor
>>>>>>>>>>[2020-08-21 17:40:32 mixed.end.log]
--------------------------------------------------------------------------------------------------------------------------
>>>>>>>>>>[2020-08-21 17:40:32 mixed.start.log]
指定了非法的平台: css
>>>>>>>>>>[2020-08-21 17:40:32 mixed.end.log]
--------------------------------------------------------------------------------------------------------------------------
>>>>>>>>>>[2020-08-21 17:40:32 mixed.start.log]
匹配不到routes对应的规则: /self/manage/user/assets/bundles/libscripts.bundle.js
>>>>>>>>>>[2020-08-21 17:40:32 mixed.end.log]
--------------------------------------------------------------------------------------------------------------------------
>>>>>>>>>>[2020-08-21 17:40:32 mixed.start.log]
匹配不到routes对应的规则: /self/manage/user/assets/bundles/vendorscripts.bundle.js
>>>>>>>>>>[2020-08-21 17:40:32 mixed.end.log]
--------------------------------------------------------------------------------------------------------------------------
>>>>>>>>>>[2020-08-21 17:40:32 mixed.start.log]
匹配不到routes对应的规则: /self/manage/user/assets/vendor/toastr/toastr.js
>>>>>>>>>>[2020-08-21 17:40:32 mixed.end.log]
--------------------------------------------------------------------------------------------------------------------------
>>>>>>>>>>[2020-08-21 17:40:32 mixed.start.log]
匹配不到routes对应的规则: /self/manage/user/assets/bundles/mainscripts.bundle.js
>>>>>>>>>>[2020-08-21 17:40:32 mixed.end.log]
--------------------------------------------------------------------------------------------------------------------------
>>>>>>>>>>[2020-08-21 17:40:33 mixed.start.log]
匹配不到routes对应的规则: /self/manage/user/assets/js/index.js
>>>>>>>>>>[2020-08-21 17:40:33 mixed.end.log]
--------------------------------------------------------------------------------------------------------------------------
>>>>>>>>>>[2020-08-21 17:40:33 mixed.start.log]
匹配不到routes对应的规则: /self/manage/user/assets/images/icon.svg
>>>>>>>>>>[2020-08-21 17:40:33 mixed.end.log]
--------------------------------------------------------------------------------------------------------------------------
>>>>>>>>>>[2020-08-21 17:40:33 mixed.start.log]
匹配不到routes对应的规则: /self/manage/user/assets/images/1024x640.png
>>>>>>>>>>[2020-08-21 17:40:33 mixed.end.log]
--------------------------------------------------------------------------------------------------------------------------
>>>>>>>>>>[2020-08-21 17:40:34 mixed.start.log]
匹配不到routes对应的规则: /self/manage/user/favicon.png
>>>>>>>>>>[2020-08-21 17:40:34 mixed.end.log]
--------------------------------------------------------------------------------------------------------------------------
>>>>>>>>>>[2020-08-21 17:41:25 mixed.start.log]
指定了非法的平台: assets
>>>>>>>>>>[2020-08-21 17:41:25 mixed.end.log]
--------------------------------------------------------------------------------------------------------------------------
>>>>>>>>>>[2020-08-21 17:41:25 mixed.start.log]
指定了非法的平台: assets
>>>>>>>>>>[2020-08-21 17:41:25 mixed.end.log]
--------------------------------------------------------------------------------------------------------------------------
>>>>>>>>>>[2020-08-21 17:41:25 mixed.start.log]
指定了非法的平台: assets
>>>>>>>>>>[2020-08-21 17:41:25 mixed.end.log]
--------------------------------------------------------------------------------------------------------------------------
>>>>>>>>>>[2020-08-21 17:41:25 mixed.start.log]
指定了非法的平台: assets
>>>>>>>>>>[2020-08-21 17:41:25 mixed.end.log]
--------------------------------------------------------------------------------------------------------------------------
>>>>>>>>>>[2020-08-21 17:41:25 mixed.start.log]
指定了非法的平台: assets
>>>>>>>>>>[2020-08-21 17:41:25 mixed.end.log]
--------------------------------------------------------------------------------------------------------------------------
>>>>>>>>>>[2020-08-21 17:41:25 mixed.start.log]
指定了非法的平台: assets
>>>>>>>>>>[2020-08-21 17:41:25 mixed.end.log]
--------------------------------------------------------------------------------------------------------------------------
>>>>>>>>>>[2020-08-21 17:41:25 mixed.start.log]
指定了非法的平台: assets
>>>>>>>>>>[2020-08-21 17:41:25 mixed.end.log]
--------------------------------------------------------------------------------------------------------------------------
>>>>>>>>>>[2020-08-21 17:41:25 mixed.start.log]
指定了非法的平台: assets
>>>>>>>>>>[2020-08-21 17:41:25 mixed.end.log]
--------------------------------------------------------------------------------------------------------------------------
>>>>>>>>>>[2020-08-21 17:41:25 mixed.start.log]
指定了非法的平台: assets
>>>>>>>>>>[2020-08-21 17:41:25 mixed.end.log]
--------------------------------------------------------------------------------------------------------------------------
>>>>>>>>>>[2020-08-21 17:41:27 mixed.start.log]
指定了非法的平台: favicon.png
>>>>>>>>>>[2020-08-21 17:41:27 mixed.end.log]
--------------------------------------------------------------------------------------------------------------------------
>>>>>>>>>>[2020-08-21 17:41:54 mixed.start.log]
指定了非法的平台: assets
>>>>>>>>>>[2020-08-21 17:41:54 mixed.end.log]
--------------------------------------------------------------------------------------------------------------------------
>>>>>>>>>>[2020-08-21 17:41:54 mixed.start.log]
指定了非法的平台: assets
>>>>>>>>>>[2020-08-21 17:41:54 mixed.end.log]
--------------------------------------------------------------------------------------------------------------------------
>>>>>>>>>>[2020-08-21 17:41:54 mixed.start.log]
指定了非法的平台: assets
>>>>>>>>>>[2020-08-21 17:41:54 mixed.end.log]
--------------------------------------------------------------------------------------------------------------------------
>>>>>>>>>>[2020-08-21 17:41:54 mixed.start.log]
指定了非法的平台: assets
>>>>>>>>>>[2020-08-21 17:41:54 mixed.end.log]
--------------------------------------------------------------------------------------------------------------------------
>>>>>>>>>>[2020-08-21 17:41:54 mixed.start.log]
指定了非法的平台: assets
>>>>>>>>>>[2020-08-21 17:41:54 mixed.end.log]
--------------------------------------------------------------------------------------------------------------------------
>>>>>>>>>>[2020-08-21 17:41:54 mixed.start.log]
匹配不到routes对应的规则: /self/share/css/site.css
>>>>>>>>>>[2020-08-21 17:41:54 mixed.end.log]
--------------------------------------------------------------------------------------------------------------------------
>>>>>>>>>>[2020-08-21 17:41:54 mixed.start.log]
指定了非法的平台: assets
>>>>>>>>>>[2020-08-21 17:41:54 mixed.end.log]
--------------------------------------------------------------------------------------------------------------------------
>>>>>>>>>>[2020-08-21 17:41:54 mixed.start.log]
指定了非法的平台: assets
>>>>>>>>>>[2020-08-21 17:41:54 mixed.end.log]
--------------------------------------------------------------------------------------------------------------------------
>>>>>>>>>>[2020-08-21 17:41:54 mixed.start.log]
指定了非法的平台: assets
>>>>>>>>>>[2020-08-21 17:41:54 mixed.end.log]
--------------------------------------------------------------------------------------------------------------------------
>>>>>>>>>>[2020-08-21 17:41:54 mixed.start.log]
指定了非法的平台: assets
>>>>>>>>>>[2020-08-21 17:41:54 mixed.end.log]
--------------------------------------------------------------------------------------------------------------------------
>>>>>>>>>>[2020-08-21 17:41:55 mixed.start.log]
匹配不到routes对应的规则: /self/share/vendor/chartist-plugin-tooltip/chartist-plugin-tooltip.css.map
>>>>>>>>>>[2020-08-21 17:41:55 mixed.end.log]
--------------------------------------------------------------------------------------------------------------------------
>>>>>>>>>>[2020-08-21 17:41:55 mixed.start.log]
匹配不到routes对应的规则: /self/share/vendor/bootstrap/css/bootstrap.min.css.map
>>>>>>>>>>[2020-08-21 17:41:55 mixed.end.log]
--------------------------------------------------------------------------------------------------------------------------
>>>>>>>>>>[2020-08-21 17:41:55 mixed.start.log]
匹配不到routes对应的规则: /self/share/vendor/chartist/css/chartist.css.map
>>>>>>>>>>[2020-08-21 17:41:55 mixed.end.log]
--------------------------------------------------------------------------------------------------------------------------
>>>>>>>>>>[2020-08-21 17:41:55 mixed.start.log]
指定了非法的平台: favicon.png
>>>>>>>>>>[2020-08-21 17:41:55 mixed.end.log]
--------------------------------------------------------------------------------------------------------------------------
>>>>>>>>>>[2020-08-21 17:43:30 mixed.start.log]
指定了非法的平台: assets
>>>>>>>>>>[2020-08-21 17:43:30 mixed.end.log]
--------------------------------------------------------------------------------------------------------------------------
>>>>>>>>>>[2020-08-21 17:43:30 mixed.start.log]
指定了非法的平台: assets
>>>>>>>>>>[2020-08-21 17:43:30 mixed.end.log]
--------------------------------------------------------------------------------------------------------------------------
>>>>>>>>>>[2020-08-21 17:43:30 mixed.start.log]
指定了非法的平台: assets
>>>>>>>>>>[2020-08-21 17:43:30 mixed.end.log]
--------------------------------------------------------------------------------------------------------------------------
>>>>>>>>>>[2020-08-21 17:43:30 mixed.start.log]
指定了非法的平台: assets
>>>>>>>>>>[2020-08-21 17:43:30 mixed.end.log]
--------------------------------------------------------------------------------------------------------------------------
>>>>>>>>>>[2020-08-21 17:43:30 mixed.start.log]
指定了非法的平台: assets
>>>>>>>>>>[2020-08-21 17:43:30 mixed.end.log]
--------------------------------------------------------------------------------------------------------------------------
>>>>>>>>>>[2020-08-21 17:43:30 mixed.start.log]
指定了非法的平台: assets
>>>>>>>>>>[2020-08-21 17:43:30 mixed.end.log]
--------------------------------------------------------------------------------------------------------------------------
>>>>>>>>>>[2020-08-21 17:43:30 mixed.start.log]
指定了非法的平台: assets
>>>>>>>>>>[2020-08-21 17:43:30 mixed.end.log]
--------------------------------------------------------------------------------------------------------------------------
>>>>>>>>>>[2020-08-21 17:43:30 mixed.start.log]
匹配不到routes对应的规则: /self/share/vendor/chartist-plugin-tooltip/chartist-plugin-tooltip.css.map
>>>>>>>>>>[2020-08-21 17:43:30 mixed.end.log]
--------------------------------------------------------------------------------------------------------------------------
>>>>>>>>>>[2020-08-21 17:43:30 mixed.start.log]
匹配不到routes对应的规则: /self/share/vendor/bootstrap/css/bootstrap.min.css.map
>>>>>>>>>>[2020-08-21 17:43:30 mixed.end.log]
--------------------------------------------------------------------------------------------------------------------------
>>>>>>>>>>[2020-08-21 17:43:30 mixed.start.log]
匹配不到routes对应的规则: /self/share/vendor/chartist/css/chartist.css.map
>>>>>>>>>>[2020-08-21 17:43:30 mixed.end.log]
--------------------------------------------------------------------------------------------------------------------------
>>>>>>>>>>[2020-08-21 17:43:30 mixed.start.log]
匹配不到routes对应的规则: /self/share/fonts/weathericons-regular-webfont.woff
>>>>>>>>>>[2020-08-21 17:43:30 mixed.end.log]
--------------------------------------------------------------------------------------------------------------------------
>>>>>>>>>>[2020-08-21 17:43:30 mixed.start.log]
匹配不到routes对应的规则: /self/share/fonts/simple-Line-Icons.woff
>>>>>>>>>>[2020-08-21 17:43:30 mixed.end.log]
--------------------------------------------------------------------------------------------------------------------------
>>>>>>>>>>[2020-08-21 17:43:30 mixed.start.log]
指定了非法的平台: assets
>>>>>>>>>>[2020-08-21 17:43:30 mixed.end.log]
--------------------------------------------------------------------------------------------------------------------------
>>>>>>>>>>[2020-08-21 17:43:30 mixed.start.log]
指定了非法的平台: assets
>>>>>>>>>>[2020-08-21 17:43:30 mixed.end.log]
--------------------------------------------------------------------------------------------------------------------------
>>>>>>>>>>[2020-08-21 17:43:32 mixed.start.log]
匹配不到routes对应的规则: /self/share/fonts/weathericons-regular-webfont.ttf
>>>>>>>>>>[2020-08-21 17:43:32 mixed.end.log]
--------------------------------------------------------------------------------------------------------------------------
>>>>>>>>>>[2020-08-21 17:43:32 mixed.start.log]
匹配不到routes对应的规则: /self/share/fonts/simple-Line-Icons.ttf
>>>>>>>>>>[2020-08-21 17:43:32 mixed.end.log]
--------------------------------------------------------------------------------------------------------------------------
>>>>>>>>>>[2020-08-21 17:43:32 mixed.start.log]
指定了非法的平台: favicon.png
>>>>>>>>>>[2020-08-21 17:43:32 mixed.end.log]
--------------------------------------------------------------------------------------------------------------------------
>>>>>>>>>>[2020-08-21 17:50:44 mixed.start.log]
指定了非法的平台: favicon.ico
>>>>>>>>>>[2020-08-21 17:50:44 mixed.end.log]
--------------------------------------------------------------------------------------------------------------------------
>>>>>>>>>>[2020-08-21 17:51:15 mixed.start.log]
指定了非法的平台: favicon.ico
>>>>>>>>>>[2020-08-21 17:51:15 mixed.end.log]
--------------------------------------------------------------------------------------------------------------------------
>>>>>>>>>>[2020-08-21 17:51:17 mixed.start.log]
指定了非法的平台: favicon.ico
>>>>>>>>>>[2020-08-21 17:51:17 mixed.end.log]
--------------------------------------------------------------------------------------------------------------------------
>>>>>>>>>>[2020-08-21 17:51:35 mixed.start.log]
指定了非法的平台: favicon.ico
>>>>>>>>>>[2020-08-21 17:51:35 mixed.end.log]
--------------------------------------------------------------------------------------------------------------------------
>>>>>>>>>>[2020-08-21 17:54:20 mixed.start.log]
指定了非法的平台: favicon.ico
>>>>>>>>>>[2020-08-21 17:54:20 mixed.end.log]
--------------------------------------------------------------------------------------------------------------------------
>>>>>>>>>>[2020-08-21 17:54:46 mixed.start.log]
指定了非法的平台: favicon.ico
>>>>>>>>>>[2020-08-21 17:54:46 mixed.end.log]
--------------------------------------------------------------------------------------------------------------------------
>>>>>>>>>>[2020-08-21 18:00:17 mixed.start.log]
文件不存在：
>>>>>>>>>>[2020-08-21 18:00:17 mixed.end.log]
--------------------------------------------------------------------------------------------------------------------------
>>>>>>>>>>[2020-08-21 18:00:17 mixed.start.log]
指定了非法的平台: favicon.ico
>>>>>>>>>>[2020-08-21 18:00:17 mixed.end.log]
--------------------------------------------------------------------------------------------------------------------------
>>>>>>>>>>[2020-08-21 18:00:17 mixed.start.log]
文件不存在：
>>>>>>>>>>[2020-08-21 18:00:17 mixed.end.log]
--------------------------------------------------------------------------------------------------------------------------
>>>>>>>>>>[2020-08-21 18:00:37 mixed.start.log]
文件不存在：
>>>>>>>>>>[2020-08-21 18:00:37 mixed.end.log]
--------------------------------------------------------------------------------------------------------------------------
>>>>>>>>>>[2020-08-21 18:00:37 mixed.start.log]
指定了非法的平台: favicon.ico
>>>>>>>>>>[2020-08-21 18:00:37 mixed.end.log]
--------------------------------------------------------------------------------------------------------------------------
>>>>>>>>>>[2020-08-21 18:00:37 mixed.start.log]
文件不存在：
>>>>>>>>>>[2020-08-21 18:00:37 mixed.end.log]
--------------------------------------------------------------------------------------------------------------------------
>>>>>>>>>>[2020-08-21 18:01:10 mixed.start.log]
指定了非法的平台: favicon.ico
>>>>>>>>>>[2020-08-21 18:01:10 mixed.end.log]
--------------------------------------------------------------------------------------------------------------------------
>>>>>>>>>>[2020-08-21 18:08:46 mixed.start.log]
文件不存在：
>>>>>>>>>>[2020-08-21 18:08:46 mixed.end.log]
--------------------------------------------------------------------------------------------------------------------------
>>>>>>>>>>[2020-08-21 18:08:46 mixed.start.log]
指定了非法的平台: favicon.ico
>>>>>>>>>>[2020-08-21 18:08:46 mixed.end.log]
--------------------------------------------------------------------------------------------------------------------------
>>>>>>>>>>[2020-08-21 18:08:46 mixed.start.log]
文件不存在：
>>>>>>>>>>[2020-08-21 18:08:46 mixed.end.log]
--------------------------------------------------------------------------------------------------------------------------
