>>>>>>>>>>[2020-11-08 14:21:24 mixed.start.log]
文件不存在：; className: Request
>>>>>>>>>>[2020-11-08 14:21:24 mixed.end.log]
--------------------------------------------------------------------------------------------------------------------------
>>>>>>>>>>[2020-11-08 14:21:24 mixed.start.log]
指定了非法的平台: favicon.ico
>>>>>>>>>>[2020-11-08 14:21:24 mixed.end.log]
--------------------------------------------------------------------------------------------------------------------------
>>>>>>>>>>[2020-11-08 14:23:25 mixed.start.log]
指定了非法的平台: favicon.ico
>>>>>>>>>>[2020-11-08 14:23:25 mixed.end.log]
--------------------------------------------------------------------------------------------------------------------------
>>>>>>>>>>[2020-11-08 14:23:46 mixed.start.log]
指定了非法的平台: favicon.ico
>>>>>>>>>>[2020-11-08 14:23:46 mixed.end.log]
--------------------------------------------------------------------------------------------------------------------------
>>>>>>>>>>[2020-11-08 14:24:22 mixed.start.log]
指定了非法的平台: favicon.ico
>>>>>>>>>>[2020-11-08 14:24:22 mixed.end.log]
--------------------------------------------------------------------------------------------------------------------------
>>>>>>>>>>[2020-11-08 14:24:46 mixed.start.log]
指定了非法的平台: favicon.ico
>>>>>>>>>>[2020-11-08 14:24:46 mixed.end.log]
--------------------------------------------------------------------------------------------------------------------------
>>>>>>>>>>[2020-11-08 14:45:06 mixed.start.log]
匹配不到routes对应的规则: /system/manage/login/favicon.png
>>>>>>>>>>[2020-11-08 14:45:06 mixed.end.log]
--------------------------------------------------------------------------------------------------------------------------
>>>>>>>>>>[2020-11-08 14:45:08 mixed.start.log]
匹配不到routes对应的规则: /system/manage/login/favicon.png
>>>>>>>>>>[2020-11-08 14:45:08 mixed.end.log]
--------------------------------------------------------------------------------------------------------------------------
>>>>>>>>>>[2020-11-08 14:45:17 mixed.start.log]
匹配不到routes对应的规则: /system/manage/login/favicon.png
>>>>>>>>>>[2020-11-08 14:45:17 mixed.end.log]
--------------------------------------------------------------------------------------------------------------------------
>>>>>>>>>>[2020-11-08 14:45:56 mixed.start.log]
匹配不到routes对应的规则: /system/manage/login/favicon.png
>>>>>>>>>>[2020-11-08 14:45:56 mixed.end.log]
--------------------------------------------------------------------------------------------------------------------------
>>>>>>>>>>[2020-11-08 14:46:13 mixed.start.log]
指定了非法的平台: favicon.ico
>>>>>>>>>>[2020-11-08 14:46:13 mixed.end.log]
--------------------------------------------------------------------------------------------------------------------------
>>>>>>>>>>[2020-11-08 16:10:15 mixed.start.log]
指定了非法的平台: favicon.ico
>>>>>>>>>>[2020-11-08 16:10:15 mixed.end.log]
--------------------------------------------------------------------------------------------------------------------------
>>>>>>>>>>[2020-11-08 16:10:52 mixed.start.log]
指定了非法的平台: favicon.ico
>>>>>>>>>>[2020-11-08 16:10:52 mixed.end.log]
--------------------------------------------------------------------------------------------------------------------------
>>>>>>>>>>[2020-11-08 16:11:21 mixed.start.log]
指定了非法的平台: favicon.ico
>>>>>>>>>>[2020-11-08 16:11:21 mixed.end.log]
--------------------------------------------------------------------------------------------------------------------------
>>>>>>>>>>[2020-11-08 16:11:52 mixed.start.log]
指定了非法的平台: favicon.ico
>>>>>>>>>>[2020-11-08 16:11:52 mixed.end.log]
--------------------------------------------------------------------------------------------------------------------------
>>>>>>>>>>[2020-11-08 16:12:16 mixed.start.log]
指定了非法的平台: favicon.ico
>>>>>>>>>>[2020-11-08 16:12:16 mixed.end.log]
--------------------------------------------------------------------------------------------------------------------------
>>>>>>>>>>[2020-11-08 16:14:09 mixed.start.log]
指定了非法的平台: favicon.ico
>>>>>>>>>>[2020-11-08 16:14:09 mixed.end.log]
--------------------------------------------------------------------------------------------------------------------------
>>>>>>>>>>[2020-11-08 16:15:55 mixed.start.log]
指定了非法的平台: favicon.ico
>>>>>>>>>>[2020-11-08 16:15:55 mixed.end.log]
--------------------------------------------------------------------------------------------------------------------------
>>>>>>>>>>[2020-11-08 16:16:58 mixed.start.log]
指定了非法的平台: favicon.ico
>>>>>>>>>>[2020-11-08 16:16:58 mixed.end.log]
--------------------------------------------------------------------------------------------------------------------------
>>>>>>>>>>[2020-11-08 16:17:27 mixed.start.log]
指定了非法的平台: favicon.ico
>>>>>>>>>>[2020-11-08 16:17:27 mixed.end.log]
--------------------------------------------------------------------------------------------------------------------------
>>>>>>>>>>[2020-11-08 16:18:16 mixed.start.log]
指定了非法的平台: favicon.ico
>>>>>>>>>>[2020-11-08 16:18:16 mixed.end.log]
--------------------------------------------------------------------------------------------------------------------------
>>>>>>>>>>[2020-11-08 16:18:36 mixed.start.log]
指定了非法的平台: favicon.ico
>>>>>>>>>>[2020-11-08 16:18:36 mixed.end.log]
--------------------------------------------------------------------------------------------------------------------------
>>>>>>>>>>[2020-11-08 16:19:10 mixed.start.log]
指定了非法的平台: favicon.ico
>>>>>>>>>>[2020-11-08 16:19:10 mixed.end.log]
--------------------------------------------------------------------------------------------------------------------------
>>>>>>>>>>[2020-11-08 16:24:01 mixed.start.log]
指定了非法的平台: favicon.ico
>>>>>>>>>>[2020-11-08 16:24:01 mixed.end.log]
--------------------------------------------------------------------------------------------------------------------------
>>>>>>>>>>[2020-11-08 16:24:42 mixed.start.log]
指定了非法的平台: favicon.ico
>>>>>>>>>>[2020-11-08 16:24:42 mixed.end.log]
--------------------------------------------------------------------------------------------------------------------------
>>>>>>>>>>[2020-11-08 16:24:56 mixed.start.log]
指定了非法的平台: favicon.ico
>>>>>>>>>>[2020-11-08 16:24:56 mixed.end.log]
--------------------------------------------------------------------------------------------------------------------------
>>>>>>>>>>[2020-11-08 16:29:29 mixed.start.log]
指定了非法的平台: favicon.ico
>>>>>>>>>>[2020-11-08 16:29:29 mixed.end.log]
--------------------------------------------------------------------------------------------------------------------------
>>>>>>>>>>[2020-11-08 16:55:57 mixed.start.log]
指定了非法的平台: favicon.ico
>>>>>>>>>>[2020-11-08 16:55:57 mixed.end.log]
--------------------------------------------------------------------------------------------------------------------------
