>>>>>>>>>>[2020-11-04 14:08:50 mixed.start.log]
指定了非法的平台: gp
>>>>>>>>>>[2020-11-04 14:08:50 mixed.end.log]
--------------------------------------------------------------------------------------------------------------------------
>>>>>>>>>>[2020-11-04 14:08:50 mixed.start.log]
指定了非法的平台: favicon.ico
>>>>>>>>>>[2020-11-04 14:08:50 mixed.end.log]
--------------------------------------------------------------------------------------------------------------------------
>>>>>>>>>>[2020-11-04 14:12:42 mixed.start.log]
指定了非法的平台: favicon.ico
>>>>>>>>>>[2020-11-04 14:12:42 mixed.end.log]
--------------------------------------------------------------------------------------------------------------------------
>>>>>>>>>>[2020-11-04 14:12:58 mixed.start.log]
指定了非法的平台: favicon.ico
>>>>>>>>>>[2020-11-04 14:12:58 mixed.end.log]
--------------------------------------------------------------------------------------------------------------------------
>>>>>>>>>>[2020-11-04 14:15:28 mixed.start.log]
指定了非法的平台: favicon.ico
>>>>>>>>>>[2020-11-04 14:15:28 mixed.end.log]
--------------------------------------------------------------------------------------------------------------------------
>>>>>>>>>>[2020-11-04 14:15:52 mixed.start.log]
指定了非法的平台: favicon.ico
>>>>>>>>>>[2020-11-04 14:15:52 mixed.end.log]
--------------------------------------------------------------------------------------------------------------------------
>>>>>>>>>>[2020-11-04 14:20:24 mixed.start.log]
指定了非法的平台: favicon.ico
>>>>>>>>>>[2020-11-04 14:20:24 mixed.end.log]
--------------------------------------------------------------------------------------------------------------------------
>>>>>>>>>>[2020-11-04 14:21:19 mixed.start.log]
没有routes文件: /www/tb/app/blog/routes.php
>>>>>>>>>>[2020-11-04 14:21:19 mixed.end.log]
--------------------------------------------------------------------------------------------------------------------------
>>>>>>>>>>[2020-11-04 14:21:20 mixed.start.log]
指定了非法的平台: favicon.ico
>>>>>>>>>>[2020-11-04 14:21:20 mixed.end.log]
--------------------------------------------------------------------------------------------------------------------------
>>>>>>>>>>[2020-11-04 14:22:29 mixed.start.log]
没有routes文件: /www/tb/app/blog/routes.php
>>>>>>>>>>[2020-11-04 14:22:29 mixed.end.log]
--------------------------------------------------------------------------------------------------------------------------
>>>>>>>>>>[2020-11-04 14:22:29 mixed.start.log]
指定了非法的平台: favicon.ico
>>>>>>>>>>[2020-11-04 14:22:29 mixed.end.log]
--------------------------------------------------------------------------------------------------------------------------
>>>>>>>>>>[2020-11-04 14:33:41 mixed.start.log]
指定了非法的平台: favicon.ico
>>>>>>>>>>[2020-11-04 14:33:41 mixed.end.log]
--------------------------------------------------------------------------------------------------------------------------
>>>>>>>>>>[2020-11-04 14:34:40 mixed.start.log]
指定了非法的平台: favicon.ico
>>>>>>>>>>[2020-11-04 14:34:40 mixed.end.log]
--------------------------------------------------------------------------------------------------------------------------
