>>>>>>>>>>[2020-12-23 13:09:08 mixed.start.log]
匹配不到routes对应的规则: /system/manage/jui/image/ico.ico
>>>>>>>>>>[2020-12-23 13:09:08 mixed.end.log]
--------------------------------------------------------------------------------------------------------------------------
>>>>>>>>>>[2020-12-23 13:15:46 mixed.start.log]
匹配不到routes对应的规则: /system/manage/jui/image/ico.ico
>>>>>>>>>>[2020-12-23 13:15:46 mixed.end.log]
--------------------------------------------------------------------------------------------------------------------------
>>>>>>>>>>[2020-12-23 13:15:50 mixed.start.log]
匹配不到routes对应的规则: /system/manage/jui/image/ico.ico
>>>>>>>>>>[2020-12-23 13:15:50 mixed.end.log]
--------------------------------------------------------------------------------------------------------------------------
>>>>>>>>>>[2020-12-23 15:22:50 mixed.start.log]
指定了非法的平台: favicon.ico
>>>>>>>>>>[2020-12-23 15:22:50 mixed.end.log]
--------------------------------------------------------------------------------------------------------------------------
>>>>>>>>>>[2020-12-23 15:22:55 mixed.start.log]
匹配不到routes对应的规则: /system/manage/jui/image/ico.ico
>>>>>>>>>>[2020-12-23 15:22:55 mixed.end.log]
--------------------------------------------------------------------------------------------------------------------------
>>>>>>>>>>[2020-12-23 15:22:56 mixed.start.log]
匹配不到routes对应的规则: /system/manage/jui/image/ico.ico
>>>>>>>>>>[2020-12-23 15:22:56 mixed.end.log]
--------------------------------------------------------------------------------------------------------------------------
>>>>>>>>>>[2020-12-23 16:08:18 mixed.start.log]
指定了非法的平台: favicon.ico
>>>>>>>>>>[2020-12-23 16:08:18 mixed.end.log]
--------------------------------------------------------------------------------------------------------------------------
>>>>>>>>>>[2020-12-23 16:08:24 mixed.start.log]
匹配不到routes对应的规则: /system/manage/jui/image/ico.ico
>>>>>>>>>>[2020-12-23 16:08:24 mixed.end.log]
--------------------------------------------------------------------------------------------------------------------------
>>>>>>>>>>[2020-12-23 16:08:27 mixed.start.log]
匹配不到routes对应的规则: /system/manage/jui/image/ico.ico
>>>>>>>>>>[2020-12-23 16:08:27 mixed.end.log]
--------------------------------------------------------------------------------------------------------------------------
>>>>>>>>>>[2020-12-23 16:42:46 mixed.start.log]
指定了非法的平台: favicon.ico
>>>>>>>>>>[2020-12-23 16:42:46 mixed.end.log]
--------------------------------------------------------------------------------------------------------------------------
>>>>>>>>>>[2020-12-23 16:42:53 mixed.start.log]
匹配不到routes对应的规则: /system/manage/jui/image/ico.ico
>>>>>>>>>>[2020-12-23 16:42:53 mixed.end.log]
--------------------------------------------------------------------------------------------------------------------------
>>>>>>>>>>[2020-12-23 16:42:54 mixed.start.log]
匹配不到routes对应的规则: /system/manage/jui/image/ico.ico
>>>>>>>>>>[2020-12-23 16:42:54 mixed.end.log]
--------------------------------------------------------------------------------------------------------------------------
>>>>>>>>>>[2020-12-23 16:44:36 mixed.start.log]
指定了非法的平台: favicon.ico
>>>>>>>>>>[2020-12-23 16:44:36 mixed.end.log]
--------------------------------------------------------------------------------------------------------------------------
>>>>>>>>>>[2020-12-23 16:46:14 mixed.start.log]
指定了非法的平台: favicon.ico
>>>>>>>>>>[2020-12-23 16:46:14 mixed.end.log]
--------------------------------------------------------------------------------------------------------------------------
>>>>>>>>>>[2020-12-23 16:46:36 mixed.start.log]
匹配不到routes对应的规则: /system/manage/jui/image/ico.ico
>>>>>>>>>>[2020-12-23 16:46:36 mixed.end.log]
--------------------------------------------------------------------------------------------------------------------------
>>>>>>>>>>[2020-12-23 16:46:38 mixed.start.log]
匹配不到routes对应的规则: /system/manage/jui/image/ico.ico
>>>>>>>>>>[2020-12-23 16:46:38 mixed.end.log]
--------------------------------------------------------------------------------------------------------------------------
>>>>>>>>>>[2020-12-23 16:51:38 mixed.start.log]
指定了非法的平台: favicon.ico
>>>>>>>>>>[2020-12-23 16:51:38 mixed.end.log]
--------------------------------------------------------------------------------------------------------------------------
>>>>>>>>>>[2020-12-23 16:52:18 mixed.start.log]
指定了非法的平台: favicon.ico
>>>>>>>>>>[2020-12-23 16:52:18 mixed.end.log]
--------------------------------------------------------------------------------------------------------------------------
>>>>>>>>>>[2020-12-23 16:53:11 mixed.start.log]
指定了非法的平台: favicon.ico
>>>>>>>>>>[2020-12-23 16:53:11 mixed.end.log]
--------------------------------------------------------------------------------------------------------------------------
>>>>>>>>>>[2020-12-23 16:53:53 mixed.start.log]
指定了非法的平台: favicon.ico
>>>>>>>>>>[2020-12-23 16:53:53 mixed.end.log]
--------------------------------------------------------------------------------------------------------------------------
>>>>>>>>>>[2020-12-23 16:54:37 mixed.start.log]
指定了非法的平台: favicon.ico
>>>>>>>>>>[2020-12-23 16:54:37 mixed.end.log]
--------------------------------------------------------------------------------------------------------------------------
>>>>>>>>>>[2020-12-23 16:54:46 mixed.start.log]
匹配不到routes对应的规则: /system/manage/jui/image/ico.ico
>>>>>>>>>>[2020-12-23 16:54:46 mixed.end.log]
--------------------------------------------------------------------------------------------------------------------------
>>>>>>>>>>[2020-12-23 16:54:48 mixed.start.log]
匹配不到routes对应的规则: /system/manage/jui/image/ico.ico
>>>>>>>>>>[2020-12-23 16:54:48 mixed.end.log]
--------------------------------------------------------------------------------------------------------------------------
>>>>>>>>>>[2020-12-23 16:56:45 mixed.start.log]
匹配不到routes对应的规则: /system/manage/jui/image/ico.ico
>>>>>>>>>>[2020-12-23 16:56:45 mixed.end.log]
--------------------------------------------------------------------------------------------------------------------------
>>>>>>>>>>[2020-12-23 16:56:45 mixed.start.log]
指定了非法的平台: _static
>>>>>>>>>>[2020-12-23 16:56:45 mixed.end.log]
--------------------------------------------------------------------------------------------------------------------------
>>>>>>>>>>[2020-12-23 16:56:46 mixed.start.log]
指定了非法的平台: _static
>>>>>>>>>>[2020-12-23 16:56:46 mixed.end.log]
--------------------------------------------------------------------------------------------------------------------------
>>>>>>>>>>[2020-12-23 17:06:12 mixed.start.log]
指定了非法的平台: templates
>>>>>>>>>>[2020-12-23 17:06:12 mixed.end.log]
--------------------------------------------------------------------------------------------------------------------------
>>>>>>>>>>[2020-12-23 17:06:12 mixed.start.log]
指定了非法的平台: templates
>>>>>>>>>>[2020-12-23 17:06:12 mixed.end.log]
--------------------------------------------------------------------------------------------------------------------------
>>>>>>>>>>[2020-12-23 17:06:12 mixed.start.log]
指定了非法的平台: templates
>>>>>>>>>>[2020-12-23 17:06:12 mixed.end.log]
--------------------------------------------------------------------------------------------------------------------------
>>>>>>>>>>[2020-12-23 17:06:12 mixed.start.log]
指定了非法的平台: templates
>>>>>>>>>>[2020-12-23 17:06:12 mixed.end.log]
--------------------------------------------------------------------------------------------------------------------------
>>>>>>>>>>[2020-12-23 17:06:12 mixed.start.log]
指定了非法的平台: templates
>>>>>>>>>>[2020-12-23 17:06:12 mixed.end.log]
--------------------------------------------------------------------------------------------------------------------------
>>>>>>>>>>[2020-12-23 17:06:12 mixed.start.log]
指定了非法的平台: templates
>>>>>>>>>>[2020-12-23 17:06:12 mixed.end.log]
--------------------------------------------------------------------------------------------------------------------------
>>>>>>>>>>[2020-12-23 17:06:12 mixed.start.log]
指定了非法的平台: templates
>>>>>>>>>>[2020-12-23 17:06:12 mixed.end.log]
--------------------------------------------------------------------------------------------------------------------------
>>>>>>>>>>[2020-12-23 17:06:12 mixed.start.log]
指定了非法的平台: templates
>>>>>>>>>>[2020-12-23 17:06:12 mixed.end.log]
--------------------------------------------------------------------------------------------------------------------------
>>>>>>>>>>[2020-12-23 17:06:12 mixed.start.log]
指定了非法的平台: templates
>>>>>>>>>>[2020-12-23 17:06:12 mixed.end.log]
--------------------------------------------------------------------------------------------------------------------------
>>>>>>>>>>[2020-12-23 17:06:12 mixed.start.log]
指定了非法的平台: templates
>>>>>>>>>>[2020-12-23 17:06:12 mixed.end.log]
--------------------------------------------------------------------------------------------------------------------------
>>>>>>>>>>[2020-12-23 17:06:12 mixed.start.log]
指定了非法的平台: templates
>>>>>>>>>>[2020-12-23 17:06:12 mixed.end.log]
--------------------------------------------------------------------------------------------------------------------------
>>>>>>>>>>[2020-12-23 17:06:12 mixed.start.log]
指定了非法的平台: templates
>>>>>>>>>>[2020-12-23 17:06:12 mixed.end.log]
--------------------------------------------------------------------------------------------------------------------------
>>>>>>>>>>[2020-12-23 17:06:12 mixed.start.log]
指定了非法的平台: templates
>>>>>>>>>>[2020-12-23 17:06:12 mixed.end.log]
--------------------------------------------------------------------------------------------------------------------------
>>>>>>>>>>[2020-12-23 17:06:12 mixed.start.log]
指定了非法的平台: templates
>>>>>>>>>>[2020-12-23 17:06:12 mixed.end.log]
--------------------------------------------------------------------------------------------------------------------------
>>>>>>>>>>[2020-12-23 17:06:49 mixed.start.log]
指定了非法的平台: templates
>>>>>>>>>>[2020-12-23 17:06:49 mixed.end.log]
--------------------------------------------------------------------------------------------------------------------------
>>>>>>>>>>[2020-12-23 17:06:49 mixed.start.log]
指定了非法的平台: templates
>>>>>>>>>>[2020-12-23 17:06:49 mixed.end.log]
--------------------------------------------------------------------------------------------------------------------------
>>>>>>>>>>[2020-12-23 17:06:49 mixed.start.log]
指定了非法的平台: templates
>>>>>>>>>>[2020-12-23 17:06:49 mixed.end.log]
--------------------------------------------------------------------------------------------------------------------------
>>>>>>>>>>[2020-12-23 17:06:49 mixed.start.log]
指定了非法的平台: templates
>>>>>>>>>>[2020-12-23 17:06:49 mixed.end.log]
--------------------------------------------------------------------------------------------------------------------------
>>>>>>>>>>[2020-12-23 17:06:49 mixed.start.log]
指定了非法的平台: templates
>>>>>>>>>>[2020-12-23 17:06:49 mixed.end.log]
--------------------------------------------------------------------------------------------------------------------------
>>>>>>>>>>[2020-12-23 17:06:49 mixed.start.log]
指定了非法的平台: templates
>>>>>>>>>>[2020-12-23 17:06:49 mixed.end.log]
--------------------------------------------------------------------------------------------------------------------------
>>>>>>>>>>[2020-12-23 17:06:50 mixed.start.log]
指定了非法的平台: templates
>>>>>>>>>>[2020-12-23 17:06:50 mixed.end.log]
--------------------------------------------------------------------------------------------------------------------------
>>>>>>>>>>[2020-12-23 17:06:50 mixed.start.log]
指定了非法的平台: templates
>>>>>>>>>>[2020-12-23 17:06:50 mixed.end.log]
--------------------------------------------------------------------------------------------------------------------------
>>>>>>>>>>[2020-12-23 17:06:50 mixed.start.log]
指定了非法的平台: templates
>>>>>>>>>>[2020-12-23 17:06:50 mixed.end.log]
--------------------------------------------------------------------------------------------------------------------------
>>>>>>>>>>[2020-12-23 17:06:50 mixed.start.log]
指定了非法的平台: templates
>>>>>>>>>>[2020-12-23 17:06:50 mixed.end.log]
--------------------------------------------------------------------------------------------------------------------------
>>>>>>>>>>[2020-12-23 17:06:50 mixed.start.log]
指定了非法的平台: templates
>>>>>>>>>>[2020-12-23 17:06:50 mixed.end.log]
--------------------------------------------------------------------------------------------------------------------------
>>>>>>>>>>[2020-12-23 17:06:50 mixed.start.log]
指定了非法的平台: templates
>>>>>>>>>>[2020-12-23 17:06:50 mixed.end.log]
--------------------------------------------------------------------------------------------------------------------------
>>>>>>>>>>[2020-12-23 17:06:50 mixed.start.log]
指定了非法的平台: templates
>>>>>>>>>>[2020-12-23 17:06:50 mixed.end.log]
--------------------------------------------------------------------------------------------------------------------------
>>>>>>>>>>[2020-12-23 17:06:50 mixed.start.log]
指定了非法的平台: templates
>>>>>>>>>>[2020-12-23 17:06:50 mixed.end.log]
--------------------------------------------------------------------------------------------------------------------------
>>>>>>>>>>[2020-12-23 17:06:51 mixed.start.log]
指定了非法的平台: templates
>>>>>>>>>>[2020-12-23 17:06:51 mixed.end.log]
--------------------------------------------------------------------------------------------------------------------------
>>>>>>>>>>[2020-12-23 17:06:51 mixed.start.log]
指定了非法的平台: templates
>>>>>>>>>>[2020-12-23 17:06:51 mixed.end.log]
--------------------------------------------------------------------------------------------------------------------------
>>>>>>>>>>[2020-12-23 17:06:51 mixed.start.log]
指定了非法的平台: templates
>>>>>>>>>>[2020-12-23 17:06:51 mixed.end.log]
--------------------------------------------------------------------------------------------------------------------------
>>>>>>>>>>[2020-12-23 17:06:51 mixed.start.log]
指定了非法的平台: templates
>>>>>>>>>>[2020-12-23 17:06:51 mixed.end.log]
--------------------------------------------------------------------------------------------------------------------------
>>>>>>>>>>[2020-12-23 17:06:51 mixed.start.log]
指定了非法的平台: templates
>>>>>>>>>>[2020-12-23 17:06:51 mixed.end.log]
--------------------------------------------------------------------------------------------------------------------------
>>>>>>>>>>[2020-12-23 17:06:51 mixed.start.log]
指定了非法的平台: templates
>>>>>>>>>>[2020-12-23 17:06:51 mixed.end.log]
--------------------------------------------------------------------------------------------------------------------------
>>>>>>>>>>[2020-12-23 17:06:51 mixed.start.log]
指定了非法的平台: templates
>>>>>>>>>>[2020-12-23 17:06:51 mixed.end.log]
--------------------------------------------------------------------------------------------------------------------------
>>>>>>>>>>[2020-12-23 17:06:51 mixed.start.log]
指定了非法的平台: templates
>>>>>>>>>>[2020-12-23 17:06:51 mixed.end.log]
--------------------------------------------------------------------------------------------------------------------------
>>>>>>>>>>[2020-12-23 17:06:51 mixed.start.log]
指定了非法的平台: templates
>>>>>>>>>>[2020-12-23 17:06:51 mixed.end.log]
--------------------------------------------------------------------------------------------------------------------------
>>>>>>>>>>[2020-12-23 17:06:51 mixed.start.log]
指定了非法的平台: templates
>>>>>>>>>>[2020-12-23 17:06:51 mixed.end.log]
--------------------------------------------------------------------------------------------------------------------------
>>>>>>>>>>[2020-12-23 17:06:51 mixed.start.log]
指定了非法的平台: templates
>>>>>>>>>>[2020-12-23 17:06:51 mixed.end.log]
--------------------------------------------------------------------------------------------------------------------------
>>>>>>>>>>[2020-12-23 17:06:59 mixed.start.log]
指定了非法的平台: templates
>>>>>>>>>>[2020-12-23 17:06:59 mixed.end.log]
--------------------------------------------------------------------------------------------------------------------------
>>>>>>>>>>[2020-12-23 17:06:59 mixed.start.log]
指定了非法的平台: templates
>>>>>>>>>>[2020-12-23 17:06:59 mixed.end.log]
--------------------------------------------------------------------------------------------------------------------------
>>>>>>>>>>[2020-12-23 17:06:59 mixed.start.log]
指定了非法的平台: templates
>>>>>>>>>>[2020-12-23 17:06:59 mixed.end.log]
--------------------------------------------------------------------------------------------------------------------------
>>>>>>>>>>[2020-12-23 17:06:59 mixed.start.log]
指定了非法的平台: templates
>>>>>>>>>>[2020-12-23 17:06:59 mixed.end.log]
--------------------------------------------------------------------------------------------------------------------------
>>>>>>>>>>[2020-12-23 17:06:59 mixed.start.log]
指定了非法的平台: templates
>>>>>>>>>>[2020-12-23 17:06:59 mixed.end.log]
--------------------------------------------------------------------------------------------------------------------------
>>>>>>>>>>[2020-12-23 17:06:59 mixed.start.log]
指定了非法的平台: templates
>>>>>>>>>>[2020-12-23 17:06:59 mixed.end.log]
--------------------------------------------------------------------------------------------------------------------------
>>>>>>>>>>[2020-12-23 17:06:59 mixed.start.log]
指定了非法的平台: templates
>>>>>>>>>>[2020-12-23 17:06:59 mixed.end.log]
--------------------------------------------------------------------------------------------------------------------------
>>>>>>>>>>[2020-12-23 17:06:59 mixed.start.log]
指定了非法的平台: templates
>>>>>>>>>>[2020-12-23 17:06:59 mixed.end.log]
--------------------------------------------------------------------------------------------------------------------------
>>>>>>>>>>[2020-12-23 17:06:59 mixed.start.log]
指定了非法的平台: templates
>>>>>>>>>>[2020-12-23 17:06:59 mixed.end.log]
--------------------------------------------------------------------------------------------------------------------------
>>>>>>>>>>[2020-12-23 17:06:59 mixed.start.log]
指定了非法的平台: templates
>>>>>>>>>>[2020-12-23 17:06:59 mixed.end.log]
--------------------------------------------------------------------------------------------------------------------------
>>>>>>>>>>[2020-12-23 17:07:00 mixed.start.log]
指定了非法的平台: templates
>>>>>>>>>>[2020-12-23 17:07:00 mixed.end.log]
--------------------------------------------------------------------------------------------------------------------------
>>>>>>>>>>[2020-12-23 17:07:00 mixed.start.log]
指定了非法的平台: templates
>>>>>>>>>>[2020-12-23 17:07:00 mixed.end.log]
--------------------------------------------------------------------------------------------------------------------------
>>>>>>>>>>[2020-12-23 17:07:00 mixed.start.log]
指定了非法的平台: templates
>>>>>>>>>>[2020-12-23 17:07:00 mixed.end.log]
--------------------------------------------------------------------------------------------------------------------------
>>>>>>>>>>[2020-12-23 17:07:00 mixed.start.log]
指定了非法的平台: templates
>>>>>>>>>>[2020-12-23 17:07:00 mixed.end.log]
--------------------------------------------------------------------------------------------------------------------------
>>>>>>>>>>[2020-12-23 17:07:05 mixed.start.log]
指定了非法的平台: templates
>>>>>>>>>>[2020-12-23 17:07:05 mixed.end.log]
--------------------------------------------------------------------------------------------------------------------------
>>>>>>>>>>[2020-12-23 17:07:05 mixed.start.log]
指定了非法的平台: templates
>>>>>>>>>>[2020-12-23 17:07:05 mixed.end.log]
--------------------------------------------------------------------------------------------------------------------------
>>>>>>>>>>[2020-12-23 17:07:05 mixed.start.log]
指定了非法的平台: templates
>>>>>>>>>>[2020-12-23 17:07:05 mixed.end.log]
--------------------------------------------------------------------------------------------------------------------------
>>>>>>>>>>[2020-12-23 17:07:05 mixed.start.log]
指定了非法的平台: templates
>>>>>>>>>>[2020-12-23 17:07:05 mixed.end.log]
--------------------------------------------------------------------------------------------------------------------------
>>>>>>>>>>[2020-12-23 17:07:05 mixed.start.log]
指定了非法的平台: templates
>>>>>>>>>>[2020-12-23 17:07:05 mixed.end.log]
--------------------------------------------------------------------------------------------------------------------------
>>>>>>>>>>[2020-12-23 17:07:05 mixed.start.log]
指定了非法的平台: templates
>>>>>>>>>>[2020-12-23 17:07:05 mixed.end.log]
--------------------------------------------------------------------------------------------------------------------------
>>>>>>>>>>[2020-12-23 17:07:05 mixed.start.log]
指定了非法的平台: templates
>>>>>>>>>>[2020-12-23 17:07:05 mixed.end.log]
--------------------------------------------------------------------------------------------------------------------------
>>>>>>>>>>[2020-12-23 17:07:06 mixed.start.log]
指定了非法的平台: templates
>>>>>>>>>>[2020-12-23 17:07:06 mixed.end.log]
--------------------------------------------------------------------------------------------------------------------------
>>>>>>>>>>[2020-12-23 17:07:06 mixed.start.log]
指定了非法的平台: templates
>>>>>>>>>>[2020-12-23 17:07:06 mixed.end.log]
--------------------------------------------------------------------------------------------------------------------------
>>>>>>>>>>[2020-12-23 17:07:06 mixed.start.log]
指定了非法的平台: templates
>>>>>>>>>>[2020-12-23 17:07:06 mixed.end.log]
--------------------------------------------------------------------------------------------------------------------------
>>>>>>>>>>[2020-12-23 17:07:06 mixed.start.log]
指定了非法的平台: templates
>>>>>>>>>>[2020-12-23 17:07:06 mixed.end.log]
--------------------------------------------------------------------------------------------------------------------------
>>>>>>>>>>[2020-12-23 17:07:06 mixed.start.log]
指定了非法的平台: templates
>>>>>>>>>>[2020-12-23 17:07:06 mixed.end.log]
--------------------------------------------------------------------------------------------------------------------------
>>>>>>>>>>[2020-12-23 17:07:06 mixed.start.log]
指定了非法的平台: templates
>>>>>>>>>>[2020-12-23 17:07:06 mixed.end.log]
--------------------------------------------------------------------------------------------------------------------------
>>>>>>>>>>[2020-12-23 17:07:06 mixed.start.log]
指定了非法的平台: templates
>>>>>>>>>>[2020-12-23 17:07:06 mixed.end.log]
--------------------------------------------------------------------------------------------------------------------------
>>>>>>>>>>[2020-12-23 17:07:07 mixed.start.log]
指定了非法的平台: templates
>>>>>>>>>>[2020-12-23 17:07:07 mixed.end.log]
--------------------------------------------------------------------------------------------------------------------------
>>>>>>>>>>[2020-12-23 17:07:07 mixed.start.log]
指定了非法的平台: templates
>>>>>>>>>>[2020-12-23 17:07:07 mixed.end.log]
--------------------------------------------------------------------------------------------------------------------------
>>>>>>>>>>[2020-12-23 17:07:07 mixed.start.log]
指定了非法的平台: templates
>>>>>>>>>>[2020-12-23 17:07:07 mixed.end.log]
--------------------------------------------------------------------------------------------------------------------------
>>>>>>>>>>[2020-12-23 17:07:07 mixed.start.log]
指定了非法的平台: templates
>>>>>>>>>>[2020-12-23 17:07:07 mixed.end.log]
--------------------------------------------------------------------------------------------------------------------------
>>>>>>>>>>[2020-12-23 17:07:07 mixed.start.log]
指定了非法的平台: templates
>>>>>>>>>>[2020-12-23 17:07:07 mixed.end.log]
--------------------------------------------------------------------------------------------------------------------------
>>>>>>>>>>[2020-12-23 17:07:07 mixed.start.log]
指定了非法的平台: templates
>>>>>>>>>>[2020-12-23 17:07:07 mixed.end.log]
--------------------------------------------------------------------------------------------------------------------------
>>>>>>>>>>[2020-12-23 17:07:07 mixed.start.log]
指定了非法的平台: templates
>>>>>>>>>>[2020-12-23 17:07:07 mixed.end.log]
--------------------------------------------------------------------------------------------------------------------------
>>>>>>>>>>[2020-12-23 17:07:07 mixed.start.log]
指定了非法的平台: templates
>>>>>>>>>>[2020-12-23 17:07:07 mixed.end.log]
--------------------------------------------------------------------------------------------------------------------------
>>>>>>>>>>[2020-12-23 17:07:07 mixed.start.log]
指定了非法的平台: templates
>>>>>>>>>>[2020-12-23 17:07:07 mixed.end.log]
--------------------------------------------------------------------------------------------------------------------------
>>>>>>>>>>[2020-12-23 17:07:07 mixed.start.log]
指定了非法的平台: templates
>>>>>>>>>>[2020-12-23 17:07:07 mixed.end.log]
--------------------------------------------------------------------------------------------------------------------------
>>>>>>>>>>[2020-12-23 17:07:08 mixed.start.log]
指定了非法的平台: templates
>>>>>>>>>>[2020-12-23 17:07:08 mixed.end.log]
--------------------------------------------------------------------------------------------------------------------------
>>>>>>>>>>[2020-12-23 17:07:08 mixed.start.log]
指定了非法的平台: templates
>>>>>>>>>>[2020-12-23 17:07:08 mixed.end.log]
--------------------------------------------------------------------------------------------------------------------------
>>>>>>>>>>[2020-12-23 17:07:08 mixed.start.log]
指定了非法的平台: templates
>>>>>>>>>>[2020-12-23 17:07:08 mixed.end.log]
--------------------------------------------------------------------------------------------------------------------------
>>>>>>>>>>[2020-12-23 17:07:08 mixed.start.log]
指定了非法的平台: templates
>>>>>>>>>>[2020-12-23 17:07:08 mixed.end.log]
--------------------------------------------------------------------------------------------------------------------------
>>>>>>>>>>[2020-12-23 17:07:34 mixed.start.log]
指定了非法的平台: templates
>>>>>>>>>>[2020-12-23 17:07:34 mixed.end.log]
--------------------------------------------------------------------------------------------------------------------------
>>>>>>>>>>[2020-12-23 17:07:34 mixed.start.log]
指定了非法的平台: templates
>>>>>>>>>>[2020-12-23 17:07:34 mixed.end.log]
--------------------------------------------------------------------------------------------------------------------------
>>>>>>>>>>[2020-12-23 17:07:34 mixed.start.log]
指定了非法的平台: templates
>>>>>>>>>>[2020-12-23 17:07:34 mixed.end.log]
--------------------------------------------------------------------------------------------------------------------------
>>>>>>>>>>[2020-12-23 17:07:35 mixed.start.log]
指定了非法的平台: templates
>>>>>>>>>>[2020-12-23 17:07:35 mixed.end.log]
--------------------------------------------------------------------------------------------------------------------------
>>>>>>>>>>[2020-12-23 17:07:35 mixed.start.log]
指定了非法的平台: templates
>>>>>>>>>>[2020-12-23 17:07:35 mixed.end.log]
--------------------------------------------------------------------------------------------------------------------------
>>>>>>>>>>[2020-12-23 17:07:35 mixed.start.log]
指定了非法的平台: templates
>>>>>>>>>>[2020-12-23 17:07:35 mixed.end.log]
--------------------------------------------------------------------------------------------------------------------------
>>>>>>>>>>[2020-12-23 17:07:35 mixed.start.log]
指定了非法的平台: templates
>>>>>>>>>>[2020-12-23 17:07:35 mixed.end.log]
--------------------------------------------------------------------------------------------------------------------------
>>>>>>>>>>[2020-12-23 17:07:35 mixed.start.log]
指定了非法的平台: templates
>>>>>>>>>>[2020-12-23 17:07:35 mixed.end.log]
--------------------------------------------------------------------------------------------------------------------------
>>>>>>>>>>[2020-12-23 17:07:35 mixed.start.log]
指定了非法的平台: templates
>>>>>>>>>>[2020-12-23 17:07:35 mixed.end.log]
--------------------------------------------------------------------------------------------------------------------------
>>>>>>>>>>[2020-12-23 17:07:35 mixed.start.log]
指定了非法的平台: templates
>>>>>>>>>>[2020-12-23 17:07:35 mixed.end.log]
--------------------------------------------------------------------------------------------------------------------------
>>>>>>>>>>[2020-12-23 17:07:35 mixed.start.log]
指定了非法的平台: templates
>>>>>>>>>>[2020-12-23 17:07:35 mixed.end.log]
--------------------------------------------------------------------------------------------------------------------------
>>>>>>>>>>[2020-12-23 17:07:35 mixed.start.log]
指定了非法的平台: templates
>>>>>>>>>>[2020-12-23 17:07:35 mixed.end.log]
--------------------------------------------------------------------------------------------------------------------------
>>>>>>>>>>[2020-12-23 17:07:35 mixed.start.log]
指定了非法的平台: templates
>>>>>>>>>>[2020-12-23 17:07:35 mixed.end.log]
--------------------------------------------------------------------------------------------------------------------------
>>>>>>>>>>[2020-12-23 17:07:35 mixed.start.log]
指定了非法的平台: templates
>>>>>>>>>>[2020-12-23 17:07:35 mixed.end.log]
--------------------------------------------------------------------------------------------------------------------------
>>>>>>>>>>[2020-12-23 17:07:51 mixed.start.log]
指定了非法的平台: templates
>>>>>>>>>>[2020-12-23 17:07:51 mixed.end.log]
--------------------------------------------------------------------------------------------------------------------------
>>>>>>>>>>[2020-12-23 17:07:51 mixed.start.log]
指定了非法的平台: templates
>>>>>>>>>>[2020-12-23 17:07:51 mixed.end.log]
--------------------------------------------------------------------------------------------------------------------------
>>>>>>>>>>[2020-12-23 17:07:51 mixed.start.log]
指定了非法的平台: templates
>>>>>>>>>>[2020-12-23 17:07:51 mixed.end.log]
--------------------------------------------------------------------------------------------------------------------------
>>>>>>>>>>[2020-12-23 17:07:51 mixed.start.log]
指定了非法的平台: templates
>>>>>>>>>>[2020-12-23 17:07:51 mixed.end.log]
--------------------------------------------------------------------------------------------------------------------------
>>>>>>>>>>[2020-12-23 17:07:51 mixed.start.log]
指定了非法的平台: templates
>>>>>>>>>>[2020-12-23 17:07:51 mixed.end.log]
--------------------------------------------------------------------------------------------------------------------------
>>>>>>>>>>[2020-12-23 17:07:51 mixed.start.log]
指定了非法的平台: templates
>>>>>>>>>>[2020-12-23 17:07:51 mixed.end.log]
--------------------------------------------------------------------------------------------------------------------------
>>>>>>>>>>[2020-12-23 17:07:51 mixed.start.log]
指定了非法的平台: templates
>>>>>>>>>>[2020-12-23 17:07:51 mixed.end.log]
--------------------------------------------------------------------------------------------------------------------------
>>>>>>>>>>[2020-12-23 17:07:51 mixed.start.log]
指定了非法的平台: templates
>>>>>>>>>>[2020-12-23 17:07:51 mixed.end.log]
--------------------------------------------------------------------------------------------------------------------------
>>>>>>>>>>[2020-12-23 17:07:51 mixed.start.log]
指定了非法的平台: templates
>>>>>>>>>>[2020-12-23 17:07:51 mixed.end.log]
--------------------------------------------------------------------------------------------------------------------------
>>>>>>>>>>[2020-12-23 17:07:51 mixed.start.log]
指定了非法的平台: templates
>>>>>>>>>>[2020-12-23 17:07:51 mixed.end.log]
--------------------------------------------------------------------------------------------------------------------------
>>>>>>>>>>[2020-12-23 17:07:51 mixed.start.log]
指定了非法的平台: templates
>>>>>>>>>>[2020-12-23 17:07:51 mixed.end.log]
--------------------------------------------------------------------------------------------------------------------------
>>>>>>>>>>[2020-12-23 17:07:52 mixed.start.log]
指定了非法的平台: templates
>>>>>>>>>>[2020-12-23 17:07:52 mixed.end.log]
--------------------------------------------------------------------------------------------------------------------------
>>>>>>>>>>[2020-12-23 17:07:52 mixed.start.log]
指定了非法的平台: templates
>>>>>>>>>>[2020-12-23 17:07:52 mixed.end.log]
--------------------------------------------------------------------------------------------------------------------------
>>>>>>>>>>[2020-12-23 17:07:52 mixed.start.log]
指定了非法的平台: templates
>>>>>>>>>>[2020-12-23 17:07:52 mixed.end.log]
--------------------------------------------------------------------------------------------------------------------------
>>>>>>>>>>[2020-12-23 17:07:52 mixed.start.log]
指定了非法的平台: templates
>>>>>>>>>>[2020-12-23 17:07:52 mixed.end.log]
--------------------------------------------------------------------------------------------------------------------------
>>>>>>>>>>[2020-12-23 17:07:52 mixed.start.log]
指定了非法的平台: templates
>>>>>>>>>>[2020-12-23 17:07:52 mixed.end.log]
--------------------------------------------------------------------------------------------------------------------------
>>>>>>>>>>[2020-12-23 17:07:52 mixed.start.log]
指定了非法的平台: templates
>>>>>>>>>>[2020-12-23 17:07:52 mixed.end.log]
--------------------------------------------------------------------------------------------------------------------------
>>>>>>>>>>[2020-12-23 17:07:52 mixed.start.log]
指定了非法的平台: templates
>>>>>>>>>>[2020-12-23 17:07:52 mixed.end.log]
--------------------------------------------------------------------------------------------------------------------------
>>>>>>>>>>[2020-12-23 17:07:52 mixed.start.log]
指定了非法的平台: templates
>>>>>>>>>>[2020-12-23 17:07:52 mixed.end.log]
--------------------------------------------------------------------------------------------------------------------------
>>>>>>>>>>[2020-12-23 17:07:52 mixed.start.log]
指定了非法的平台: templates
>>>>>>>>>>[2020-12-23 17:07:52 mixed.end.log]
--------------------------------------------------------------------------------------------------------------------------
>>>>>>>>>>[2020-12-23 17:07:52 mixed.start.log]
指定了非法的平台: templates
>>>>>>>>>>[2020-12-23 17:07:52 mixed.end.log]
--------------------------------------------------------------------------------------------------------------------------
>>>>>>>>>>[2020-12-23 17:07:52 mixed.start.log]
指定了非法的平台: templates
>>>>>>>>>>[2020-12-23 17:07:52 mixed.end.log]
--------------------------------------------------------------------------------------------------------------------------
>>>>>>>>>>[2020-12-23 17:08:15 mixed.start.log]
指定了非法的平台: templates
>>>>>>>>>>[2020-12-23 17:08:15 mixed.end.log]
--------------------------------------------------------------------------------------------------------------------------
>>>>>>>>>>[2020-12-23 17:08:15 mixed.start.log]
指定了非法的平台: templates
>>>>>>>>>>[2020-12-23 17:08:15 mixed.end.log]
--------------------------------------------------------------------------------------------------------------------------
>>>>>>>>>>[2020-12-23 17:08:15 mixed.start.log]
指定了非法的平台: templates
>>>>>>>>>>[2020-12-23 17:08:15 mixed.end.log]
--------------------------------------------------------------------------------------------------------------------------
>>>>>>>>>>[2020-12-23 17:08:15 mixed.start.log]
指定了非法的平台: templates
>>>>>>>>>>[2020-12-23 17:08:15 mixed.end.log]
--------------------------------------------------------------------------------------------------------------------------
>>>>>>>>>>[2020-12-23 17:08:15 mixed.start.log]
指定了非法的平台: templates
>>>>>>>>>>[2020-12-23 17:08:15 mixed.end.log]
--------------------------------------------------------------------------------------------------------------------------
>>>>>>>>>>[2020-12-23 17:08:15 mixed.start.log]
指定了非法的平台: templates
>>>>>>>>>>[2020-12-23 17:08:15 mixed.end.log]
--------------------------------------------------------------------------------------------------------------------------
>>>>>>>>>>[2020-12-23 17:08:15 mixed.start.log]
指定了非法的平台: templates
>>>>>>>>>>[2020-12-23 17:08:15 mixed.end.log]
--------------------------------------------------------------------------------------------------------------------------
>>>>>>>>>>[2020-12-23 17:08:15 mixed.start.log]
指定了非法的平台: templates
>>>>>>>>>>[2020-12-23 17:08:15 mixed.end.log]
--------------------------------------------------------------------------------------------------------------------------
>>>>>>>>>>[2020-12-23 17:08:16 mixed.start.log]
指定了非法的平台: templates
>>>>>>>>>>[2020-12-23 17:08:16 mixed.end.log]
--------------------------------------------------------------------------------------------------------------------------
>>>>>>>>>>[2020-12-23 17:08:16 mixed.start.log]
指定了非法的平台: templates
>>>>>>>>>>[2020-12-23 17:08:16 mixed.end.log]
--------------------------------------------------------------------------------------------------------------------------
>>>>>>>>>>[2020-12-23 17:08:16 mixed.start.log]
指定了非法的平台: templates
>>>>>>>>>>[2020-12-23 17:08:16 mixed.end.log]
--------------------------------------------------------------------------------------------------------------------------
>>>>>>>>>>[2020-12-23 17:08:16 mixed.start.log]
指定了非法的平台: templates
>>>>>>>>>>[2020-12-23 17:08:16 mixed.end.log]
--------------------------------------------------------------------------------------------------------------------------
>>>>>>>>>>[2020-12-23 17:08:16 mixed.start.log]
指定了非法的平台: templates
>>>>>>>>>>[2020-12-23 17:08:16 mixed.end.log]
--------------------------------------------------------------------------------------------------------------------------
>>>>>>>>>>[2020-12-23 17:08:16 mixed.start.log]
指定了非法的平台: templates
>>>>>>>>>>[2020-12-23 17:08:16 mixed.end.log]
--------------------------------------------------------------------------------------------------------------------------
>>>>>>>>>>[2020-12-23 17:08:19 mixed.start.log]
指定了非法的平台: templates
>>>>>>>>>>[2020-12-23 17:08:19 mixed.end.log]
--------------------------------------------------------------------------------------------------------------------------
>>>>>>>>>>[2020-12-23 17:08:19 mixed.start.log]
指定了非法的平台: templates
>>>>>>>>>>[2020-12-23 17:08:19 mixed.end.log]
--------------------------------------------------------------------------------------------------------------------------
>>>>>>>>>>[2020-12-23 17:08:19 mixed.start.log]
指定了非法的平台: templates
>>>>>>>>>>[2020-12-23 17:08:19 mixed.end.log]
--------------------------------------------------------------------------------------------------------------------------
>>>>>>>>>>[2020-12-23 17:08:19 mixed.start.log]
指定了非法的平台: templates
>>>>>>>>>>[2020-12-23 17:08:19 mixed.end.log]
--------------------------------------------------------------------------------------------------------------------------
>>>>>>>>>>[2020-12-23 17:08:19 mixed.start.log]
指定了非法的平台: templates
>>>>>>>>>>[2020-12-23 17:08:19 mixed.end.log]
--------------------------------------------------------------------------------------------------------------------------
>>>>>>>>>>[2020-12-23 17:08:19 mixed.start.log]
指定了非法的平台: templates
>>>>>>>>>>[2020-12-23 17:08:19 mixed.end.log]
--------------------------------------------------------------------------------------------------------------------------
>>>>>>>>>>[2020-12-23 17:08:19 mixed.start.log]
指定了非法的平台: templates
>>>>>>>>>>[2020-12-23 17:08:19 mixed.end.log]
--------------------------------------------------------------------------------------------------------------------------
>>>>>>>>>>[2020-12-23 17:08:19 mixed.start.log]
指定了非法的平台: templates
>>>>>>>>>>[2020-12-23 17:08:19 mixed.end.log]
--------------------------------------------------------------------------------------------------------------------------
>>>>>>>>>>[2020-12-23 17:08:19 mixed.start.log]
指定了非法的平台: templates
>>>>>>>>>>[2020-12-23 17:08:19 mixed.end.log]
--------------------------------------------------------------------------------------------------------------------------
>>>>>>>>>>[2020-12-23 17:08:19 mixed.start.log]
指定了非法的平台: templates
>>>>>>>>>>[2020-12-23 17:08:19 mixed.end.log]
--------------------------------------------------------------------------------------------------------------------------
>>>>>>>>>>[2020-12-23 17:08:19 mixed.start.log]
指定了非法的平台: templates
>>>>>>>>>>[2020-12-23 17:08:19 mixed.end.log]
--------------------------------------------------------------------------------------------------------------------------
>>>>>>>>>>[2020-12-23 17:08:19 mixed.start.log]
指定了非法的平台: templates
>>>>>>>>>>[2020-12-23 17:08:19 mixed.end.log]
--------------------------------------------------------------------------------------------------------------------------
>>>>>>>>>>[2020-12-23 17:08:19 mixed.start.log]
指定了非法的平台: templates
>>>>>>>>>>[2020-12-23 17:08:19 mixed.end.log]
--------------------------------------------------------------------------------------------------------------------------
>>>>>>>>>>[2020-12-23 17:08:19 mixed.start.log]
指定了非法的平台: templates
>>>>>>>>>>[2020-12-23 17:08:19 mixed.end.log]
--------------------------------------------------------------------------------------------------------------------------
>>>>>>>>>>[2020-12-23 17:08:19 mixed.start.log]
指定了非法的平台: templates
>>>>>>>>>>[2020-12-23 17:08:19 mixed.end.log]
--------------------------------------------------------------------------------------------------------------------------
>>>>>>>>>>[2020-12-23 17:08:20 mixed.start.log]
指定了非法的平台: templates
>>>>>>>>>>[2020-12-23 17:08:20 mixed.end.log]
--------------------------------------------------------------------------------------------------------------------------
>>>>>>>>>>[2020-12-23 17:08:20 mixed.start.log]
指定了非法的平台: templates
>>>>>>>>>>[2020-12-23 17:08:20 mixed.end.log]
--------------------------------------------------------------------------------------------------------------------------
>>>>>>>>>>[2020-12-23 17:08:38 mixed.start.log]
指定了非法的平台: templates
>>>>>>>>>>[2020-12-23 17:08:38 mixed.end.log]
--------------------------------------------------------------------------------------------------------------------------
>>>>>>>>>>[2020-12-23 17:08:38 mixed.start.log]
指定了非法的平台: templates
>>>>>>>>>>[2020-12-23 17:08:38 mixed.end.log]
--------------------------------------------------------------------------------------------------------------------------
>>>>>>>>>>[2020-12-23 17:08:38 mixed.start.log]
指定了非法的平台: templates
>>>>>>>>>>[2020-12-23 17:08:38 mixed.end.log]
--------------------------------------------------------------------------------------------------------------------------
>>>>>>>>>>[2020-12-23 17:08:38 mixed.start.log]
指定了非法的平台: templates
>>>>>>>>>>[2020-12-23 17:08:38 mixed.end.log]
--------------------------------------------------------------------------------------------------------------------------
>>>>>>>>>>[2020-12-23 17:08:38 mixed.start.log]
指定了非法的平台: templates
>>>>>>>>>>[2020-12-23 17:08:38 mixed.end.log]
--------------------------------------------------------------------------------------------------------------------------
>>>>>>>>>>[2020-12-23 17:08:38 mixed.start.log]
指定了非法的平台: templates
>>>>>>>>>>[2020-12-23 17:08:38 mixed.end.log]
--------------------------------------------------------------------------------------------------------------------------
>>>>>>>>>>[2020-12-23 17:08:38 mixed.start.log]
指定了非法的平台: templates
>>>>>>>>>>[2020-12-23 17:08:38 mixed.end.log]
--------------------------------------------------------------------------------------------------------------------------
>>>>>>>>>>[2020-12-23 17:08:38 mixed.start.log]
指定了非法的平台: templates
>>>>>>>>>>[2020-12-23 17:08:38 mixed.end.log]
--------------------------------------------------------------------------------------------------------------------------
>>>>>>>>>>[2020-12-23 17:08:38 mixed.start.log]
指定了非法的平台: templates
>>>>>>>>>>[2020-12-23 17:08:38 mixed.end.log]
--------------------------------------------------------------------------------------------------------------------------
>>>>>>>>>>[2020-12-23 17:08:38 mixed.start.log]
指定了非法的平台: templates
>>>>>>>>>>[2020-12-23 17:08:38 mixed.end.log]
--------------------------------------------------------------------------------------------------------------------------
>>>>>>>>>>[2020-12-23 17:08:38 mixed.start.log]
指定了非法的平台: templates
>>>>>>>>>>[2020-12-23 17:08:38 mixed.end.log]
--------------------------------------------------------------------------------------------------------------------------
>>>>>>>>>>[2020-12-23 17:08:38 mixed.start.log]
指定了非法的平台: templates
>>>>>>>>>>[2020-12-23 17:08:38 mixed.end.log]
--------------------------------------------------------------------------------------------------------------------------
>>>>>>>>>>[2020-12-23 17:08:38 mixed.start.log]
指定了非法的平台: templates
>>>>>>>>>>[2020-12-23 17:08:38 mixed.end.log]
--------------------------------------------------------------------------------------------------------------------------
>>>>>>>>>>[2020-12-23 17:08:38 mixed.start.log]
指定了非法的平台: templates
>>>>>>>>>>[2020-12-23 17:08:38 mixed.end.log]
--------------------------------------------------------------------------------------------------------------------------
>>>>>>>>>>[2020-12-23 17:08:42 mixed.start.log]
指定了非法的平台: templates
>>>>>>>>>>[2020-12-23 17:08:42 mixed.end.log]
--------------------------------------------------------------------------------------------------------------------------
>>>>>>>>>>[2020-12-23 17:08:42 mixed.start.log]
指定了非法的平台: templates
>>>>>>>>>>[2020-12-23 17:08:42 mixed.end.log]
--------------------------------------------------------------------------------------------------------------------------
>>>>>>>>>>[2020-12-23 17:08:42 mixed.start.log]
指定了非法的平台: templates
>>>>>>>>>>[2020-12-23 17:08:42 mixed.end.log]
--------------------------------------------------------------------------------------------------------------------------
>>>>>>>>>>[2020-12-23 17:08:42 mixed.start.log]
指定了非法的平台: templates
>>>>>>>>>>[2020-12-23 17:08:42 mixed.end.log]
--------------------------------------------------------------------------------------------------------------------------
>>>>>>>>>>[2020-12-23 17:08:42 mixed.start.log]
指定了非法的平台: templates
>>>>>>>>>>[2020-12-23 17:08:42 mixed.end.log]
--------------------------------------------------------------------------------------------------------------------------
>>>>>>>>>>[2020-12-23 17:08:42 mixed.start.log]
指定了非法的平台: templates
>>>>>>>>>>[2020-12-23 17:08:42 mixed.end.log]
--------------------------------------------------------------------------------------------------------------------------
>>>>>>>>>>[2020-12-23 17:08:42 mixed.start.log]
指定了非法的平台: templates
>>>>>>>>>>[2020-12-23 17:08:42 mixed.end.log]
--------------------------------------------------------------------------------------------------------------------------
>>>>>>>>>>[2020-12-23 17:08:42 mixed.start.log]
指定了非法的平台: templates
>>>>>>>>>>[2020-12-23 17:08:42 mixed.end.log]
--------------------------------------------------------------------------------------------------------------------------
>>>>>>>>>>[2020-12-23 17:08:42 mixed.start.log]
指定了非法的平台: templates
>>>>>>>>>>[2020-12-23 17:08:42 mixed.end.log]
--------------------------------------------------------------------------------------------------------------------------
>>>>>>>>>>[2020-12-23 17:08:42 mixed.start.log]
指定了非法的平台: templates
>>>>>>>>>>[2020-12-23 17:08:42 mixed.end.log]
--------------------------------------------------------------------------------------------------------------------------
>>>>>>>>>>[2020-12-23 17:08:42 mixed.start.log]
指定了非法的平台: templates
>>>>>>>>>>[2020-12-23 17:08:42 mixed.end.log]
--------------------------------------------------------------------------------------------------------------------------
>>>>>>>>>>[2020-12-23 17:08:42 mixed.start.log]
指定了非法的平台: templates
>>>>>>>>>>[2020-12-23 17:08:42 mixed.end.log]
--------------------------------------------------------------------------------------------------------------------------
>>>>>>>>>>[2020-12-23 17:08:43 mixed.start.log]
指定了非法的平台: templates
>>>>>>>>>>[2020-12-23 17:08:43 mixed.end.log]
--------------------------------------------------------------------------------------------------------------------------
>>>>>>>>>>[2020-12-23 17:08:43 mixed.start.log]
指定了非法的平台: templates
>>>>>>>>>>[2020-12-23 17:08:43 mixed.end.log]
--------------------------------------------------------------------------------------------------------------------------
>>>>>>>>>>[2020-12-23 17:08:43 mixed.start.log]
指定了非法的平台: templates
>>>>>>>>>>[2020-12-23 17:08:43 mixed.end.log]
--------------------------------------------------------------------------------------------------------------------------
>>>>>>>>>>[2020-12-23 17:09:26 mixed.start.log]
指定了非法的平台: templates
>>>>>>>>>>[2020-12-23 17:09:26 mixed.end.log]
--------------------------------------------------------------------------------------------------------------------------
>>>>>>>>>>[2020-12-23 17:09:26 mixed.start.log]
指定了非法的平台: templates
>>>>>>>>>>[2020-12-23 17:09:26 mixed.end.log]
--------------------------------------------------------------------------------------------------------------------------
>>>>>>>>>>[2020-12-23 17:09:26 mixed.start.log]
指定了非法的平台: templates
>>>>>>>>>>[2020-12-23 17:09:26 mixed.end.log]
--------------------------------------------------------------------------------------------------------------------------
>>>>>>>>>>[2020-12-23 17:09:26 mixed.start.log]
指定了非法的平台: templates
>>>>>>>>>>[2020-12-23 17:09:26 mixed.end.log]
--------------------------------------------------------------------------------------------------------------------------
>>>>>>>>>>[2020-12-23 17:09:26 mixed.start.log]
指定了非法的平台: templates
>>>>>>>>>>[2020-12-23 17:09:26 mixed.end.log]
--------------------------------------------------------------------------------------------------------------------------
>>>>>>>>>>[2020-12-23 17:09:26 mixed.start.log]
指定了非法的平台: templates
>>>>>>>>>>[2020-12-23 17:09:26 mixed.end.log]
--------------------------------------------------------------------------------------------------------------------------
>>>>>>>>>>[2020-12-23 17:09:27 mixed.start.log]
指定了非法的平台: templates
>>>>>>>>>>[2020-12-23 17:09:27 mixed.end.log]
--------------------------------------------------------------------------------------------------------------------------
>>>>>>>>>>[2020-12-23 17:09:27 mixed.start.log]
指定了非法的平台: templates
>>>>>>>>>>[2020-12-23 17:09:27 mixed.end.log]
--------------------------------------------------------------------------------------------------------------------------
>>>>>>>>>>[2020-12-23 17:09:27 mixed.start.log]
指定了非法的平台: templates
>>>>>>>>>>[2020-12-23 17:09:27 mixed.end.log]
--------------------------------------------------------------------------------------------------------------------------
>>>>>>>>>>[2020-12-23 17:09:27 mixed.start.log]
指定了非法的平台: templates
>>>>>>>>>>[2020-12-23 17:09:27 mixed.end.log]
--------------------------------------------------------------------------------------------------------------------------
>>>>>>>>>>[2020-12-23 17:09:27 mixed.start.log]
指定了非法的平台: templates
>>>>>>>>>>[2020-12-23 17:09:27 mixed.end.log]
--------------------------------------------------------------------------------------------------------------------------
>>>>>>>>>>[2020-12-23 17:09:27 mixed.start.log]
指定了非法的平台: templates
>>>>>>>>>>[2020-12-23 17:09:27 mixed.end.log]
--------------------------------------------------------------------------------------------------------------------------
>>>>>>>>>>[2020-12-23 17:09:27 mixed.start.log]
指定了非法的平台: templates
>>>>>>>>>>[2020-12-23 17:09:27 mixed.end.log]
--------------------------------------------------------------------------------------------------------------------------
>>>>>>>>>>[2020-12-23 17:09:38 mixed.start.log]
指定了非法的平台: templates
>>>>>>>>>>[2020-12-23 17:09:38 mixed.end.log]
--------------------------------------------------------------------------------------------------------------------------
>>>>>>>>>>[2020-12-23 17:09:38 mixed.start.log]
指定了非法的平台: templates
>>>>>>>>>>[2020-12-23 17:09:38 mixed.end.log]
--------------------------------------------------------------------------------------------------------------------------
>>>>>>>>>>[2020-12-23 17:09:38 mixed.start.log]
指定了非法的平台: templates
>>>>>>>>>>[2020-12-23 17:09:38 mixed.end.log]
--------------------------------------------------------------------------------------------------------------------------
>>>>>>>>>>[2020-12-23 17:09:38 mixed.start.log]
指定了非法的平台: templates
>>>>>>>>>>[2020-12-23 17:09:38 mixed.end.log]
--------------------------------------------------------------------------------------------------------------------------
>>>>>>>>>>[2020-12-23 17:09:38 mixed.start.log]
指定了非法的平台: templates
>>>>>>>>>>[2020-12-23 17:09:38 mixed.end.log]
--------------------------------------------------------------------------------------------------------------------------
>>>>>>>>>>[2020-12-23 17:09:38 mixed.start.log]
指定了非法的平台: templates
>>>>>>>>>>[2020-12-23 17:09:38 mixed.end.log]
--------------------------------------------------------------------------------------------------------------------------
>>>>>>>>>>[2020-12-23 17:09:38 mixed.start.log]
指定了非法的平台: templates
>>>>>>>>>>[2020-12-23 17:09:38 mixed.end.log]
--------------------------------------------------------------------------------------------------------------------------
>>>>>>>>>>[2020-12-23 17:09:38 mixed.start.log]
指定了非法的平台: templates
>>>>>>>>>>[2020-12-23 17:09:38 mixed.end.log]
--------------------------------------------------------------------------------------------------------------------------
>>>>>>>>>>[2020-12-23 17:09:38 mixed.start.log]
指定了非法的平台: templates
>>>>>>>>>>[2020-12-23 17:09:38 mixed.end.log]
--------------------------------------------------------------------------------------------------------------------------
>>>>>>>>>>[2020-12-23 17:09:38 mixed.start.log]
指定了非法的平台: templates
>>>>>>>>>>[2020-12-23 17:09:38 mixed.end.log]
--------------------------------------------------------------------------------------------------------------------------
>>>>>>>>>>[2020-12-23 17:09:38 mixed.start.log]
指定了非法的平台: templates
>>>>>>>>>>[2020-12-23 17:09:38 mixed.end.log]
--------------------------------------------------------------------------------------------------------------------------
>>>>>>>>>>[2020-12-23 17:09:39 mixed.start.log]
指定了非法的平台: templates
>>>>>>>>>>[2020-12-23 17:09:39 mixed.end.log]
--------------------------------------------------------------------------------------------------------------------------
>>>>>>>>>>[2020-12-23 17:09:39 mixed.start.log]
指定了非法的平台: templates
>>>>>>>>>>[2020-12-23 17:09:39 mixed.end.log]
--------------------------------------------------------------------------------------------------------------------------
>>>>>>>>>>[2020-12-23 17:09:40 mixed.start.log]
指定了非法的平台: templates
>>>>>>>>>>[2020-12-23 17:09:40 mixed.end.log]
--------------------------------------------------------------------------------------------------------------------------
>>>>>>>>>>[2020-12-23 17:09:40 mixed.start.log]
指定了非法的平台: templates
>>>>>>>>>>[2020-12-23 17:09:40 mixed.end.log]
--------------------------------------------------------------------------------------------------------------------------
>>>>>>>>>>[2020-12-23 17:09:40 mixed.start.log]
指定了非法的平台: templates
>>>>>>>>>>[2020-12-23 17:09:40 mixed.end.log]
--------------------------------------------------------------------------------------------------------------------------
>>>>>>>>>>[2020-12-23 17:09:40 mixed.start.log]
指定了非法的平台: templates
>>>>>>>>>>[2020-12-23 17:09:40 mixed.end.log]
--------------------------------------------------------------------------------------------------------------------------
>>>>>>>>>>[2020-12-23 17:09:40 mixed.start.log]
指定了非法的平台: templates
>>>>>>>>>>[2020-12-23 17:09:40 mixed.end.log]
--------------------------------------------------------------------------------------------------------------------------
>>>>>>>>>>[2020-12-23 17:09:40 mixed.start.log]
指定了非法的平台: templates
>>>>>>>>>>[2020-12-23 17:09:40 mixed.end.log]
--------------------------------------------------------------------------------------------------------------------------
>>>>>>>>>>[2020-12-23 17:09:40 mixed.start.log]
指定了非法的平台: templates
>>>>>>>>>>[2020-12-23 17:09:40 mixed.end.log]
--------------------------------------------------------------------------------------------------------------------------
>>>>>>>>>>[2020-12-23 17:09:40 mixed.start.log]
指定了非法的平台: templates
>>>>>>>>>>[2020-12-23 17:09:40 mixed.end.log]
--------------------------------------------------------------------------------------------------------------------------
>>>>>>>>>>[2020-12-23 17:09:40 mixed.start.log]
指定了非法的平台: templates
>>>>>>>>>>[2020-12-23 17:09:40 mixed.end.log]
--------------------------------------------------------------------------------------------------------------------------
>>>>>>>>>>[2020-12-23 17:09:40 mixed.start.log]
指定了非法的平台: templates
>>>>>>>>>>[2020-12-23 17:09:40 mixed.end.log]
--------------------------------------------------------------------------------------------------------------------------
>>>>>>>>>>[2020-12-23 17:09:40 mixed.start.log]
指定了非法的平台: templates
>>>>>>>>>>[2020-12-23 17:09:40 mixed.end.log]
--------------------------------------------------------------------------------------------------------------------------
>>>>>>>>>>[2020-12-23 17:09:41 mixed.start.log]
指定了非法的平台: templates
>>>>>>>>>>[2020-12-23 17:09:41 mixed.end.log]
--------------------------------------------------------------------------------------------------------------------------
>>>>>>>>>>[2020-12-23 17:09:41 mixed.start.log]
指定了非法的平台: templates
>>>>>>>>>>[2020-12-23 17:09:41 mixed.end.log]
--------------------------------------------------------------------------------------------------------------------------
>>>>>>>>>>[2020-12-23 17:09:41 mixed.start.log]
指定了非法的平台: templates
>>>>>>>>>>[2020-12-23 17:09:41 mixed.end.log]
--------------------------------------------------------------------------------------------------------------------------
>>>>>>>>>>[2020-12-23 17:09:41 mixed.start.log]
指定了非法的平台: templates
>>>>>>>>>>[2020-12-23 17:09:41 mixed.end.log]
--------------------------------------------------------------------------------------------------------------------------
>>>>>>>>>>[2020-12-23 17:09:41 mixed.start.log]
指定了非法的平台: templates
>>>>>>>>>>[2020-12-23 17:09:41 mixed.end.log]
--------------------------------------------------------------------------------------------------------------------------
>>>>>>>>>>[2020-12-23 17:09:41 mixed.start.log]
指定了非法的平台: templates
>>>>>>>>>>[2020-12-23 17:09:41 mixed.end.log]
--------------------------------------------------------------------------------------------------------------------------
>>>>>>>>>>[2020-12-23 17:09:41 mixed.start.log]
指定了非法的平台: templates
>>>>>>>>>>[2020-12-23 17:09:41 mixed.end.log]
--------------------------------------------------------------------------------------------------------------------------
>>>>>>>>>>[2020-12-23 17:09:41 mixed.start.log]
指定了非法的平台: templates
>>>>>>>>>>[2020-12-23 17:09:41 mixed.end.log]
--------------------------------------------------------------------------------------------------------------------------
>>>>>>>>>>[2020-12-23 17:09:41 mixed.start.log]
指定了非法的平台: templates
>>>>>>>>>>[2020-12-23 17:09:41 mixed.end.log]
--------------------------------------------------------------------------------------------------------------------------
>>>>>>>>>>[2020-12-23 17:09:41 mixed.start.log]
指定了非法的平台: templates
>>>>>>>>>>[2020-12-23 17:09:41 mixed.end.log]
--------------------------------------------------------------------------------------------------------------------------
>>>>>>>>>>[2020-12-23 17:09:42 mixed.start.log]
指定了非法的平台: templates
>>>>>>>>>>[2020-12-23 17:09:42 mixed.end.log]
--------------------------------------------------------------------------------------------------------------------------
>>>>>>>>>>[2020-12-23 17:09:42 mixed.start.log]
指定了非法的平台: templates
>>>>>>>>>>[2020-12-23 17:09:42 mixed.end.log]
--------------------------------------------------------------------------------------------------------------------------
>>>>>>>>>>[2020-12-23 17:09:42 mixed.start.log]
指定了非法的平台: templates
>>>>>>>>>>[2020-12-23 17:09:42 mixed.end.log]
--------------------------------------------------------------------------------------------------------------------------
>>>>>>>>>>[2020-12-23 17:09:42 mixed.start.log]
指定了非法的平台: templates
>>>>>>>>>>[2020-12-23 17:09:42 mixed.end.log]
--------------------------------------------------------------------------------------------------------------------------
>>>>>>>>>>[2020-12-23 17:09:42 mixed.start.log]
指定了非法的平台: templates
>>>>>>>>>>[2020-12-23 17:09:42 mixed.end.log]
--------------------------------------------------------------------------------------------------------------------------
>>>>>>>>>>[2020-12-23 17:09:42 mixed.start.log]
指定了非法的平台: templates
>>>>>>>>>>[2020-12-23 17:09:42 mixed.end.log]
--------------------------------------------------------------------------------------------------------------------------
>>>>>>>>>>[2020-12-23 17:09:42 mixed.start.log]
指定了非法的平台: templates
>>>>>>>>>>[2020-12-23 17:09:42 mixed.end.log]
--------------------------------------------------------------------------------------------------------------------------
>>>>>>>>>>[2020-12-23 17:09:43 mixed.start.log]
指定了非法的平台: templates
>>>>>>>>>>[2020-12-23 17:09:43 mixed.end.log]
--------------------------------------------------------------------------------------------------------------------------
>>>>>>>>>>[2020-12-23 17:09:43 mixed.start.log]
指定了非法的平台: templates
>>>>>>>>>>[2020-12-23 17:09:43 mixed.end.log]
--------------------------------------------------------------------------------------------------------------------------
>>>>>>>>>>[2020-12-23 17:09:43 mixed.start.log]
指定了非法的平台: templates
>>>>>>>>>>[2020-12-23 17:09:43 mixed.end.log]
--------------------------------------------------------------------------------------------------------------------------
>>>>>>>>>>[2020-12-23 17:09:43 mixed.start.log]
指定了非法的平台: templates
>>>>>>>>>>[2020-12-23 17:09:43 mixed.end.log]
--------------------------------------------------------------------------------------------------------------------------
>>>>>>>>>>[2020-12-23 17:09:43 mixed.start.log]
指定了非法的平台: templates
>>>>>>>>>>[2020-12-23 17:09:43 mixed.end.log]
--------------------------------------------------------------------------------------------------------------------------
>>>>>>>>>>[2020-12-23 17:09:43 mixed.start.log]
指定了非法的平台: templates
>>>>>>>>>>[2020-12-23 17:09:43 mixed.end.log]
--------------------------------------------------------------------------------------------------------------------------
>>>>>>>>>>[2020-12-23 17:09:44 mixed.start.log]
指定了非法的平台: templates
>>>>>>>>>>[2020-12-23 17:09:44 mixed.end.log]
--------------------------------------------------------------------------------------------------------------------------
>>>>>>>>>>[2020-12-23 17:09:44 mixed.start.log]
指定了非法的平台: templates
>>>>>>>>>>[2020-12-23 17:09:44 mixed.end.log]
--------------------------------------------------------------------------------------------------------------------------
>>>>>>>>>>[2020-12-23 17:09:44 mixed.start.log]
指定了非法的平台: templates
>>>>>>>>>>[2020-12-23 17:09:44 mixed.end.log]
--------------------------------------------------------------------------------------------------------------------------
>>>>>>>>>>[2020-12-23 17:09:44 mixed.start.log]
指定了非法的平台: templates
>>>>>>>>>>[2020-12-23 17:09:44 mixed.end.log]
--------------------------------------------------------------------------------------------------------------------------
>>>>>>>>>>[2020-12-23 17:09:44 mixed.start.log]
指定了非法的平台: templates
>>>>>>>>>>[2020-12-23 17:09:44 mixed.end.log]
--------------------------------------------------------------------------------------------------------------------------
>>>>>>>>>>[2020-12-23 17:09:44 mixed.start.log]
指定了非法的平台: templates
>>>>>>>>>>[2020-12-23 17:09:44 mixed.end.log]
--------------------------------------------------------------------------------------------------------------------------
>>>>>>>>>>[2020-12-23 17:09:44 mixed.start.log]
指定了非法的平台: templates
>>>>>>>>>>[2020-12-23 17:09:44 mixed.end.log]
--------------------------------------------------------------------------------------------------------------------------
>>>>>>>>>>[2020-12-23 17:09:44 mixed.start.log]
指定了非法的平台: templates
>>>>>>>>>>[2020-12-23 17:09:44 mixed.end.log]
--------------------------------------------------------------------------------------------------------------------------
>>>>>>>>>>[2020-12-23 17:09:44 mixed.start.log]
指定了非法的平台: templates
>>>>>>>>>>[2020-12-23 17:09:44 mixed.end.log]
--------------------------------------------------------------------------------------------------------------------------
>>>>>>>>>>[2020-12-23 17:09:44 mixed.start.log]
指定了非法的平台: templates
>>>>>>>>>>[2020-12-23 17:09:44 mixed.end.log]
--------------------------------------------------------------------------------------------------------------------------
>>>>>>>>>>[2020-12-23 17:09:45 mixed.start.log]
指定了非法的平台: templates
>>>>>>>>>>[2020-12-23 17:09:45 mixed.end.log]
--------------------------------------------------------------------------------------------------------------------------
>>>>>>>>>>[2020-12-23 17:09:45 mixed.start.log]
指定了非法的平台: templates
>>>>>>>>>>[2020-12-23 17:09:45 mixed.end.log]
--------------------------------------------------------------------------------------------------------------------------
>>>>>>>>>>[2020-12-23 17:09:45 mixed.start.log]
指定了非法的平台: templates
>>>>>>>>>>[2020-12-23 17:09:45 mixed.end.log]
--------------------------------------------------------------------------------------------------------------------------
>>>>>>>>>>[2020-12-23 17:09:45 mixed.start.log]
指定了非法的平台: templates
>>>>>>>>>>[2020-12-23 17:09:45 mixed.end.log]
--------------------------------------------------------------------------------------------------------------------------
>>>>>>>>>>[2020-12-23 17:09:45 mixed.start.log]
指定了非法的平台: templates
>>>>>>>>>>[2020-12-23 17:09:45 mixed.end.log]
--------------------------------------------------------------------------------------------------------------------------
>>>>>>>>>>[2020-12-23 17:09:45 mixed.start.log]
指定了非法的平台: templates
>>>>>>>>>>[2020-12-23 17:09:45 mixed.end.log]
--------------------------------------------------------------------------------------------------------------------------
>>>>>>>>>>[2020-12-23 17:09:45 mixed.start.log]
指定了非法的平台: templates
>>>>>>>>>>[2020-12-23 17:09:45 mixed.end.log]
--------------------------------------------------------------------------------------------------------------------------
>>>>>>>>>>[2020-12-23 17:09:45 mixed.start.log]
指定了非法的平台: templates
>>>>>>>>>>[2020-12-23 17:09:45 mixed.end.log]
--------------------------------------------------------------------------------------------------------------------------
>>>>>>>>>>[2020-12-23 17:09:45 mixed.start.log]
指定了非法的平台: templates
>>>>>>>>>>[2020-12-23 17:09:45 mixed.end.log]
--------------------------------------------------------------------------------------------------------------------------
>>>>>>>>>>[2020-12-23 17:09:46 mixed.start.log]
指定了非法的平台: templates
>>>>>>>>>>[2020-12-23 17:09:46 mixed.end.log]
--------------------------------------------------------------------------------------------------------------------------
>>>>>>>>>>[2020-12-23 17:09:46 mixed.start.log]
指定了非法的平台: templates
>>>>>>>>>>[2020-12-23 17:09:46 mixed.end.log]
--------------------------------------------------------------------------------------------------------------------------
>>>>>>>>>>[2020-12-23 17:09:46 mixed.start.log]
指定了非法的平台: templates
>>>>>>>>>>[2020-12-23 17:09:46 mixed.end.log]
--------------------------------------------------------------------------------------------------------------------------
>>>>>>>>>>[2020-12-23 17:09:46 mixed.start.log]
指定了非法的平台: templates
>>>>>>>>>>[2020-12-23 17:09:46 mixed.end.log]
--------------------------------------------------------------------------------------------------------------------------
>>>>>>>>>>[2020-12-23 17:09:46 mixed.start.log]
指定了非法的平台: templates
>>>>>>>>>>[2020-12-23 17:09:46 mixed.end.log]
--------------------------------------------------------------------------------------------------------------------------
>>>>>>>>>>[2020-12-23 17:09:46 mixed.start.log]
指定了非法的平台: templates
>>>>>>>>>>[2020-12-23 17:09:46 mixed.end.log]
--------------------------------------------------------------------------------------------------------------------------
>>>>>>>>>>[2020-12-23 17:09:46 mixed.start.log]
指定了非法的平台: templates
>>>>>>>>>>[2020-12-23 17:09:46 mixed.end.log]
--------------------------------------------------------------------------------------------------------------------------
>>>>>>>>>>[2020-12-23 17:09:46 mixed.start.log]
指定了非法的平台: templates
>>>>>>>>>>[2020-12-23 17:09:46 mixed.end.log]
--------------------------------------------------------------------------------------------------------------------------
>>>>>>>>>>[2020-12-23 17:09:46 mixed.start.log]
指定了非法的平台: templates
>>>>>>>>>>[2020-12-23 17:09:46 mixed.end.log]
--------------------------------------------------------------------------------------------------------------------------
>>>>>>>>>>[2020-12-23 17:09:46 mixed.start.log]
指定了非法的平台: templates
>>>>>>>>>>[2020-12-23 17:09:46 mixed.end.log]
--------------------------------------------------------------------------------------------------------------------------
>>>>>>>>>>[2020-12-23 17:09:46 mixed.start.log]
指定了非法的平台: templates
>>>>>>>>>>[2020-12-23 17:09:46 mixed.end.log]
--------------------------------------------------------------------------------------------------------------------------
>>>>>>>>>>[2020-12-23 17:09:47 mixed.start.log]
指定了非法的平台: templates
>>>>>>>>>>[2020-12-23 17:09:47 mixed.end.log]
--------------------------------------------------------------------------------------------------------------------------
>>>>>>>>>>[2020-12-23 17:09:47 mixed.start.log]
指定了非法的平台: templates
>>>>>>>>>>[2020-12-23 17:09:47 mixed.end.log]
--------------------------------------------------------------------------------------------------------------------------
>>>>>>>>>>[2020-12-23 17:09:47 mixed.start.log]
指定了非法的平台: templates
>>>>>>>>>>[2020-12-23 17:09:47 mixed.end.log]
--------------------------------------------------------------------------------------------------------------------------
>>>>>>>>>>[2020-12-23 17:09:47 mixed.start.log]
指定了非法的平台: templates
>>>>>>>>>>[2020-12-23 17:09:47 mixed.end.log]
--------------------------------------------------------------------------------------------------------------------------
>>>>>>>>>>[2020-12-23 17:09:47 mixed.start.log]
指定了非法的平台: templates
>>>>>>>>>>[2020-12-23 17:09:47 mixed.end.log]
--------------------------------------------------------------------------------------------------------------------------
>>>>>>>>>>[2020-12-23 17:09:47 mixed.start.log]
指定了非法的平台: templates
>>>>>>>>>>[2020-12-23 17:09:47 mixed.end.log]
--------------------------------------------------------------------------------------------------------------------------
>>>>>>>>>>[2020-12-23 17:09:47 mixed.start.log]
指定了非法的平台: templates
>>>>>>>>>>[2020-12-23 17:09:47 mixed.end.log]
--------------------------------------------------------------------------------------------------------------------------
>>>>>>>>>>[2020-12-23 17:09:47 mixed.start.log]
指定了非法的平台: templates
>>>>>>>>>>[2020-12-23 17:09:47 mixed.end.log]
--------------------------------------------------------------------------------------------------------------------------
>>>>>>>>>>[2020-12-23 17:09:47 mixed.start.log]
指定了非法的平台: templates
>>>>>>>>>>[2020-12-23 17:09:47 mixed.end.log]
--------------------------------------------------------------------------------------------------------------------------
>>>>>>>>>>[2020-12-23 17:09:51 mixed.start.log]
指定了非法的平台: templates
>>>>>>>>>>[2020-12-23 17:09:51 mixed.end.log]
--------------------------------------------------------------------------------------------------------------------------
>>>>>>>>>>[2020-12-23 17:09:51 mixed.start.log]
指定了非法的平台: templates
>>>>>>>>>>[2020-12-23 17:09:51 mixed.end.log]
--------------------------------------------------------------------------------------------------------------------------
>>>>>>>>>>[2020-12-23 17:09:51 mixed.start.log]
指定了非法的平台: templates
>>>>>>>>>>[2020-12-23 17:09:51 mixed.end.log]
--------------------------------------------------------------------------------------------------------------------------
>>>>>>>>>>[2020-12-23 17:09:51 mixed.start.log]
指定了非法的平台: templates
>>>>>>>>>>[2020-12-23 17:09:51 mixed.end.log]
--------------------------------------------------------------------------------------------------------------------------
>>>>>>>>>>[2020-12-23 17:09:51 mixed.start.log]
指定了非法的平台: templates
>>>>>>>>>>[2020-12-23 17:09:51 mixed.end.log]
--------------------------------------------------------------------------------------------------------------------------
>>>>>>>>>>[2020-12-23 17:09:51 mixed.start.log]
指定了非法的平台: templates
>>>>>>>>>>[2020-12-23 17:09:51 mixed.end.log]
--------------------------------------------------------------------------------------------------------------------------
>>>>>>>>>>[2020-12-23 17:09:51 mixed.start.log]
指定了非法的平台: templates
>>>>>>>>>>[2020-12-23 17:09:51 mixed.end.log]
--------------------------------------------------------------------------------------------------------------------------
>>>>>>>>>>[2020-12-23 17:09:51 mixed.start.log]
指定了非法的平台: templates
>>>>>>>>>>[2020-12-23 17:09:51 mixed.end.log]
--------------------------------------------------------------------------------------------------------------------------
>>>>>>>>>>[2020-12-23 17:09:51 mixed.start.log]
指定了非法的平台: templates
>>>>>>>>>>[2020-12-23 17:09:51 mixed.end.log]
--------------------------------------------------------------------------------------------------------------------------
>>>>>>>>>>[2020-12-23 17:09:51 mixed.start.log]
指定了非法的平台: templates
>>>>>>>>>>[2020-12-23 17:09:51 mixed.end.log]
--------------------------------------------------------------------------------------------------------------------------
>>>>>>>>>>[2020-12-23 17:09:51 mixed.start.log]
指定了非法的平台: templates
>>>>>>>>>>[2020-12-23 17:09:51 mixed.end.log]
--------------------------------------------------------------------------------------------------------------------------
>>>>>>>>>>[2020-12-23 17:09:52 mixed.start.log]
指定了非法的平台: templates
>>>>>>>>>>[2020-12-23 17:09:52 mixed.end.log]
--------------------------------------------------------------------------------------------------------------------------
>>>>>>>>>>[2020-12-23 17:09:52 mixed.start.log]
指定了非法的平台: templates
>>>>>>>>>>[2020-12-23 17:09:52 mixed.end.log]
--------------------------------------------------------------------------------------------------------------------------
>>>>>>>>>>[2020-12-23 17:09:55 mixed.start.log]
指定了非法的平台: templates
>>>>>>>>>>[2020-12-23 17:09:55 mixed.end.log]
--------------------------------------------------------------------------------------------------------------------------
>>>>>>>>>>[2020-12-23 17:09:55 mixed.start.log]
指定了非法的平台: templates
>>>>>>>>>>[2020-12-23 17:09:55 mixed.end.log]
--------------------------------------------------------------------------------------------------------------------------
>>>>>>>>>>[2020-12-23 17:09:55 mixed.start.log]
指定了非法的平台: templates
>>>>>>>>>>[2020-12-23 17:09:55 mixed.end.log]
--------------------------------------------------------------------------------------------------------------------------
>>>>>>>>>>[2020-12-23 17:09:55 mixed.start.log]
指定了非法的平台: templates
>>>>>>>>>>[2020-12-23 17:09:55 mixed.end.log]
--------------------------------------------------------------------------------------------------------------------------
>>>>>>>>>>[2020-12-23 17:09:55 mixed.start.log]
指定了非法的平台: templates
>>>>>>>>>>[2020-12-23 17:09:55 mixed.end.log]
--------------------------------------------------------------------------------------------------------------------------
>>>>>>>>>>[2020-12-23 17:09:55 mixed.start.log]
指定了非法的平台: templates
>>>>>>>>>>[2020-12-23 17:09:55 mixed.end.log]
--------------------------------------------------------------------------------------------------------------------------
>>>>>>>>>>[2020-12-23 17:09:55 mixed.start.log]
指定了非法的平台: templates
>>>>>>>>>>[2020-12-23 17:09:55 mixed.end.log]
--------------------------------------------------------------------------------------------------------------------------
>>>>>>>>>>[2020-12-23 17:09:55 mixed.start.log]
指定了非法的平台: templates
>>>>>>>>>>[2020-12-23 17:09:55 mixed.end.log]
--------------------------------------------------------------------------------------------------------------------------
>>>>>>>>>>[2020-12-23 17:09:55 mixed.start.log]
指定了非法的平台: templates
>>>>>>>>>>[2020-12-23 17:09:55 mixed.end.log]
--------------------------------------------------------------------------------------------------------------------------
>>>>>>>>>>[2020-12-23 17:09:55 mixed.start.log]
指定了非法的平台: templates
>>>>>>>>>>[2020-12-23 17:09:55 mixed.end.log]
--------------------------------------------------------------------------------------------------------------------------
>>>>>>>>>>[2020-12-23 17:09:55 mixed.start.log]
指定了非法的平台: templates
>>>>>>>>>>[2020-12-23 17:09:55 mixed.end.log]
--------------------------------------------------------------------------------------------------------------------------
>>>>>>>>>>[2020-12-23 17:09:55 mixed.start.log]
指定了非法的平台: templates
>>>>>>>>>>[2020-12-23 17:09:55 mixed.end.log]
--------------------------------------------------------------------------------------------------------------------------
>>>>>>>>>>[2020-12-23 17:09:58 mixed.start.log]
指定了非法的平台: templates
>>>>>>>>>>[2020-12-23 17:09:58 mixed.end.log]
--------------------------------------------------------------------------------------------------------------------------
>>>>>>>>>>[2020-12-23 17:09:58 mixed.start.log]
指定了非法的平台: templates
>>>>>>>>>>[2020-12-23 17:09:58 mixed.end.log]
--------------------------------------------------------------------------------------------------------------------------
>>>>>>>>>>[2020-12-23 17:09:58 mixed.start.log]
指定了非法的平台: templates
>>>>>>>>>>[2020-12-23 17:09:58 mixed.end.log]
--------------------------------------------------------------------------------------------------------------------------
>>>>>>>>>>[2020-12-23 17:09:58 mixed.start.log]
指定了非法的平台: templates
>>>>>>>>>>[2020-12-23 17:09:58 mixed.end.log]
--------------------------------------------------------------------------------------------------------------------------
>>>>>>>>>>[2020-12-23 17:09:58 mixed.start.log]
指定了非法的平台: templates
>>>>>>>>>>[2020-12-23 17:09:58 mixed.end.log]
--------------------------------------------------------------------------------------------------------------------------
>>>>>>>>>>[2020-12-23 17:09:58 mixed.start.log]
指定了非法的平台: templates
>>>>>>>>>>[2020-12-23 17:09:58 mixed.end.log]
--------------------------------------------------------------------------------------------------------------------------
>>>>>>>>>>[2020-12-23 17:09:58 mixed.start.log]
指定了非法的平台: templates
>>>>>>>>>>[2020-12-23 17:09:58 mixed.end.log]
--------------------------------------------------------------------------------------------------------------------------
>>>>>>>>>>[2020-12-23 17:09:58 mixed.start.log]
指定了非法的平台: templates
>>>>>>>>>>[2020-12-23 17:09:58 mixed.end.log]
--------------------------------------------------------------------------------------------------------------------------
>>>>>>>>>>[2020-12-23 17:09:58 mixed.start.log]
指定了非法的平台: templates
>>>>>>>>>>[2020-12-23 17:09:58 mixed.end.log]
--------------------------------------------------------------------------------------------------------------------------
>>>>>>>>>>[2020-12-23 17:09:58 mixed.start.log]
指定了非法的平台: templates
>>>>>>>>>>[2020-12-23 17:09:58 mixed.end.log]
--------------------------------------------------------------------------------------------------------------------------
>>>>>>>>>>[2020-12-23 17:09:58 mixed.start.log]
指定了非法的平台: templates
>>>>>>>>>>[2020-12-23 17:09:58 mixed.end.log]
--------------------------------------------------------------------------------------------------------------------------
>>>>>>>>>>[2020-12-23 17:10:01 mixed.start.log]
指定了非法的平台: templates
>>>>>>>>>>[2020-12-23 17:10:01 mixed.end.log]
--------------------------------------------------------------------------------------------------------------------------
>>>>>>>>>>[2020-12-23 17:10:01 mixed.start.log]
指定了非法的平台: templates
>>>>>>>>>>[2020-12-23 17:10:01 mixed.end.log]
--------------------------------------------------------------------------------------------------------------------------
>>>>>>>>>>[2020-12-23 17:10:01 mixed.start.log]
指定了非法的平台: templates
>>>>>>>>>>[2020-12-23 17:10:01 mixed.end.log]
--------------------------------------------------------------------------------------------------------------------------
>>>>>>>>>>[2020-12-23 17:10:01 mixed.start.log]
指定了非法的平台: templates
>>>>>>>>>>[2020-12-23 17:10:01 mixed.end.log]
--------------------------------------------------------------------------------------------------------------------------
>>>>>>>>>>[2020-12-23 17:10:01 mixed.start.log]
指定了非法的平台: templates
>>>>>>>>>>[2020-12-23 17:10:01 mixed.end.log]
--------------------------------------------------------------------------------------------------------------------------
>>>>>>>>>>[2020-12-23 17:10:01 mixed.start.log]
指定了非法的平台: templates
>>>>>>>>>>[2020-12-23 17:10:01 mixed.end.log]
--------------------------------------------------------------------------------------------------------------------------
>>>>>>>>>>[2020-12-23 17:10:01 mixed.start.log]
指定了非法的平台: templates
>>>>>>>>>>[2020-12-23 17:10:01 mixed.end.log]
--------------------------------------------------------------------------------------------------------------------------
>>>>>>>>>>[2020-12-23 17:10:01 mixed.start.log]
指定了非法的平台: templates
>>>>>>>>>>[2020-12-23 17:10:01 mixed.end.log]
--------------------------------------------------------------------------------------------------------------------------
>>>>>>>>>>[2020-12-23 17:10:01 mixed.start.log]
指定了非法的平台: templates
>>>>>>>>>>[2020-12-23 17:10:01 mixed.end.log]
--------------------------------------------------------------------------------------------------------------------------
>>>>>>>>>>[2020-12-23 17:10:01 mixed.start.log]
指定了非法的平台: templates
>>>>>>>>>>[2020-12-23 17:10:01 mixed.end.log]
--------------------------------------------------------------------------------------------------------------------------
>>>>>>>>>>[2020-12-23 17:10:04 mixed.start.log]
指定了非法的平台: templates
>>>>>>>>>>[2020-12-23 17:10:04 mixed.end.log]
--------------------------------------------------------------------------------------------------------------------------
>>>>>>>>>>[2020-12-23 17:10:04 mixed.start.log]
指定了非法的平台: templates
>>>>>>>>>>[2020-12-23 17:10:04 mixed.end.log]
--------------------------------------------------------------------------------------------------------------------------
>>>>>>>>>>[2020-12-23 17:10:04 mixed.start.log]
指定了非法的平台: templates
>>>>>>>>>>[2020-12-23 17:10:04 mixed.end.log]
--------------------------------------------------------------------------------------------------------------------------
>>>>>>>>>>[2020-12-23 17:10:04 mixed.start.log]
指定了非法的平台: templates
>>>>>>>>>>[2020-12-23 17:10:04 mixed.end.log]
--------------------------------------------------------------------------------------------------------------------------
>>>>>>>>>>[2020-12-23 17:10:04 mixed.start.log]
指定了非法的平台: templates
>>>>>>>>>>[2020-12-23 17:10:04 mixed.end.log]
--------------------------------------------------------------------------------------------------------------------------
>>>>>>>>>>[2020-12-23 17:10:04 mixed.start.log]
指定了非法的平台: templates
>>>>>>>>>>[2020-12-23 17:10:04 mixed.end.log]
--------------------------------------------------------------------------------------------------------------------------
>>>>>>>>>>[2020-12-23 17:10:04 mixed.start.log]
指定了非法的平台: templates
>>>>>>>>>>[2020-12-23 17:10:04 mixed.end.log]
--------------------------------------------------------------------------------------------------------------------------
>>>>>>>>>>[2020-12-23 17:10:04 mixed.start.log]
指定了非法的平台: templates
>>>>>>>>>>[2020-12-23 17:10:04 mixed.end.log]
--------------------------------------------------------------------------------------------------------------------------
>>>>>>>>>>[2020-12-23 17:10:04 mixed.start.log]
指定了非法的平台: templates
>>>>>>>>>>[2020-12-23 17:10:04 mixed.end.log]
--------------------------------------------------------------------------------------------------------------------------
>>>>>>>>>>[2020-12-23 17:10:07 mixed.start.log]
指定了非法的平台: templates
>>>>>>>>>>[2020-12-23 17:10:07 mixed.end.log]
--------------------------------------------------------------------------------------------------------------------------
>>>>>>>>>>[2020-12-23 17:10:07 mixed.start.log]
指定了非法的平台: templates
>>>>>>>>>>[2020-12-23 17:10:07 mixed.end.log]
--------------------------------------------------------------------------------------------------------------------------
>>>>>>>>>>[2020-12-23 17:10:07 mixed.start.log]
指定了非法的平台: templates
>>>>>>>>>>[2020-12-23 17:10:07 mixed.end.log]
--------------------------------------------------------------------------------------------------------------------------
>>>>>>>>>>[2020-12-23 17:10:07 mixed.start.log]
指定了非法的平台: templates
>>>>>>>>>>[2020-12-23 17:10:07 mixed.end.log]
--------------------------------------------------------------------------------------------------------------------------
>>>>>>>>>>[2020-12-23 17:10:07 mixed.start.log]
指定了非法的平台: templates
>>>>>>>>>>[2020-12-23 17:10:07 mixed.end.log]
--------------------------------------------------------------------------------------------------------------------------
>>>>>>>>>>[2020-12-23 17:10:07 mixed.start.log]
指定了非法的平台: templates
>>>>>>>>>>[2020-12-23 17:10:07 mixed.end.log]
--------------------------------------------------------------------------------------------------------------------------
>>>>>>>>>>[2020-12-23 17:10:07 mixed.start.log]
指定了非法的平台: templates
>>>>>>>>>>[2020-12-23 17:10:07 mixed.end.log]
--------------------------------------------------------------------------------------------------------------------------
>>>>>>>>>>[2020-12-23 17:10:07 mixed.start.log]
指定了非法的平台: templates
>>>>>>>>>>[2020-12-23 17:10:07 mixed.end.log]
--------------------------------------------------------------------------------------------------------------------------
>>>>>>>>>>[2020-12-23 17:10:13 mixed.start.log]
指定了非法的平台: templates
>>>>>>>>>>[2020-12-23 17:10:13 mixed.end.log]
--------------------------------------------------------------------------------------------------------------------------
>>>>>>>>>>[2020-12-23 17:10:13 mixed.start.log]
指定了非法的平台: templates
>>>>>>>>>>[2020-12-23 17:10:13 mixed.end.log]
--------------------------------------------------------------------------------------------------------------------------
>>>>>>>>>>[2020-12-23 17:10:13 mixed.start.log]
指定了非法的平台: templates
>>>>>>>>>>[2020-12-23 17:10:13 mixed.end.log]
--------------------------------------------------------------------------------------------------------------------------
>>>>>>>>>>[2020-12-23 17:10:13 mixed.start.log]
指定了非法的平台: templates
>>>>>>>>>>[2020-12-23 17:10:13 mixed.end.log]
--------------------------------------------------------------------------------------------------------------------------
>>>>>>>>>>[2020-12-23 17:10:13 mixed.start.log]
指定了非法的平台: templates
>>>>>>>>>>[2020-12-23 17:10:13 mixed.end.log]
--------------------------------------------------------------------------------------------------------------------------
>>>>>>>>>>[2020-12-23 17:10:13 mixed.start.log]
指定了非法的平台: templates
>>>>>>>>>>[2020-12-23 17:10:13 mixed.end.log]
--------------------------------------------------------------------------------------------------------------------------
>>>>>>>>>>[2020-12-23 17:10:13 mixed.start.log]
指定了非法的平台: templates
>>>>>>>>>>[2020-12-23 17:10:13 mixed.end.log]
--------------------------------------------------------------------------------------------------------------------------
>>>>>>>>>>[2020-12-23 17:10:15 mixed.start.log]
指定了非法的平台: templates
>>>>>>>>>>[2020-12-23 17:10:15 mixed.end.log]
--------------------------------------------------------------------------------------------------------------------------
>>>>>>>>>>[2020-12-23 17:10:15 mixed.start.log]
指定了非法的平台: templates
>>>>>>>>>>[2020-12-23 17:10:15 mixed.end.log]
--------------------------------------------------------------------------------------------------------------------------
>>>>>>>>>>[2020-12-23 17:10:15 mixed.start.log]
指定了非法的平台: templates
>>>>>>>>>>[2020-12-23 17:10:15 mixed.end.log]
--------------------------------------------------------------------------------------------------------------------------
>>>>>>>>>>[2020-12-23 17:10:15 mixed.start.log]
指定了非法的平台: templates
>>>>>>>>>>[2020-12-23 17:10:15 mixed.end.log]
--------------------------------------------------------------------------------------------------------------------------
>>>>>>>>>>[2020-12-23 17:10:15 mixed.start.log]
指定了非法的平台: templates
>>>>>>>>>>[2020-12-23 17:10:15 mixed.end.log]
--------------------------------------------------------------------------------------------------------------------------
>>>>>>>>>>[2020-12-23 17:10:15 mixed.start.log]
指定了非法的平台: templates
>>>>>>>>>>[2020-12-23 17:10:15 mixed.end.log]
--------------------------------------------------------------------------------------------------------------------------
>>>>>>>>>>[2020-12-23 17:10:18 mixed.start.log]
指定了非法的平台: templates
>>>>>>>>>>[2020-12-23 17:10:18 mixed.end.log]
--------------------------------------------------------------------------------------------------------------------------
>>>>>>>>>>[2020-12-23 17:10:18 mixed.start.log]
指定了非法的平台: templates
>>>>>>>>>>[2020-12-23 17:10:18 mixed.end.log]
--------------------------------------------------------------------------------------------------------------------------
>>>>>>>>>>[2020-12-23 17:10:18 mixed.start.log]
指定了非法的平台: templates
>>>>>>>>>>[2020-12-23 17:10:18 mixed.end.log]
--------------------------------------------------------------------------------------------------------------------------
>>>>>>>>>>[2020-12-23 17:10:18 mixed.start.log]
指定了非法的平台: templates
>>>>>>>>>>[2020-12-23 17:10:18 mixed.end.log]
--------------------------------------------------------------------------------------------------------------------------
>>>>>>>>>>[2020-12-23 17:10:18 mixed.start.log]
指定了非法的平台: templates
>>>>>>>>>>[2020-12-23 17:10:18 mixed.end.log]
--------------------------------------------------------------------------------------------------------------------------
>>>>>>>>>>[2020-12-23 17:10:22 mixed.start.log]
指定了非法的平台: templates
>>>>>>>>>>[2020-12-23 17:10:22 mixed.end.log]
--------------------------------------------------------------------------------------------------------------------------
>>>>>>>>>>[2020-12-23 17:10:22 mixed.start.log]
指定了非法的平台: templates
>>>>>>>>>>[2020-12-23 17:10:22 mixed.end.log]
--------------------------------------------------------------------------------------------------------------------------
>>>>>>>>>>[2020-12-23 17:10:22 mixed.start.log]
指定了非法的平台: templates
>>>>>>>>>>[2020-12-23 17:10:22 mixed.end.log]
--------------------------------------------------------------------------------------------------------------------------
>>>>>>>>>>[2020-12-23 17:10:22 mixed.start.log]
指定了非法的平台: templates
>>>>>>>>>>[2020-12-23 17:10:22 mixed.end.log]
--------------------------------------------------------------------------------------------------------------------------
>>>>>>>>>>[2020-12-23 17:10:24 mixed.start.log]
指定了非法的平台: templates
>>>>>>>>>>[2020-12-23 17:10:24 mixed.end.log]
--------------------------------------------------------------------------------------------------------------------------
>>>>>>>>>>[2020-12-23 17:10:24 mixed.start.log]
指定了非法的平台: templates
>>>>>>>>>>[2020-12-23 17:10:24 mixed.end.log]
--------------------------------------------------------------------------------------------------------------------------
>>>>>>>>>>[2020-12-23 17:10:24 mixed.start.log]
指定了非法的平台: templates
>>>>>>>>>>[2020-12-23 17:10:24 mixed.end.log]
--------------------------------------------------------------------------------------------------------------------------
>>>>>>>>>>[2020-12-23 17:10:27 mixed.start.log]
指定了非法的平台: templates
>>>>>>>>>>[2020-12-23 17:10:27 mixed.end.log]
--------------------------------------------------------------------------------------------------------------------------
>>>>>>>>>>[2020-12-23 17:10:27 mixed.start.log]
指定了非法的平台: templates
>>>>>>>>>>[2020-12-23 17:10:27 mixed.end.log]
--------------------------------------------------------------------------------------------------------------------------
>>>>>>>>>>[2020-12-23 17:10:30 mixed.start.log]
指定了非法的平台: templates
>>>>>>>>>>[2020-12-23 17:10:30 mixed.end.log]
--------------------------------------------------------------------------------------------------------------------------
>>>>>>>>>>[2020-12-23 17:10:37 mixed.start.log]
指定了非法的平台: favicon.ico
>>>>>>>>>>[2020-12-23 17:10:37 mixed.end.log]
--------------------------------------------------------------------------------------------------------------------------
>>>>>>>>>>[2020-12-23 17:14:04 mixed.start.log]
指定了非法的平台: favicon.ico
>>>>>>>>>>[2020-12-23 17:14:04 mixed.end.log]
--------------------------------------------------------------------------------------------------------------------------
>>>>>>>>>>[2020-12-23 17:45:07 mixed.start.log]
指定了非法的平台: favicon.ico
>>>>>>>>>>[2020-12-23 17:45:07 mixed.end.log]
--------------------------------------------------------------------------------------------------------------------------
>>>>>>>>>>[2020-12-23 17:51:15 mixed.start.log]
指定了非法的平台: favicon.ico
>>>>>>>>>>[2020-12-23 17:51:15 mixed.end.log]
--------------------------------------------------------------------------------------------------------------------------
>>>>>>>>>>[2020-12-23 17:52:29 mixed.start.log]
匹配不到routes对应的规则: /system/manage/jui/image/ico.ico
>>>>>>>>>>[2020-12-23 17:52:29 mixed.end.log]
--------------------------------------------------------------------------------------------------------------------------
