>>>>>>>>>>[2020-12-21 10:49:44 mixed.start.log]
指定了非法的平台: favicon.ico
>>>>>>>>>>[2020-12-21 10:49:44 mixed.end.log]
--------------------------------------------------------------------------------------------------------------------------
>>>>>>>>>>[2020-12-21 10:51:11 mixed.start.log]
匹配不到routes对应的规则: /system/manage/jui/image/ico.ico
>>>>>>>>>>[2020-12-21 10:51:11 mixed.end.log]
--------------------------------------------------------------------------------------------------------------------------
>>>>>>>>>>[2020-12-21 10:51:14 mixed.start.log]
匹配不到routes对应的规则: /system/manage/jui/image/ico.ico
>>>>>>>>>>[2020-12-21 10:51:14 mixed.end.log]
--------------------------------------------------------------------------------------------------------------------------
>>>>>>>>>>[2020-12-21 10:51:14 mixed.start.log]
指定了非法的平台: _static
>>>>>>>>>>[2020-12-21 10:51:14 mixed.end.log]
--------------------------------------------------------------------------------------------------------------------------
>>>>>>>>>>[2020-12-21 10:51:15 mixed.start.log]
指定了非法的平台: _static
>>>>>>>>>>[2020-12-21 10:51:15 mixed.end.log]
--------------------------------------------------------------------------------------------------------------------------
>>>>>>>>>>[2020-12-21 10:51:40 mixed.start.log]
匹配不到routes对应的规则: /system/manage/jui/image/ico.ico
>>>>>>>>>>[2020-12-21 10:51:40 mixed.end.log]
--------------------------------------------------------------------------------------------------------------------------
