>>>>>>>>>>[2020-11-10 15:52:39 mixed.start.log]
匹配不到routes对应的规则: /system/manage/assets/images/icon.svg
>>>>>>>>>>[2020-11-10 15:52:39 mixed.end.log]
--------------------------------------------------------------------------------------------------------------------------
>>>>>>>>>>[2020-11-10 15:52:39 mixed.start.log]
匹配不到routes对应的规则: /system/manage/assets/images/1024x640.png
>>>>>>>>>>[2020-11-10 15:52:39 mixed.end.log]
--------------------------------------------------------------------------------------------------------------------------
>>>>>>>>>>[2020-11-10 15:52:39 mixed.start.log]
匹配不到routes对应的规则: /system/share/fonts/simple-Line-Icons.woff
>>>>>>>>>>[2020-11-10 15:52:39 mixed.end.log]
--------------------------------------------------------------------------------------------------------------------------
>>>>>>>>>>[2020-11-10 15:52:59 mixed.start.log]
匹配不到routes对应的规则: /system/share/fonts/simple-Line-Icons.ttf
>>>>>>>>>>[2020-11-10 15:52:59 mixed.end.log]
--------------------------------------------------------------------------------------------------------------------------
>>>>>>>>>>[2020-11-10 15:54:19 mixed.start.log]
匹配不到routes对应的规则: /system/manage/favicon.png
>>>>>>>>>>[2020-11-10 15:54:19 mixed.end.log]
--------------------------------------------------------------------------------------------------------------------------
>>>>>>>>>>[2020-11-10 19:47:45 mixed.start.log]
匹配不到routes对应的规则: /system/manage/assets/images/icon.svg
>>>>>>>>>>[2020-11-10 19:47:45 mixed.end.log]
--------------------------------------------------------------------------------------------------------------------------
>>>>>>>>>>[2020-11-10 19:47:45 mixed.start.log]
匹配不到routes对应的规则: /system/manage/assets/images/1024x640.png
>>>>>>>>>>[2020-11-10 19:47:45 mixed.end.log]
--------------------------------------------------------------------------------------------------------------------------
>>>>>>>>>>[2020-11-10 19:47:45 mixed.start.log]
匹配不到routes对应的规则: /system/share/fonts/simple-Line-Icons.woff
>>>>>>>>>>[2020-11-10 19:47:45 mixed.end.log]
--------------------------------------------------------------------------------------------------------------------------
>>>>>>>>>>[2020-11-10 19:47:45 mixed.start.log]
匹配不到routes对应的规则: /system/share/fonts/simple-Line-Icons.ttf
>>>>>>>>>>[2020-11-10 19:47:45 mixed.end.log]
--------------------------------------------------------------------------------------------------------------------------
>>>>>>>>>>[2020-11-10 19:47:45 mixed.start.log]
匹配不到routes对应的规则: /system/manage/favicon.png
>>>>>>>>>>[2020-11-10 19:47:45 mixed.end.log]
--------------------------------------------------------------------------------------------------------------------------
>>>>>>>>>>[2020-11-10 20:09:21 mixed.start.log]
指定了非法的平台: favicon.ico
>>>>>>>>>>[2020-11-10 20:09:21 mixed.end.log]
--------------------------------------------------------------------------------------------------------------------------
>>>>>>>>>>[2020-11-10 20:19:40 mixed.start.log]
匹配不到routes对应的规则: /system/manage/assets/images/1024x640.png
>>>>>>>>>>[2020-11-10 20:19:40 mixed.end.log]
--------------------------------------------------------------------------------------------------------------------------
>>>>>>>>>>[2020-11-10 20:19:40 mixed.start.log]
匹配不到routes对应的规则: /system/manage/assets/images/icon.svg
>>>>>>>>>>[2020-11-10 20:19:40 mixed.end.log]
--------------------------------------------------------------------------------------------------------------------------
>>>>>>>>>>[2020-11-10 20:19:40 mixed.start.log]
匹配不到routes对应的规则: /system/share/fonts/simple-Line-Icons.woff
>>>>>>>>>>[2020-11-10 20:19:40 mixed.end.log]
--------------------------------------------------------------------------------------------------------------------------
>>>>>>>>>>[2020-11-10 20:19:40 mixed.start.log]
匹配不到routes对应的规则: /system/share/fonts/simple-Line-Icons.ttf
>>>>>>>>>>[2020-11-10 20:19:40 mixed.end.log]
--------------------------------------------------------------------------------------------------------------------------
>>>>>>>>>>[2020-11-10 20:19:40 mixed.start.log]
匹配不到routes对应的规则: /system/manage/favicon.png
>>>>>>>>>>[2020-11-10 20:19:40 mixed.end.log]
--------------------------------------------------------------------------------------------------------------------------
>>>>>>>>>>[2020-11-10 20:22:29 mixed.start.log]
匹配不到routes对应的规则: /system/manage/assets/images/1024x640.png
>>>>>>>>>>[2020-11-10 20:22:29 mixed.end.log]
--------------------------------------------------------------------------------------------------------------------------
>>>>>>>>>>[2020-11-10 20:22:29 mixed.start.log]
匹配不到routes对应的规则: /system/manage/assets/images/icon.svg
>>>>>>>>>>[2020-11-10 20:22:29 mixed.end.log]
--------------------------------------------------------------------------------------------------------------------------
>>>>>>>>>>[2020-11-10 20:22:29 mixed.start.log]
匹配不到routes对应的规则: /system/share/fonts/simple-Line-Icons.woff
>>>>>>>>>>[2020-11-10 20:22:29 mixed.end.log]
--------------------------------------------------------------------------------------------------------------------------
>>>>>>>>>>[2020-11-10 20:22:30 mixed.start.log]
匹配不到routes对应的规则: /system/share/fonts/simple-Line-Icons.ttf
>>>>>>>>>>[2020-11-10 20:22:30 mixed.end.log]
--------------------------------------------------------------------------------------------------------------------------
>>>>>>>>>>[2020-11-10 20:22:30 mixed.start.log]
匹配不到routes对应的规则: /system/manage/favicon.png
>>>>>>>>>>[2020-11-10 20:22:30 mixed.end.log]
--------------------------------------------------------------------------------------------------------------------------
>>>>>>>>>>[2020-11-10 20:22:35 mixed.start.log]
匹配不到routes对应的规则: /system/manage/user/assets/css/site.css
>>>>>>>>>>[2020-11-10 20:22:35 mixed.end.log]
--------------------------------------------------------------------------------------------------------------------------
>>>>>>>>>>[2020-11-10 20:22:35 mixed.start.log]
匹配不到routes对应的规则: /system/manage/user/assets/images/icon.svg
>>>>>>>>>>[2020-11-10 20:22:35 mixed.end.log]
--------------------------------------------------------------------------------------------------------------------------
>>>>>>>>>>[2020-11-10 20:22:35 mixed.start.log]
匹配不到routes对应的规则: /system/manage/user/assets/images/1024x640.png
>>>>>>>>>>[2020-11-10 20:22:35 mixed.end.log]
--------------------------------------------------------------------------------------------------------------------------
>>>>>>>>>>[2020-11-10 20:22:36 mixed.start.log]
匹配不到routes对应的规则: /system/manage/user/favicon.png
>>>>>>>>>>[2020-11-10 20:22:36 mixed.end.log]
--------------------------------------------------------------------------------------------------------------------------
>>>>>>>>>>[2020-11-10 20:23:27 mixed.start.log]
匹配不到routes对应的规则: /system/manage/user/assets/images/icon.svg
>>>>>>>>>>[2020-11-10 20:23:27 mixed.end.log]
--------------------------------------------------------------------------------------------------------------------------
>>>>>>>>>>[2020-11-10 20:23:27 mixed.start.log]
匹配不到routes对应的规则: /system/manage/user/assets/images/1024x640.png
>>>>>>>>>>[2020-11-10 20:23:27 mixed.end.log]
--------------------------------------------------------------------------------------------------------------------------
>>>>>>>>>>[2020-11-10 20:23:27 mixed.start.log]
匹配不到routes对应的规则: /system/share/fonts/simple-Line-Icons.woff
>>>>>>>>>>[2020-11-10 20:23:27 mixed.end.log]
--------------------------------------------------------------------------------------------------------------------------
>>>>>>>>>>[2020-11-10 20:23:28 mixed.start.log]
匹配不到routes对应的规则: /system/share/fonts/simple-Line-Icons.ttf
>>>>>>>>>>[2020-11-10 20:23:28 mixed.end.log]
--------------------------------------------------------------------------------------------------------------------------
>>>>>>>>>>[2020-11-10 20:23:28 mixed.start.log]
匹配不到routes对应的规则: /system/manage/user/favicon.png
>>>>>>>>>>[2020-11-10 20:23:28 mixed.end.log]
--------------------------------------------------------------------------------------------------------------------------
>>>>>>>>>>[2020-11-10 20:24:37 mixed.start.log]
匹配不到routes对应的规则: /system/manage/user/assets/images/icon.svg
>>>>>>>>>>[2020-11-10 20:24:37 mixed.end.log]
--------------------------------------------------------------------------------------------------------------------------
>>>>>>>>>>[2020-11-10 20:24:37 mixed.start.log]
匹配不到routes对应的规则: /system/manage/user/assets/images/1024x640.png
>>>>>>>>>>[2020-11-10 20:24:37 mixed.end.log]
--------------------------------------------------------------------------------------------------------------------------
>>>>>>>>>>[2020-11-10 20:24:37 mixed.start.log]
匹配不到routes对应的规则: /system/share/fonts/simple-Line-Icons.woff
>>>>>>>>>>[2020-11-10 20:24:37 mixed.end.log]
--------------------------------------------------------------------------------------------------------------------------
>>>>>>>>>>[2020-11-10 20:24:37 mixed.start.log]
匹配不到routes对应的规则: /system/share/fonts/simple-Line-Icons.ttf
>>>>>>>>>>[2020-11-10 20:24:37 mixed.end.log]
--------------------------------------------------------------------------------------------------------------------------
>>>>>>>>>>[2020-11-10 20:24:37 mixed.start.log]
匹配不到routes对应的规则: /system/manage/user/favicon.png
>>>>>>>>>>[2020-11-10 20:24:37 mixed.end.log]
--------------------------------------------------------------------------------------------------------------------------
>>>>>>>>>>[2020-11-10 21:04:27 mixed.start.log]
指定了非法的平台: favicon.ico
>>>>>>>>>>[2020-11-10 21:04:27 mixed.end.log]
--------------------------------------------------------------------------------------------------------------------------
