>>>>>>>>>>[2020-12-10 10:43:37 mixed.start.log]
指定了非法的平台: favicon.ico
>>>>>>>>>>[2020-12-10 10:43:37 mixed.end.log]
--------------------------------------------------------------------------------------------------------------------------
>>>>>>>>>>[2020-12-10 10:43:45 mixed.start.log]
匹配不到routes对应的规则: /system/manage/jui/image/ico.ico
>>>>>>>>>>[2020-12-10 10:43:45 mixed.end.log]
--------------------------------------------------------------------------------------------------------------------------
>>>>>>>>>>[2020-12-10 10:43:48 mixed.start.log]
匹配不到routes对应的规则: /system/manage/jui/image/ico.ico
>>>>>>>>>>[2020-12-10 10:43:48 mixed.end.log]
--------------------------------------------------------------------------------------------------------------------------
>>>>>>>>>>[2020-12-10 17:52:52 mixed.start.log]
匹配不到routes对应的规则: /system/manage/doc/mulu/edit/content
>>>>>>>>>>[2020-12-10 17:52:52 mixed.end.log]
--------------------------------------------------------------------------------------------------------------------------
>>>>>>>>>>[2020-12-10 17:53:06 mixed.start.log]
匹配不到routes对应的规则: /system/manage/doc/mulu/edit/content
>>>>>>>>>>[2020-12-10 17:53:06 mixed.end.log]
--------------------------------------------------------------------------------------------------------------------------
>>>>>>>>>>[2020-12-10 17:54:06 mixed.start.log]
匹配不到routes对应的规则: /system/manage/editor/md/img/up
>>>>>>>>>>[2020-12-10 17:54:06 mixed.end.log]
--------------------------------------------------------------------------------------------------------------------------
>>>>>>>>>>[2020-12-10 17:54:13 mixed.start.log]
匹配不到routes对应的规则: /system/manage/editor/md/img/up
>>>>>>>>>>[2020-12-10 17:54:13 mixed.end.log]
--------------------------------------------------------------------------------------------------------------------------
>>>>>>>>>>[2020-12-10 17:54:45 mixed.start.log]
文件不存在：; className: Upload
>>>>>>>>>>[2020-12-10 17:54:45 mixed.end.log]
--------------------------------------------------------------------------------------------------------------------------
>>>>>>>>>>[2020-12-10 17:58:13 mixed.start.log]
文件不存在：; className: Upload
>>>>>>>>>>[2020-12-10 17:58:13 mixed.end.log]
--------------------------------------------------------------------------------------------------------------------------
>>>>>>>>>>[2020-12-10 17:58:41 mixed.start.log]
文件不存在：; className: Upload
>>>>>>>>>>[2020-12-10 17:58:41 mixed.end.log]
--------------------------------------------------------------------------------------------------------------------------
>>>>>>>>>>[2020-12-10 17:59:10 mixed.start.log]
文件不存在：; className: Upload
>>>>>>>>>>[2020-12-10 17:59:10 mixed.end.log]
--------------------------------------------------------------------------------------------------------------------------
>>>>>>>>>>[2020-12-10 19:26:58 mixed.start.log]
文件不存在：; className: Upload\Storage\FileSystem
>>>>>>>>>>[2020-12-10 19:26:58 mixed.end.log]
--------------------------------------------------------------------------------------------------------------------------
>>>>>>>>>>[2020-12-10 19:28:06 mixed.start.log]
文件不存在：; className: Upload\Storage\FileSystem
>>>>>>>>>>[2020-12-10 19:28:06 mixed.end.log]
--------------------------------------------------------------------------------------------------------------------------
>>>>>>>>>>[2020-12-10 19:39:42 mixed.start.log]
文件不存在：; className: Upload\Storage\FileSystem
>>>>>>>>>>[2020-12-10 19:39:42 mixed.end.log]
--------------------------------------------------------------------------------------------------------------------------
>>>>>>>>>>[2020-12-10 21:00:48 mixed.start.log]
指定了非法的平台: favicon.ico
>>>>>>>>>>[2020-12-10 21:00:48 mixed.end.log]
--------------------------------------------------------------------------------------------------------------------------
>>>>>>>>>>[2020-12-10 21:17:21 mixed.start.log]
匹配不到routes对应的规则: /system/manage/jui/image/ico.ico
>>>>>>>>>>[2020-12-10 21:17:21 mixed.end.log]
--------------------------------------------------------------------------------------------------------------------------
>>>>>>>>>>[2020-12-10 21:17:24 mixed.start.log]
匹配不到routes对应的规则: /system/manage/jui/image/ico.ico
>>>>>>>>>>[2020-12-10 21:17:24 mixed.end.log]
--------------------------------------------------------------------------------------------------------------------------
>>>>>>>>>>[2020-12-10 21:17:27 mixed.start.log]
匹配不到routes对应的规则: /system/manage/jui/image/ico.ico
>>>>>>>>>>[2020-12-10 21:17:27 mixed.end.log]
--------------------------------------------------------------------------------------------------------------------------
>>>>>>>>>>[2020-12-10 21:17:38 mixed.start.log]
匹配不到routes对应的规则: /system/manage/jui/image/ico.ico
>>>>>>>>>>[2020-12-10 21:17:38 mixed.end.log]
--------------------------------------------------------------------------------------------------------------------------
>>>>>>>>>>[2020-12-10 21:18:17 mixed.start.log]
匹配不到routes对应的规则: /system/manage/jui/image/ico.ico
>>>>>>>>>>[2020-12-10 21:18:17 mixed.end.log]
--------------------------------------------------------------------------------------------------------------------------
>>>>>>>>>>[2020-12-10 21:19:08 mixed.start.log]
匹配不到routes对应的规则: /system/manage/jui/image/ico.ico
>>>>>>>>>>[2020-12-10 21:19:08 mixed.end.log]
--------------------------------------------------------------------------------------------------------------------------
>>>>>>>>>>[2020-12-10 21:20:21 mixed.start.log]
匹配不到routes对应的规则: /system/manage/jui/image/ico.ico
>>>>>>>>>>[2020-12-10 21:20:21 mixed.end.log]
--------------------------------------------------------------------------------------------------------------------------
>>>>>>>>>>[2020-12-10 21:20:29 mixed.start.log]
匹配不到routes对应的规则: /system/manage/jui/image/ico.ico
>>>>>>>>>>[2020-12-10 21:20:29 mixed.end.log]
--------------------------------------------------------------------------------------------------------------------------
